running egg_info
writing ../build/water_sensors/water_sensors.egg-info/PKG-INFO
writing dependency_links to ../build/water_sensors/water_sensors.egg-info/dependency_links.txt
writing entry points to ../build/water_sensors/water_sensors.egg-info/entry_points.txt
writing requirements to ../build/water_sensors/water_sensors.egg-info/requires.txt
writing top-level names to ../build/water_sensors/water_sensors.egg-info/top_level.txt
reading manifest file '../build/water_sensors/water_sensors.egg-info/SOURCES.txt'
writing manifest file '../build/water_sensors/water_sensors.egg-info/SOURCES.txt'
running build
running build_py
copying water_sensors/humidity_sensor_node.py -> /home/selqie/buoyancy/build/water_sensors/build/lib/water_sensors
running install
running install_lib
copying /home/selqie/buoyancy/build/water_sensors/build/lib/water_sensors/humidity_sensor_node.py -> /home/selqie/buoyancy/install/water_sensors/lib/python3.12/site-packages/water_sensors
byte-compiling /home/selqie/buoyancy/install/water_sensors/lib/python3.12/site-packages/water_sensors/humidity_sensor_node.py to humidity_sensor_node.cpython-312.pyc
running install_data
running install_egg_info
removing '/home/selqie/buoyancy/install/water_sensors/lib/python3.12/site-packages/water_sensors-0.1.0-py3.12.egg-info' (and everything under it)
Copying ../build/water_sensors/water_sensors.egg-info to /home/selqie/buoyancy/install/water_sensors/lib/python3.12/site-packages/water_sensors-0.1.0-py3.12.egg-info
running install_scripts
Installing humidity_sensor_node script to /home/selqie/buoyancy/install/water_sensors/lib/water_sensors
Installing leak_sensor_node script to /home/selqie/buoyancy/install/water_sensors/lib/water_sensors
writing list of installed files to '/home/selqie/buoyancy/build/water_sensors/install.log'
