[2.185s] Invoking command in '/home/selqie/buoyancy/water_sensors': PYTHONPATH=/home/selqie/buoyancy/build/water_sensors/prefix_override:/usr/lib/python3/dist-packages/colcon_core/task/python/colcon_distutils_commands:/home/selqie/buoyancy/install/water_sensors/lib/python3.12/site-packages:${PYTHONPATH} /usr/bin/python3 -W ignore:setup.py install is deprecated -W ignore:easy_install command is deprecated setup.py egg_info --egg-base ../build/water_sensors build --build-base /home/selqie/buoyancy/build/water_sensors/build install --record /home/selqie/buoyancy/build/water_sensors/install.log --single-version-externally-managed install_data
[2.577s] running egg_info
[2.609s] writing ../build/water_sensors/water_sensors.egg-info/PKG-INFO
[2.610s] writing dependency_links to ../build/water_sensors/water_sensors.egg-info/dependency_links.txt
[2.614s] writing entry points to ../build/water_sensors/water_sensors.egg-info/entry_points.txt
[2.614s] writing requirements to ../build/water_sensors/water_sensors.egg-info/requires.txt
[2.615s] writing top-level names to ../build/water_sensors/water_sensors.egg-info/top_level.txt
[2.670s] reading manifest file '../build/water_sensors/water_sensors.egg-info/SOURCES.txt'
[2.672s] writing manifest file '../build/water_sensors/water_sensors.egg-info/SOURCES.txt'
[2.672s] running build
[2.672s] running build_py
[2.673s] copying water_sensors/humidity_sensor_node.py -> /home/selqie/buoyancy/build/water_sensors/build/lib/water_sensors
[2.674s] running install
[2.685s] running install_lib
[2.711s] copying /home/selqie/buoyancy/build/water_sensors/build/lib/water_sensors/humidity_sensor_node.py -> /home/selqie/buoyancy/install/water_sensors/lib/python3.12/site-packages/water_sensors
[2.712s] byte-compiling /home/selqie/buoyancy/install/water_sensors/lib/python3.12/site-packages/water_sensors/humidity_sensor_node.py to humidity_sensor_node.cpython-312.pyc
[2.714s] running install_data
[2.717s] running install_egg_info
[2.744s] removing '/home/selqie/buoyancy/install/water_sensors/lib/python3.12/site-packages/water_sensors-0.1.0-py3.12.egg-info' (and everything under it)
[2.745s] Copying ../build/water_sensors/water_sensors.egg-info to /home/selqie/buoyancy/install/water_sensors/lib/python3.12/site-packages/water_sensors-0.1.0-py3.12.egg-info
[2.746s] running install_scripts
[2.915s] Installing humidity_sensor_node script to /home/selqie/buoyancy/install/water_sensors/lib/water_sensors
[2.915s] Installing leak_sensor_node script to /home/selqie/buoyancy/install/water_sensors/lib/water_sensors
[2.916s] writing list of installed files to '/home/selqie/buoyancy/build/water_sensors/install.log'
[3.051s] Invoked command in '/home/selqie/buoyancy/water_sensors' returned '0': PYTHONPATH=/home/selqie/buoyancy/build/water_sensors/prefix_override:/usr/lib/python3/dist-packages/colcon_core/task/python/colcon_distutils_commands:/home/selqie/buoyancy/install/water_sensors/lib/python3.12/site-packages:${PYTHONPATH} /usr/bin/python3 -W ignore:setup.py install is deprecated -W ignore:easy_install command is deprecated setup.py egg_info --egg-base ../build/water_sensors build --build-base /home/selqie/buoyancy/build/water_sensors/build install --record /home/selqie/buoyancy/build/water_sensors/install.log --single-version-externally-managed install_data
