running egg_info
creating ../build/water_sensors/water_sensors.egg-info
writing ../build/water_sensors/water_sensors.egg-info/PKG-INFO
writing dependency_links to ../build/water_sensors/water_sensors.egg-info/dependency_links.txt
writing entry points to ../build/water_sensors/water_sensors.egg-info/entry_points.txt
writing requirements to ../build/water_sensors/water_sensors.egg-info/requires.txt
writing top-level names to ../build/water_sensors/water_sensors.egg-info/top_level.txt
writing manifest file '../build/water_sensors/water_sensors.egg-info/SOURCES.txt'
reading manifest file '../build/water_sensors/water_sensors.egg-info/SOURCES.txt'
writing manifest file '../build/water_sensors/water_sensors.egg-info/SOURCES.txt'
running build
running build_py
creating /home/selqie/buoyancy/build/water_sensors/build
creating /home/selqie/buoyancy/build/water_sensors/build/lib
creating /home/selqie/buoyancy/build/water_sensors/build/lib/water_sensors
copying water_sensors/leak_sensor_node.py -> /home/selqie/buoyancy/build/water_sensors/build/lib/water_sensors
copying water_sensors/humidity_sensor_node.py -> /home/selqie/buoyancy/build/water_sensors/build/lib/water_sensors
copying water_sensors/__init__.py -> /home/selqie/buoyancy/build/water_sensors/build/lib/water_sensors
running install
running install_lib
creating /home/selqie/buoyancy/install/water_sensors/lib/python3.12/site-packages/water_sensors
copying /home/selqie/buoyancy/build/water_sensors/build/lib/water_sensors/leak_sensor_node.py -> /home/selqie/buoyancy/install/water_sensors/lib/python3.12/site-packages/water_sensors
copying /home/selqie/buoyancy/build/water_sensors/build/lib/water_sensors/humidity_sensor_node.py -> /home/selqie/buoyancy/install/water_sensors/lib/python3.12/site-packages/water_sensors
copying /home/selqie/buoyancy/build/water_sensors/build/lib/water_sensors/__init__.py -> /home/selqie/buoyancy/install/water_sensors/lib/python3.12/site-packages/water_sensors
byte-compiling /home/selqie/buoyancy/install/water_sensors/lib/python3.12/site-packages/water_sensors/leak_sensor_node.py to leak_sensor_node.cpython-312.pyc
byte-compiling /home/selqie/buoyancy/install/water_sensors/lib/python3.12/site-packages/water_sensors/humidity_sensor_node.py to humidity_sensor_node.cpython-312.pyc
byte-compiling /home/selqie/buoyancy/install/water_sensors/lib/python3.12/site-packages/water_sensors/__init__.py to __init__.cpython-312.pyc
running install_data
creating /home/selqie/buoyancy/install/water_sensors/share/ament_index
creating /home/selqie/buoyancy/install/water_sensors/share/ament_index/resource_index
creating /home/selqie/buoyancy/install/water_sensors/share/ament_index/resource_index/packages
copying resource/water_sensors -> /home/selqie/buoyancy/install/water_sensors/share/ament_index/resource_index/packages
copying package.xml -> /home/selqie/buoyancy/install/water_sensors/share/water_sensors
creating /home/selqie/buoyancy/install/water_sensors/share/water_sensors/launch
copying launch/leak_sensor.launch.py -> /home/selqie/buoyancy/install/water_sensors/share/water_sensors/launch
running install_egg_info
Copying ../build/water_sensors/water_sensors.egg-info to /home/selqie/buoyancy/install/water_sensors/lib/python3.12/site-packages/water_sensors-0.1.0-py3.12.egg-info
running install_scripts
Installing humidity_sensor_node script to /home/selqie/buoyancy/install/water_sensors/lib/water_sensors
Installing leak_sensor_node script to /home/selqie/buoyancy/install/water_sensors/lib/water_sensors
writing list of installed files to '/home/selqie/buoyancy/build/water_sensors/install.log'
