[5.347s] Invoking command in '/home/selqie/buoyancy/water_sensors': PYTHONPATH=/home/selqie/buoyancy/build/water_sensors/prefix_override:/usr/lib/python3/dist-packages/colcon_core/task/python/colcon_distutils_commands:/home/selqie/buoyancy/install/water_sensors/lib/python3.12/site-packages:${PYTHONPATH} /usr/bin/python3 -W ignore:setup.py install is deprecated -W ignore:easy_install command is deprecated setup.py egg_info --egg-base ../build/water_sensors build --build-base /home/selqie/buoyancy/build/water_sensors/build install --record /home/selqie/buoyancy/build/water_sensors/install.log --single-version-externally-managed install_data
[6.128s] running egg_info
[6.129s] creating ../build/water_sensors/water_sensors.egg-info
[6.173s] writing ../build/water_sensors/water_sensors.egg-info/PKG-INFO
[6.174s] writing dependency_links to ../build/water_sensors/water_sensors.egg-info/dependency_links.txt
[6.175s] writing entry points to ../build/water_sensors/water_sensors.egg-info/entry_points.txt
[6.176s] writing requirements to ../build/water_sensors/water_sensors.egg-info/requires.txt
[6.176s] writing top-level names to ../build/water_sensors/water_sensors.egg-info/top_level.txt
[6.176s] writing manifest file '../build/water_sensors/water_sensors.egg-info/SOURCES.txt'
[6.431s] reading manifest file '../build/water_sensors/water_sensors.egg-info/SOURCES.txt'
[6.432s] writing manifest file '../build/water_sensors/water_sensors.egg-info/SOURCES.txt'
[6.432s] running build
[6.433s] running build_py
[6.434s] creating /home/selqie/buoyancy/build/water_sensors/build
[6.436s] creating /home/selqie/buoyancy/build/water_sensors/build/lib
[6.436s] creating /home/selqie/buoyancy/build/water_sensors/build/lib/water_sensors
[6.436s] copying water_sensors/leak_sensor_node.py -> /home/selqie/buoyancy/build/water_sensors/build/lib/water_sensors
[6.441s] copying water_sensors/humidity_sensor_node.py -> /home/selqie/buoyancy/build/water_sensors/build/lib/water_sensors
[6.442s] copying water_sensors/__init__.py -> /home/selqie/buoyancy/build/water_sensors/build/lib/water_sensors
[6.442s] running install
[6.475s] running install_lib
[6.586s] creating /home/selqie/buoyancy/install/water_sensors/lib/python3.12/site-packages/water_sensors
[6.586s] copying /home/selqie/buoyancy/build/water_sensors/build/lib/water_sensors/leak_sensor_node.py -> /home/selqie/buoyancy/install/water_sensors/lib/python3.12/site-packages/water_sensors
[6.594s] copying /home/selqie/buoyancy/build/water_sensors/build/lib/water_sensors/humidity_sensor_node.py -> /home/selqie/buoyancy/install/water_sensors/lib/python3.12/site-packages/water_sensors
[6.594s] copying /home/selqie/buoyancy/build/water_sensors/build/lib/water_sensors/__init__.py -> /home/selqie/buoyancy/install/water_sensors/lib/python3.12/site-packages/water_sensors
[6.594s] byte-compiling /home/selqie/buoyancy/install/water_sensors/lib/python3.12/site-packages/water_sensors/leak_sensor_node.py to leak_sensor_node.cpython-312.pyc
[6.603s] byte-compiling /home/selqie/buoyancy/install/water_sensors/lib/python3.12/site-packages/water_sensors/humidity_sensor_node.py to humidity_sensor_node.cpython-312.pyc
[6.611s] byte-compiling /home/selqie/buoyancy/install/water_sensors/lib/python3.12/site-packages/water_sensors/__init__.py to __init__.cpython-312.pyc
[6.615s] running install_data
[6.615s] creating /home/selqie/buoyancy/install/water_sensors/share/ament_index
[6.615s] creating /home/selqie/buoyancy/install/water_sensors/share/ament_index/resource_index
[6.616s] creating /home/selqie/buoyancy/install/water_sensors/share/ament_index/resource_index/packages
[6.616s] copying resource/water_sensors -> /home/selqie/buoyancy/install/water_sensors/share/ament_index/resource_index/packages
[6.620s] copying package.xml -> /home/selqie/buoyancy/install/water_sensors/share/water_sensors
[6.621s] creating /home/selqie/buoyancy/install/water_sensors/share/water_sensors/launch
[6.621s] copying launch/leak_sensor.launch.py -> /home/selqie/buoyancy/install/water_sensors/share/water_sensors/launch
[6.629s] running install_egg_info
[6.786s] Copying ../build/water_sensors/water_sensors.egg-info to /home/selqie/buoyancy/install/water_sensors/lib/python3.12/site-packages/water_sensors-0.1.0-py3.12.egg-info
[6.788s] running install_scripts
[7.706s] Installing humidity_sensor_node script to /home/selqie/buoyancy/install/water_sensors/lib/water_sensors
[7.712s] Installing leak_sensor_node script to /home/selqie/buoyancy/install/water_sensors/lib/water_sensors
[7.713s] writing list of installed files to '/home/selqie/buoyancy/build/water_sensors/install.log'
[8.100s] Invoked command in '/home/selqie/buoyancy/water_sensors' returned '0': PYTHONPATH=/home/selqie/buoyancy/build/water_sensors/prefix_override:/usr/lib/python3/dist-packages/colcon_core/task/python/colcon_distutils_commands:/home/selqie/buoyancy/install/water_sensors/lib/python3.12/site-packages:${PYTHONPATH} /usr/bin/python3 -W ignore:setup.py install is deprecated -W ignore:easy_install command is deprecated setup.py egg_info --egg-base ../build/water_sensors build --build-base /home/selqie/buoyancy/build/water_sensors/build install --record /home/selqie/buoyancy/build/water_sensors/install.log --single-version-externally-managed install_data
