[1.968s] Invoking command in '/home/selqie/buoyancy/servo': PYTHONPATH=/home/selqie/buoyancy/build/servo/prefix_override:/usr/lib/python3/dist-packages/colcon_core/task/python/colcon_distutils_commands:/home/selqie/buoyancy/install/servo/lib/python3.12/site-packages:/home/selqie/buoyancy/install/motor_interfaces/lib/python3.12/site-packages:/home/selqie/buoyancy/install/servo/lib/python3.12/site-packages:/home/selqie/buoyancy/install/buoy_control/lib/python3.12/site-packages:/home/selqie/buoyancy/install/battery/lib/python3.12/site-packages:/opt/ros/jazzy/lib/python3.12/site-packages /usr/bin/python3 -W ignore:setup.py install is deprecated -W ignore:easy_install command is deprecated setup.py egg_info --egg-base ../build/servo build --build-base /home/selqie/buoyancy/build/servo/build install --record /home/selqie/buoyancy/build/servo/install.log --single-version-externally-managed install_data
[2.315s] running egg_info
[2.336s] writing ../build/servo/servo.egg-info/PKG-INFO
[2.337s] writing dependency_links to ../build/servo/servo.egg-info/dependency_links.txt
[2.338s] writing entry points to ../build/servo/servo.egg-info/entry_points.txt
[2.340s] writing requirements to ../build/servo/servo.egg-info/requires.txt
[2.340s] writing top-level names to ../build/servo/servo.egg-info/top_level.txt
[2.385s] reading manifest file '../build/servo/servo.egg-info/SOURCES.txt'
[2.386s] writing manifest file '../build/servo/servo.egg-info/SOURCES.txt'
[2.386s] running build
[2.386s] running build_py
[2.386s] copying servo/servo_motor_node.py -> /home/selqie/buoyancy/build/servo/build/lib/servo
[2.387s] running install
[2.396s] running install_lib
[2.418s] copying /home/selqie/buoyancy/build/servo/build/lib/servo/servo_motor_node.py -> /home/selqie/buoyancy/install/servo/lib/python3.12/site-packages/servo
[2.419s] byte-compiling /home/selqie/buoyancy/install/servo/lib/python3.12/site-packages/servo/servo_motor_node.py to servo_motor_node.cpython-312.pyc
[2.425s] running install_data
[2.425s] running install_egg_info
[2.450s] removing '/home/selqie/buoyancy/install/servo/lib/python3.12/site-packages/servo-0.1.0-py3.12.egg-info' (and everything under it)
[2.451s] Copying ../build/servo/servo.egg-info to /home/selqie/buoyancy/install/servo/lib/python3.12/site-packages/servo-0.1.0-py3.12.egg-info
[2.452s] running install_scripts
[2.619s] Installing servo_motor_node script to /home/selqie/buoyancy/install/servo/lib/servo
[2.619s] writing list of installed files to '/home/selqie/buoyancy/build/servo/install.log'
[2.757s] Invoked command in '/home/selqie/buoyancy/servo' returned '0': PYTHONPATH=/home/selqie/buoyancy/build/servo/prefix_override:/usr/lib/python3/dist-packages/colcon_core/task/python/colcon_distutils_commands:/home/selqie/buoyancy/install/servo/lib/python3.12/site-packages:/home/selqie/buoyancy/install/motor_interfaces/lib/python3.12/site-packages:/home/selqie/buoyancy/install/servo/lib/python3.12/site-packages:/home/selqie/buoyancy/install/buoy_control/lib/python3.12/site-packages:/home/selqie/buoyancy/install/battery/lib/python3.12/site-packages:/opt/ros/jazzy/lib/python3.12/site-packages /usr/bin/python3 -W ignore:setup.py install is deprecated -W ignore:easy_install command is deprecated setup.py egg_info --egg-base ../build/servo build --build-base /home/selqie/buoyancy/build/servo/build install --record /home/selqie/buoyancy/build/servo/install.log --single-version-externally-managed install_data
