[4.939s] Invoking command in '/home/selqie/buoyancy/sensing/ms5837_bar_ros': PYTHONPATH=/home/selqie/buoyancy/build/ms5837_bar_ros/prefix_override:/usr/lib/python3/dist-packages/colcon_core/task/python/colcon_distutils_commands:/home/selqie/buoyancy/install/ms5837_bar_ros/lib/python3.12/site-packages:${PYTHONPATH} /usr/bin/python3 -W ignore:setup.py install is deprecated -W ignore:easy_install command is deprecated setup.py egg_info --egg-base ../../build/ms5837_bar_ros build --build-base /home/selqie/buoyancy/build/ms5837_bar_ros/build install --record /home/selqie/buoyancy/build/ms5837_bar_ros/install.log --single-version-externally-managed install_data
[7.316s] running egg_info
[7.316s] creating ../../build/ms5837_bar_ros/ms5837_bar_ros.egg-info
[7.491s] writing ../../build/ms5837_bar_ros/ms5837_bar_ros.egg-info/PKG-INFO
[7.493s] writing dependency_links to ../../build/ms5837_bar_ros/ms5837_bar_ros.egg-info/dependency_links.txt
[7.494s] writing entry points to ../../build/ms5837_bar_ros/ms5837_bar_ros.egg-info/entry_points.txt
[7.494s] writing requirements to ../../build/ms5837_bar_ros/ms5837_bar_ros.egg-info/requires.txt
[7.499s] writing top-level names to ../../build/ms5837_bar_ros/ms5837_bar_ros.egg-info/top_level.txt
[7.499s] writing manifest file '../../build/ms5837_bar_ros/ms5837_bar_ros.egg-info/SOURCES.txt'
[7.595s] reading manifest file '../../build/ms5837_bar_ros/ms5837_bar_ros.egg-info/SOURCES.txt'
[7.598s] adding license file 'LICENSE'
[7.598s] writing manifest file '../../build/ms5837_bar_ros/ms5837_bar_ros.egg-info/SOURCES.txt'
[7.598s] running build
[7.600s] running build_py
[7.600s] creating /home/selqie/buoyancy/build/ms5837_bar_ros/build
[7.600s] creating /home/selqie/buoyancy/build/ms5837_bar_ros/build/lib
[7.601s] creating /home/selqie/buoyancy/build/ms5837_bar_ros/build/lib/ms5837_bar_ros
[7.601s] copying ms5837_bar_ros/ms5837.py -> /home/selqie/buoyancy/build/ms5837_bar_ros/build/lib/ms5837_bar_ros
[7.611s] copying ms5837_bar_ros/bar30_component.py -> /home/selqie/buoyancy/build/ms5837_bar_ros/build/lib/ms5837_bar_ros
[7.611s] copying ms5837_bar_ros/__init__.py -> /home/selqie/buoyancy/build/ms5837_bar_ros/build/lib/ms5837_bar_ros
[7.611s] copying ms5837_bar_ros/bar02_component.py -> /home/selqie/buoyancy/build/ms5837_bar_ros/build/lib/ms5837_bar_ros
[7.611s] running install
[7.649s] running install_lib
[7.779s] creating /home/selqie/buoyancy/install/ms5837_bar_ros/lib/python3.12/site-packages/ms5837_bar_ros
[7.780s] copying /home/selqie/buoyancy/build/ms5837_bar_ros/build/lib/ms5837_bar_ros/ms5837.py -> /home/selqie/buoyancy/install/ms5837_bar_ros/lib/python3.12/site-packages/ms5837_bar_ros
[7.780s] copying /home/selqie/buoyancy/build/ms5837_bar_ros/build/lib/ms5837_bar_ros/bar30_component.py -> /home/selqie/buoyancy/install/ms5837_bar_ros/lib/python3.12/site-packages/ms5837_bar_ros
[7.790s] copying /home/selqie/buoyancy/build/ms5837_bar_ros/build/lib/ms5837_bar_ros/__init__.py -> /home/selqie/buoyancy/install/ms5837_bar_ros/lib/python3.12/site-packages/ms5837_bar_ros
[7.790s] copying /home/selqie/buoyancy/build/ms5837_bar_ros/build/lib/ms5837_bar_ros/bar02_component.py -> /home/selqie/buoyancy/install/ms5837_bar_ros/lib/python3.12/site-packages/ms5837_bar_ros
[7.790s] byte-compiling /home/selqie/buoyancy/install/ms5837_bar_ros/lib/python3.12/site-packages/ms5837_bar_ros/ms5837.py to ms5837.cpython-312.pyc
[7.790s] byte-compiling /home/selqie/buoyancy/install/ms5837_bar_ros/lib/python3.12/site-packages/ms5837_bar_ros/bar30_component.py to bar30_component.cpython-312.pyc
[7.800s] byte-compiling /home/selqie/buoyancy/install/ms5837_bar_ros/lib/python3.12/site-packages/ms5837_bar_ros/__init__.py to __init__.cpython-312.pyc
[7.805s] byte-compiling /home/selqie/buoyancy/install/ms5837_bar_ros/lib/python3.12/site-packages/ms5837_bar_ros/bar02_component.py to bar02_component.cpython-312.pyc
[7.816s] running install_data
[7.816s] creating /home/selqie/buoyancy/install/ms5837_bar_ros/share/ament_index
[7.816s] creating /home/selqie/buoyancy/install/ms5837_bar_ros/share/ament_index/resource_index
[7.816s] creating /home/selqie/buoyancy/install/ms5837_bar_ros/share/ament_index/resource_index/packages
[7.816s] copying resource/ms5837_bar_ros -> /home/selqie/buoyancy/install/ms5837_bar_ros/share/ament_index/resource_index/packages
[7.817s] copying package.xml -> /home/selqie/buoyancy/install/ms5837_bar_ros/share/ms5837_bar_ros
[7.817s] creating /home/selqie/buoyancy/install/ms5837_bar_ros/share/ms5837_bar_ros/launch
[7.817s] copying launch/bar30.launch.py -> /home/selqie/buoyancy/install/ms5837_bar_ros/share/ms5837_bar_ros/launch/
[7.820s] copying launch/bar02.launch.py -> /home/selqie/buoyancy/install/ms5837_bar_ros/share/ms5837_bar_ros/launch/
[7.824s] creating /home/selqie/buoyancy/install/ms5837_bar_ros/share/ms5837_bar_ros/rviz
[7.824s] copying rviz/bar30.rviz -> /home/selqie/buoyancy/install/ms5837_bar_ros/share/ms5837_bar_ros/rviz/
[7.832s] copying rviz/bar02.rviz -> /home/selqie/buoyancy/install/ms5837_bar_ros/share/ms5837_bar_ros/rviz/
[7.832s] running install_egg_info
[7.961s] Copying ../../build/ms5837_bar_ros/ms5837_bar_ros.egg-info to /home/selqie/buoyancy/install/ms5837_bar_ros/lib/python3.12/site-packages/ms5837_bar_ros-0.0.0-py3.12.egg-info
[7.968s] running install_scripts
[8.704s] Installing bar02_node script to /home/selqie/buoyancy/install/ms5837_bar_ros/lib/ms5837_bar_ros
[8.705s] Installing bar30_node script to /home/selqie/buoyancy/install/ms5837_bar_ros/lib/ms5837_bar_ros
[8.705s] writing list of installed files to '/home/selqie/buoyancy/build/ms5837_bar_ros/install.log'
[9.389s] Invoked command in '/home/selqie/buoyancy/sensing/ms5837_bar_ros' returned '0': PYTHONPATH=/home/selqie/buoyancy/build/ms5837_bar_ros/prefix_override:/usr/lib/python3/dist-packages/colcon_core/task/python/colcon_distutils_commands:/home/selqie/buoyancy/install/ms5837_bar_ros/lib/python3.12/site-packages:${PYTHONPATH} /usr/bin/python3 -W ignore:setup.py install is deprecated -W ignore:easy_install command is deprecated setup.py egg_info --egg-base ../../build/ms5837_bar_ros build --build-base /home/selqie/buoyancy/build/ms5837_bar_ros/build install --record /home/selqie/buoyancy/build/ms5837_bar_ros/install.log --single-version-externally-managed install_data
