[2.690s] Invoking command in '/home/selqie/buoyancy/battery': PYTHONPATH=/home/selqie/buoyancy/build/battery/prefix_override:/usr/lib/python3/dist-packages/colcon_core/task/python/colcon_distutils_commands:/home/selqie/buoyancy/install/battery/lib/python3.12/site-packages:${PYTHONPATH} /usr/bin/python3 -W ignore:setup.py install is deprecated -W ignore:easy_install command is deprecated setup.py egg_info --egg-base ../build/battery build --build-base /home/selqie/buoyancy/build/battery/build install --record /home/selqie/buoyancy/build/battery/install.log --single-version-externally-managed install_data
[3.301s] running egg_info
[3.349s] writing ../build/battery/battery.egg-info/PKG-INFO
[3.350s] writing dependency_links to ../build/battery/battery.egg-info/dependency_links.txt
[3.355s] writing entry points to ../build/battery/battery.egg-info/entry_points.txt
[3.356s] writing requirements to ../build/battery/battery.egg-info/requires.txt
[3.357s] writing top-level names to ../build/battery/battery.egg-info/top_level.txt
[3.454s] reading manifest file '../build/battery/battery.egg-info/SOURCES.txt'
[3.454s] writing manifest file '../build/battery/battery.egg-info/SOURCES.txt'
[3.454s] running build
[3.454s] running build_py
[3.454s] running install
[3.468s] running install_lib
[3.501s] running install_data
[3.503s] running install_egg_info
[3.536s] removing '/home/selqie/buoyancy/install/battery/lib/python3.12/site-packages/battery-0.0.0-py3.12.egg-info' (and everything under it)
[3.539s] Copying ../build/battery/battery.egg-info to /home/selqie/buoyancy/install/battery/lib/python3.12/site-packages/battery-0.0.0-py3.12.egg-info
[3.540s] running install_scripts
[3.781s] Installing tinybms_voltage_uart script to /home/selqie/buoyancy/install/battery/lib/battery
[3.782s] writing list of installed files to '/home/selqie/buoyancy/build/battery/install.log'
[4.076s] Invoked command in '/home/selqie/buoyancy/battery' returned '0': PYTHONPATH=/home/selqie/buoyancy/build/battery/prefix_override:/usr/lib/python3/dist-packages/colcon_core/task/python/colcon_distutils_commands:/home/selqie/buoyancy/install/battery/lib/python3.12/site-packages:${PYTHONPATH} /usr/bin/python3 -W ignore:setup.py install is deprecated -W ignore:easy_install command is deprecated setup.py egg_info --egg-base ../build/battery build --build-base /home/selqie/buoyancy/build/battery/build install --record /home/selqie/buoyancy/build/battery/install.log --single-version-externally-managed install_data
