[2.010s] Invoking command in '/home/selqie/buoyancy/leak_sensor': PYTHONPATH=/home/selqie/buoyancy/build/leak_sensor/prefix_override:/usr/lib/python3/dist-packages/colcon_core/task/python/colcon_distutils_commands:/home/selqie/buoyancy/install/leak_sensor/lib/python3.12/site-packages:${PYTHONPATH} /usr/bin/python3 -W ignore:setup.py install is deprecated -W ignore:easy_install command is deprecated setup.py egg_info --egg-base ../build/leak_sensor build --build-base /home/selqie/buoyancy/build/leak_sensor/build install --record /home/selqie/buoyancy/build/leak_sensor/install.log --single-version-externally-managed install_data
[2.504s] running egg_info
[2.529s] writing ../build/leak_sensor/leak_sensor.egg-info/PKG-INFO
[2.529s] writing dependency_links to ../build/leak_sensor/leak_sensor.egg-info/dependency_links.txt
[2.530s] writing entry points to ../build/leak_sensor/leak_sensor.egg-info/entry_points.txt
[2.532s] writing requirements to ../build/leak_sensor/leak_sensor.egg-info/requires.txt
[2.532s] writing top-level names to ../build/leak_sensor/leak_sensor.egg-info/top_level.txt
[2.579s] reading manifest file '../build/leak_sensor/leak_sensor.egg-info/SOURCES.txt'
[2.583s] writing manifest file '../build/leak_sensor/leak_sensor.egg-info/SOURCES.txt'
[2.583s] running build
[2.583s] running build_py
[2.584s] copying leak_sensor/leak_sensor_node.py -> /home/selqie/buoyancy/build/leak_sensor/build/lib/leak_sensor
[2.585s] running install
[2.599s] running install_lib
[2.632s] copying /home/selqie/buoyancy/build/leak_sensor/build/lib/leak_sensor/leak_sensor_node.py -> /home/selqie/buoyancy/install/leak_sensor/lib/python3.12/site-packages/leak_sensor
[2.635s] byte-compiling /home/selqie/buoyancy/install/leak_sensor/lib/python3.12/site-packages/leak_sensor/leak_sensor_node.py to leak_sensor_node.cpython-312.pyc
[2.637s] running install_data
[2.638s] running install_egg_info
[2.669s] removing '/home/selqie/buoyancy/install/leak_sensor/lib/python3.12/site-packages/leak_sensor-0.1.0-py3.12.egg-info' (and everything under it)
[2.670s] Copying ../build/leak_sensor/leak_sensor.egg-info to /home/selqie/buoyancy/install/leak_sensor/lib/python3.12/site-packages/leak_sensor-0.1.0-py3.12.egg-info
[2.672s] running install_scripts
[2.870s] Installing leak_sensor_node script to /home/selqie/buoyancy/install/leak_sensor/lib/leak_sensor
[2.872s] writing list of installed files to '/home/selqie/buoyancy/build/leak_sensor/install.log'
[3.150s] Invoked command in '/home/selqie/buoyancy/leak_sensor' returned '0': PYTHONPATH=/home/selqie/buoyancy/build/leak_sensor/prefix_override:/usr/lib/python3/dist-packages/colcon_core/task/python/colcon_distutils_commands:/home/selqie/buoyancy/install/leak_sensor/lib/python3.12/site-packages:${PYTHONPATH} /usr/bin/python3 -W ignore:setup.py install is deprecated -W ignore:easy_install command is deprecated setup.py egg_info --egg-base ../build/leak_sensor build --build-base /home/selqie/buoyancy/build/leak_sensor/build install --record /home/selqie/buoyancy/build/leak_sensor/install.log --single-version-externally-managed install_data
