[2.537s] Invoking command in '/home/selqie/buoyancy/led': PYTHONPATH=/home/selqie/buoyancy/build/led/prefix_override:/usr/lib/python3/dist-packages/colcon_core/task/python/colcon_distutils_commands:/home/selqie/buoyancy/install/led/lib/python3.12/site-packages:${PYTHONPATH} /usr/bin/python3 -W ignore:setup.py install is deprecated -W ignore:easy_install command is deprecated setup.py egg_info --egg-base ../build/led build --build-base /home/selqie/buoyancy/build/led/build install --record /home/selqie/buoyancy/build/led/install.log --single-version-externally-managed install_data
[3.163s] running egg_info
[3.163s] creating ../build/led/led.egg-info
[3.206s] writing ../build/led/led.egg-info/PKG-INFO
[3.208s] writing dependency_links to ../build/led/led.egg-info/dependency_links.txt
[3.209s] writing entry points to ../build/led/led.egg-info/entry_points.txt
[3.209s] writing requirements to ../build/led/led.egg-info/requires.txt
[3.209s] writing top-level names to ../build/led/led.egg-info/top_level.txt
[3.210s] writing manifest file '../build/led/led.egg-info/SOURCES.txt'
[3.299s] reading manifest file '../build/led/led.egg-info/SOURCES.txt'
[3.304s] writing manifest file '../build/led/led.egg-info/SOURCES.txt'
[3.304s] running build
[3.304s] running build_py
[3.306s] creating /home/selqie/buoyancy/build/led/build
[3.306s] creating /home/selqie/buoyancy/build/led/build/lib
[3.307s] creating /home/selqie/buoyancy/build/led/build/lib/ws2812b_ros
[3.308s] copying ws2812b_ros/led_tester.py -> /home/selqie/buoyancy/build/led/build/lib/ws2812b_ros
[3.309s] copying ws2812b_ros/ws2812b_spi.py -> /home/selqie/buoyancy/build/led/build/lib/ws2812b_ros
[3.311s] copying ws2812b_ros/rainbow_fade.py -> /home/selqie/buoyancy/build/led/build/lib/ws2812b_ros
[3.312s] copying ws2812b_ros/__init__.py -> /home/selqie/buoyancy/build/led/build/lib/ws2812b_ros
[3.315s] copying ws2812b_ros/cli.py -> /home/selqie/buoyancy/build/led/build/lib/ws2812b_ros
[3.316s] copying ws2812b_ros/led_node.py -> /home/selqie/buoyancy/build/led/build/lib/ws2812b_ros
[3.317s] running install
[3.335s] running install_lib
[3.384s] creating /home/selqie/buoyancy/install/led/lib/python3.12/site-packages/ws2812b_ros
[3.384s] copying /home/selqie/buoyancy/build/led/build/lib/ws2812b_ros/led_tester.py -> /home/selqie/buoyancy/install/led/lib/python3.12/site-packages/ws2812b_ros
[3.384s] copying /home/selqie/buoyancy/build/led/build/lib/ws2812b_ros/ws2812b_spi.py -> /home/selqie/buoyancy/install/led/lib/python3.12/site-packages/ws2812b_ros
[3.385s] copying /home/selqie/buoyancy/build/led/build/lib/ws2812b_ros/rainbow_fade.py -> /home/selqie/buoyancy/install/led/lib/python3.12/site-packages/ws2812b_ros
[3.385s] copying /home/selqie/buoyancy/build/led/build/lib/ws2812b_ros/__init__.py -> /home/selqie/buoyancy/install/led/lib/python3.12/site-packages/ws2812b_ros
[3.385s] copying /home/selqie/buoyancy/build/led/build/lib/ws2812b_ros/cli.py -> /home/selqie/buoyancy/install/led/lib/python3.12/site-packages/ws2812b_ros
[3.385s] copying /home/selqie/buoyancy/build/led/build/lib/ws2812b_ros/led_node.py -> /home/selqie/buoyancy/install/led/lib/python3.12/site-packages/ws2812b_ros
[3.389s] byte-compiling /home/selqie/buoyancy/install/led/lib/python3.12/site-packages/ws2812b_ros/led_tester.py to led_tester.cpython-312.pyc
[3.390s] byte-compiling /home/selqie/buoyancy/install/led/lib/python3.12/site-packages/ws2812b_ros/ws2812b_spi.py to ws2812b_spi.cpython-312.pyc
[3.395s] byte-compiling /home/selqie/buoyancy/install/led/lib/python3.12/site-packages/ws2812b_ros/rainbow_fade.py to rainbow_fade.cpython-312.pyc
[3.398s] byte-compiling /home/selqie/buoyancy/install/led/lib/python3.12/site-packages/ws2812b_ros/__init__.py to __init__.cpython-312.pyc
[3.399s] byte-compiling /home/selqie/buoyancy/install/led/lib/python3.12/site-packages/ws2812b_ros/cli.py to cli.cpython-312.pyc
[3.402s] byte-compiling /home/selqie/buoyancy/install/led/lib/python3.12/site-packages/ws2812b_ros/led_node.py to led_node.cpython-312.pyc
[3.405s] running install_data
[3.405s] creating /home/selqie/buoyancy/install/led/share/ament_index
[3.406s] creating /home/selqie/buoyancy/install/led/share/ament_index/resource_index
[3.406s] creating /home/selqie/buoyancy/install/led/share/ament_index/resource_index/packages
[3.407s] copying resource/led -> /home/selqie/buoyancy/install/led/share/ament_index/resource_index/packages
[3.408s] copying package.xml -> /home/selqie/buoyancy/install/led/share/led
[3.408s] creating /home/selqie/buoyancy/install/led/share/led/launch
[3.409s] copying launch/led_demo.launch.py -> /home/selqie/buoyancy/install/led/share/led/launch
[3.415s] copying launch/rainbow_fade.launch.py -> /home/selqie/buoyancy/install/led/share/led/launch
[3.419s] running install_egg_info
[3.469s] Copying ../build/led/led.egg-info to /home/selqie/buoyancy/install/led/lib/python3.12/site-packages/led-0.0.4-py3.12.egg-info
[3.475s] running install_scripts
[3.819s] Installing led_node script to /home/selqie/buoyancy/install/led/lib/led
[3.821s] Installing led_tester script to /home/selqie/buoyancy/install/led/lib/led
[3.821s] Installing rainbow_fade script to /home/selqie/buoyancy/install/led/lib/led
[3.822s] Installing ws2812b-set script to /home/selqie/buoyancy/install/led/lib/led
[3.824s] writing list of installed files to '/home/selqie/buoyancy/build/led/install.log'
[4.668s] Invoked command in '/home/selqie/buoyancy/led' returned '0': PYTHONPATH=/home/selqie/buoyancy/build/led/prefix_override:/usr/lib/python3/dist-packages/colcon_core/task/python/colcon_distutils_commands:/home/selqie/buoyancy/install/led/lib/python3.12/site-packages:${PYTHONPATH} /usr/bin/python3 -W ignore:setup.py install is deprecated -W ignore:easy_install command is deprecated setup.py egg_info --egg-base ../build/led build --build-base /home/selqie/buoyancy/build/led/build install --record /home/selqie/buoyancy/build/led/install.log --single-version-externally-managed install_data
