[0.896s] Invoking command in '/home/selqie/buoyancy/build/sensing_bringup': CMAKE_PREFIX_PATH=/opt/ros/jazzy /usr/bin/cmake /home/selqie/buoyancy/sensing/sensing_bringup -DCMAKE_INSTALL_PREFIX=/home/selqie/buoyancy/install/sensing_bringup
[1.304s] -- The C compiler identification is GNU 13.3.0
[1.715s] -- The CXX compiler identification is GNU 13.3.0
[1.809s] -- Detecting C compiler ABI info
[2.358s] -- Detecting C compiler ABI info - done
[2.403s] -- Check for working C compiler: /usr/bin/cc - skipped
[2.410s] -- Detecting C compile features
[2.410s] -- Detecting C compile features - done
[2.465s] -- Detecting CXX compiler ABI info
[3.187s] -- Detecting CXX compiler ABI info - done
[3.236s] -- Check for working CXX compiler: /usr/bin/c++ - skipped
[3.240s] -- Detecting CXX compile features
[3.243s] -- Detecting CXX compile features - done
[3.258s] -- Found ament_cmake: 2.5.4 (/opt/ros/jazzy/share/ament_cmake/cmake)
[4.292s] -- Found Python3: /usr/bin/python3 (found version "3.12.3") found components: Interpreter 
[4.992s] -- Found ament_lint_auto: 0.17.3 (/opt/ros/jazzy/share/ament_lint_auto/cmake)
[5.908s] -- Added test 'flake8' to check Python code syntax and style conventions
[5.908s] -- Configured 'flake8' exclude dirs and/or files: 
[5.915s] -- Added test 'lint_cmake' to check CMake code style
[5.921s] -- Added test 'pep257' to check Python code against some of the docstring style conventions in PEP 257
[5.931s] -- Added test 'xmllint' to check XML markup files
[5.939s] -- Configuring done (5.0s)
[5.964s] -- Generating done (0.0s)
[5.982s] -- Build files have been written to: /home/selqie/buoyancy/build/sensing_bringup
[6.037s] Invoked command in '/home/selqie/buoyancy/build/sensing_bringup' returned '0': CMAKE_PREFIX_PATH=/opt/ros/jazzy /usr/bin/cmake /home/selqie/buoyancy/sensing/sensing_bringup -DCMAKE_INSTALL_PREFIX=/home/selqie/buoyancy/install/sensing_bringup
[6.049s] Invoking command in '/home/selqie/buoyancy/build/sensing_bringup': CMAKE_PREFIX_PATH=/opt/ros/jazzy /usr/bin/cmake --build /home/selqie/buoyancy/build/sensing_bringup -- -j4 -l4
[6.290s] Invoked command in '/home/selqie/buoyancy/build/sensing_bringup' returned '0': CMAKE_PREFIX_PATH=/opt/ros/jazzy /usr/bin/cmake --build /home/selqie/buoyancy/build/sensing_bringup -- -j4 -l4
[6.347s] Invoking command in '/home/selqie/buoyancy/build/sensing_bringup': CMAKE_PREFIX_PATH=/opt/ros/jazzy /usr/bin/cmake --install /home/selqie/buoyancy/build/sensing_bringup
[6.407s] -- Install configuration: ""
[6.409s] -- Installing: /home/selqie/buoyancy/install/sensing_bringup/share/sensing_bringup/launch
[6.412s] -- Installing: /home/selqie/buoyancy/install/sensing_bringup/share/sensing_bringup/launch/bar30.launch.py
[6.413s] -- Installing: /home/selqie/buoyancy/install/sensing_bringup/share/sensing_bringup/launch/imu.launch.py
[6.415s] -- Installing: /home/selqie/buoyancy/install/sensing_bringup/share/ament_index/resource_index/package_run_dependencies/sensing_bringup
[6.417s] -- Installing: /home/selqie/buoyancy/install/sensing_bringup/share/ament_index/resource_index/parent_prefix_path/sensing_bringup
[6.419s] -- Installing: /home/selqie/buoyancy/install/sensing_bringup/share/sensing_bringup/environment/ament_prefix_path.sh
[6.422s] -- Installing: /home/selqie/buoyancy/install/sensing_bringup/share/sensing_bringup/environment/ament_prefix_path.dsv
[6.422s] -- Installing: /home/selqie/buoyancy/install/sensing_bringup/share/sensing_bringup/environment/path.sh
[6.428s] -- Installing: /home/selqie/buoyancy/install/sensing_bringup/share/sensing_bringup/environment/path.dsv
[6.429s] -- Installing: /home/selqie/buoyancy/install/sensing_bringup/share/sensing_bringup/local_setup.bash
[6.429s] -- Installing: /home/selqie/buoyancy/install/sensing_bringup/share/sensing_bringup/local_setup.sh
[6.433s] -- Installing: /home/selqie/buoyancy/install/sensing_bringup/share/sensing_bringup/local_setup.zsh
[6.433s] -- Installing: /home/selqie/buoyancy/install/sensing_bringup/share/sensing_bringup/local_setup.dsv
[6.434s] -- Installing: /home/selqie/buoyancy/install/sensing_bringup/share/sensing_bringup/package.dsv
[6.436s] -- Installing: /home/selqie/buoyancy/install/sensing_bringup/share/ament_index/resource_index/packages/sensing_bringup
[6.437s] -- Installing: /home/selqie/buoyancy/install/sensing_bringup/share/sensing_bringup/cmake/sensing_bringupConfig.cmake
[6.437s] -- Installing: /home/selqie/buoyancy/install/sensing_bringup/share/sensing_bringup/cmake/sensing_bringupConfig-version.cmake
[6.437s] -- Installing: /home/selqie/buoyancy/install/sensing_bringup/share/sensing_bringup/package.xml
[6.443s] Invoked command in '/home/selqie/buoyancy/build/sensing_bringup' returned '0': CMAKE_PREFIX_PATH=/opt/ros/jazzy /usr/bin/cmake --install /home/selqie/buoyancy/build/sensing_bringup
