[2.536s] Invoking command in '/home/selqie/buoyancy/leak_sensor': PYTHONPATH=/home/selqie/buoyancy/build/leak_sensor/prefix_override:/usr/lib/python3/dist-packages/colcon_core/task/python/colcon_distutils_commands:/home/selqie/buoyancy/install/leak_sensor/lib/python3.12/site-packages:${PYTHONPATH} /usr/bin/python3 -W ignore:setup.py install is deprecated -W ignore:easy_install command is deprecated setup.py egg_info --egg-base ../build/leak_sensor build --build-base /home/selqie/buoyancy/build/leak_sensor/build install --record /home/selqie/buoyancy/build/leak_sensor/install.log --single-version-externally-managed install_data
[3.129s] running egg_info
[3.164s] writing ../build/leak_sensor/leak_sensor.egg-info/PKG-INFO
[3.165s] writing dependency_links to ../build/leak_sensor/leak_sensor.egg-info/dependency_links.txt
[3.166s] writing entry points to ../build/leak_sensor/leak_sensor.egg-info/entry_points.txt
[3.167s] writing requirements to ../build/leak_sensor/leak_sensor.egg-info/requires.txt
[3.168s] writing top-level names to ../build/leak_sensor/leak_sensor.egg-info/top_level.txt
[3.225s] reading manifest file '../build/leak_sensor/leak_sensor.egg-info/SOURCES.txt'
[3.228s] writing manifest file '../build/leak_sensor/leak_sensor.egg-info/SOURCES.txt'
[3.228s] running build
[3.229s] running build_py
[3.234s] running install
[3.247s] running install_lib
[3.276s] running install_data
[3.279s] running install_egg_info
[3.306s] removing '/home/selqie/buoyancy/install/leak_sensor/lib/python3.12/site-packages/leak_sensor-0.1.0-py3.12.egg-info' (and everything under it)
[3.307s] Copying ../build/leak_sensor/leak_sensor.egg-info to /home/selqie/buoyancy/install/leak_sensor/lib/python3.12/site-packages/leak_sensor-0.1.0-py3.12.egg-info
[3.309s] running install_scripts
[3.536s] Installing leak_sensor_node script to /home/selqie/buoyancy/install/leak_sensor/lib/leak_sensor
[3.537s] writing list of installed files to '/home/selqie/buoyancy/build/leak_sensor/install.log'
[3.840s] Invoked command in '/home/selqie/buoyancy/leak_sensor' returned '0': PYTHONPATH=/home/selqie/buoyancy/build/leak_sensor/prefix_override:/usr/lib/python3/dist-packages/colcon_core/task/python/colcon_distutils_commands:/home/selqie/buoyancy/install/leak_sensor/lib/python3.12/site-packages:${PYTHONPATH} /usr/bin/python3 -W ignore:setup.py install is deprecated -W ignore:easy_install command is deprecated setup.py egg_info --egg-base ../build/leak_sensor build --build-base /home/selqie/buoyancy/build/leak_sensor/build install --record /home/selqie/buoyancy/build/leak_sensor/install.log --single-version-externally-managed install_data
