[0.241s] DEBUG:colcon:Command line arguments: ['/usr/bin/colcon', 'build']
[0.242s] DEBUG:colcon:Parsed command line arguments: Namespace(log_base=None, log_level=None, verb_name='build', build_base='build', install_base='install', merge_install=False, symlink_install=False, test_result_base=None, continue_on_error=False, executor='parallel', parallel_workers=4, event_handlers=None, ignore_user_meta=False, metas=['./colcon.meta'], base_paths=['.'], packages_ignore=None, packages_ignore_regex=None, paths=None, packages_up_to=None, packages_up_to_regex=None, packages_above=None, packages_above_and_dependencies=None, packages_above_depth=None, packages_select_by_dep=None, packages_skip_by_dep=None, packages_skip_up_to=None, packages_select_build_failed=False, packages_skip_build_finished=False, packages_select_test_failures=False, packages_skip_test_passed=False, packages_select=None, packages_skip=None, packages_select_regex=None, packages_skip_regex=None, packages_start=None, packages_end=None, allow_overriding=[], cmake_args=None, cmake_target=None, cmake_target_skip_unavailable=False, cmake_clean_cache=False, cmake_clean_first=False, cmake_force_configure=False, ament_cmake_args=None, catkin_cmake_args=None, catkin_skip_building_tests=False, mixin_files=None, mixin=None, verb_parser=<colcon_mixin.mixin.mixin_argument.MixinArgumentDecorator object at 0xffff95fd71a0>, verb_extension=<colcon_core.verb.build.BuildVerb object at 0xffff9618b6b0>, main=<bound method BuildVerb.main of <colcon_core.verb.build.BuildVerb object at 0xffff9618b6b0>>, mixin_verb=('build',))
[0.347s] Level 1:colcon.colcon_core.package_discovery:discover_packages(colcon_meta) check parameters
[0.347s] Level 1:colcon.colcon_core.package_discovery:discover_packages(recursive) check parameters
[0.347s] Level 1:colcon.colcon_core.package_discovery:discover_packages(ignore) check parameters
[0.347s] Level 1:colcon.colcon_core.package_discovery:discover_packages(path) check parameters
[0.347s] Level 1:colcon.colcon_core.package_discovery:discover_packages(colcon_meta) discover
[0.347s] Level 1:colcon.colcon_core.package_discovery:discover_packages(recursive) discover
[0.347s] INFO:colcon.colcon_core.package_discovery:Crawling recursively for packages in '/home/selqie/buoyancy'
[0.347s] Level 1:colcon.colcon_core.package_identification:_identify(.) by extensions ['ignore', 'ignore_ament_install']
[0.347s] Level 1:colcon.colcon_core.package_identification:_identify(.) by extension 'ignore'
[0.347s] Level 1:colcon.colcon_core.package_identification:_identify(.) by extension 'ignore_ament_install'
[0.348s] Level 1:colcon.colcon_core.package_identification:_identify(.) by extensions ['colcon_pkg']
[0.348s] Level 1:colcon.colcon_core.package_identification:_identify(.) by extension 'colcon_pkg'
[0.348s] Level 1:colcon.colcon_core.package_identification:_identify(.) by extensions ['colcon_meta']
[0.348s] Level 1:colcon.colcon_core.package_identification:_identify(.) by extension 'colcon_meta'
[0.348s] Level 1:colcon.colcon_core.package_identification:_identify(.) by extensions ['ros']
[0.348s] Level 1:colcon.colcon_core.package_identification:_identify(.) by extension 'ros'
[0.401s] Level 1:colcon.colcon_core.package_identification:_identify(.) by extensions ['cmake', 'python']
[0.401s] Level 1:colcon.colcon_core.package_identification:_identify(.) by extension 'cmake'
[0.402s] Level 1:colcon.colcon_core.package_identification:_identify(.) by extension 'python'
[0.402s] Level 1:colcon.colcon_core.package_identification:_identify(.) by extensions ['python_setup_py']
[0.402s] Level 1:colcon.colcon_core.package_identification:_identify(.) by extension 'python_setup_py'
[0.402s] Level 1:colcon.colcon_core.package_identification:_identify(battery) by extensions ['ignore', 'ignore_ament_install']
[0.402s] Level 1:colcon.colcon_core.package_identification:_identify(battery) by extension 'ignore'
[0.402s] Level 1:colcon.colcon_core.package_identification:_identify(battery) by extension 'ignore_ament_install'
[0.403s] Level 1:colcon.colcon_core.package_identification:_identify(battery) by extensions ['colcon_pkg']
[0.403s] Level 1:colcon.colcon_core.package_identification:_identify(battery) by extension 'colcon_pkg'
[0.403s] Level 1:colcon.colcon_core.package_identification:_identify(battery) by extensions ['colcon_meta']
[0.403s] Level 1:colcon.colcon_core.package_identification:_identify(battery) by extension 'colcon_meta'
[0.403s] Level 1:colcon.colcon_core.package_identification:_identify(battery) by extensions ['ros']
[0.403s] Level 1:colcon.colcon_core.package_identification:_identify(battery) by extension 'ros'
[0.408s] DEBUG:colcon.colcon_core.package_identification:Package 'battery' with type 'ros.ament_python' and name 'battery'
[0.408s] Level 1:colcon.colcon_core.package_identification:_identify(build) by extensions ['ignore', 'ignore_ament_install']
[0.408s] Level 1:colcon.colcon_core.package_identification:_identify(build) by extension 'ignore'
[0.408s] Level 1:colcon.colcon_core.package_identification:_identify(build) ignored
[0.408s] Level 1:colcon.colcon_core.package_identification:_identify(buoy_control) by extensions ['ignore', 'ignore_ament_install']
[0.409s] Level 1:colcon.colcon_core.package_identification:_identify(buoy_control) by extension 'ignore'
[0.409s] Level 1:colcon.colcon_core.package_identification:_identify(buoy_control) by extension 'ignore_ament_install'
[0.409s] Level 1:colcon.colcon_core.package_identification:_identify(buoy_control) by extensions ['colcon_pkg']
[0.409s] Level 1:colcon.colcon_core.package_identification:_identify(buoy_control) by extension 'colcon_pkg'
[0.409s] Level 1:colcon.colcon_core.package_identification:_identify(buoy_control) by extensions ['colcon_meta']
[0.409s] Level 1:colcon.colcon_core.package_identification:_identify(buoy_control) by extension 'colcon_meta'
[0.409s] Level 1:colcon.colcon_core.package_identification:_identify(buoy_control) by extensions ['ros']
[0.409s] Level 1:colcon.colcon_core.package_identification:_identify(buoy_control) by extension 'ros'
[0.410s] DEBUG:colcon.colcon_core.package_identification:Package 'buoy_control' with type 'ros.ament_python' and name 'buoy_control'
[0.410s] Level 1:colcon.colcon_core.package_identification:_identify(install) by extensions ['ignore', 'ignore_ament_install']
[0.410s] Level 1:colcon.colcon_core.package_identification:_identify(install) by extension 'ignore'
[0.410s] Level 1:colcon.colcon_core.package_identification:_identify(install) ignored
[0.411s] Level 1:colcon.colcon_core.package_identification:_identify(log) by extensions ['ignore', 'ignore_ament_install']
[0.411s] Level 1:colcon.colcon_core.package_identification:_identify(log) by extension 'ignore'
[0.411s] Level 1:colcon.colcon_core.package_identification:_identify(log) ignored
[0.411s] Level 1:colcon.colcon_core.package_identification:_identify(motor_interfaces) by extensions ['ignore', 'ignore_ament_install']
[0.411s] Level 1:colcon.colcon_core.package_identification:_identify(motor_interfaces) by extension 'ignore'
[0.411s] Level 1:colcon.colcon_core.package_identification:_identify(motor_interfaces) by extension 'ignore_ament_install'
[0.411s] Level 1:colcon.colcon_core.package_identification:_identify(motor_interfaces) by extensions ['colcon_pkg']
[0.411s] Level 1:colcon.colcon_core.package_identification:_identify(motor_interfaces) by extension 'colcon_pkg'
[0.411s] Level 1:colcon.colcon_core.package_identification:_identify(motor_interfaces) by extensions ['colcon_meta']
[0.411s] Level 1:colcon.colcon_core.package_identification:_identify(motor_interfaces) by extension 'colcon_meta'
[0.411s] Level 1:colcon.colcon_core.package_identification:_identify(motor_interfaces) by extensions ['ros']
[0.411s] Level 1:colcon.colcon_core.package_identification:_identify(motor_interfaces) by extension 'ros'
[0.412s] DEBUG:colcon.colcon_core.package_identification:Package 'motor_interfaces' with type 'ros.ament_cmake' and name 'motor_interfaces'
[0.412s] Level 1:colcon.colcon_core.package_identification:_identify(servo) by extensions ['ignore', 'ignore_ament_install']
[0.413s] Level 1:colcon.colcon_core.package_identification:_identify(servo) by extension 'ignore'
[0.413s] Level 1:colcon.colcon_core.package_identification:_identify(servo) by extension 'ignore_ament_install'
[0.413s] Level 1:colcon.colcon_core.package_identification:_identify(servo) by extensions ['colcon_pkg']
[0.413s] Level 1:colcon.colcon_core.package_identification:_identify(servo) by extension 'colcon_pkg'
[0.413s] Level 1:colcon.colcon_core.package_identification:_identify(servo) by extensions ['colcon_meta']
[0.413s] Level 1:colcon.colcon_core.package_identification:_identify(servo) by extension 'colcon_meta'
[0.413s] Level 1:colcon.colcon_core.package_identification:_identify(servo) by extensions ['ros']
[0.413s] Level 1:colcon.colcon_core.package_identification:_identify(servo) by extension 'ros'
[0.414s] DEBUG:colcon.colcon_core.package_identification:Package 'servo' with type 'ros.ament_python' and name 'servo'
[0.414s] Level 1:colcon.colcon_core.package_discovery:discover_packages(recursive) using defaults
[0.414s] Level 1:colcon.colcon_core.package_discovery:discover_packages(ignore) discover
[0.414s] Level 1:colcon.colcon_core.package_discovery:discover_packages(ignore) using defaults
[0.414s] Level 1:colcon.colcon_core.package_discovery:discover_packages(path) discover
[0.414s] Level 1:colcon.colcon_core.package_discovery:discover_packages(path) using defaults
[0.457s] Level 1:colcon.colcon_core.package_discovery:discover_packages(prefix_path) check parameters
[0.457s] Level 1:colcon.colcon_core.package_discovery:discover_packages(prefix_path) discover
[0.464s] DEBUG:colcon.colcon_installed_package_information.package_discovery:Found 192 installed packages in /opt/ros/jazzy
[0.464s] Level 1:colcon.colcon_core.package_discovery:discover_packages(prefix_path) using defaults
[0.509s] Level 5:colcon.colcon_core.verb:set package 'battery' build argument 'cmake_args' from command line to 'None'
[0.509s] Level 5:colcon.colcon_core.verb:set package 'battery' build argument 'cmake_target' from command line to 'None'
[0.509s] Level 5:colcon.colcon_core.verb:set package 'battery' build argument 'cmake_target_skip_unavailable' from command line to 'False'
[0.509s] Level 5:colcon.colcon_core.verb:set package 'battery' build argument 'cmake_clean_cache' from command line to 'False'
[0.509s] Level 5:colcon.colcon_core.verb:set package 'battery' build argument 'cmake_clean_first' from command line to 'False'
[0.509s] Level 5:colcon.colcon_core.verb:set package 'battery' build argument 'cmake_force_configure' from command line to 'False'
[0.509s] Level 5:colcon.colcon_core.verb:set package 'battery' build argument 'ament_cmake_args' from command line to 'None'
[0.509s] Level 5:colcon.colcon_core.verb:set package 'battery' build argument 'catkin_cmake_args' from command line to 'None'
[0.509s] Level 5:colcon.colcon_core.verb:set package 'battery' build argument 'catkin_skip_building_tests' from command line to 'False'
[0.509s] DEBUG:colcon.colcon_core.verb:Building package 'battery' with the following arguments: {'ament_cmake_args': None, 'build_base': '/home/selqie/buoyancy/build/battery', 'catkin_cmake_args': None, 'catkin_skip_building_tests': False, 'cmake_args': None, 'cmake_clean_cache': False, 'cmake_clean_first': False, 'cmake_force_configure': False, 'cmake_target': None, 'cmake_target_skip_unavailable': False, 'install_base': '/home/selqie/buoyancy/install/battery', 'merge_install': False, 'path': '/home/selqie/buoyancy/battery', 'symlink_install': False, 'test_result_base': None}
[0.510s] Level 5:colcon.colcon_core.verb:set package 'motor_interfaces' build argument 'cmake_args' from command line to 'None'
[0.510s] Level 5:colcon.colcon_core.verb:set package 'motor_interfaces' build argument 'cmake_target' from command line to 'None'
[0.510s] Level 5:colcon.colcon_core.verb:set package 'motor_interfaces' build argument 'cmake_target_skip_unavailable' from command line to 'False'
[0.510s] Level 5:colcon.colcon_core.verb:set package 'motor_interfaces' build argument 'cmake_clean_cache' from command line to 'False'
[0.510s] Level 5:colcon.colcon_core.verb:set package 'motor_interfaces' build argument 'cmake_clean_first' from command line to 'False'
[0.510s] Level 5:colcon.colcon_core.verb:set package 'motor_interfaces' build argument 'cmake_force_configure' from command line to 'False'
[0.510s] Level 5:colcon.colcon_core.verb:set package 'motor_interfaces' build argument 'ament_cmake_args' from command line to 'None'
[0.510s] Level 5:colcon.colcon_core.verb:set package 'motor_interfaces' build argument 'catkin_cmake_args' from command line to 'None'
[0.510s] Level 5:colcon.colcon_core.verb:set package 'motor_interfaces' build argument 'catkin_skip_building_tests' from command line to 'False'
[0.510s] DEBUG:colcon.colcon_core.verb:Building package 'motor_interfaces' with the following arguments: {'ament_cmake_args': None, 'build_base': '/home/selqie/buoyancy/build/motor_interfaces', 'catkin_cmake_args': None, 'catkin_skip_building_tests': False, 'cmake_args': None, 'cmake_clean_cache': False, 'cmake_clean_first': False, 'cmake_force_configure': False, 'cmake_target': None, 'cmake_target_skip_unavailable': False, 'install_base': '/home/selqie/buoyancy/install/motor_interfaces', 'merge_install': False, 'path': '/home/selqie/buoyancy/motor_interfaces', 'symlink_install': False, 'test_result_base': None}
[0.510s] Level 5:colcon.colcon_core.verb:set package 'buoy_control' build argument 'cmake_args' from command line to 'None'
[0.510s] Level 5:colcon.colcon_core.verb:set package 'buoy_control' build argument 'cmake_target' from command line to 'None'
[0.510s] Level 5:colcon.colcon_core.verb:set package 'buoy_control' build argument 'cmake_target_skip_unavailable' from command line to 'False'
[0.510s] Level 5:colcon.colcon_core.verb:set package 'buoy_control' build argument 'cmake_clean_cache' from command line to 'False'
[0.510s] Level 5:colcon.colcon_core.verb:set package 'buoy_control' build argument 'cmake_clean_first' from command line to 'False'
[0.510s] Level 5:colcon.colcon_core.verb:set package 'buoy_control' build argument 'cmake_force_configure' from command line to 'False'
[0.510s] Level 5:colcon.colcon_core.verb:set package 'buoy_control' build argument 'ament_cmake_args' from command line to 'None'
[0.511s] Level 5:colcon.colcon_core.verb:set package 'buoy_control' build argument 'catkin_cmake_args' from command line to 'None'
[0.511s] Level 5:colcon.colcon_core.verb:set package 'buoy_control' build argument 'catkin_skip_building_tests' from command line to 'False'
[0.511s] DEBUG:colcon.colcon_core.verb:Building package 'buoy_control' with the following arguments: {'ament_cmake_args': None, 'build_base': '/home/selqie/buoyancy/build/buoy_control', 'catkin_cmake_args': None, 'catkin_skip_building_tests': False, 'cmake_args': None, 'cmake_clean_cache': False, 'cmake_clean_first': False, 'cmake_force_configure': False, 'cmake_target': None, 'cmake_target_skip_unavailable': False, 'install_base': '/home/selqie/buoyancy/install/buoy_control', 'merge_install': False, 'path': '/home/selqie/buoyancy/buoy_control', 'symlink_install': False, 'test_result_base': None}
[0.511s] Level 5:colcon.colcon_core.verb:set package 'servo' build argument 'cmake_args' from command line to 'None'
[0.511s] Level 5:colcon.colcon_core.verb:set package 'servo' build argument 'cmake_target' from command line to 'None'
[0.511s] Level 5:colcon.colcon_core.verb:set package 'servo' build argument 'cmake_target_skip_unavailable' from command line to 'False'
[0.511s] Level 5:colcon.colcon_core.verb:set package 'servo' build argument 'cmake_clean_cache' from command line to 'False'
[0.511s] Level 5:colcon.colcon_core.verb:set package 'servo' build argument 'cmake_clean_first' from command line to 'False'
[0.511s] Level 5:colcon.colcon_core.verb:set package 'servo' build argument 'cmake_force_configure' from command line to 'False'
[0.511s] Level 5:colcon.colcon_core.verb:set package 'servo' build argument 'ament_cmake_args' from command line to 'None'
[0.511s] Level 5:colcon.colcon_core.verb:set package 'servo' build argument 'catkin_cmake_args' from command line to 'None'
[0.511s] Level 5:colcon.colcon_core.verb:set package 'servo' build argument 'catkin_skip_building_tests' from command line to 'False'
[0.511s] DEBUG:colcon.colcon_core.verb:Building package 'servo' with the following arguments: {'ament_cmake_args': None, 'build_base': '/home/selqie/buoyancy/build/servo', 'catkin_cmake_args': None, 'catkin_skip_building_tests': False, 'cmake_args': None, 'cmake_clean_cache': False, 'cmake_clean_first': False, 'cmake_force_configure': False, 'cmake_target': None, 'cmake_target_skip_unavailable': False, 'install_base': '/home/selqie/buoyancy/install/servo', 'merge_install': False, 'path': '/home/selqie/buoyancy/servo', 'symlink_install': False, 'test_result_base': None}
[0.511s] INFO:colcon.colcon_core.executor:Executing jobs using 'parallel' executor
[0.512s] DEBUG:colcon.colcon_parallel_executor.executor.parallel:run_until_complete
[0.513s] INFO:colcon.colcon_ros.task.ament_cmake.build:Building ROS package in '/home/selqie/buoyancy/motor_interfaces' with build type 'ament_cmake'
[0.513s] INFO:colcon.colcon_cmake.task.cmake.build:Building CMake package in '/home/selqie/buoyancy/motor_interfaces'
[0.520s] INFO:colcon.colcon_core.plugin_system:Skipping extension 'colcon_core.shell.bat': Not used on non-Windows systems
[0.520s] INFO:colcon.colcon_core.shell:Skip shell extension 'powershell' for command environment: Not usable outside of PowerShell
[0.520s] DEBUG:colcon.colcon_core.shell:Skip shell extension 'dsv' for command environment
[0.525s] INFO:colcon.colcon_ros.task.ament_python.build:Building ROS package in '/home/selqie/buoyancy/battery' with build type 'ament_python'
[0.525s] Level 1:colcon.colcon_core.shell:create_environment_hook('battery', 'ament_prefix_path')
[0.525s] INFO:colcon.colcon_core.shell:Creating environment hook '/home/selqie/buoyancy/install/battery/share/battery/hook/ament_prefix_path.ps1'
[0.527s] INFO:colcon.colcon_core.shell:Creating environment descriptor '/home/selqie/buoyancy/install/battery/share/battery/hook/ament_prefix_path.dsv'
[0.533s] INFO:colcon.colcon_core.shell:Creating environment hook '/home/selqie/buoyancy/install/battery/share/battery/hook/ament_prefix_path.sh'
[0.535s] INFO:colcon.colcon_core.shell:Skip shell extension 'powershell' for command environment: Not usable outside of PowerShell
[0.535s] DEBUG:colcon.colcon_core.shell:Skip shell extension 'dsv' for command environment
[0.547s] DEBUG:colcon.colcon_core.event_handler.log_command:Invoking command in '/home/selqie/buoyancy/build/motor_interfaces': CMAKE_PREFIX_PATH=/opt/ros/jazzy /usr/bin/cmake --build /home/selqie/buoyancy/build/motor_interfaces -- -j4 -l4
[1.025s] INFO:colcon.colcon_core.task.python.build:Building Python package in '/home/selqie/buoyancy/battery'
[1.026s] INFO:colcon.colcon_core.shell:Skip shell extension 'powershell' for command environment: Not usable outside of PowerShell
[1.026s] DEBUG:colcon.colcon_core.shell:Skip shell extension 'dsv' for command environment
[1.529s] DEBUG:colcon.colcon_core.event_handler.log_command:Invoked command in '/home/selqie/buoyancy/build/motor_interfaces' returned '0': CMAKE_PREFIX_PATH=/opt/ros/jazzy /usr/bin/cmake --build /home/selqie/buoyancy/build/motor_interfaces -- -j4 -l4
[1.551s] DEBUG:colcon.colcon_core.event_handler.log_command:Invoking command in '/home/selqie/buoyancy/build/motor_interfaces': CMAKE_PREFIX_PATH=/opt/ros/jazzy /usr/bin/cmake --install /home/selqie/buoyancy/build/motor_interfaces
[1.688s] Level 1:colcon.colcon_core.environment:create_environment_scripts_only(motor_interfaces)
[1.689s] DEBUG:colcon.colcon_core.event_handler.log_command:Invoked command in '/home/selqie/buoyancy/build/motor_interfaces' returned '0': CMAKE_PREFIX_PATH=/opt/ros/jazzy /usr/bin/cmake --install /home/selqie/buoyancy/build/motor_interfaces
[1.700s] Level 1:colcon.colcon_core.environment:checking '/home/selqie/buoyancy/install/motor_interfaces' for CMake module files
[1.702s] Level 1:colcon.colcon_core.environment:checking '/home/selqie/buoyancy/install/motor_interfaces' for CMake config files
[1.702s] Level 1:colcon.colcon_core.shell:create_environment_hook('motor_interfaces', 'cmake_prefix_path')
[1.702s] INFO:colcon.colcon_core.shell:Creating environment hook '/home/selqie/buoyancy/install/motor_interfaces/share/motor_interfaces/hook/cmake_prefix_path.ps1'
[1.703s] INFO:colcon.colcon_core.shell:Creating environment descriptor '/home/selqie/buoyancy/install/motor_interfaces/share/motor_interfaces/hook/cmake_prefix_path.dsv'
[1.704s] INFO:colcon.colcon_core.shell:Creating environment hook '/home/selqie/buoyancy/install/motor_interfaces/share/motor_interfaces/hook/cmake_prefix_path.sh'
[1.705s] Level 1:colcon.colcon_core.environment:checking '/home/selqie/buoyancy/install/motor_interfaces/lib'
[1.705s] Level 1:colcon.colcon_core.shell:create_environment_hook('motor_interfaces', 'ld_library_path_lib')
[1.706s] INFO:colcon.colcon_core.shell:Creating environment hook '/home/selqie/buoyancy/install/motor_interfaces/share/motor_interfaces/hook/ld_library_path_lib.ps1'
[1.706s] INFO:colcon.colcon_core.shell:Creating environment descriptor '/home/selqie/buoyancy/install/motor_interfaces/share/motor_interfaces/hook/ld_library_path_lib.dsv'
[1.707s] INFO:colcon.colcon_core.shell:Creating environment hook '/home/selqie/buoyancy/install/motor_interfaces/share/motor_interfaces/hook/ld_library_path_lib.sh'
[1.707s] Level 1:colcon.colcon_core.environment:checking '/home/selqie/buoyancy/install/motor_interfaces/bin'
[1.707s] Level 1:colcon.colcon_core.environment:checking '/home/selqie/buoyancy/install/motor_interfaces/lib/pkgconfig/motor_interfaces.pc'
[1.708s] Level 1:colcon.colcon_core.environment:checking '/home/selqie/buoyancy/install/motor_interfaces/lib/python3.12/site-packages'
[1.708s] Level 1:colcon.colcon_core.shell:create_environment_hook('motor_interfaces', 'pythonpath')
[1.708s] INFO:colcon.colcon_core.shell:Creating environment hook '/home/selqie/buoyancy/install/motor_interfaces/share/motor_interfaces/hook/pythonpath.ps1'
[1.709s] INFO:colcon.colcon_core.shell:Creating environment descriptor '/home/selqie/buoyancy/install/motor_interfaces/share/motor_interfaces/hook/pythonpath.dsv'
[1.709s] INFO:colcon.colcon_core.shell:Creating environment hook '/home/selqie/buoyancy/install/motor_interfaces/share/motor_interfaces/hook/pythonpath.sh'
[1.710s] Level 1:colcon.colcon_core.environment:checking '/home/selqie/buoyancy/install/motor_interfaces/bin'
[1.710s] INFO:colcon.colcon_core.shell:Creating package script '/home/selqie/buoyancy/install/motor_interfaces/share/motor_interfaces/package.ps1'
[1.719s] INFO:colcon.colcon_core.shell:Creating package descriptor '/home/selqie/buoyancy/install/motor_interfaces/share/motor_interfaces/package.dsv'
[1.721s] INFO:colcon.colcon_core.shell:Creating package script '/home/selqie/buoyancy/install/motor_interfaces/share/motor_interfaces/package.sh'
[1.724s] INFO:colcon.colcon_core.shell:Creating package script '/home/selqie/buoyancy/install/motor_interfaces/share/motor_interfaces/package.bash'
[1.726s] INFO:colcon.colcon_core.shell:Creating package script '/home/selqie/buoyancy/install/motor_interfaces/share/motor_interfaces/package.zsh'
[1.729s] Level 1:colcon.colcon_core.environment:create_file_with_runtime_dependencies(/home/selqie/buoyancy/install/motor_interfaces/share/colcon-core/packages/motor_interfaces)
[1.731s] Level 1:colcon.colcon_core.environment:create_environment_scripts_only(motor_interfaces)
[1.731s] Level 1:colcon.colcon_core.environment:checking '/home/selqie/buoyancy/install/motor_interfaces' for CMake module files
[1.732s] Level 1:colcon.colcon_core.environment:checking '/home/selqie/buoyancy/install/motor_interfaces' for CMake config files
[1.732s] Level 1:colcon.colcon_core.shell:create_environment_hook('motor_interfaces', 'cmake_prefix_path')
[1.733s] INFO:colcon.colcon_core.shell:Creating environment hook '/home/selqie/buoyancy/install/motor_interfaces/share/motor_interfaces/hook/cmake_prefix_path.ps1'
[1.733s] INFO:colcon.colcon_core.shell:Creating environment descriptor '/home/selqie/buoyancy/install/motor_interfaces/share/motor_interfaces/hook/cmake_prefix_path.dsv'
[1.734s] INFO:colcon.colcon_core.shell:Creating environment hook '/home/selqie/buoyancy/install/motor_interfaces/share/motor_interfaces/hook/cmake_prefix_path.sh'
[1.735s] Level 1:colcon.colcon_core.environment:checking '/home/selqie/buoyancy/install/motor_interfaces/lib'
[1.735s] Level 1:colcon.colcon_core.shell:create_environment_hook('motor_interfaces', 'ld_library_path_lib')
[1.735s] INFO:colcon.colcon_core.shell:Creating environment hook '/home/selqie/buoyancy/install/motor_interfaces/share/motor_interfaces/hook/ld_library_path_lib.ps1'
[1.736s] INFO:colcon.colcon_core.shell:Creating environment descriptor '/home/selqie/buoyancy/install/motor_interfaces/share/motor_interfaces/hook/ld_library_path_lib.dsv'
[1.736s] INFO:colcon.colcon_core.shell:Creating environment hook '/home/selqie/buoyancy/install/motor_interfaces/share/motor_interfaces/hook/ld_library_path_lib.sh'
[1.736s] Level 1:colcon.colcon_core.environment:checking '/home/selqie/buoyancy/install/motor_interfaces/bin'
[1.737s] Level 1:colcon.colcon_core.environment:checking '/home/selqie/buoyancy/install/motor_interfaces/lib/pkgconfig/motor_interfaces.pc'
[1.737s] Level 1:colcon.colcon_core.environment:checking '/home/selqie/buoyancy/install/motor_interfaces/lib/python3.12/site-packages'
[1.737s] Level 1:colcon.colcon_core.shell:create_environment_hook('motor_interfaces', 'pythonpath')
[1.737s] INFO:colcon.colcon_core.shell:Creating environment hook '/home/selqie/buoyancy/install/motor_interfaces/share/motor_interfaces/hook/pythonpath.ps1'
[1.738s] INFO:colcon.colcon_core.shell:Creating environment descriptor '/home/selqie/buoyancy/install/motor_interfaces/share/motor_interfaces/hook/pythonpath.dsv'
[1.738s] INFO:colcon.colcon_core.shell:Creating environment hook '/home/selqie/buoyancy/install/motor_interfaces/share/motor_interfaces/hook/pythonpath.sh'
[1.739s] Level 1:colcon.colcon_core.environment:checking '/home/selqie/buoyancy/install/motor_interfaces/bin'
[1.740s] INFO:colcon.colcon_core.shell:Creating package script '/home/selqie/buoyancy/install/motor_interfaces/share/motor_interfaces/package.ps1'
[1.740s] INFO:colcon.colcon_core.shell:Creating package descriptor '/home/selqie/buoyancy/install/motor_interfaces/share/motor_interfaces/package.dsv'
[1.741s] INFO:colcon.colcon_core.shell:Creating package script '/home/selqie/buoyancy/install/motor_interfaces/share/motor_interfaces/package.sh'
[1.742s] INFO:colcon.colcon_core.shell:Creating package script '/home/selqie/buoyancy/install/motor_interfaces/share/motor_interfaces/package.bash'
[1.742s] INFO:colcon.colcon_core.shell:Creating package script '/home/selqie/buoyancy/install/motor_interfaces/share/motor_interfaces/package.zsh'
[1.742s] Level 1:colcon.colcon_core.environment:create_file_with_runtime_dependencies(/home/selqie/buoyancy/install/motor_interfaces/share/colcon-core/packages/motor_interfaces)
[1.743s] INFO:colcon.colcon_ros.task.ament_python.build:Building ROS package in '/home/selqie/buoyancy/buoy_control' with build type 'ament_python'
[1.743s] Level 1:colcon.colcon_core.shell:create_environment_hook('buoy_control', 'ament_prefix_path')
[1.743s] INFO:colcon.colcon_core.shell:Creating environment hook '/home/selqie/buoyancy/install/buoy_control/share/buoy_control/hook/ament_prefix_path.ps1'
[1.744s] INFO:colcon.colcon_core.shell:Creating environment descriptor '/home/selqie/buoyancy/install/buoy_control/share/buoy_control/hook/ament_prefix_path.dsv'
[1.745s] INFO:colcon.colcon_core.shell:Creating environment hook '/home/selqie/buoyancy/install/buoy_control/share/buoy_control/hook/ament_prefix_path.sh'
[1.746s] INFO:colcon.colcon_core.shell:Skip shell extension 'powershell' for command environment: Not usable outside of PowerShell
[1.746s] DEBUG:colcon.colcon_core.shell:Skip shell extension 'dsv' for command environment
[1.753s] INFO:colcon.colcon_ros.task.ament_python.build:Building ROS package in '/home/selqie/buoyancy/servo' with build type 'ament_python'
[1.754s] Level 1:colcon.colcon_core.shell:create_environment_hook('servo', 'ament_prefix_path')
[1.754s] INFO:colcon.colcon_core.shell:Creating environment hook '/home/selqie/buoyancy/install/servo/share/servo/hook/ament_prefix_path.ps1'
[1.755s] INFO:colcon.colcon_core.shell:Creating environment descriptor '/home/selqie/buoyancy/install/servo/share/servo/hook/ament_prefix_path.dsv'
[1.756s] INFO:colcon.colcon_core.shell:Creating environment hook '/home/selqie/buoyancy/install/servo/share/servo/hook/ament_prefix_path.sh'
[1.756s] INFO:colcon.colcon_core.shell:Skip shell extension 'powershell' for command environment: Not usable outside of PowerShell
[1.756s] DEBUG:colcon.colcon_core.shell:Skip shell extension 'dsv' for command environment
[2.090s] INFO:colcon.colcon_core.task.python.build:Building Python package in '/home/selqie/buoyancy/buoy_control'
[2.091s] INFO:colcon.colcon_core.shell:Skip shell extension 'powershell' for command environment: Not usable outside of PowerShell
[2.091s] DEBUG:colcon.colcon_core.shell:Skip shell extension 'dsv' for command environment
[2.445s] INFO:colcon.colcon_core.task.python.build:Building Python package in '/home/selqie/buoyancy/servo'
[2.446s] INFO:colcon.colcon_core.shell:Skip shell extension 'powershell' for command environment: Not usable outside of PowerShell
[2.446s] DEBUG:colcon.colcon_core.shell:Skip shell extension 'dsv' for command environment
[2.458s] DEBUG:colcon.colcon_core.event_handler.log_command:Invoking command in '/home/selqie/buoyancy/battery': PYTHONPATH=/home/selqie/buoyancy/build/battery/prefix_override:/usr/lib/python3/dist-packages/colcon_core/task/python/colcon_distutils_commands:/home/selqie/buoyancy/install/battery/lib/python3.12/site-packages:${PYTHONPATH} /usr/bin/python3 -W ignore:setup.py install is deprecated -W ignore:easy_install command is deprecated setup.py egg_info --egg-base ../build/battery build --build-base /home/selqie/buoyancy/build/battery/build install --record /home/selqie/buoyancy/build/battery/install.log --single-version-externally-managed install_data
[3.365s] Level 1:colcon.colcon_core.environment:checking '/home/selqie/buoyancy/install/battery' for CMake module files
[3.366s] DEBUG:colcon.colcon_core.event_handler.log_command:Invoked command in '/home/selqie/buoyancy/battery' returned '0': PYTHONPATH=/home/selqie/buoyancy/build/battery/prefix_override:/usr/lib/python3/dist-packages/colcon_core/task/python/colcon_distutils_commands:/home/selqie/buoyancy/install/battery/lib/python3.12/site-packages:${PYTHONPATH} /usr/bin/python3 -W ignore:setup.py install is deprecated -W ignore:easy_install command is deprecated setup.py egg_info --egg-base ../build/battery build --build-base /home/selqie/buoyancy/build/battery/build install --record /home/selqie/buoyancy/build/battery/install.log --single-version-externally-managed install_data
[3.367s] Level 1:colcon.colcon_core.environment:checking '/home/selqie/buoyancy/install/battery' for CMake config files
[3.369s] Level 1:colcon.colcon_core.environment:checking '/home/selqie/buoyancy/install/battery/lib'
[3.369s] Level 1:colcon.colcon_core.environment:checking '/home/selqie/buoyancy/install/battery/bin'
[3.369s] Level 1:colcon.colcon_core.environment:checking '/home/selqie/buoyancy/install/battery/lib/pkgconfig/battery.pc'
[3.370s] Level 1:colcon.colcon_core.environment:checking '/home/selqie/buoyancy/install/battery/lib/python3.12/site-packages'
[3.371s] Level 1:colcon.colcon_core.shell:create_environment_hook('battery', 'pythonpath')
[3.372s] INFO:colcon.colcon_core.shell:Creating environment hook '/home/selqie/buoyancy/install/battery/share/battery/hook/pythonpath.ps1'
[3.374s] INFO:colcon.colcon_core.shell:Creating environment descriptor '/home/selqie/buoyancy/install/battery/share/battery/hook/pythonpath.dsv'
[3.375s] INFO:colcon.colcon_core.shell:Creating environment hook '/home/selqie/buoyancy/install/battery/share/battery/hook/pythonpath.sh'
[3.378s] Level 1:colcon.colcon_core.environment:checking '/home/selqie/buoyancy/install/battery/bin'
[3.379s] Level 1:colcon.colcon_core.environment:create_environment_scripts_only(battery)
[3.380s] INFO:colcon.colcon_core.shell:Creating package script '/home/selqie/buoyancy/install/battery/share/battery/package.ps1'
[3.382s] INFO:colcon.colcon_core.shell:Creating package descriptor '/home/selqie/buoyancy/install/battery/share/battery/package.dsv'
[3.384s] INFO:colcon.colcon_core.shell:Creating package script '/home/selqie/buoyancy/install/battery/share/battery/package.sh'
[3.385s] INFO:colcon.colcon_core.shell:Creating package script '/home/selqie/buoyancy/install/battery/share/battery/package.bash'
[3.387s] INFO:colcon.colcon_core.shell:Creating package script '/home/selqie/buoyancy/install/battery/share/battery/package.zsh'
[3.388s] Level 1:colcon.colcon_core.environment:create_file_with_runtime_dependencies(/home/selqie/buoyancy/install/battery/share/colcon-core/packages/battery)
[3.474s] DEBUG:colcon.colcon_core.event_handler.log_command:Invoking command in '/home/selqie/buoyancy/servo': AMENT_PREFIX_PATH=/home/selqie/buoyancy/install/motor_interfaces:${AMENT_PREFIX_PATH} CMAKE_PREFIX_PATH=/home/selqie/buoyancy/install/motor_interfaces LD_LIBRARY_PATH=/home/selqie/buoyancy/install/motor_interfaces/lib:${LD_LIBRARY_PATH} PYTHONPATH=/home/selqie/buoyancy/build/servo/prefix_override:/usr/lib/python3/dist-packages/colcon_core/task/python/colcon_distutils_commands:/home/selqie/buoyancy/install/servo/lib/python3.12/site-packages:/home/selqie/buoyancy/install/motor_interfaces/lib/python3.12/site-packages:${PYTHONPATH} /usr/bin/python3 -W ignore:setup.py install is deprecated -W ignore:easy_install command is deprecated setup.py egg_info --egg-base ../build/servo build --build-base /home/selqie/buoyancy/build/servo/build install --record /home/selqie/buoyancy/build/servo/install.log --single-version-externally-managed install_data
[3.480s] DEBUG:colcon.colcon_core.event_handler.log_command:Invoking command in '/home/selqie/buoyancy/buoy_control': AMENT_PREFIX_PATH=/home/selqie/buoyancy/install/motor_interfaces:${AMENT_PREFIX_PATH} CMAKE_PREFIX_PATH=/home/selqie/buoyancy/install/motor_interfaces LD_LIBRARY_PATH=/home/selqie/buoyancy/install/motor_interfaces/lib:${LD_LIBRARY_PATH} PYTHONPATH=/home/selqie/buoyancy/build/buoy_control/prefix_override:/usr/lib/python3/dist-packages/colcon_core/task/python/colcon_distutils_commands:/home/selqie/buoyancy/install/buoy_control/lib/python3.12/site-packages:/home/selqie/buoyancy/install/motor_interfaces/lib/python3.12/site-packages:${PYTHONPATH} /usr/bin/python3 -W ignore:setup.py install is deprecated -W ignore:easy_install command is deprecated setup.py egg_info --egg-base ../build/buoy_control build --build-base /home/selqie/buoyancy/build/buoy_control/build install --record /home/selqie/buoyancy/build/buoy_control/install.log --single-version-externally-managed install_data
[4.250s] Level 1:colcon.colcon_core.environment:checking '/home/selqie/buoyancy/install/servo' for CMake module files
[4.251s] DEBUG:colcon.colcon_core.event_handler.log_command:Invoked command in '/home/selqie/buoyancy/servo' returned '0': AMENT_PREFIX_PATH=/home/selqie/buoyancy/install/motor_interfaces:${AMENT_PREFIX_PATH} CMAKE_PREFIX_PATH=/home/selqie/buoyancy/install/motor_interfaces LD_LIBRARY_PATH=/home/selqie/buoyancy/install/motor_interfaces/lib:${LD_LIBRARY_PATH} PYTHONPATH=/home/selqie/buoyancy/build/servo/prefix_override:/usr/lib/python3/dist-packages/colcon_core/task/python/colcon_distutils_commands:/home/selqie/buoyancy/install/servo/lib/python3.12/site-packages:/home/selqie/buoyancy/install/motor_interfaces/lib/python3.12/site-packages:${PYTHONPATH} /usr/bin/python3 -W ignore:setup.py install is deprecated -W ignore:easy_install command is deprecated setup.py egg_info --egg-base ../build/servo build --build-base /home/selqie/buoyancy/build/servo/build install --record /home/selqie/buoyancy/build/servo/install.log --single-version-externally-managed install_data
[4.252s] Level 1:colcon.colcon_core.environment:checking '/home/selqie/buoyancy/install/servo' for CMake config files
[4.253s] Level 1:colcon.colcon_core.environment:checking '/home/selqie/buoyancy/install/servo/lib'
[4.253s] Level 1:colcon.colcon_core.environment:checking '/home/selqie/buoyancy/install/servo/bin'
[4.254s] Level 1:colcon.colcon_core.environment:checking '/home/selqie/buoyancy/install/servo/lib/pkgconfig/servo.pc'
[4.254s] Level 1:colcon.colcon_core.environment:checking '/home/selqie/buoyancy/install/servo/lib/python3.12/site-packages'
[4.254s] Level 1:colcon.colcon_core.shell:create_environment_hook('servo', 'pythonpath')
[4.255s] INFO:colcon.colcon_core.shell:Creating environment hook '/home/selqie/buoyancy/install/servo/share/servo/hook/pythonpath.ps1'
[4.256s] INFO:colcon.colcon_core.shell:Creating environment descriptor '/home/selqie/buoyancy/install/servo/share/servo/hook/pythonpath.dsv'
[4.257s] INFO:colcon.colcon_core.shell:Creating environment hook '/home/selqie/buoyancy/install/servo/share/servo/hook/pythonpath.sh'
[4.258s] Level 1:colcon.colcon_core.environment:checking '/home/selqie/buoyancy/install/servo/bin'
[4.258s] Level 1:colcon.colcon_core.environment:create_environment_scripts_only(servo)
[4.258s] INFO:colcon.colcon_core.shell:Creating package script '/home/selqie/buoyancy/install/servo/share/servo/package.ps1'
[4.259s] INFO:colcon.colcon_core.shell:Creating package descriptor '/home/selqie/buoyancy/install/servo/share/servo/package.dsv'
[4.261s] INFO:colcon.colcon_core.shell:Creating package script '/home/selqie/buoyancy/install/servo/share/servo/package.sh'
[4.262s] INFO:colcon.colcon_core.shell:Creating package script '/home/selqie/buoyancy/install/servo/share/servo/package.bash'
[4.263s] INFO:colcon.colcon_core.shell:Creating package script '/home/selqie/buoyancy/install/servo/share/servo/package.zsh'
[4.264s] Level 1:colcon.colcon_core.environment:create_file_with_runtime_dependencies(/home/selqie/buoyancy/install/servo/share/colcon-core/packages/servo)
[4.277s] Level 1:colcon.colcon_core.environment:checking '/home/selqie/buoyancy/install/buoy_control' for CMake module files
[4.278s] DEBUG:colcon.colcon_core.event_handler.log_command:Invoked command in '/home/selqie/buoyancy/buoy_control' returned '0': AMENT_PREFIX_PATH=/home/selqie/buoyancy/install/motor_interfaces:${AMENT_PREFIX_PATH} CMAKE_PREFIX_PATH=/home/selqie/buoyancy/install/motor_interfaces LD_LIBRARY_PATH=/home/selqie/buoyancy/install/motor_interfaces/lib:${LD_LIBRARY_PATH} PYTHONPATH=/home/selqie/buoyancy/build/buoy_control/prefix_override:/usr/lib/python3/dist-packages/colcon_core/task/python/colcon_distutils_commands:/home/selqie/buoyancy/install/buoy_control/lib/python3.12/site-packages:/home/selqie/buoyancy/install/motor_interfaces/lib/python3.12/site-packages:${PYTHONPATH} /usr/bin/python3 -W ignore:setup.py install is deprecated -W ignore:easy_install command is deprecated setup.py egg_info --egg-base ../build/buoy_control build --build-base /home/selqie/buoyancy/build/buoy_control/build install --record /home/selqie/buoyancy/build/buoy_control/install.log --single-version-externally-managed install_data
[4.278s] Level 1:colcon.colcon_core.environment:checking '/home/selqie/buoyancy/install/buoy_control' for CMake config files
[4.279s] Level 1:colcon.colcon_core.environment:checking '/home/selqie/buoyancy/install/buoy_control/lib'
[4.279s] Level 1:colcon.colcon_core.environment:checking '/home/selqie/buoyancy/install/buoy_control/bin'
[4.279s] Level 1:colcon.colcon_core.environment:checking '/home/selqie/buoyancy/install/buoy_control/lib/pkgconfig/buoy_control.pc'
[4.280s] Level 1:colcon.colcon_core.environment:checking '/home/selqie/buoyancy/install/buoy_control/lib/python3.12/site-packages'
[4.280s] Level 1:colcon.colcon_core.shell:create_environment_hook('buoy_control', 'pythonpath')
[4.280s] INFO:colcon.colcon_core.shell:Creating environment hook '/home/selqie/buoyancy/install/buoy_control/share/buoy_control/hook/pythonpath.ps1'
[4.281s] INFO:colcon.colcon_core.shell:Creating environment descriptor '/home/selqie/buoyancy/install/buoy_control/share/buoy_control/hook/pythonpath.dsv'
[4.282s] INFO:colcon.colcon_core.shell:Creating environment hook '/home/selqie/buoyancy/install/buoy_control/share/buoy_control/hook/pythonpath.sh'
[4.284s] Level 1:colcon.colcon_core.environment:checking '/home/selqie/buoyancy/install/buoy_control/bin'
[4.284s] Level 1:colcon.colcon_core.environment:create_environment_scripts_only(buoy_control)
[4.284s] INFO:colcon.colcon_core.shell:Creating package script '/home/selqie/buoyancy/install/buoy_control/share/buoy_control/package.ps1'
[4.285s] INFO:colcon.colcon_core.shell:Creating package descriptor '/home/selqie/buoyancy/install/buoy_control/share/buoy_control/package.dsv'
[4.287s] INFO:colcon.colcon_core.shell:Creating package script '/home/selqie/buoyancy/install/buoy_control/share/buoy_control/package.sh'
[4.288s] INFO:colcon.colcon_core.shell:Creating package script '/home/selqie/buoyancy/install/buoy_control/share/buoy_control/package.bash'
[4.290s] INFO:colcon.colcon_core.shell:Creating package script '/home/selqie/buoyancy/install/buoy_control/share/buoy_control/package.zsh'
[4.291s] Level 1:colcon.colcon_core.environment:create_file_with_runtime_dependencies(/home/selqie/buoyancy/install/buoy_control/share/colcon-core/packages/buoy_control)
[4.296s] DEBUG:colcon.colcon_parallel_executor.executor.parallel:closing loop
[4.296s] DEBUG:colcon.colcon_parallel_executor.executor.parallel:loop closed
[4.296s] DEBUG:colcon.colcon_parallel_executor.executor.parallel:run_until_complete finished with '0'
[4.296s] DEBUG:colcon.colcon_core.event_reactor:joining thread
[4.307s] INFO:colcon.colcon_core.plugin_system:Skipping extension 'colcon_notification.desktop_notification.notify_send': Could not find 'notify-send'
[4.307s] INFO:colcon.colcon_core.plugin_system:Skipping extension 'colcon_notification.desktop_notification.terminal_notifier': Not used on non-Darwin systems
[4.308s] INFO:colcon.colcon_core.plugin_system:Skipping extension 'colcon_notification.desktop_notification.win32': Not used on non-Windows systems
[4.308s] INFO:colcon.colcon_notification.desktop_notification:Sending desktop notification using 'notify2'
[4.332s] DEBUG:colcon.colcon_notification.desktop_notification.notify2:Failed to initialize notify2: org.freedesktop.DBus.Error.ServiceUnknown: The name org.freedesktop.Notifications was not provided by any .service files
[4.332s] DEBUG:colcon.colcon_core.event_reactor:joined thread
[4.332s] INFO:colcon.colcon_core.shell:Creating prefix script '/home/selqie/buoyancy/install/local_setup.ps1'
[4.334s] INFO:colcon.colcon_core.shell:Creating prefix util module '/home/selqie/buoyancy/install/_local_setup_util_ps1.py'
[4.338s] INFO:colcon.colcon_core.shell:Creating prefix chain script '/home/selqie/buoyancy/install/setup.ps1'
[4.345s] INFO:colcon.colcon_core.shell:Creating prefix script '/home/selqie/buoyancy/install/local_setup.sh'
[4.347s] INFO:colcon.colcon_core.shell:Creating prefix util module '/home/selqie/buoyancy/install/_local_setup_util_sh.py'
[4.348s] INFO:colcon.colcon_core.shell:Creating prefix chain script '/home/selqie/buoyancy/install/setup.sh'
[4.351s] INFO:colcon.colcon_core.shell:Creating prefix script '/home/selqie/buoyancy/install/local_setup.bash'
[4.353s] INFO:colcon.colcon_core.shell:Creating prefix chain script '/home/selqie/buoyancy/install/setup.bash'
[4.356s] INFO:colcon.colcon_core.shell:Creating prefix script '/home/selqie/buoyancy/install/local_setup.zsh'
[4.358s] INFO:colcon.colcon_core.shell:Creating prefix chain script '/home/selqie/buoyancy/install/setup.zsh'
