[2.047s] Invoking command in '/home/selqie/buoyancy/battery': PYTHONPATH=/home/selqie/buoyancy/build/battery/prefix_override:/usr/lib/python3/dist-packages/colcon_core/task/python/colcon_distutils_commands:/home/selqie/buoyancy/install/battery/lib/python3.12/site-packages:${PYTHONPATH} /usr/bin/python3 -W ignore:setup.py install is deprecated -W ignore:easy_install command is deprecated setup.py egg_info --egg-base ../build/battery build --build-base /home/selqie/buoyancy/build/battery/build install --record /home/selqie/buoyancy/build/battery/install.log --single-version-externally-managed install_data
[2.561s] running egg_info
[2.587s] writing ../build/battery/battery.egg-info/PKG-INFO
[2.587s] writing dependency_links to ../build/battery/battery.egg-info/dependency_links.txt
[2.589s] writing entry points to ../build/battery/battery.egg-info/entry_points.txt
[2.590s] writing requirements to ../build/battery/battery.egg-info/requires.txt
[2.594s] writing top-level names to ../build/battery/battery.egg-info/top_level.txt
[2.652s] reading manifest file '../build/battery/battery.egg-info/SOURCES.txt'
[2.652s] writing manifest file '../build/battery/battery.egg-info/SOURCES.txt'
[2.653s] running build
[2.653s] running build_py
[2.653s] running install
[2.668s] running install_lib
[2.700s] running install_data
[2.700s] running install_egg_info
[2.725s] removing '/home/selqie/buoyancy/install/battery/lib/python3.12/site-packages/battery-0.0.0-py3.12.egg-info' (and everything under it)
[2.725s] Copying ../build/battery/battery.egg-info to /home/selqie/buoyancy/install/battery/lib/python3.12/site-packages/battery-0.0.0-py3.12.egg-info
[2.727s] running install_scripts
[2.922s] Installing tinybms_voltage_uart script to /home/selqie/buoyancy/install/battery/lib/battery
[2.923s] writing list of installed files to '/home/selqie/buoyancy/build/battery/install.log'
[3.248s] Invoked command in '/home/selqie/buoyancy/battery' returned '0': PYTHONPATH=/home/selqie/buoyancy/build/battery/prefix_override:/usr/lib/python3/dist-packages/colcon_core/task/python/colcon_distutils_commands:/home/selqie/buoyancy/install/battery/lib/python3.12/site-packages:${PYTHONPATH} /usr/bin/python3 -W ignore:setup.py install is deprecated -W ignore:easy_install command is deprecated setup.py egg_info --egg-base ../build/battery build --build-base /home/selqie/buoyancy/build/battery/build install --record /home/selqie/buoyancy/build/battery/install.log --single-version-externally-managed install_data
