[1.654s] Invoking command in '/home/selqie/buoyancy/buoy_control': CMAKE_PREFIX_PATH=/home/selqie/buoyancy/install/motor_interfaces:/home/selqie/buoyancy/install/bno08x_driver:/home/selqie/buoyancy/install/sensing_bringup PYTHONPATH=/home/selqie/buoyancy/build/buoy_control/prefix_override:/usr/lib/python3/dist-packages/colcon_core/task/python/colcon_distutils_commands:/home/selqie/buoyancy/install/buoy_control/lib/python3.12/site-packages:/home/selqie/buoyancy/install/motor_interfaces/lib/python3.12/site-packages:/home/selqie/buoyancy/install/water_sensors/lib/python3.12/site-packages:/home/selqie/buoyancy/install/ms5837_bar_ros/lib/python3.12/site-packages:/home/selqie/buoyancy/install/led/lib/python3.12/site-packages:/home/selqie/buoyancy/install/battery/lib/python3.12/site-packages:/opt/ros/jazzy/lib/python3.12/site-packages /usr/bin/python3 -W ignore:setup.py install is deprecated -W ignore:easy_install command is deprecated setup.py egg_info --egg-base ../build/buoy_control build --build-base /home/selqie/buoyancy/build/buoy_control/build install --record /home/selqie/buoyancy/build/buoy_control/install.log --single-version-externally-managed install_data
[2.034s] running egg_info
[2.035s] creating ../build/buoy_control/buoy_control.egg-info
[2.060s] writing ../build/buoy_control/buoy_control.egg-info/PKG-INFO
[2.060s] writing dependency_links to ../build/buoy_control/buoy_control.egg-info/dependency_links.txt
[2.060s] writing entry points to ../build/buoy_control/buoy_control.egg-info/entry_points.txt
[2.061s] writing requirements to ../build/buoy_control/buoy_control.egg-info/requires.txt
[2.061s] writing top-level names to ../build/buoy_control/buoy_control.egg-info/top_level.txt
[2.061s] writing manifest file '../build/buoy_control/buoy_control.egg-info/SOURCES.txt'
[2.111s] reading manifest file '../build/buoy_control/buoy_control.egg-info/SOURCES.txt'
[2.111s] adding license file 'LICENSE'
[2.112s] writing manifest file '../build/buoy_control/buoy_control.egg-info/SOURCES.txt'
[2.113s] running build
[2.113s] running build_py
[2.114s] creating /home/selqie/buoyancy/build/buoy_control/build
[2.114s] creating /home/selqie/buoyancy/build/buoy_control/build/lib
[2.114s] creating /home/selqie/buoyancy/build/buoy_control/build/lib/buoy_control
[2.114s] copying buoy_control/button_control.py -> /home/selqie/buoyancy/build/buoy_control/build/lib/buoy_control
[2.114s] copying buoy_control/timer_control.py -> /home/selqie/buoyancy/build/buoy_control/build/lib/buoy_control
[2.114s] copying buoy_control/__init__.py -> /home/selqie/buoyancy/build/buoy_control/build/lib/buoy_control
[2.115s] running install
[2.125s] running install_lib
[2.150s] creating /home/selqie/buoyancy/install/buoy_control/lib/python3.12/site-packages/buoy_control
[2.150s] copying /home/selqie/buoyancy/build/buoy_control/build/lib/buoy_control/button_control.py -> /home/selqie/buoyancy/install/buoy_control/lib/python3.12/site-packages/buoy_control
[2.150s] copying /home/selqie/buoyancy/build/buoy_control/build/lib/buoy_control/timer_control.py -> /home/selqie/buoyancy/install/buoy_control/lib/python3.12/site-packages/buoy_control
[2.150s] copying /home/selqie/buoyancy/build/buoy_control/build/lib/buoy_control/__init__.py -> /home/selqie/buoyancy/install/buoy_control/lib/python3.12/site-packages/buoy_control
[2.151s] byte-compiling /home/selqie/buoyancy/install/buoy_control/lib/python3.12/site-packages/buoy_control/button_control.py to button_control.cpython-312.pyc
[2.153s] byte-compiling /home/selqie/buoyancy/install/buoy_control/lib/python3.12/site-packages/buoy_control/timer_control.py to timer_control.cpython-312.pyc
[2.156s] byte-compiling /home/selqie/buoyancy/install/buoy_control/lib/python3.12/site-packages/buoy_control/__init__.py to __init__.cpython-312.pyc
[2.156s] running install_data
[2.156s] creating /home/selqie/buoyancy/install/buoy_control/share/ament_index
[2.156s] creating /home/selqie/buoyancy/install/buoy_control/share/ament_index/resource_index
[2.157s] creating /home/selqie/buoyancy/install/buoy_control/share/ament_index/resource_index/packages
[2.157s] copying resource/buoy_control -> /home/selqie/buoyancy/install/buoy_control/share/ament_index/resource_index/packages
[2.157s] copying package.xml -> /home/selqie/buoyancy/install/buoy_control/share/buoy_control
[2.157s] creating /home/selqie/buoyancy/install/buoy_control/share/buoy_control/launch
[2.157s] copying launch/timer_control.launch.py -> /home/selqie/buoyancy/install/buoy_control/share/buoy_control/launch
[2.157s] copying launch/button_control.launch.py -> /home/selqie/buoyancy/install/buoy_control/share/buoy_control/launch
[2.157s] running install_egg_info
[2.184s] Copying ../build/buoy_control/buoy_control.egg-info to /home/selqie/buoyancy/install/buoy_control/lib/python3.12/site-packages/buoy_control-0.0.0-py3.12.egg-info
[2.185s] running install_scripts
[2.356s] Installing button_control_node script to /home/selqie/buoyancy/install/buoy_control/lib/buoy_control
[2.356s] Installing timer_control_node script to /home/selqie/buoyancy/install/buoy_control/lib/buoy_control
[2.356s] writing list of installed files to '/home/selqie/buoyancy/build/buoy_control/install.log'
[2.467s] Invoked command in '/home/selqie/buoyancy/buoy_control' returned '0': CMAKE_PREFIX_PATH=/home/selqie/buoyancy/install/motor_interfaces:/home/selqie/buoyancy/install/bno08x_driver:/home/selqie/buoyancy/install/sensing_bringup PYTHONPATH=/home/selqie/buoyancy/build/buoy_control/prefix_override:/usr/lib/python3/dist-packages/colcon_core/task/python/colcon_distutils_commands:/home/selqie/buoyancy/install/buoy_control/lib/python3.12/site-packages:/home/selqie/buoyancy/install/motor_interfaces/lib/python3.12/site-packages:/home/selqie/buoyancy/install/water_sensors/lib/python3.12/site-packages:/home/selqie/buoyancy/install/ms5837_bar_ros/lib/python3.12/site-packages:/home/selqie/buoyancy/install/led/lib/python3.12/site-packages:/home/selqie/buoyancy/install/battery/lib/python3.12/site-packages:/opt/ros/jazzy/lib/python3.12/site-packages /usr/bin/python3 -W ignore:setup.py install is deprecated -W ignore:easy_install command is deprecated setup.py egg_info --egg-base ../build/buoy_control build --build-base /home/selqie/buoyancy/build/buoy_control/build install --record /home/selqie/buoyancy/build/buoy_control/install.log --single-version-externally-managed install_data
