[2.688s] Invoking command in '/home/selqie/buoyancy/water_sensors': PYTHONPATH=/home/selqie/buoyancy/build/water_sensors/prefix_override:/usr/lib/python3/dist-packages/colcon_core/task/python/colcon_distutils_commands:/home/selqie/buoyancy/install/water_sensors/lib/python3.12/site-packages:${PYTHONPATH} /usr/bin/python3 -W ignore:setup.py install is deprecated -W ignore:easy_install command is deprecated setup.py egg_info --egg-base ../build/water_sensors build --build-base /home/selqie/buoyancy/build/water_sensors/build install --record /home/selqie/buoyancy/build/water_sensors/install.log --single-version-externally-managed install_data
[3.153s] running egg_info
[3.187s] writing ../build/water_sensors/water_sensors.egg-info/PKG-INFO
[3.188s] writing dependency_links to ../build/water_sensors/water_sensors.egg-info/dependency_links.txt
[3.189s] writing entry points to ../build/water_sensors/water_sensors.egg-info/entry_points.txt
[3.189s] writing requirements to ../build/water_sensors/water_sensors.egg-info/requires.txt
[3.190s] writing top-level names to ../build/water_sensors/water_sensors.egg-info/top_level.txt
[3.266s] reading manifest file '../build/water_sensors/water_sensors.egg-info/SOURCES.txt'
[3.268s] writing manifest file '../build/water_sensors/water_sensors.egg-info/SOURCES.txt'
[3.268s] running build
[3.268s] running build_py
[3.268s] running install
[3.280s] running install_lib
[3.309s] running install_data
[3.309s] running install_egg_info
[3.339s] removing '/home/selqie/buoyancy/install/water_sensors/lib/python3.12/site-packages/water_sensors-0.1.0-py3.12.egg-info' (and everything under it)
[3.340s] Copying ../build/water_sensors/water_sensors.egg-info to /home/selqie/buoyancy/install/water_sensors/lib/python3.12/site-packages/water_sensors-0.1.0-py3.12.egg-info
[3.343s] running install_scripts
[3.553s] Installing humidity_sensor_node script to /home/selqie/buoyancy/install/water_sensors/lib/water_sensors
[3.554s] Installing leak_sensor_node script to /home/selqie/buoyancy/install/water_sensors/lib/water_sensors
[3.555s] writing list of installed files to '/home/selqie/buoyancy/build/water_sensors/install.log'
[3.717s] Invoked command in '/home/selqie/buoyancy/water_sensors' returned '0': PYTHONPATH=/home/selqie/buoyancy/build/water_sensors/prefix_override:/usr/lib/python3/dist-packages/colcon_core/task/python/colcon_distutils_commands:/home/selqie/buoyancy/install/water_sensors/lib/python3.12/site-packages:${PYTHONPATH} /usr/bin/python3 -W ignore:setup.py install is deprecated -W ignore:easy_install command is deprecated setup.py egg_info --egg-base ../build/water_sensors build --build-base /home/selqie/buoyancy/build/water_sensors/build install --record /home/selqie/buoyancy/build/water_sensors/install.log --single-version-externally-managed install_data
