running egg_info
creating ../../build/ms5837_bar_ros/ms5837_bar_ros.egg-info
writing ../../build/ms5837_bar_ros/ms5837_bar_ros.egg-info/PKG-INFO
writing dependency_links to ../../build/ms5837_bar_ros/ms5837_bar_ros.egg-info/dependency_links.txt
writing entry points to ../../build/ms5837_bar_ros/ms5837_bar_ros.egg-info/entry_points.txt
writing requirements to ../../build/ms5837_bar_ros/ms5837_bar_ros.egg-info/requires.txt
writing top-level names to ../../build/ms5837_bar_ros/ms5837_bar_ros.egg-info/top_level.txt
writing manifest file '../../build/ms5837_bar_ros/ms5837_bar_ros.egg-info/SOURCES.txt'
reading manifest file '../../build/ms5837_bar_ros/ms5837_bar_ros.egg-info/SOURCES.txt'
adding license file 'LICENSE'
writing manifest file '../../build/ms5837_bar_ros/ms5837_bar_ros.egg-info/SOURCES.txt'
running build
running build_py
creating /home/selqie/buoyancy/build/ms5837_bar_ros/build
creating /home/selqie/buoyancy/build/ms5837_bar_ros/build/lib
creating /home/selqie/buoyancy/build/ms5837_bar_ros/build/lib/ms5837_bar_ros
copying ms5837_bar_ros/ms5837.py -> /home/selqie/buoyancy/build/ms5837_bar_ros/build/lib/ms5837_bar_ros
copying ms5837_bar_ros/bar30_component.py -> /home/selqie/buoyancy/build/ms5837_bar_ros/build/lib/ms5837_bar_ros
copying ms5837_bar_ros/__init__.py -> /home/selqie/buoyancy/build/ms5837_bar_ros/build/lib/ms5837_bar_ros
copying ms5837_bar_ros/bar02_component.py -> /home/selqie/buoyancy/build/ms5837_bar_ros/build/lib/ms5837_bar_ros
running install
running install_lib
creating /home/selqie/buoyancy/install/ms5837_bar_ros/lib/python3.12/site-packages/ms5837_bar_ros
copying /home/selqie/buoyancy/build/ms5837_bar_ros/build/lib/ms5837_bar_ros/ms5837.py -> /home/selqie/buoyancy/install/ms5837_bar_ros/lib/python3.12/site-packages/ms5837_bar_ros
copying /home/selqie/buoyancy/build/ms5837_bar_ros/build/lib/ms5837_bar_ros/bar30_component.py -> /home/selqie/buoyancy/install/ms5837_bar_ros/lib/python3.12/site-packages/ms5837_bar_ros
copying /home/selqie/buoyancy/build/ms5837_bar_ros/build/lib/ms5837_bar_ros/__init__.py -> /home/selqie/buoyancy/install/ms5837_bar_ros/lib/python3.12/site-packages/ms5837_bar_ros
copying /home/selqie/buoyancy/build/ms5837_bar_ros/build/lib/ms5837_bar_ros/bar02_component.py -> /home/selqie/buoyancy/install/ms5837_bar_ros/lib/python3.12/site-packages/ms5837_bar_ros
byte-compiling /home/selqie/buoyancy/install/ms5837_bar_ros/lib/python3.12/site-packages/ms5837_bar_ros/ms5837.py to ms5837.cpython-312.pyc
byte-compiling /home/selqie/buoyancy/install/ms5837_bar_ros/lib/python3.12/site-packages/ms5837_bar_ros/bar30_component.py to bar30_component.cpython-312.pyc
byte-compiling /home/selqie/buoyancy/install/ms5837_bar_ros/lib/python3.12/site-packages/ms5837_bar_ros/__init__.py to __init__.cpython-312.pyc
byte-compiling /home/selqie/buoyancy/install/ms5837_bar_ros/lib/python3.12/site-packages/ms5837_bar_ros/bar02_component.py to bar02_component.cpython-312.pyc
running install_data
creating /home/selqie/buoyancy/install/ms5837_bar_ros/share/ament_index
creating /home/selqie/buoyancy/install/ms5837_bar_ros/share/ament_index/resource_index
creating /home/selqie/buoyancy/install/ms5837_bar_ros/share/ament_index/resource_index/packages
copying resource/ms5837_bar_ros -> /home/selqie/buoyancy/install/ms5837_bar_ros/share/ament_index/resource_index/packages
copying package.xml -> /home/selqie/buoyancy/install/ms5837_bar_ros/share/ms5837_bar_ros
creating /home/selqie/buoyancy/install/ms5837_bar_ros/share/ms5837_bar_ros/launch
copying launch/bar30.launch.py -> /home/selqie/buoyancy/install/ms5837_bar_ros/share/ms5837_bar_ros/launch/
copying launch/bar02.launch.py -> /home/selqie/buoyancy/install/ms5837_bar_ros/share/ms5837_bar_ros/launch/
creating /home/selqie/buoyancy/install/ms5837_bar_ros/share/ms5837_bar_ros/rviz
copying rviz/bar30.rviz -> /home/selqie/buoyancy/install/ms5837_bar_ros/share/ms5837_bar_ros/rviz/
copying rviz/bar02.rviz -> /home/selqie/buoyancy/install/ms5837_bar_ros/share/ms5837_bar_ros/rviz/
running install_egg_info
Copying ../../build/ms5837_bar_ros/ms5837_bar_ros.egg-info to /home/selqie/buoyancy/install/ms5837_bar_ros/lib/python3.12/site-packages/ms5837_bar_ros-0.0.0-py3.12.egg-info
running install_scripts
Installing bar02_node script to /home/selqie/buoyancy/install/ms5837_bar_ros/lib/ms5837_bar_ros
Installing bar30_node script to /home/selqie/buoyancy/install/ms5837_bar_ros/lib/ms5837_bar_ros
writing list of installed files to '/home/selqie/buoyancy/build/ms5837_bar_ros/install.log'
