[5.297s] Invoking command in '/home/selqie/buoyancy/sensing/ms5837_bar_ros': PYTHONPATH=/home/selqie/buoyancy/build/ms5837_bar_ros/prefix_override:/usr/lib/python3/dist-packages/colcon_core/task/python/colcon_distutils_commands:/home/selqie/buoyancy/install/ms5837_bar_ros/lib/python3.12/site-packages:${PYTHONPATH} /usr/bin/python3 -W ignore:setup.py install is deprecated -W ignore:easy_install command is deprecated setup.py egg_info --egg-base ../../build/ms5837_bar_ros build --build-base /home/selqie/buoyancy/build/ms5837_bar_ros/build install --record /home/selqie/buoyancy/build/ms5837_bar_ros/install.log --single-version-externally-managed install_data
[6.138s] running egg_info
[6.140s] creating ../../build/ms5837_bar_ros/ms5837_bar_ros.egg-info
[6.195s] writing ../../build/ms5837_bar_ros/ms5837_bar_ros.egg-info/PKG-INFO
[6.197s] writing dependency_links to ../../build/ms5837_bar_ros/ms5837_bar_ros.egg-info/dependency_links.txt
[6.197s] writing entry points to ../../build/ms5837_bar_ros/ms5837_bar_ros.egg-info/entry_points.txt
[6.197s] writing requirements to ../../build/ms5837_bar_ros/ms5837_bar_ros.egg-info/requires.txt
[6.200s] writing top-level names to ../../build/ms5837_bar_ros/ms5837_bar_ros.egg-info/top_level.txt
[6.203s] writing manifest file '../../build/ms5837_bar_ros/ms5837_bar_ros.egg-info/SOURCES.txt'
[6.451s] reading manifest file '../../build/ms5837_bar_ros/ms5837_bar_ros.egg-info/SOURCES.txt'
[6.459s] adding license file 'LICENSE'
[6.459s] writing manifest file '../../build/ms5837_bar_ros/ms5837_bar_ros.egg-info/SOURCES.txt'
[6.464s] running build
[6.468s] running build_py
[6.475s] creating /home/selqie/buoyancy/build/ms5837_bar_ros/build
[6.475s] creating /home/selqie/buoyancy/build/ms5837_bar_ros/build/lib
[6.475s] creating /home/selqie/buoyancy/build/ms5837_bar_ros/build/lib/ms5837_bar_ros
[6.475s] copying ms5837_bar_ros/ms5837.py -> /home/selqie/buoyancy/build/ms5837_bar_ros/build/lib/ms5837_bar_ros
[6.477s] copying ms5837_bar_ros/bar30_component.py -> /home/selqie/buoyancy/build/ms5837_bar_ros/build/lib/ms5837_bar_ros
[6.477s] copying ms5837_bar_ros/__init__.py -> /home/selqie/buoyancy/build/ms5837_bar_ros/build/lib/ms5837_bar_ros
[6.477s] copying ms5837_bar_ros/bar02_component.py -> /home/selqie/buoyancy/build/ms5837_bar_ros/build/lib/ms5837_bar_ros
[6.495s] running install
[6.532s] running install_lib
[6.741s] creating /home/selqie/buoyancy/install/ms5837_bar_ros/lib/python3.12/site-packages/ms5837_bar_ros
[6.743s] copying /home/selqie/buoyancy/build/ms5837_bar_ros/build/lib/ms5837_bar_ros/ms5837.py -> /home/selqie/buoyancy/install/ms5837_bar_ros/lib/python3.12/site-packages/ms5837_bar_ros
[6.743s] copying /home/selqie/buoyancy/build/ms5837_bar_ros/build/lib/ms5837_bar_ros/bar30_component.py -> /home/selqie/buoyancy/install/ms5837_bar_ros/lib/python3.12/site-packages/ms5837_bar_ros
[6.743s] copying /home/selqie/buoyancy/build/ms5837_bar_ros/build/lib/ms5837_bar_ros/__init__.py -> /home/selqie/buoyancy/install/ms5837_bar_ros/lib/python3.12/site-packages/ms5837_bar_ros
[6.744s] copying /home/selqie/buoyancy/build/ms5837_bar_ros/build/lib/ms5837_bar_ros/bar02_component.py -> /home/selqie/buoyancy/install/ms5837_bar_ros/lib/python3.12/site-packages/ms5837_bar_ros
[6.749s] byte-compiling /home/selqie/buoyancy/install/ms5837_bar_ros/lib/python3.12/site-packages/ms5837_bar_ros/ms5837.py to ms5837.cpython-312.pyc
[6.759s] byte-compiling /home/selqie/buoyancy/install/ms5837_bar_ros/lib/python3.12/site-packages/ms5837_bar_ros/bar30_component.py to bar30_component.cpython-312.pyc
[6.762s] byte-compiling /home/selqie/buoyancy/install/ms5837_bar_ros/lib/python3.12/site-packages/ms5837_bar_ros/__init__.py to __init__.cpython-312.pyc
[6.771s] byte-compiling /home/selqie/buoyancy/install/ms5837_bar_ros/lib/python3.12/site-packages/ms5837_bar_ros/bar02_component.py to bar02_component.cpython-312.pyc
[6.776s] running install_data
[6.776s] creating /home/selqie/buoyancy/install/ms5837_bar_ros/share/ament_index
[6.777s] creating /home/selqie/buoyancy/install/ms5837_bar_ros/share/ament_index/resource_index
[6.777s] creating /home/selqie/buoyancy/install/ms5837_bar_ros/share/ament_index/resource_index/packages
[6.777s] copying resource/ms5837_bar_ros -> /home/selqie/buoyancy/install/ms5837_bar_ros/share/ament_index/resource_index/packages
[6.777s] copying package.xml -> /home/selqie/buoyancy/install/ms5837_bar_ros/share/ms5837_bar_ros
[6.777s] creating /home/selqie/buoyancy/install/ms5837_bar_ros/share/ms5837_bar_ros/launch
[6.781s] copying launch/bar30.launch.py -> /home/selqie/buoyancy/install/ms5837_bar_ros/share/ms5837_bar_ros/launch/
[6.781s] copying launch/bar02.launch.py -> /home/selqie/buoyancy/install/ms5837_bar_ros/share/ms5837_bar_ros/launch/
[6.785s] creating /home/selqie/buoyancy/install/ms5837_bar_ros/share/ms5837_bar_ros/rviz
[6.786s] copying rviz/bar30.rviz -> /home/selqie/buoyancy/install/ms5837_bar_ros/share/ms5837_bar_ros/rviz/
[6.789s] copying rviz/bar02.rviz -> /home/selqie/buoyancy/install/ms5837_bar_ros/share/ms5837_bar_ros/rviz/
[6.792s] running install_egg_info
[6.927s] Copying ../../build/ms5837_bar_ros/ms5837_bar_ros.egg-info to /home/selqie/buoyancy/install/ms5837_bar_ros/lib/python3.12/site-packages/ms5837_bar_ros-0.0.0-py3.12.egg-info
[6.939s] running install_scripts
[7.833s] Installing bar02_node script to /home/selqie/buoyancy/install/ms5837_bar_ros/lib/ms5837_bar_ros
[7.840s] Installing bar30_node script to /home/selqie/buoyancy/install/ms5837_bar_ros/lib/ms5837_bar_ros
[7.841s] writing list of installed files to '/home/selqie/buoyancy/build/ms5837_bar_ros/install.log'
[8.372s] Invoked command in '/home/selqie/buoyancy/sensing/ms5837_bar_ros' returned '0': PYTHONPATH=/home/selqie/buoyancy/build/ms5837_bar_ros/prefix_override:/usr/lib/python3/dist-packages/colcon_core/task/python/colcon_distutils_commands:/home/selqie/buoyancy/install/ms5837_bar_ros/lib/python3.12/site-packages:${PYTHONPATH} /usr/bin/python3 -W ignore:setup.py install is deprecated -W ignore:easy_install command is deprecated setup.py egg_info --egg-base ../../build/ms5837_bar_ros build --build-base /home/selqie/buoyancy/build/ms5837_bar_ros/build install --record /home/selqie/buoyancy/build/ms5837_bar_ros/install.log --single-version-externally-managed install_data
