[1.947s] Invoking command in '/home/selqie/buoyancy/sensing/ms5837_bar_ros': PYTHONPATH=/home/selqie/buoyancy/build/ms5837_bar_ros/prefix_override:/usr/lib/python3/dist-packages/colcon_core/task/python/colcon_distutils_commands:/home/selqie/buoyancy/install/ms5837_bar_ros/lib/python3.12/site-packages:${PYTHONPATH} /usr/bin/python3 -W ignore:setup.py install is deprecated -W ignore:easy_install command is deprecated setup.py egg_info --egg-base ../../build/ms5837_bar_ros build --build-base /home/selqie/buoyancy/build/ms5837_bar_ros/build install --record /home/selqie/buoyancy/build/ms5837_bar_ros/install.log --single-version-externally-managed install_data
[2.421s] running egg_info
[2.447s] writing ../../build/ms5837_bar_ros/ms5837_bar_ros.egg-info/PKG-INFO
[2.447s] writing dependency_links to ../../build/ms5837_bar_ros/ms5837_bar_ros.egg-info/dependency_links.txt
[2.449s] writing entry points to ../../build/ms5837_bar_ros/ms5837_bar_ros.egg-info/entry_points.txt
[2.453s] writing requirements to ../../build/ms5837_bar_ros/ms5837_bar_ros.egg-info/requires.txt
[2.458s] writing top-level names to ../../build/ms5837_bar_ros/ms5837_bar_ros.egg-info/top_level.txt
[2.538s] reading manifest file '../../build/ms5837_bar_ros/ms5837_bar_ros.egg-info/SOURCES.txt'
[2.538s] adding license file 'LICENSE'
[2.540s] writing manifest file '../../build/ms5837_bar_ros/ms5837_bar_ros.egg-info/SOURCES.txt'
[2.540s] running build
[2.540s] running build_py
[2.541s] running install
[2.558s] running install_lib
[2.596s] running install_data
[2.597s] running install_egg_info
[2.655s] removing '/home/selqie/buoyancy/install/ms5837_bar_ros/lib/python3.12/site-packages/ms5837_bar_ros-0.0.0-py3.12.egg-info' (and everything under it)
[2.655s] Copying ../../build/ms5837_bar_ros/ms5837_bar_ros.egg-info to /home/selqie/buoyancy/install/ms5837_bar_ros/lib/python3.12/site-packages/ms5837_bar_ros-0.0.0-py3.12.egg-info
[2.658s] running install_scripts
[2.980s] Installing bar02_node script to /home/selqie/buoyancy/install/ms5837_bar_ros/lib/ms5837_bar_ros
[2.980s] Installing bar30_node script to /home/selqie/buoyancy/install/ms5837_bar_ros/lib/ms5837_bar_ros
[2.983s] writing list of installed files to '/home/selqie/buoyancy/build/ms5837_bar_ros/install.log'
[3.264s] Invoked command in '/home/selqie/buoyancy/sensing/ms5837_bar_ros' returned '0': PYTHONPATH=/home/selqie/buoyancy/build/ms5837_bar_ros/prefix_override:/usr/lib/python3/dist-packages/colcon_core/task/python/colcon_distutils_commands:/home/selqie/buoyancy/install/ms5837_bar_ros/lib/python3.12/site-packages:${PYTHONPATH} /usr/bin/python3 -W ignore:setup.py install is deprecated -W ignore:easy_install command is deprecated setup.py egg_info --egg-base ../../build/ms5837_bar_ros build --build-base /home/selqie/buoyancy/build/ms5837_bar_ros/build install --record /home/selqie/buoyancy/build/ms5837_bar_ros/install.log --single-version-externally-managed install_data
