[0.028s] Invoking command in '/home/selqie/buoyancy/build/motor_interfaces': CMAKE_PREFIX_PATH=${CMAKE_PREFIX_PATH}:/home/selqie/buoyancy/install/servo:/home/selqie/buoyancy/install/ms5837_bar_ros:/home/selqie/buoyancy/install/buoy_control:/home/selqie/buoyancy/install/led:/home/selqie/buoyancy/install/leak_sensor:/home/selqie/buoyancy/install/battery:/opt/ros/jazzy /usr/bin/cmake /home/selqie/buoyancy/motor_interfaces -DCMAKE_INSTALL_PREFIX=/home/selqie/buoyancy/install/motor_interfaces
[0.490s] -- The C compiler identification is GNU 13.3.0
[0.966s] -- The CXX compiler identification is GNU 13.3.0
[1.016s] -- Detecting C compiler ABI info
[1.298s] -- Detecting C compiler ABI info - done
[1.316s] -- Check for working C compiler: /usr/bin/cc - skipped
[1.318s] -- Detecting C compile features
[1.318s] -- Detecting C compile features - done
[1.344s] -- Detecting CXX compiler ABI info
[1.645s] -- Detecting CXX compiler ABI info - done
[1.662s] -- Check for working CXX compiler: /usr/bin/c++ - skipped
[1.664s] -- Detecting CXX compile features
[1.664s] -- Detecting CXX compile features - done
[1.668s] -- Found ament_cmake: 2.5.4 (/opt/ros/jazzy/share/ament_cmake/cmake)
[2.157s] -- Found Python3: /usr/bin/python3 (found version "3.12.3") found components: Interpreter 
[2.571s] -- Found rosidl_default_generators: 1.6.0 (/opt/ros/jazzy/share/rosidl_default_generators/cmake)
[2.592s] -- Using all available rosidl_typesupport_c: rosidl_typesupport_fastrtps_c;rosidl_typesupport_introspection_c
[2.705s] -- Using all available rosidl_typesupport_cpp: rosidl_typesupport_fastrtps_cpp;rosidl_typesupport_introspection_cpp
[2.777s] -- Found rosidl_adapter: 4.6.6 (/opt/ros/jazzy/share/rosidl_adapter/cmake)
[4.271s] -- Found ament_cmake_ros: 0.12.0 (/opt/ros/jazzy/share/ament_cmake_ros/cmake)
[5.692s] -- Using all available rosidl_typesupport_c: rosidl_typesupport_fastrtps_c;rosidl_typesupport_introspection_c
[9.637s] -- Using all available rosidl_typesupport_cpp: rosidl_typesupport_fastrtps_cpp;rosidl_typesupport_introspection_cpp
[9.650s] -- Found python_cmake_module: 0.11.1 (/opt/ros/jazzy/share/python_cmake_module/cmake)
[10.547s] -- Found PythonExtra: /usr/bin/python3  
[13.781s] -- Found Python3: /usr/bin/python3 (found version "3.12.3") found components: Interpreter Development NumPy Development.Module Development.Embed 
[13.902s] -- Found ament_lint_auto: 0.17.3 (/opt/ros/jazzy/share/ament_lint_auto/cmake)
[14.016s] -- Added test 'lint_cmake' to check CMake code style
[14.025s] -- Added test 'xmllint' to check XML markup files
[14.040s] -- Configuring done (14.0s)
[14.232s] -- Generating done (0.2s)
[14.294s] -- Build files have been written to: /home/selqie/buoyancy/build/motor_interfaces
[14.364s] Invoked command in '/home/selqie/buoyancy/build/motor_interfaces' returned '0': CMAKE_PREFIX_PATH=${CMAKE_PREFIX_PATH}:/home/selqie/buoyancy/install/servo:/home/selqie/buoyancy/install/ms5837_bar_ros:/home/selqie/buoyancy/install/buoy_control:/home/selqie/buoyancy/install/led:/home/selqie/buoyancy/install/leak_sensor:/home/selqie/buoyancy/install/battery:/opt/ros/jazzy /usr/bin/cmake /home/selqie/buoyancy/motor_interfaces -DCMAKE_INSTALL_PREFIX=/home/selqie/buoyancy/install/motor_interfaces
[14.365s] Invoking command in '/home/selqie/buoyancy/build/motor_interfaces': CMAKE_PREFIX_PATH=${CMAKE_PREFIX_PATH}:/home/selqie/buoyancy/install/servo:/home/selqie/buoyancy/install/ms5837_bar_ros:/home/selqie/buoyancy/install/buoy_control:/home/selqie/buoyancy/install/led:/home/selqie/buoyancy/install/leak_sensor:/home/selqie/buoyancy/install/battery:/opt/ros/jazzy /usr/bin/cmake --build /home/selqie/buoyancy/build/motor_interfaces -- -j4 -l4
[14.689s] [  2%] [34m[1mGenerating type hashes for ROS interfaces[0m
[14.737s] [  2%] Built target ament_cmake_python_copy_motor_interfaces
[16.150s] running egg_info
[16.157s] creating motor_interfaces.egg-info
[16.169s] [  2%] Built target motor_interfaces__rosidl_generator_type_description
[16.250s] [  5%] [34m[1mGenerating C code for ROS interfaces[0m
[16.317s] [  8%] [34m[1mGenerating C++ code for ROS interfaces[0m
[16.341s] writing motor_interfaces.egg-info/PKG-INFO
[16.346s] writing dependency_links to motor_interfaces.egg-info/dependency_links.txt
[16.346s] writing top-level names to motor_interfaces.egg-info/top_level.txt
[16.347s] writing manifest file 'motor_interfaces.egg-info/SOURCES.txt'
[16.579s] reading manifest file 'motor_interfaces.egg-info/SOURCES.txt'
[16.580s] writing manifest file 'motor_interfaces.egg-info/SOURCES.txt'
[16.872s] [  8%] Built target ament_cmake_python_build_motor_interfaces_egg
[17.711s] [  8%] Built target motor_interfaces__cpp
[18.047s] [ 11%] [32mBuilding C object CMakeFiles/motor_interfaces__rosidl_generator_c.dir/rosidl_generator_c/motor_interfaces/msg/detail/motor_state__description.c.o[0m
[18.052s] [ 14%] [32mBuilding C object CMakeFiles/motor_interfaces__rosidl_generator_c.dir/rosidl_generator_c/motor_interfaces/msg/detail/motor_state__functions.c.o[0m
[18.053s] [ 17%] [32mBuilding C object CMakeFiles/motor_interfaces__rosidl_generator_c.dir/rosidl_generator_c/motor_interfaces/msg/detail/motor_state__type_support.c.o[0m
[18.252s] [ 20%] [32m[1mLinking C shared library libmotor_interfaces__rosidl_generator_c.so[0m
[18.393s] [ 20%] Built target motor_interfaces__rosidl_generator_c
[18.453s] [ 23%] [34m[1mGenerating C type support dispatch for ROS interfaces[0m
[18.453s] [ 26%] [34m[1mGenerating C++ type support dispatch for ROS interfaces[0m
[18.454s] [ 29%] [34m[1mGenerating C type support for eProsima Fast-RTPS[0m
[18.456s] [ 32%] [34m[1mGenerating C introspection for ROS interfaces[0m
[20.178s] [ 35%] [32mBuilding CXX object CMakeFiles/motor_interfaces__rosidl_typesupport_cpp.dir/rosidl_typesupport_cpp/motor_interfaces/msg/motor_state__type_support.cpp.o[0m
[20.210s] [ 38%] [32mBuilding CXX object CMakeFiles/motor_interfaces__rosidl_typesupport_c.dir/rosidl_typesupport_c/motor_interfaces/msg/motor_state__type_support.cpp.o[0m
[20.237s] [ 41%] [32mBuilding C object CMakeFiles/motor_interfaces__rosidl_typesupport_introspection_c.dir/rosidl_typesupport_introspection_c/motor_interfaces/msg/detail/motor_state__type_support.c.o[0m
[20.377s] [ 44%] [32mBuilding CXX object CMakeFiles/motor_interfaces__rosidl_typesupport_fastrtps_c.dir/rosidl_typesupport_fastrtps_c/motor_interfaces/msg/detail/motor_state__type_support_c.cpp.o[0m
[20.448s] [ 47%] [32m[1mLinking C shared library libmotor_interfaces__rosidl_typesupport_introspection_c.so[0m
[20.452s] [ 50%] [32m[1mLinking CXX shared library libmotor_interfaces__rosidl_typesupport_c.so[0m
[20.595s] [ 50%] Built target motor_interfaces__rosidl_typesupport_c
[20.621s] [ 50%] Built target motor_interfaces__rosidl_typesupport_introspection_c
[20.645s] [ 52%] [34m[1mGenerating C++ type support for eProsima Fast-RTPS[0m
[20.683s] [ 55%] [34m[1mGenerating C++ introspection for ROS interfaces[0m
[22.132s] [ 58%] [32mBuilding CXX object CMakeFiles/motor_interfaces__rosidl_typesupport_introspection_cpp.dir/rosidl_typesupport_introspection_cpp/motor_interfaces/msg/detail/motor_state__type_support.cpp.o[0m
[22.512s] [ 61%] [32m[1mLinking CXX shared library libmotor_interfaces__rosidl_typesupport_cpp.so[0m
[22.602s] [ 64%] [32mBuilding CXX object CMakeFiles/motor_interfaces__rosidl_typesupport_fastrtps_cpp.dir/rosidl_typesupport_fastrtps_cpp/motor_interfaces/msg/detail/dds_fastrtps/motor_state__type_support.cpp.o[0m
[22.753s] [ 64%] Built target motor_interfaces__rosidl_typesupport_cpp
[23.270s] [ 67%] [32m[1mLinking CXX shared library libmotor_interfaces__rosidl_typesupport_introspection_cpp.so[0m
[23.273s] [ 70%] [32m[1mLinking CXX shared library libmotor_interfaces__rosidl_typesupport_fastrtps_c.so[0m
[23.838s] [ 70%] Built target motor_interfaces__rosidl_typesupport_fastrtps_c
[23.905s] [ 70%] Built target motor_interfaces__rosidl_typesupport_introspection_cpp
[24.837s] [ 73%] [32m[1mLinking CXX shared library libmotor_interfaces__rosidl_typesupport_fastrtps_cpp.so[0m
[25.140s] [ 73%] Built target motor_interfaces__rosidl_typesupport_fastrtps_cpp
[25.190s] [ 73%] Built target motor_interfaces
[25.244s] [ 76%] [34m[1mGenerating Python code for ROS interfaces[0m
[26.289s] [ 76%] Built target motor_interfaces__py
[26.359s] [ 79%] [32mBuilding C object CMakeFiles/motor_interfaces__rosidl_generator_py.dir/rosidl_generator_py/motor_interfaces/msg/_motor_state_s.c.o[0m
[27.181s] [ 82%] [32m[1mLinking C shared library libmotor_interfaces__rosidl_generator_py.so[0m
[27.477s] [ 82%] Built target motor_interfaces__rosidl_generator_py
[27.589s] [ 85%] [32mBuilding C object CMakeFiles/motor_interfaces_s__rosidl_typesupport_introspection_c.dir/rosidl_generator_py/motor_interfaces/_motor_interfaces_s.ep.rosidl_typesupport_introspection_c.c.o[0m
[27.603s] [ 88%] [32mBuilding C object CMakeFiles/motor_interfaces_s__rosidl_typesupport_c.dir/rosidl_generator_py/motor_interfaces/_motor_interfaces_s.ep.rosidl_typesupport_c.c.o[0m
[27.606s] [ 91%] [32mBuilding C object CMakeFiles/motor_interfaces_s__rosidl_typesupport_fastrtps_c.dir/rosidl_generator_py/motor_interfaces/_motor_interfaces_s.ep.rosidl_typesupport_fastrtps_c.c.o[0m
[27.935s] [ 94%] [32m[1mLinking C shared module rosidl_generator_py/motor_interfaces/motor_interfaces_s__rosidl_typesupport_fastrtps_c.so[0m
[28.128s] [ 94%] Built target motor_interfaces_s__rosidl_typesupport_fastrtps_c
[28.144s] [ 97%] [32m[1mLinking C shared module rosidl_generator_py/motor_interfaces/motor_interfaces_s__rosidl_typesupport_c.so[0m
[28.150s] [100%] [32m[1mLinking C shared module rosidl_generator_py/motor_interfaces/motor_interfaces_s__rosidl_typesupport_introspection_c.so[0m
[28.277s] [100%] Built target motor_interfaces_s__rosidl_typesupport_c
[28.295s] [100%] Built target motor_interfaces_s__rosidl_typesupport_introspection_c
[28.360s] Invoked command in '/home/selqie/buoyancy/build/motor_interfaces' returned '0': CMAKE_PREFIX_PATH=${CMAKE_PREFIX_PATH}:/home/selqie/buoyancy/install/servo:/home/selqie/buoyancy/install/ms5837_bar_ros:/home/selqie/buoyancy/install/buoy_control:/home/selqie/buoyancy/install/led:/home/selqie/buoyancy/install/leak_sensor:/home/selqie/buoyancy/install/battery:/opt/ros/jazzy /usr/bin/cmake --build /home/selqie/buoyancy/build/motor_interfaces -- -j4 -l4
[28.368s] Invoking command in '/home/selqie/buoyancy/build/motor_interfaces': CMAKE_PREFIX_PATH=${CMAKE_PREFIX_PATH}:/home/selqie/buoyancy/install/servo:/home/selqie/buoyancy/install/ms5837_bar_ros:/home/selqie/buoyancy/install/buoy_control:/home/selqie/buoyancy/install/led:/home/selqie/buoyancy/install/leak_sensor:/home/selqie/buoyancy/install/battery:/opt/ros/jazzy /usr/bin/cmake --install /home/selqie/buoyancy/build/motor_interfaces
[28.418s] -- Install configuration: ""
[28.422s] -- Installing: /home/selqie/buoyancy/install/motor_interfaces/share/ament_index/resource_index/rosidl_interfaces/motor_interfaces
[28.422s] -- Installing: /home/selqie/buoyancy/install/motor_interfaces/share/motor_interfaces/msg/MotorState.json
[28.423s] -- Installing: /home/selqie/buoyancy/install/motor_interfaces/include/motor_interfaces/motor_interfaces
[28.423s] -- Installing: /home/selqie/buoyancy/install/motor_interfaces/include/motor_interfaces/motor_interfaces/msg
[28.423s] -- Installing: /home/selqie/buoyancy/install/motor_interfaces/include/motor_interfaces/motor_interfaces/msg/motor_state.h
[28.424s] -- Installing: /home/selqie/buoyancy/install/motor_interfaces/include/motor_interfaces/motor_interfaces/msg/detail
[28.424s] -- Installing: /home/selqie/buoyancy/install/motor_interfaces/include/motor_interfaces/motor_interfaces/msg/detail/motor_state__functions.c
[28.424s] -- Installing: /home/selqie/buoyancy/install/motor_interfaces/include/motor_interfaces/motor_interfaces/msg/detail/motor_state__type_support.c
[28.427s] -- Installing: /home/selqie/buoyancy/install/motor_interfaces/include/motor_interfaces/motor_interfaces/msg/detail/motor_state__description.c
[28.427s] -- Installing: /home/selqie/buoyancy/install/motor_interfaces/include/motor_interfaces/motor_interfaces/msg/detail/motor_state__struct.h
[28.428s] -- Installing: /home/selqie/buoyancy/install/motor_interfaces/include/motor_interfaces/motor_interfaces/msg/detail/motor_state__type_support.h
[28.428s] -- Installing: /home/selqie/buoyancy/install/motor_interfaces/include/motor_interfaces/motor_interfaces/msg/detail/motor_state__functions.h
[28.428s] -- Installing: /home/selqie/buoyancy/install/motor_interfaces/include/motor_interfaces/motor_interfaces/msg/rosidl_generator_c__visibility_control.h
[28.428s] -- Installing: /home/selqie/buoyancy/install/motor_interfaces/share/motor_interfaces/environment/library_path.sh
[28.428s] -- Installing: /home/selqie/buoyancy/install/motor_interfaces/share/motor_interfaces/environment/library_path.dsv
[28.430s] -- Installing: /home/selqie/buoyancy/install/motor_interfaces/lib/libmotor_interfaces__rosidl_generator_c.so
[28.431s] -- Set non-toolchain portion of runtime path of "/home/selqie/buoyancy/install/motor_interfaces/lib/libmotor_interfaces__rosidl_generator_c.so" to ""
[28.431s] -- Up-to-date: /home/selqie/buoyancy/install/motor_interfaces/include/motor_interfaces/motor_interfaces
[28.431s] -- Up-to-date: /home/selqie/buoyancy/install/motor_interfaces/include/motor_interfaces/motor_interfaces/msg
[28.431s] -- Installing: /home/selqie/buoyancy/install/motor_interfaces/include/motor_interfaces/motor_interfaces/msg/rosidl_typesupport_fastrtps_c__visibility_control.h
[28.432s] -- Up-to-date: /home/selqie/buoyancy/install/motor_interfaces/include/motor_interfaces/motor_interfaces/msg/detail
[28.434s] -- Installing: /home/selqie/buoyancy/install/motor_interfaces/include/motor_interfaces/motor_interfaces/msg/detail/motor_state__rosidl_typesupport_fastrtps_c.h
[28.435s] -- Installing: /home/selqie/buoyancy/install/motor_interfaces/lib/libmotor_interfaces__rosidl_typesupport_fastrtps_c.so
[28.436s] -- Set non-toolchain portion of runtime path of "/home/selqie/buoyancy/install/motor_interfaces/lib/libmotor_interfaces__rosidl_typesupport_fastrtps_c.so" to ""
[28.436s] -- Up-to-date: /home/selqie/buoyancy/install/motor_interfaces/include/motor_interfaces/motor_interfaces
[28.439s] -- Up-to-date: /home/selqie/buoyancy/install/motor_interfaces/include/motor_interfaces/motor_interfaces/msg
[28.439s] -- Up-to-date: /home/selqie/buoyancy/install/motor_interfaces/include/motor_interfaces/motor_interfaces/msg/detail
[28.439s] -- Installing: /home/selqie/buoyancy/install/motor_interfaces/include/motor_interfaces/motor_interfaces/msg/detail/motor_state__type_support.c
[28.440s] -- Installing: /home/selqie/buoyancy/install/motor_interfaces/include/motor_interfaces/motor_interfaces/msg/detail/motor_state__rosidl_typesupport_introspection_c.h
[28.440s] -- Installing: /home/selqie/buoyancy/install/motor_interfaces/include/motor_interfaces/motor_interfaces/msg/rosidl_typesupport_introspection_c__visibility_control.h
[28.440s] -- Installing: /home/selqie/buoyancy/install/motor_interfaces/lib/libmotor_interfaces__rosidl_typesupport_introspection_c.so
[28.441s] -- Set non-toolchain portion of runtime path of "/home/selqie/buoyancy/install/motor_interfaces/lib/libmotor_interfaces__rosidl_typesupport_introspection_c.so" to ""
[28.441s] -- Installing: /home/selqie/buoyancy/install/motor_interfaces/lib/libmotor_interfaces__rosidl_typesupport_c.so
[28.442s] -- Set non-toolchain portion of runtime path of "/home/selqie/buoyancy/install/motor_interfaces/lib/libmotor_interfaces__rosidl_typesupport_c.so" to ""
[28.444s] -- Up-to-date: /home/selqie/buoyancy/install/motor_interfaces/include/motor_interfaces/motor_interfaces
[28.445s] -- Up-to-date: /home/selqie/buoyancy/install/motor_interfaces/include/motor_interfaces/motor_interfaces/msg
[28.448s] -- Up-to-date: /home/selqie/buoyancy/install/motor_interfaces/include/motor_interfaces/motor_interfaces/msg/detail
[28.448s] -- Installing: /home/selqie/buoyancy/install/motor_interfaces/include/motor_interfaces/motor_interfaces/msg/detail/motor_state__traits.hpp
[28.448s] -- Installing: /home/selqie/buoyancy/install/motor_interfaces/include/motor_interfaces/motor_interfaces/msg/detail/motor_state__type_support.hpp
[28.448s] -- Installing: /home/selqie/buoyancy/install/motor_interfaces/include/motor_interfaces/motor_interfaces/msg/detail/motor_state__builder.hpp
[28.448s] -- Installing: /home/selqie/buoyancy/install/motor_interfaces/include/motor_interfaces/motor_interfaces/msg/detail/motor_state__struct.hpp
[28.449s] -- Installing: /home/selqie/buoyancy/install/motor_interfaces/include/motor_interfaces/motor_interfaces/msg/motor_state.hpp
[28.449s] -- Installing: /home/selqie/buoyancy/install/motor_interfaces/include/motor_interfaces/motor_interfaces/msg/rosidl_generator_cpp__visibility_control.hpp
[28.449s] -- Up-to-date: /home/selqie/buoyancy/install/motor_interfaces/include/motor_interfaces/motor_interfaces
[28.449s] -- Up-to-date: /home/selqie/buoyancy/install/motor_interfaces/include/motor_interfaces/motor_interfaces/msg
[28.449s] -- Up-to-date: /home/selqie/buoyancy/install/motor_interfaces/include/motor_interfaces/motor_interfaces/msg/detail
[28.449s] -- Installing: /home/selqie/buoyancy/install/motor_interfaces/include/motor_interfaces/motor_interfaces/msg/detail/motor_state__rosidl_typesupport_fastrtps_cpp.hpp
[28.450s] -- Installing: /home/selqie/buoyancy/install/motor_interfaces/include/motor_interfaces/motor_interfaces/msg/detail/dds_fastrtps
[28.450s] -- Installing: /home/selqie/buoyancy/install/motor_interfaces/include/motor_interfaces/motor_interfaces/msg/rosidl_typesupport_fastrtps_cpp__visibility_control.h
[28.451s] -- Installing: /home/selqie/buoyancy/install/motor_interfaces/lib/libmotor_interfaces__rosidl_typesupport_fastrtps_cpp.so
[28.451s] -- Set non-toolchain portion of runtime path of "/home/selqie/buoyancy/install/motor_interfaces/lib/libmotor_interfaces__rosidl_typesupport_fastrtps_cpp.so" to ""
[28.456s] -- Up-to-date: /home/selqie/buoyancy/install/motor_interfaces/include/motor_interfaces/motor_interfaces
[28.457s] -- Up-to-date: /home/selqie/buoyancy/install/motor_interfaces/include/motor_interfaces/motor_interfaces/msg
[28.457s] -- Up-to-date: /home/selqie/buoyancy/install/motor_interfaces/include/motor_interfaces/motor_interfaces/msg/detail
[28.457s] -- Installing: /home/selqie/buoyancy/install/motor_interfaces/include/motor_interfaces/motor_interfaces/msg/detail/motor_state__rosidl_typesupport_introspection_cpp.hpp
[28.458s] -- Installing: /home/selqie/buoyancy/install/motor_interfaces/include/motor_interfaces/motor_interfaces/msg/detail/motor_state__type_support.cpp
[28.458s] -- Installing: /home/selqie/buoyancy/install/motor_interfaces/lib/libmotor_interfaces__rosidl_typesupport_introspection_cpp.so
[28.461s] -- Set non-toolchain portion of runtime path of "/home/selqie/buoyancy/install/motor_interfaces/lib/libmotor_interfaces__rosidl_typesupport_introspection_cpp.so" to ""
[28.462s] -- Installing: /home/selqie/buoyancy/install/motor_interfaces/lib/libmotor_interfaces__rosidl_typesupport_cpp.so
[28.462s] -- Set non-toolchain portion of runtime path of "/home/selqie/buoyancy/install/motor_interfaces/lib/libmotor_interfaces__rosidl_typesupport_cpp.so" to ""
[28.462s] -- Installing: /home/selqie/buoyancy/install/motor_interfaces/share/motor_interfaces/environment/pythonpath.sh
[28.463s] -- Installing: /home/selqie/buoyancy/install/motor_interfaces/share/motor_interfaces/environment/pythonpath.dsv
[28.463s] -- Installing: /home/selqie/buoyancy/install/motor_interfaces/lib/python3.12/site-packages/motor_interfaces-0.0.0-py3.12.egg-info
[28.464s] -- Installing: /home/selqie/buoyancy/install/motor_interfaces/lib/python3.12/site-packages/motor_interfaces-0.0.0-py3.12.egg-info/dependency_links.txt
[28.464s] -- Installing: /home/selqie/buoyancy/install/motor_interfaces/lib/python3.12/site-packages/motor_interfaces-0.0.0-py3.12.egg-info/PKG-INFO
[28.464s] -- Installing: /home/selqie/buoyancy/install/motor_interfaces/lib/python3.12/site-packages/motor_interfaces-0.0.0-py3.12.egg-info/top_level.txt
[28.468s] -- Installing: /home/selqie/buoyancy/install/motor_interfaces/lib/python3.12/site-packages/motor_interfaces-0.0.0-py3.12.egg-info/SOURCES.txt
[28.471s] -- Installing: /home/selqie/buoyancy/install/motor_interfaces/lib/python3.12/site-packages/motor_interfaces
[28.471s] -- Installing: /home/selqie/buoyancy/install/motor_interfaces/lib/python3.12/site-packages/motor_interfaces/_motor_interfaces_s.ep.rosidl_typesupport_introspection_c.c
[28.471s] -- Installing: /home/selqie/buoyancy/install/motor_interfaces/lib/python3.12/site-packages/motor_interfaces/motor_interfaces_s__rosidl_typesupport_fastrtps_c.so
[28.472s] -- Installing: /home/selqie/buoyancy/install/motor_interfaces/lib/python3.12/site-packages/motor_interfaces/msg
[28.472s] -- Installing: /home/selqie/buoyancy/install/motor_interfaces/lib/python3.12/site-packages/motor_interfaces/msg/_motor_state.py
[28.472s] -- Installing: /home/selqie/buoyancy/install/motor_interfaces/lib/python3.12/site-packages/motor_interfaces/msg/_motor_state_s.c
[28.472s] -- Installing: /home/selqie/buoyancy/install/motor_interfaces/lib/python3.12/site-packages/motor_interfaces/msg/__init__.py
[28.473s] -- Installing: /home/selqie/buoyancy/install/motor_interfaces/lib/python3.12/site-packages/motor_interfaces/motor_interfaces_s__rosidl_typesupport_introspection_c.so
[28.474s] -- Installing: /home/selqie/buoyancy/install/motor_interfaces/lib/python3.12/site-packages/motor_interfaces/__init__.py
[28.474s] -- Installing: /home/selqie/buoyancy/install/motor_interfaces/lib/python3.12/site-packages/motor_interfaces/motor_interfaces_s__rosidl_typesupport_c.so
[28.474s] -- Installing: /home/selqie/buoyancy/install/motor_interfaces/lib/python3.12/site-packages/motor_interfaces/_motor_interfaces_s.ep.rosidl_typesupport_fastrtps_c.c
[28.474s] -- Installing: /home/selqie/buoyancy/install/motor_interfaces/lib/python3.12/site-packages/motor_interfaces/_motor_interfaces_s.ep.rosidl_typesupport_c.c
[28.729s] Listing '/home/selqie/buoyancy/install/motor_interfaces/lib/python3.12/site-packages/motor_interfaces'...
[28.730s] Compiling '/home/selqie/buoyancy/install/motor_interfaces/lib/python3.12/site-packages/motor_interfaces/__init__.py'...
[28.730s] Listing '/home/selqie/buoyancy/install/motor_interfaces/lib/python3.12/site-packages/motor_interfaces/msg'...
[28.730s] Compiling '/home/selqie/buoyancy/install/motor_interfaces/lib/python3.12/site-packages/motor_interfaces/msg/__init__.py'...
[28.731s] Compiling '/home/selqie/buoyancy/install/motor_interfaces/lib/python3.12/site-packages/motor_interfaces/msg/_motor_state.py'...
[28.765s] -- Installing: /home/selqie/buoyancy/install/motor_interfaces/lib/python3.12/site-packages/motor_interfaces/motor_interfaces_s__rosidl_typesupport_fastrtps_c.so
[28.765s] -- Set non-toolchain portion of runtime path of "/home/selqie/buoyancy/install/motor_interfaces/lib/python3.12/site-packages/motor_interfaces/motor_interfaces_s__rosidl_typesupport_fastrtps_c.so" to ""
[28.765s] -- Installing: /home/selqie/buoyancy/install/motor_interfaces/lib/python3.12/site-packages/motor_interfaces/motor_interfaces_s__rosidl_typesupport_introspection_c.so
[28.766s] -- Set non-toolchain portion of runtime path of "/home/selqie/buoyancy/install/motor_interfaces/lib/python3.12/site-packages/motor_interfaces/motor_interfaces_s__rosidl_typesupport_introspection_c.so" to ""
[28.766s] -- Installing: /home/selqie/buoyancy/install/motor_interfaces/lib/python3.12/site-packages/motor_interfaces/motor_interfaces_s__rosidl_typesupport_c.so
[28.767s] -- Set non-toolchain portion of runtime path of "/home/selqie/buoyancy/install/motor_interfaces/lib/python3.12/site-packages/motor_interfaces/motor_interfaces_s__rosidl_typesupport_c.so" to ""
[28.767s] -- Installing: /home/selqie/buoyancy/install/motor_interfaces/lib/libmotor_interfaces__rosidl_generator_py.so
[28.768s] -- Set non-toolchain portion of runtime path of "/home/selqie/buoyancy/install/motor_interfaces/lib/libmotor_interfaces__rosidl_generator_py.so" to ""
[28.768s] -- Installing: /home/selqie/buoyancy/install/motor_interfaces/share/motor_interfaces/msg/MotorState.idl
[28.768s] -- Installing: /home/selqie/buoyancy/install/motor_interfaces/share/motor_interfaces/msg/MotorState.msg
[28.769s] -- Installing: /home/selqie/buoyancy/install/motor_interfaces/share/ament_index/resource_index/package_run_dependencies/motor_interfaces
[28.769s] -- Installing: /home/selqie/buoyancy/install/motor_interfaces/share/ament_index/resource_index/parent_prefix_path/motor_interfaces
[28.770s] -- Installing: /home/selqie/buoyancy/install/motor_interfaces/share/motor_interfaces/environment/ament_prefix_path.sh
[28.770s] -- Installing: /home/selqie/buoyancy/install/motor_interfaces/share/motor_interfaces/environment/ament_prefix_path.dsv
[28.770s] -- Installing: /home/selqie/buoyancy/install/motor_interfaces/share/motor_interfaces/environment/path.sh
[28.772s] -- Installing: /home/selqie/buoyancy/install/motor_interfaces/share/motor_interfaces/environment/path.dsv
[28.773s] -- Installing: /home/selqie/buoyancy/install/motor_interfaces/share/motor_interfaces/local_setup.bash
[28.774s] -- Installing: /home/selqie/buoyancy/install/motor_interfaces/share/motor_interfaces/local_setup.sh
[28.775s] -- Installing: /home/selqie/buoyancy/install/motor_interfaces/share/motor_interfaces/local_setup.zsh
[28.776s] -- Installing: /home/selqie/buoyancy/install/motor_interfaces/share/motor_interfaces/local_setup.dsv
[28.777s] -- Installing: /home/selqie/buoyancy/install/motor_interfaces/share/motor_interfaces/package.dsv
[28.778s] -- Installing: /home/selqie/buoyancy/install/motor_interfaces/share/ament_index/resource_index/packages/motor_interfaces
[28.779s] -- Installing: /home/selqie/buoyancy/install/motor_interfaces/share/motor_interfaces/cmake/export_motor_interfaces__rosidl_generator_cExport.cmake
[28.780s] -- Installing: /home/selqie/buoyancy/install/motor_interfaces/share/motor_interfaces/cmake/export_motor_interfaces__rosidl_generator_cExport-noconfig.cmake
[28.781s] -- Installing: /home/selqie/buoyancy/install/motor_interfaces/share/motor_interfaces/cmake/export_motor_interfaces__rosidl_typesupport_fastrtps_cExport.cmake
[28.781s] -- Installing: /home/selqie/buoyancy/install/motor_interfaces/share/motor_interfaces/cmake/export_motor_interfaces__rosidl_typesupport_fastrtps_cExport-noconfig.cmake
[28.785s] -- Installing: /home/selqie/buoyancy/install/motor_interfaces/share/motor_interfaces/cmake/motor_interfaces__rosidl_typesupport_introspection_cExport.cmake
[28.785s] -- Installing: /home/selqie/buoyancy/install/motor_interfaces/share/motor_interfaces/cmake/motor_interfaces__rosidl_typesupport_introspection_cExport-noconfig.cmake
[28.785s] -- Installing: /home/selqie/buoyancy/install/motor_interfaces/share/motor_interfaces/cmake/motor_interfaces__rosidl_typesupport_cExport.cmake
[28.786s] -- Installing: /home/selqie/buoyancy/install/motor_interfaces/share/motor_interfaces/cmake/motor_interfaces__rosidl_typesupport_cExport-noconfig.cmake
[28.786s] -- Installing: /home/selqie/buoyancy/install/motor_interfaces/share/motor_interfaces/cmake/export_motor_interfaces__rosidl_generator_cppExport.cmake
[28.786s] -- Installing: /home/selqie/buoyancy/install/motor_interfaces/share/motor_interfaces/cmake/export_motor_interfaces__rosidl_typesupport_fastrtps_cppExport.cmake
[28.786s] -- Installing: /home/selqie/buoyancy/install/motor_interfaces/share/motor_interfaces/cmake/export_motor_interfaces__rosidl_typesupport_fastrtps_cppExport-noconfig.cmake
[28.786s] -- Installing: /home/selqie/buoyancy/install/motor_interfaces/share/motor_interfaces/cmake/motor_interfaces__rosidl_typesupport_introspection_cppExport.cmake
[28.786s] -- Installing: /home/selqie/buoyancy/install/motor_interfaces/share/motor_interfaces/cmake/motor_interfaces__rosidl_typesupport_introspection_cppExport-noconfig.cmake
[28.786s] -- Installing: /home/selqie/buoyancy/install/motor_interfaces/share/motor_interfaces/cmake/motor_interfaces__rosidl_typesupport_cppExport.cmake
[28.787s] -- Installing: /home/selqie/buoyancy/install/motor_interfaces/share/motor_interfaces/cmake/motor_interfaces__rosidl_typesupport_cppExport-noconfig.cmake
[28.787s] -- Installing: /home/selqie/buoyancy/install/motor_interfaces/share/motor_interfaces/cmake/export_motor_interfaces__rosidl_generator_pyExport.cmake
[28.787s] -- Installing: /home/selqie/buoyancy/install/motor_interfaces/share/motor_interfaces/cmake/export_motor_interfaces__rosidl_generator_pyExport-noconfig.cmake
[28.787s] -- Installing: /home/selqie/buoyancy/install/motor_interfaces/share/motor_interfaces/cmake/rosidl_cmake-extras.cmake
[28.787s] -- Installing: /home/selqie/buoyancy/install/motor_interfaces/share/motor_interfaces/cmake/ament_cmake_export_include_directories-extras.cmake
[28.791s] -- Installing: /home/selqie/buoyancy/install/motor_interfaces/share/motor_interfaces/cmake/ament_cmake_export_libraries-extras.cmake
[28.795s] -- Installing: /home/selqie/buoyancy/install/motor_interfaces/share/motor_interfaces/cmake/ament_cmake_export_targets-extras.cmake
[28.795s] -- Installing: /home/selqie/buoyancy/install/motor_interfaces/share/motor_interfaces/cmake/rosidl_cmake_export_typesupport_targets-extras.cmake
[28.795s] -- Installing: /home/selqie/buoyancy/install/motor_interfaces/share/motor_interfaces/cmake/ament_cmake_export_dependencies-extras.cmake
[28.795s] -- Installing: /home/selqie/buoyancy/install/motor_interfaces/share/motor_interfaces/cmake/rosidl_cmake_export_typesupport_libraries-extras.cmake
[28.796s] -- Installing: /home/selqie/buoyancy/install/motor_interfaces/share/motor_interfaces/cmake/motor_interfacesConfig.cmake
[28.796s] -- Installing: /home/selqie/buoyancy/install/motor_interfaces/share/motor_interfaces/cmake/motor_interfacesConfig-version.cmake
[28.796s] -- Installing: /home/selqie/buoyancy/install/motor_interfaces/share/motor_interfaces/package.xml
[28.796s] Invoked command in '/home/selqie/buoyancy/build/motor_interfaces' returned '0': CMAKE_PREFIX_PATH=${CMAKE_PREFIX_PATH}:/home/selqie/buoyancy/install/servo:/home/selqie/buoyancy/install/ms5837_bar_ros:/home/selqie/buoyancy/install/buoy_control:/home/selqie/buoyancy/install/led:/home/selqie/buoyancy/install/leak_sensor:/home/selqie/buoyancy/install/battery:/opt/ros/jazzy /usr/bin/cmake --install /home/selqie/buoyancy/build/motor_interfaces
