[2.638s] Invoking command in '/home/selqie/buoyancy/battery': PYTHONPATH=/home/selqie/buoyancy/build/battery/prefix_override:/usr/lib/python3/dist-packages/colcon_core/task/python/colcon_distutils_commands:/home/selqie/buoyancy/install/battery/lib/python3.12/site-packages:${PYTHONPATH} /usr/bin/python3 -W ignore:setup.py install is deprecated -W ignore:easy_install command is deprecated setup.py egg_info --egg-base ../build/battery build --build-base /home/selqie/buoyancy/build/battery/build install --record /home/selqie/buoyancy/build/battery/install.log --single-version-externally-managed install_data
[3.131s] running egg_info
[3.161s] writing ../build/battery/battery.egg-info/PKG-INFO
[3.164s] writing dependency_links to ../build/battery/battery.egg-info/dependency_links.txt
[3.165s] writing entry points to ../build/battery/battery.egg-info/entry_points.txt
[3.165s] writing requirements to ../build/battery/battery.egg-info/requires.txt
[3.167s] writing top-level names to ../build/battery/battery.egg-info/top_level.txt
[3.232s] reading manifest file '../build/battery/battery.egg-info/SOURCES.txt'
[3.234s] writing manifest file '../build/battery/battery.egg-info/SOURCES.txt'
[3.234s] running build
[3.234s] running build_py
[3.236s] running install
[3.250s] running install_lib
[3.279s] running install_data
[3.280s] running install_egg_info
[3.313s] removing '/home/selqie/buoyancy/install/battery/lib/python3.12/site-packages/battery-0.0.0-py3.12.egg-info' (and everything under it)
[3.314s] Copying ../build/battery/battery.egg-info to /home/selqie/buoyancy/install/battery/lib/python3.12/site-packages/battery-0.0.0-py3.12.egg-info
[3.315s] running install_scripts
[3.711s] Installing tinybms_voltage_uart script to /home/selqie/buoyancy/install/battery/lib/battery
[3.716s] writing list of installed files to '/home/selqie/buoyancy/build/battery/install.log'
[3.996s] Invoked command in '/home/selqie/buoyancy/battery' returned '0': PYTHONPATH=/home/selqie/buoyancy/build/battery/prefix_override:/usr/lib/python3/dist-packages/colcon_core/task/python/colcon_distutils_commands:/home/selqie/buoyancy/install/battery/lib/python3.12/site-packages:${PYTHONPATH} /usr/bin/python3 -W ignore:setup.py install is deprecated -W ignore:easy_install command is deprecated setup.py egg_info --egg-base ../build/battery build --build-base /home/selqie/buoyancy/build/battery/build install --record /home/selqie/buoyancy/build/battery/install.log --single-version-externally-managed install_data
