[1.731s] Invoking command in '/home/selqie/buoyancy/buoy_control': PYTHONPATH=/home/selqie/buoyancy/build/buoy_control/prefix_override:/usr/lib/python3/dist-packages/colcon_core/task/python/colcon_distutils_commands:/home/selqie/buoyancy/install/buoy_control/lib/python3.12/site-packages:/home/selqie/buoyancy/install/motor_interfaces/lib/python3.12/site-packages:/home/selqie/buoyancy/install/servo/lib/python3.12/site-packages:/home/selqie/buoyancy/install/buoy_control/lib/python3.12/site-packages:/home/selqie/buoyancy/install/battery/lib/python3.12/site-packages:/opt/ros/jazzy/lib/python3.12/site-packages /usr/bin/python3 -W ignore:setup.py install is deprecated -W ignore:easy_install command is deprecated setup.py egg_info --egg-base ../build/buoy_control build --build-base /home/selqie/buoyancy/build/buoy_control/build install --record /home/selqie/buoyancy/build/buoy_control/install.log --single-version-externally-managed install_data
[2.082s] running egg_info
[2.103s] writing ../build/buoy_control/buoy_control.egg-info/PKG-INFO
[2.103s] writing dependency_links to ../build/buoy_control/buoy_control.egg-info/dependency_links.txt
[2.105s] writing entry points to ../build/buoy_control/buoy_control.egg-info/entry_points.txt
[2.106s] writing requirements to ../build/buoy_control/buoy_control.egg-info/requires.txt
[2.107s] writing top-level names to ../build/buoy_control/buoy_control.egg-info/top_level.txt
[2.152s] reading manifest file '../build/buoy_control/buoy_control.egg-info/SOURCES.txt'
[2.152s] adding license file 'LICENSE'
[2.153s] writing manifest file '../build/buoy_control/buoy_control.egg-info/SOURCES.txt'
[2.153s] running build
[2.153s] running build_py
[2.154s] running install
[2.163s] running install_lib
[2.185s] running install_data
[2.186s] running install_egg_info
[2.210s] removing '/home/selqie/buoyancy/install/buoy_control/lib/python3.12/site-packages/buoy_control-0.0.0-py3.12.egg-info' (and everything under it)
[2.210s] Copying ../build/buoy_control/buoy_control.egg-info to /home/selqie/buoyancy/install/buoy_control/lib/python3.12/site-packages/buoy_control-0.0.0-py3.12.egg-info
[2.211s] running install_scripts
[2.369s] Installing button_control_node script to /home/selqie/buoyancy/install/buoy_control/lib/buoy_control
[2.370s] writing list of installed files to '/home/selqie/buoyancy/build/buoy_control/install.log'
[2.525s] Invoked command in '/home/selqie/buoyancy/buoy_control' returned '0': PYTHONPATH=/home/selqie/buoyancy/build/buoy_control/prefix_override:/usr/lib/python3/dist-packages/colcon_core/task/python/colcon_distutils_commands:/home/selqie/buoyancy/install/buoy_control/lib/python3.12/site-packages:/home/selqie/buoyancy/install/motor_interfaces/lib/python3.12/site-packages:/home/selqie/buoyancy/install/servo/lib/python3.12/site-packages:/home/selqie/buoyancy/install/buoy_control/lib/python3.12/site-packages:/home/selqie/buoyancy/install/battery/lib/python3.12/site-packages:/opt/ros/jazzy/lib/python3.12/site-packages /usr/bin/python3 -W ignore:setup.py install is deprecated -W ignore:easy_install command is deprecated setup.py egg_info --egg-base ../build/buoy_control build --build-base /home/selqie/buoyancy/build/buoy_control/build install --record /home/selqie/buoyancy/build/buoy_control/install.log --single-version-externally-managed install_data
