[1.417s] Invoking command in '/home/selqie/buoyancy/buoy_control': PYTHONPATH=/home/selqie/buoyancy/build/buoy_control/prefix_override:/usr/lib/python3/dist-packages/colcon_core/task/python/colcon_distutils_commands:/home/selqie/buoyancy/install/buoy_control/lib/python3.12/site-packages:/home/selqie/buoyancy/install/motor_interfaces/lib/python3.12/site-packages:/home/selqie/buoyancy/install/servo/lib/python3.12/site-packages:/home/selqie/buoyancy/install/buoy_control/lib/python3.12/site-packages:/home/selqie/buoyancy/install/battery/lib/python3.12/site-packages:/opt/ros/jazzy/lib/python3.12/site-packages /usr/bin/python3 -W ignore:setup.py install is deprecated -W ignore:easy_install command is deprecated setup.py egg_info --egg-base ../build/buoy_control build --build-base /home/selqie/buoyancy/build/buoy_control/build install --record /home/selqie/buoyancy/build/buoy_control/install.log --single-version-externally-managed install_data
[1.749s] running egg_info
[1.749s] creating ../build/buoy_control/buoy_control.egg-info
[1.769s] writing ../build/buoy_control/buoy_control.egg-info/PKG-INFO
[1.770s] writing dependency_links to ../build/buoy_control/buoy_control.egg-info/dependency_links.txt
[1.770s] writing entry points to ../build/buoy_control/buoy_control.egg-info/entry_points.txt
[1.770s] writing requirements to ../build/buoy_control/buoy_control.egg-info/requires.txt
[1.770s] writing top-level names to ../build/buoy_control/buoy_control.egg-info/top_level.txt
[1.770s] writing manifest file '../build/buoy_control/buoy_control.egg-info/SOURCES.txt'
[1.813s] reading manifest file '../build/buoy_control/buoy_control.egg-info/SOURCES.txt'
[1.813s] adding license file 'LICENSE'
[1.814s] writing manifest file '../build/buoy_control/buoy_control.egg-info/SOURCES.txt'
[1.814s] running build
[1.814s] running build_py
[1.815s] creating /home/selqie/buoyancy/build/buoy_control/build
[1.815s] creating /home/selqie/buoyancy/build/buoy_control/build/lib
[1.815s] creating /home/selqie/buoyancy/build/buoy_control/build/lib/buoy_control
[1.815s] copying buoy_control/button_control.py -> /home/selqie/buoyancy/build/buoy_control/build/lib/buoy_control
[1.815s] copying buoy_control/__init__.py -> /home/selqie/buoyancy/build/buoy_control/build/lib/buoy_control
[1.816s] running install
[1.825s] running install_lib
[1.846s] creating /home/selqie/buoyancy/install/buoy_control/lib/python3.12/site-packages/buoy_control
[1.846s] copying /home/selqie/buoyancy/build/buoy_control/build/lib/buoy_control/button_control.py -> /home/selqie/buoyancy/install/buoy_control/lib/python3.12/site-packages/buoy_control
[1.847s] copying /home/selqie/buoyancy/build/buoy_control/build/lib/buoy_control/__init__.py -> /home/selqie/buoyancy/install/buoy_control/lib/python3.12/site-packages/buoy_control
[1.847s] byte-compiling /home/selqie/buoyancy/install/buoy_control/lib/python3.12/site-packages/buoy_control/button_control.py to button_control.cpython-312.pyc
[1.849s] byte-compiling /home/selqie/buoyancy/install/buoy_control/lib/python3.12/site-packages/buoy_control/__init__.py to __init__.cpython-312.pyc
[1.849s] running install_data
[1.849s] creating /home/selqie/buoyancy/install/buoy_control/share/ament_index
[1.849s] creating /home/selqie/buoyancy/install/buoy_control/share/ament_index/resource_index
[1.849s] creating /home/selqie/buoyancy/install/buoy_control/share/ament_index/resource_index/packages
[1.850s] copying resource/buoy_control -> /home/selqie/buoyancy/install/buoy_control/share/ament_index/resource_index/packages
[1.850s] copying package.xml -> /home/selqie/buoyancy/install/buoy_control/share/buoy_control
[1.850s] running install_egg_info
[1.873s] Copying ../build/buoy_control/buoy_control.egg-info to /home/selqie/buoyancy/install/buoy_control/lib/python3.12/site-packages/buoy_control-0.0.0-py3.12.egg-info
[1.875s] running install_scripts
[2.032s] Installing button_control_node script to /home/selqie/buoyancy/install/buoy_control/lib/buoy_control
[2.033s] writing list of installed files to '/home/selqie/buoyancy/build/buoy_control/install.log'
[2.149s] Invoked command in '/home/selqie/buoyancy/buoy_control' returned '0': PYTHONPATH=/home/selqie/buoyancy/build/buoy_control/prefix_override:/usr/lib/python3/dist-packages/colcon_core/task/python/colcon_distutils_commands:/home/selqie/buoyancy/install/buoy_control/lib/python3.12/site-packages:/home/selqie/buoyancy/install/motor_interfaces/lib/python3.12/site-packages:/home/selqie/buoyancy/install/servo/lib/python3.12/site-packages:/home/selqie/buoyancy/install/buoy_control/lib/python3.12/site-packages:/home/selqie/buoyancy/install/battery/lib/python3.12/site-packages:/opt/ros/jazzy/lib/python3.12/site-packages /usr/bin/python3 -W ignore:setup.py install is deprecated -W ignore:easy_install command is deprecated setup.py egg_info --egg-base ../build/buoy_control build --build-base /home/selqie/buoyancy/build/buoy_control/build install --record /home/selqie/buoyancy/build/buoy_control/install.log --single-version-externally-managed install_data
