running egg_info
writing ../build/buoy_control/buoy_control.egg-info/PKG-INFO
writing dependency_links to ../build/buoy_control/buoy_control.egg-info/dependency_links.txt
writing entry points to ../build/buoy_control/buoy_control.egg-info/entry_points.txt
writing requirements to ../build/buoy_control/buoy_control.egg-info/requires.txt
writing top-level names to ../build/buoy_control/buoy_control.egg-info/top_level.txt
reading manifest file '../build/buoy_control/buoy_control.egg-info/SOURCES.txt'
adding license file 'LICENSE'
writing manifest file '../build/buoy_control/buoy_control.egg-info/SOURCES.txt'
running build
running build_py
copying buoy_control/button_control.py -> /home/selqie/buoyancy/build/buoy_control/build/lib/buoy_control
running install
running install_lib
copying /home/selqie/buoyancy/build/buoy_control/build/lib/buoy_control/button_control.py -> /home/selqie/buoyancy/install/buoy_control/lib/python3.12/site-packages/buoy_control
byte-compiling /home/selqie/buoyancy/install/buoy_control/lib/python3.12/site-packages/buoy_control/button_control.py to button_control.cpython-312.pyc
running install_data
running install_egg_info
removing '/home/selqie/buoyancy/install/buoy_control/lib/python3.12/site-packages/buoy_control-0.0.0-py3.12.egg-info' (and everything under it)
Copying ../build/buoy_control/buoy_control.egg-info to /home/selqie/buoyancy/install/buoy_control/lib/python3.12/site-packages/buoy_control-0.0.0-py3.12.egg-info
running install_scripts
Installing button_control_node script to /home/selqie/buoyancy/install/buoy_control/lib/buoy_control
writing list of installed files to '/home/selqie/buoyancy/build/buoy_control/install.log'
