running egg_info
creating ../build/leak_sensor/leak_sensor.egg-info
writing ../build/leak_sensor/leak_sensor.egg-info/PKG-INFO
writing dependency_links to ../build/leak_sensor/leak_sensor.egg-info/dependency_links.txt
writing entry points to ../build/leak_sensor/leak_sensor.egg-info/entry_points.txt
writing requirements to ../build/leak_sensor/leak_sensor.egg-info/requires.txt
writing top-level names to ../build/leak_sensor/leak_sensor.egg-info/top_level.txt
writing manifest file '../build/leak_sensor/leak_sensor.egg-info/SOURCES.txt'
reading manifest file '../build/leak_sensor/leak_sensor.egg-info/SOURCES.txt'
writing manifest file '../build/leak_sensor/leak_sensor.egg-info/SOURCES.txt'
running build
running build_py
creating /home/selqie/buoyancy/build/leak_sensor/build
creating /home/selqie/buoyancy/build/leak_sensor/build/lib
creating /home/selqie/buoyancy/build/leak_sensor/build/lib/leak_sensor
copying leak_sensor/leak_sensor_node.py -> /home/selqie/buoyancy/build/leak_sensor/build/lib/leak_sensor
copying leak_sensor/__init__.py -> /home/selqie/buoyancy/build/leak_sensor/build/lib/leak_sensor
running install
running install_lib
creating /home/selqie/buoyancy/install/leak_sensor/lib/python3.12/site-packages/leak_sensor
copying /home/selqie/buoyancy/build/leak_sensor/build/lib/leak_sensor/leak_sensor_node.py -> /home/selqie/buoyancy/install/leak_sensor/lib/python3.12/site-packages/leak_sensor
copying /home/selqie/buoyancy/build/leak_sensor/build/lib/leak_sensor/__init__.py -> /home/selqie/buoyancy/install/leak_sensor/lib/python3.12/site-packages/leak_sensor
byte-compiling /home/selqie/buoyancy/install/leak_sensor/lib/python3.12/site-packages/leak_sensor/leak_sensor_node.py to leak_sensor_node.cpython-312.pyc
byte-compiling /home/selqie/buoyancy/install/leak_sensor/lib/python3.12/site-packages/leak_sensor/__init__.py to __init__.cpython-312.pyc
running install_data
creating /home/selqie/buoyancy/install/leak_sensor/share/ament_index
creating /home/selqie/buoyancy/install/leak_sensor/share/ament_index/resource_index
creating /home/selqie/buoyancy/install/leak_sensor/share/ament_index/resource_index/packages
copying resource/leak_sensor -> /home/selqie/buoyancy/install/leak_sensor/share/ament_index/resource_index/packages
copying package.xml -> /home/selqie/buoyancy/install/leak_sensor/share/leak_sensor
creating /home/selqie/buoyancy/install/leak_sensor/share/leak_sensor/launch
copying launch/leak_sensor.launch.py -> /home/selqie/buoyancy/install/leak_sensor/share/leak_sensor/launch
running install_egg_info
Copying ../build/leak_sensor/leak_sensor.egg-info to /home/selqie/buoyancy/install/leak_sensor/lib/python3.12/site-packages/leak_sensor-0.1.0-py3.12.egg-info
running install_scripts
Installing leak_sensor_node script to /home/selqie/buoyancy/install/leak_sensor/lib/leak_sensor
writing list of installed files to '/home/selqie/buoyancy/build/leak_sensor/install.log'
