[2.348s] Invoking command in '/home/selqie/buoyancy/leak_sensor': PYTHONPATH=/home/selqie/buoyancy/build/leak_sensor/prefix_override:/usr/lib/python3/dist-packages/colcon_core/task/python/colcon_distutils_commands:/home/selqie/buoyancy/install/leak_sensor/lib/python3.12/site-packages:${PYTHONPATH} /usr/bin/python3 -W ignore:setup.py install is deprecated -W ignore:easy_install command is deprecated setup.py egg_info --egg-base ../build/leak_sensor build --build-base /home/selqie/buoyancy/build/leak_sensor/build install --record /home/selqie/buoyancy/build/leak_sensor/install.log --single-version-externally-managed install_data
[2.861s] running egg_info
[2.897s] writing ../build/leak_sensor/leak_sensor.egg-info/PKG-INFO
[2.897s] writing dependency_links to ../build/leak_sensor/leak_sensor.egg-info/dependency_links.txt
[2.900s] writing entry points to ../build/leak_sensor/leak_sensor.egg-info/entry_points.txt
[2.902s] writing requirements to ../build/leak_sensor/leak_sensor.egg-info/requires.txt
[2.903s] writing top-level names to ../build/leak_sensor/leak_sensor.egg-info/top_level.txt
[2.977s] reading manifest file '../build/leak_sensor/leak_sensor.egg-info/SOURCES.txt'
[2.981s] writing manifest file '../build/leak_sensor/leak_sensor.egg-info/SOURCES.txt'
[2.983s] running build
[2.984s] running build_py
[2.984s] running install
[3.003s] running install_lib
[3.037s] running install_data
[3.038s] running install_egg_info
[3.072s] removing '/home/selqie/buoyancy/install/leak_sensor/lib/python3.12/site-packages/leak_sensor-0.1.0-py3.12.egg-info' (and everything under it)
[3.072s] Copying ../build/leak_sensor/leak_sensor.egg-info to /home/selqie/buoyancy/install/leak_sensor/lib/python3.12/site-packages/leak_sensor-0.1.0-py3.12.egg-info
[3.073s] running install_scripts
[3.290s] Installing leak_sensor_node script to /home/selqie/buoyancy/install/leak_sensor/lib/leak_sensor
[3.293s] writing list of installed files to '/home/selqie/buoyancy/build/leak_sensor/install.log'
[3.554s] Invoked command in '/home/selqie/buoyancy/leak_sensor' returned '0': PYTHONPATH=/home/selqie/buoyancy/build/leak_sensor/prefix_override:/usr/lib/python3/dist-packages/colcon_core/task/python/colcon_distutils_commands:/home/selqie/buoyancy/install/leak_sensor/lib/python3.12/site-packages:${PYTHONPATH} /usr/bin/python3 -W ignore:setup.py install is deprecated -W ignore:easy_install command is deprecated setup.py egg_info --egg-base ../build/leak_sensor build --build-base /home/selqie/buoyancy/build/leak_sensor/build install --record /home/selqie/buoyancy/build/leak_sensor/install.log --single-version-externally-managed install_data
