[0.034s] Invoking command in '/home/selqie/buoyancy/build/motor_interfaces': CMAKE_PREFIX_PATH=/opt/ros/jazzy /usr/bin/cmake /home/selqie/buoyancy/motor_interfaces -DCMAKE_INSTALL_PREFIX=/home/selqie/buoyancy/install/motor_interfaces
[0.684s] -- The C compiler identification is GNU 13.3.0
[1.147s] -- The CXX compiler identification is GNU 13.3.0
[1.192s] -- Detecting C compiler ABI info
[1.446s] -- Detecting C compiler ABI info - done
[1.465s] -- Check for working C compiler: /usr/bin/cc - skipped
[1.465s] -- Detecting C compile features
[1.465s] -- Detecting C compile features - done
[1.487s] -- Detecting CXX compiler ABI info
[1.755s] -- Detecting CXX compiler ABI info - done
[1.769s] -- Check for working CXX compiler: /usr/bin/c++ - skipped
[1.770s] -- Detecting CXX compile features
[1.772s] -- Detecting CXX compile features - done
[1.778s] -- Found ament_cmake: 2.5.4 (/opt/ros/jazzy/share/ament_cmake/cmake)
[2.134s] -- Found Python3: /usr/bin/python3 (found version "3.12.3") found components: Interpreter 
[2.439s] -- Found rosidl_default_generators: 1.6.0 (/opt/ros/jazzy/share/rosidl_default_generators/cmake)
[2.462s] -- Using all available rosidl_typesupport_c: rosidl_typesupport_fastrtps_c;rosidl_typesupport_introspection_c
[2.610s] -- Using all available rosidl_typesupport_cpp: rosidl_typesupport_fastrtps_cpp;rosidl_typesupport_introspection_cpp
[2.706s] -- Found rosidl_adapter: 4.6.6 (/opt/ros/jazzy/share/rosidl_adapter/cmake)
[4.486s] -- Found ament_cmake_ros: 0.12.0 (/opt/ros/jazzy/share/ament_cmake_ros/cmake)
[6.231s] -- Using all available rosidl_typesupport_c: rosidl_typesupport_fastrtps_c;rosidl_typesupport_introspection_c
[9.635s] -- Using all available rosidl_typesupport_cpp: rosidl_typesupport_fastrtps_cpp;rosidl_typesupport_introspection_cpp
[9.650s] -- Found python_cmake_module: 0.11.1 (/opt/ros/jazzy/share/python_cmake_module/cmake)
[10.584s] -- Found PythonExtra: /usr/bin/python3  
[14.536s] -- Found Python3: /usr/bin/python3 (found version "3.12.3") found components: Interpreter Development NumPy Development.Module Development.Embed 
[14.765s] -- Found ament_lint_auto: 0.17.3 (/opt/ros/jazzy/share/ament_lint_auto/cmake)
[14.873s] -- Added test 'lint_cmake' to check CMake code style
[14.886s] -- Added test 'xmllint' to check XML markup files
[14.896s] -- Configuring done (14.7s)
[15.041s] -- Generating done (0.1s)
[15.079s] -- Build files have been written to: /home/selqie/buoyancy/build/motor_interfaces
[15.111s] Invoked command in '/home/selqie/buoyancy/build/motor_interfaces' returned '0': CMAKE_PREFIX_PATH=/opt/ros/jazzy /usr/bin/cmake /home/selqie/buoyancy/motor_interfaces -DCMAKE_INSTALL_PREFIX=/home/selqie/buoyancy/install/motor_interfaces
[15.112s] Invoking command in '/home/selqie/buoyancy/build/motor_interfaces': CMAKE_PREFIX_PATH=/opt/ros/jazzy /usr/bin/cmake --build /home/selqie/buoyancy/build/motor_interfaces -- -j4 -l4
[15.390s] [  2%] [34m[1mGenerating type hashes for ROS interfaces[0m
[15.480s] [  2%] Built target ament_cmake_python_copy_motor_interfaces
[16.917s] running egg_info
[16.918s] creating motor_interfaces.egg-info
[17.008s] [  2%] Built target motor_interfaces__rosidl_generator_type_description
[17.033s] writing motor_interfaces.egg-info/PKG-INFO
[17.045s] writing dependency_links to motor_interfaces.egg-info/dependency_links.txt
[17.045s] writing top-level names to motor_interfaces.egg-info/top_level.txt
[17.046s] writing manifest file 'motor_interfaces.egg-info/SOURCES.txt'
[17.066s] [  5%] [34m[1mGenerating C code for ROS interfaces[0m
[17.121s] [  8%] [34m[1mGenerating C++ code for ROS interfaces[0m
[17.491s] reading manifest file 'motor_interfaces.egg-info/SOURCES.txt'
[17.494s] writing manifest file 'motor_interfaces.egg-info/SOURCES.txt'
[17.841s] [  8%] Built target ament_cmake_python_build_motor_interfaces_egg
[18.478s] [ 11%] [32mBuilding C object CMakeFiles/motor_interfaces__rosidl_generator_c.dir/rosidl_generator_c/motor_interfaces/msg/detail/motor_state__functions.c.o[0m
[18.487s] [ 14%] [32mBuilding C object CMakeFiles/motor_interfaces__rosidl_generator_c.dir/rosidl_generator_c/motor_interfaces/msg/detail/motor_state__description.c.o[0m
[18.488s] [ 17%] [32mBuilding C object CMakeFiles/motor_interfaces__rosidl_generator_c.dir/rosidl_generator_c/motor_interfaces/msg/detail/motor_state__type_support.c.o[0m
[18.781s] [ 20%] [32m[1mLinking C shared library libmotor_interfaces__rosidl_generator_c.so[0m
[18.805s] [ 20%] Built target motor_interfaces__cpp
[18.985s] [ 20%] Built target motor_interfaces__rosidl_generator_c
[19.037s] [ 23%] [34m[1mGenerating C++ introspection for ROS interfaces[0m
[19.043s] [ 26%] [34m[1mGenerating C++ type support dispatch for ROS interfaces[0m
[19.055s] [ 32%] [34m[1mGenerating C++ type support for eProsima Fast-RTPS[0m
[19.064s] [ 32%] [34m[1mGenerating C type support for eProsima Fast-RTPS[0m
[20.507s] [ 35%] [32mBuilding CXX object CMakeFiles/motor_interfaces__rosidl_typesupport_cpp.dir/rosidl_typesupport_cpp/motor_interfaces/msg/motor_state__type_support.cpp.o[0m
[20.781s] [ 38%] [32mBuilding CXX object CMakeFiles/motor_interfaces__rosidl_typesupport_introspection_cpp.dir/rosidl_typesupport_introspection_cpp/motor_interfaces/msg/detail/motor_state__type_support.cpp.o[0m
[20.894s] [ 41%] [32mBuilding CXX object CMakeFiles/motor_interfaces__rosidl_typesupport_fastrtps_cpp.dir/rosidl_typesupport_fastrtps_cpp/motor_interfaces/msg/detail/dds_fastrtps/motor_state__type_support.cpp.o[0m
[21.059s] [ 44%] [32mBuilding CXX object CMakeFiles/motor_interfaces__rosidl_typesupport_fastrtps_c.dir/rosidl_typesupport_fastrtps_c/motor_interfaces/msg/detail/motor_state__type_support_c.cpp.o[0m
[22.468s] [ 47%] [32m[1mLinking CXX shared library libmotor_interfaces__rosidl_typesupport_cpp.so[0m
[22.524s] [ 50%] [32m[1mLinking CXX shared library libmotor_interfaces__rosidl_typesupport_introspection_cpp.so[0m
[22.732s] [ 50%] Built target motor_interfaces__rosidl_typesupport_cpp
[22.800s] [ 52%] [34m[1mGenerating C introspection for ROS interfaces[0m
[23.156s] [ 52%] Built target motor_interfaces__rosidl_typesupport_introspection_cpp
[23.226s] [ 55%] [34m[1mGenerating C type support dispatch for ROS interfaces[0m
[24.128s] [ 58%] [32m[1mLinking CXX shared library libmotor_interfaces__rosidl_typesupport_fastrtps_c.so[0m
[24.173s] [ 61%] [32mBuilding C object CMakeFiles/motor_interfaces__rosidl_typesupport_introspection_c.dir/rosidl_typesupport_introspection_c/motor_interfaces/msg/detail/motor_state__type_support.c.o[0m
[24.267s] [ 64%] [32m[1mLinking CXX shared library libmotor_interfaces__rosidl_typesupport_fastrtps_cpp.so[0m
[24.440s] [ 67%] [32m[1mLinking C shared library libmotor_interfaces__rosidl_typesupport_introspection_c.so[0m
[24.656s] [ 70%] [32mBuilding CXX object CMakeFiles/motor_interfaces__rosidl_typesupport_c.dir/rosidl_typesupport_c/motor_interfaces/msg/motor_state__type_support.cpp.o[0m
[24.668s] [ 70%] Built target motor_interfaces__rosidl_typesupport_introspection_c
[24.787s] [ 70%] Built target motor_interfaces__rosidl_typesupport_fastrtps_cpp
[24.865s] [ 70%] Built target motor_interfaces__rosidl_typesupport_fastrtps_c
[24.869s] [ 73%] [32m[1mLinking CXX shared library libmotor_interfaces__rosidl_typesupport_c.so[0m
[24.987s] [ 73%] Built target motor_interfaces__rosidl_typesupport_c
[25.051s] [ 73%] Built target motor_interfaces
[25.116s] [ 76%] [34m[1mGenerating Python code for ROS interfaces[0m
[26.190s] [ 76%] Built target motor_interfaces__py
[26.253s] [ 79%] [32mBuilding C object CMakeFiles/motor_interfaces__rosidl_generator_py.dir/rosidl_generator_py/motor_interfaces/msg/_motor_state_s.c.o[0m
[26.675s] [ 82%] [32m[1mLinking C shared library libmotor_interfaces__rosidl_generator_py.so[0m
[26.828s] [ 82%] Built target motor_interfaces__rosidl_generator_py
[26.902s] [ 85%] [32mBuilding C object CMakeFiles/motor_interfaces_s__rosidl_typesupport_c.dir/rosidl_generator_py/motor_interfaces/_motor_interfaces_s.ep.rosidl_typesupport_c.c.o[0m
[26.914s] [ 88%] [32mBuilding C object CMakeFiles/motor_interfaces_s__rosidl_typesupport_fastrtps_c.dir/rosidl_generator_py/motor_interfaces/_motor_interfaces_s.ep.rosidl_typesupport_fastrtps_c.c.o[0m
[26.934s] [ 91%] [32mBuilding C object CMakeFiles/motor_interfaces_s__rosidl_typesupport_introspection_c.dir/rosidl_generator_py/motor_interfaces/_motor_interfaces_s.ep.rosidl_typesupport_introspection_c.c.o[0m
[27.222s] [ 94%] [32m[1mLinking C shared module rosidl_generator_py/motor_interfaces/motor_interfaces_s__rosidl_typesupport_fastrtps_c.so[0m
[27.325s] [ 97%] [32m[1mLinking C shared module rosidl_generator_py/motor_interfaces/motor_interfaces_s__rosidl_typesupport_introspection_c.so[0m
[27.332s] [ 97%] Built target motor_interfaces_s__rosidl_typesupport_fastrtps_c
[27.426s] [ 97%] Built target motor_interfaces_s__rosidl_typesupport_introspection_c
[27.439s] [100%] [32m[1mLinking C shared module rosidl_generator_py/motor_interfaces/motor_interfaces_s__rosidl_typesupport_c.so[0m
[27.516s] [100%] Built target motor_interfaces_s__rosidl_typesupport_c
[27.549s] Invoked command in '/home/selqie/buoyancy/build/motor_interfaces' returned '0': CMAKE_PREFIX_PATH=/opt/ros/jazzy /usr/bin/cmake --build /home/selqie/buoyancy/build/motor_interfaces -- -j4 -l4
[27.552s] Invoking command in '/home/selqie/buoyancy/build/motor_interfaces': CMAKE_PREFIX_PATH=/opt/ros/jazzy /usr/bin/cmake --install /home/selqie/buoyancy/build/motor_interfaces
[27.585s] -- Install configuration: ""
[27.586s] -- Installing: /home/selqie/buoyancy/install/motor_interfaces/share/ament_index/resource_index/rosidl_interfaces/motor_interfaces
[27.586s] -- Installing: /home/selqie/buoyancy/install/motor_interfaces/share/motor_interfaces/msg/MotorState.json
[27.586s] -- Installing: /home/selqie/buoyancy/install/motor_interfaces/include/motor_interfaces/motor_interfaces
[27.588s] -- Installing: /home/selqie/buoyancy/install/motor_interfaces/include/motor_interfaces/motor_interfaces/msg
[27.588s] -- Installing: /home/selqie/buoyancy/install/motor_interfaces/include/motor_interfaces/motor_interfaces/msg/motor_state.h
[27.588s] -- Installing: /home/selqie/buoyancy/install/motor_interfaces/include/motor_interfaces/motor_interfaces/msg/detail
[27.588s] -- Installing: /home/selqie/buoyancy/install/motor_interfaces/include/motor_interfaces/motor_interfaces/msg/detail/motor_state__functions.c
[27.592s] -- Installing: /home/selqie/buoyancy/install/motor_interfaces/include/motor_interfaces/motor_interfaces/msg/detail/motor_state__type_support.c
[27.593s] -- Installing: /home/selqie/buoyancy/install/motor_interfaces/include/motor_interfaces/motor_interfaces/msg/detail/motor_state__description.c
[27.593s] -- Installing: /home/selqie/buoyancy/install/motor_interfaces/include/motor_interfaces/motor_interfaces/msg/detail/motor_state__struct.h
[27.593s] -- Installing: /home/selqie/buoyancy/install/motor_interfaces/include/motor_interfaces/motor_interfaces/msg/detail/motor_state__type_support.h
[27.593s] -- Installing: /home/selqie/buoyancy/install/motor_interfaces/include/motor_interfaces/motor_interfaces/msg/detail/motor_state__functions.h
[27.593s] -- Installing: /home/selqie/buoyancy/install/motor_interfaces/include/motor_interfaces/motor_interfaces/msg/rosidl_generator_c__visibility_control.h
[27.593s] -- Installing: /home/selqie/buoyancy/install/motor_interfaces/share/motor_interfaces/environment/library_path.sh
[27.593s] -- Installing: /home/selqie/buoyancy/install/motor_interfaces/share/motor_interfaces/environment/library_path.dsv
[27.594s] -- Installing: /home/selqie/buoyancy/install/motor_interfaces/lib/libmotor_interfaces__rosidl_generator_c.so
[27.594s] -- Set non-toolchain portion of runtime path of "/home/selqie/buoyancy/install/motor_interfaces/lib/libmotor_interfaces__rosidl_generator_c.so" to ""
[27.594s] -- Up-to-date: /home/selqie/buoyancy/install/motor_interfaces/include/motor_interfaces/motor_interfaces
[27.594s] -- Up-to-date: /home/selqie/buoyancy/install/motor_interfaces/include/motor_interfaces/motor_interfaces/msg
[27.594s] -- Installing: /home/selqie/buoyancy/install/motor_interfaces/include/motor_interfaces/motor_interfaces/msg/rosidl_typesupport_fastrtps_c__visibility_control.h
[27.594s] -- Up-to-date: /home/selqie/buoyancy/install/motor_interfaces/include/motor_interfaces/motor_interfaces/msg/detail
[27.597s] -- Installing: /home/selqie/buoyancy/install/motor_interfaces/include/motor_interfaces/motor_interfaces/msg/detail/motor_state__rosidl_typesupport_fastrtps_c.h
[27.597s] -- Installing: /home/selqie/buoyancy/install/motor_interfaces/lib/libmotor_interfaces__rosidl_typesupport_fastrtps_c.so
[27.598s] -- Set non-toolchain portion of runtime path of "/home/selqie/buoyancy/install/motor_interfaces/lib/libmotor_interfaces__rosidl_typesupport_fastrtps_c.so" to ""
[27.598s] -- Up-to-date: /home/selqie/buoyancy/install/motor_interfaces/include/motor_interfaces/motor_interfaces
[27.598s] -- Up-to-date: /home/selqie/buoyancy/install/motor_interfaces/include/motor_interfaces/motor_interfaces/msg
[27.599s] -- Up-to-date: /home/selqie/buoyancy/install/motor_interfaces/include/motor_interfaces/motor_interfaces/msg/detail
[27.599s] -- Installing: /home/selqie/buoyancy/install/motor_interfaces/include/motor_interfaces/motor_interfaces/msg/detail/motor_state__type_support.c
[27.599s] -- Installing: /home/selqie/buoyancy/install/motor_interfaces/include/motor_interfaces/motor_interfaces/msg/detail/motor_state__rosidl_typesupport_introspection_c.h
[27.602s] -- Installing: /home/selqie/buoyancy/install/motor_interfaces/include/motor_interfaces/motor_interfaces/msg/rosidl_typesupport_introspection_c__visibility_control.h
[27.603s] -- Installing: /home/selqie/buoyancy/install/motor_interfaces/lib/libmotor_interfaces__rosidl_typesupport_introspection_c.so
[27.603s] -- Set non-toolchain portion of runtime path of "/home/selqie/buoyancy/install/motor_interfaces/lib/libmotor_interfaces__rosidl_typesupport_introspection_c.so" to ""
[27.603s] -- Installing: /home/selqie/buoyancy/install/motor_interfaces/lib/libmotor_interfaces__rosidl_typesupport_c.so
[27.603s] -- Set non-toolchain portion of runtime path of "/home/selqie/buoyancy/install/motor_interfaces/lib/libmotor_interfaces__rosidl_typesupport_c.so" to ""
[27.603s] -- Up-to-date: /home/selqie/buoyancy/install/motor_interfaces/include/motor_interfaces/motor_interfaces
[27.604s] -- Up-to-date: /home/selqie/buoyancy/install/motor_interfaces/include/motor_interfaces/motor_interfaces/msg
[27.607s] -- Up-to-date: /home/selqie/buoyancy/install/motor_interfaces/include/motor_interfaces/motor_interfaces/msg/detail
[27.608s] -- Installing: /home/selqie/buoyancy/install/motor_interfaces/include/motor_interfaces/motor_interfaces/msg/detail/motor_state__traits.hpp
[27.608s] -- Installing: /home/selqie/buoyancy/install/motor_interfaces/include/motor_interfaces/motor_interfaces/msg/detail/motor_state__type_support.hpp
[27.608s] -- Installing: /home/selqie/buoyancy/install/motor_interfaces/include/motor_interfaces/motor_interfaces/msg/detail/motor_state__builder.hpp
[27.608s] -- Installing: /home/selqie/buoyancy/install/motor_interfaces/include/motor_interfaces/motor_interfaces/msg/detail/motor_state__struct.hpp
[27.608s] -- Installing: /home/selqie/buoyancy/install/motor_interfaces/include/motor_interfaces/motor_interfaces/msg/motor_state.hpp
[27.609s] -- Installing: /home/selqie/buoyancy/install/motor_interfaces/include/motor_interfaces/motor_interfaces/msg/rosidl_generator_cpp__visibility_control.hpp
[27.609s] -- Up-to-date: /home/selqie/buoyancy/install/motor_interfaces/include/motor_interfaces/motor_interfaces
[27.609s] -- Up-to-date: /home/selqie/buoyancy/install/motor_interfaces/include/motor_interfaces/motor_interfaces/msg
[27.609s] -- Up-to-date: /home/selqie/buoyancy/install/motor_interfaces/include/motor_interfaces/motor_interfaces/msg/detail
[27.609s] -- Installing: /home/selqie/buoyancy/install/motor_interfaces/include/motor_interfaces/motor_interfaces/msg/detail/motor_state__rosidl_typesupport_fastrtps_cpp.hpp
[27.609s] -- Installing: /home/selqie/buoyancy/install/motor_interfaces/include/motor_interfaces/motor_interfaces/msg/detail/dds_fastrtps
[27.613s] -- Installing: /home/selqie/buoyancy/install/motor_interfaces/include/motor_interfaces/motor_interfaces/msg/rosidl_typesupport_fastrtps_cpp__visibility_control.h
[27.614s] -- Installing: /home/selqie/buoyancy/install/motor_interfaces/lib/libmotor_interfaces__rosidl_typesupport_fastrtps_cpp.so
[27.614s] -- Set non-toolchain portion of runtime path of "/home/selqie/buoyancy/install/motor_interfaces/lib/libmotor_interfaces__rosidl_typesupport_fastrtps_cpp.so" to ""
[27.614s] -- Up-to-date: /home/selqie/buoyancy/install/motor_interfaces/include/motor_interfaces/motor_interfaces
[27.614s] -- Up-to-date: /home/selqie/buoyancy/install/motor_interfaces/include/motor_interfaces/motor_interfaces/msg
[27.615s] -- Up-to-date: /home/selqie/buoyancy/install/motor_interfaces/include/motor_interfaces/motor_interfaces/msg/detail
[27.615s] -- Installing: /home/selqie/buoyancy/install/motor_interfaces/include/motor_interfaces/motor_interfaces/msg/detail/motor_state__rosidl_typesupport_introspection_cpp.hpp
[27.615s] -- Installing: /home/selqie/buoyancy/install/motor_interfaces/include/motor_interfaces/motor_interfaces/msg/detail/motor_state__type_support.cpp
[27.615s] -- Installing: /home/selqie/buoyancy/install/motor_interfaces/lib/libmotor_interfaces__rosidl_typesupport_introspection_cpp.so
[27.615s] -- Set non-toolchain portion of runtime path of "/home/selqie/buoyancy/install/motor_interfaces/lib/libmotor_interfaces__rosidl_typesupport_introspection_cpp.so" to ""
[27.615s] -- Installing: /home/selqie/buoyancy/install/motor_interfaces/lib/libmotor_interfaces__rosidl_typesupport_cpp.so
[27.615s] -- Set non-toolchain portion of runtime path of "/home/selqie/buoyancy/install/motor_interfaces/lib/libmotor_interfaces__rosidl_typesupport_cpp.so" to ""
[27.618s] -- Installing: /home/selqie/buoyancy/install/motor_interfaces/share/motor_interfaces/environment/pythonpath.sh
[27.618s] -- Installing: /home/selqie/buoyancy/install/motor_interfaces/share/motor_interfaces/environment/pythonpath.dsv
[27.619s] -- Installing: /home/selqie/buoyancy/install/motor_interfaces/lib/python3.12/site-packages/motor_interfaces-0.0.0-py3.12.egg-info
[27.619s] -- Installing: /home/selqie/buoyancy/install/motor_interfaces/lib/python3.12/site-packages/motor_interfaces-0.0.0-py3.12.egg-info/dependency_links.txt
[27.619s] -- Installing: /home/selqie/buoyancy/install/motor_interfaces/lib/python3.12/site-packages/motor_interfaces-0.0.0-py3.12.egg-info/PKG-INFO
[27.619s] -- Installing: /home/selqie/buoyancy/install/motor_interfaces/lib/python3.12/site-packages/motor_interfaces-0.0.0-py3.12.egg-info/top_level.txt
[27.619s] -- Installing: /home/selqie/buoyancy/install/motor_interfaces/lib/python3.12/site-packages/motor_interfaces-0.0.0-py3.12.egg-info/SOURCES.txt
[27.619s] -- Installing: /home/selqie/buoyancy/install/motor_interfaces/lib/python3.12/site-packages/motor_interfaces
[27.620s] -- Installing: /home/selqie/buoyancy/install/motor_interfaces/lib/python3.12/site-packages/motor_interfaces/_motor_interfaces_s.ep.rosidl_typesupport_introspection_c.c
[27.620s] -- Installing: /home/selqie/buoyancy/install/motor_interfaces/lib/python3.12/site-packages/motor_interfaces/motor_interfaces_s__rosidl_typesupport_fastrtps_c.so
[27.620s] -- Installing: /home/selqie/buoyancy/install/motor_interfaces/lib/python3.12/site-packages/motor_interfaces/msg
[27.620s] -- Installing: /home/selqie/buoyancy/install/motor_interfaces/lib/python3.12/site-packages/motor_interfaces/msg/_motor_state.py
[27.620s] -- Installing: /home/selqie/buoyancy/install/motor_interfaces/lib/python3.12/site-packages/motor_interfaces/msg/_motor_state_s.c
[27.620s] -- Installing: /home/selqie/buoyancy/install/motor_interfaces/lib/python3.12/site-packages/motor_interfaces/msg/__init__.py
[27.620s] -- Installing: /home/selqie/buoyancy/install/motor_interfaces/lib/python3.12/site-packages/motor_interfaces/motor_interfaces_s__rosidl_typesupport_introspection_c.so
[27.624s] -- Installing: /home/selqie/buoyancy/install/motor_interfaces/lib/python3.12/site-packages/motor_interfaces/__init__.py
[27.624s] -- Installing: /home/selqie/buoyancy/install/motor_interfaces/lib/python3.12/site-packages/motor_interfaces/motor_interfaces_s__rosidl_typesupport_c.so
[27.624s] -- Installing: /home/selqie/buoyancy/install/motor_interfaces/lib/python3.12/site-packages/motor_interfaces/_motor_interfaces_s.ep.rosidl_typesupport_fastrtps_c.c
[27.625s] -- Installing: /home/selqie/buoyancy/install/motor_interfaces/lib/python3.12/site-packages/motor_interfaces/_motor_interfaces_s.ep.rosidl_typesupport_c.c
[27.770s] Listing '/home/selqie/buoyancy/install/motor_interfaces/lib/python3.12/site-packages/motor_interfaces'...
[27.771s] Compiling '/home/selqie/buoyancy/install/motor_interfaces/lib/python3.12/site-packages/motor_interfaces/__init__.py'...
[27.776s] Listing '/home/selqie/buoyancy/install/motor_interfaces/lib/python3.12/site-packages/motor_interfaces/msg'...
[27.777s] Compiling '/home/selqie/buoyancy/install/motor_interfaces/lib/python3.12/site-packages/motor_interfaces/msg/__init__.py'...
[27.781s] Compiling '/home/selqie/buoyancy/install/motor_interfaces/lib/python3.12/site-packages/motor_interfaces/msg/_motor_state.py'...
[27.825s] -- Installing: /home/selqie/buoyancy/install/motor_interfaces/lib/python3.12/site-packages/motor_interfaces/motor_interfaces_s__rosidl_typesupport_fastrtps_c.so
[27.825s] -- Set non-toolchain portion of runtime path of "/home/selqie/buoyancy/install/motor_interfaces/lib/python3.12/site-packages/motor_interfaces/motor_interfaces_s__rosidl_typesupport_fastrtps_c.so" to ""
[27.827s] -- Installing: /home/selqie/buoyancy/install/motor_interfaces/lib/python3.12/site-packages/motor_interfaces/motor_interfaces_s__rosidl_typesupport_introspection_c.so
[27.828s] -- Set non-toolchain portion of runtime path of "/home/selqie/buoyancy/install/motor_interfaces/lib/python3.12/site-packages/motor_interfaces/motor_interfaces_s__rosidl_typesupport_introspection_c.so" to ""
[27.831s] -- Installing: /home/selqie/buoyancy/install/motor_interfaces/lib/python3.12/site-packages/motor_interfaces/motor_interfaces_s__rosidl_typesupport_c.so
[27.831s] -- Set non-toolchain portion of runtime path of "/home/selqie/buoyancy/install/motor_interfaces/lib/python3.12/site-packages/motor_interfaces/motor_interfaces_s__rosidl_typesupport_c.so" to ""
[27.831s] -- Installing: /home/selqie/buoyancy/install/motor_interfaces/lib/libmotor_interfaces__rosidl_generator_py.so
[27.832s] -- Set non-toolchain portion of runtime path of "/home/selqie/buoyancy/install/motor_interfaces/lib/libmotor_interfaces__rosidl_generator_py.so" to ""
[27.833s] -- Installing: /home/selqie/buoyancy/install/motor_interfaces/share/motor_interfaces/msg/MotorState.idl
[27.834s] -- Installing: /home/selqie/buoyancy/install/motor_interfaces/share/motor_interfaces/msg/MotorState.msg
[27.835s] -- Installing: /home/selqie/buoyancy/install/motor_interfaces/share/ament_index/resource_index/package_run_dependencies/motor_interfaces
[27.836s] -- Installing: /home/selqie/buoyancy/install/motor_interfaces/share/ament_index/resource_index/parent_prefix_path/motor_interfaces
[27.837s] -- Installing: /home/selqie/buoyancy/install/motor_interfaces/share/motor_interfaces/environment/ament_prefix_path.sh
[27.837s] -- Installing: /home/selqie/buoyancy/install/motor_interfaces/share/motor_interfaces/environment/ament_prefix_path.dsv
[27.839s] -- Installing: /home/selqie/buoyancy/install/motor_interfaces/share/motor_interfaces/environment/path.sh
[27.839s] -- Installing: /home/selqie/buoyancy/install/motor_interfaces/share/motor_interfaces/environment/path.dsv
[27.841s] -- Installing: /home/selqie/buoyancy/install/motor_interfaces/share/motor_interfaces/local_setup.bash
[27.841s] -- Installing: /home/selqie/buoyancy/install/motor_interfaces/share/motor_interfaces/local_setup.sh
[27.841s] -- Installing: /home/selqie/buoyancy/install/motor_interfaces/share/motor_interfaces/local_setup.zsh
[27.843s] -- Installing: /home/selqie/buoyancy/install/motor_interfaces/share/motor_interfaces/local_setup.dsv
[27.844s] -- Installing: /home/selqie/buoyancy/install/motor_interfaces/share/motor_interfaces/package.dsv
[27.845s] -- Installing: /home/selqie/buoyancy/install/motor_interfaces/share/ament_index/resource_index/packages/motor_interfaces
[27.845s] -- Installing: /home/selqie/buoyancy/install/motor_interfaces/share/motor_interfaces/cmake/export_motor_interfaces__rosidl_generator_cExport.cmake
[27.846s] -- Installing: /home/selqie/buoyancy/install/motor_interfaces/share/motor_interfaces/cmake/export_motor_interfaces__rosidl_generator_cExport-noconfig.cmake
[27.848s] -- Installing: /home/selqie/buoyancy/install/motor_interfaces/share/motor_interfaces/cmake/export_motor_interfaces__rosidl_typesupport_fastrtps_cExport.cmake
[27.848s] -- Installing: /home/selqie/buoyancy/install/motor_interfaces/share/motor_interfaces/cmake/export_motor_interfaces__rosidl_typesupport_fastrtps_cExport-noconfig.cmake
[27.849s] -- Installing: /home/selqie/buoyancy/install/motor_interfaces/share/motor_interfaces/cmake/motor_interfaces__rosidl_typesupport_introspection_cExport.cmake
[27.849s] -- Installing: /home/selqie/buoyancy/install/motor_interfaces/share/motor_interfaces/cmake/motor_interfaces__rosidl_typesupport_introspection_cExport-noconfig.cmake
[27.850s] -- Installing: /home/selqie/buoyancy/install/motor_interfaces/share/motor_interfaces/cmake/motor_interfaces__rosidl_typesupport_cExport.cmake
[27.851s] -- Installing: /home/selqie/buoyancy/install/motor_interfaces/share/motor_interfaces/cmake/motor_interfaces__rosidl_typesupport_cExport-noconfig.cmake
[27.852s] -- Installing: /home/selqie/buoyancy/install/motor_interfaces/share/motor_interfaces/cmake/export_motor_interfaces__rosidl_generator_cppExport.cmake
[27.853s] -- Installing: /home/selqie/buoyancy/install/motor_interfaces/share/motor_interfaces/cmake/export_motor_interfaces__rosidl_typesupport_fastrtps_cppExport.cmake
[27.856s] -- Installing: /home/selqie/buoyancy/install/motor_interfaces/share/motor_interfaces/cmake/export_motor_interfaces__rosidl_typesupport_fastrtps_cppExport-noconfig.cmake
[27.856s] -- Installing: /home/selqie/buoyancy/install/motor_interfaces/share/motor_interfaces/cmake/motor_interfaces__rosidl_typesupport_introspection_cppExport.cmake
[27.857s] -- Installing: /home/selqie/buoyancy/install/motor_interfaces/share/motor_interfaces/cmake/motor_interfaces__rosidl_typesupport_introspection_cppExport-noconfig.cmake
[27.857s] -- Installing: /home/selqie/buoyancy/install/motor_interfaces/share/motor_interfaces/cmake/motor_interfaces__rosidl_typesupport_cppExport.cmake
[27.857s] -- Installing: /home/selqie/buoyancy/install/motor_interfaces/share/motor_interfaces/cmake/motor_interfaces__rosidl_typesupport_cppExport-noconfig.cmake
[27.857s] -- Installing: /home/selqie/buoyancy/install/motor_interfaces/share/motor_interfaces/cmake/export_motor_interfaces__rosidl_generator_pyExport.cmake
[27.857s] -- Installing: /home/selqie/buoyancy/install/motor_interfaces/share/motor_interfaces/cmake/export_motor_interfaces__rosidl_generator_pyExport-noconfig.cmake
[27.857s] -- Installing: /home/selqie/buoyancy/install/motor_interfaces/share/motor_interfaces/cmake/rosidl_cmake-extras.cmake
[27.857s] -- Installing: /home/selqie/buoyancy/install/motor_interfaces/share/motor_interfaces/cmake/ament_cmake_export_include_directories-extras.cmake
[27.858s] -- Installing: /home/selqie/buoyancy/install/motor_interfaces/share/motor_interfaces/cmake/ament_cmake_export_libraries-extras.cmake
[27.860s] -- Installing: /home/selqie/buoyancy/install/motor_interfaces/share/motor_interfaces/cmake/ament_cmake_export_targets-extras.cmake
[27.860s] -- Installing: /home/selqie/buoyancy/install/motor_interfaces/share/motor_interfaces/cmake/rosidl_cmake_export_typesupport_targets-extras.cmake
[27.862s] -- Installing: /home/selqie/buoyancy/install/motor_interfaces/share/motor_interfaces/cmake/ament_cmake_export_dependencies-extras.cmake
[27.862s] -- Installing: /home/selqie/buoyancy/install/motor_interfaces/share/motor_interfaces/cmake/rosidl_cmake_export_typesupport_libraries-extras.cmake
[27.863s] -- Installing: /home/selqie/buoyancy/install/motor_interfaces/share/motor_interfaces/cmake/motor_interfacesConfig.cmake
[27.864s] -- Installing: /home/selqie/buoyancy/install/motor_interfaces/share/motor_interfaces/cmake/motor_interfacesConfig-version.cmake
[27.864s] -- Installing: /home/selqie/buoyancy/install/motor_interfaces/share/motor_interfaces/package.xml
[27.872s] Invoked command in '/home/selqie/buoyancy/build/motor_interfaces' returned '0': CMAKE_PREFIX_PATH=/opt/ros/jazzy /usr/bin/cmake --install /home/selqie/buoyancy/build/motor_interfaces
