[0.267s] DEBUG:colcon:Command line arguments: ['/usr/bin/colcon', 'build']
[0.267s] DEBUG:colcon:Parsed command line arguments: Namespace(log_base=None, log_level=None, verb_name='build', build_base='build', install_base='install', merge_install=False, symlink_install=False, test_result_base=None, continue_on_error=False, executor='parallel', parallel_workers=4, event_handlers=None, ignore_user_meta=False, metas=['./colcon.meta'], base_paths=['.'], packages_ignore=None, packages_ignore_regex=None, paths=None, packages_up_to=None, packages_up_to_regex=None, packages_above=None, packages_above_and_dependencies=None, packages_above_depth=None, packages_select_by_dep=None, packages_skip_by_dep=None, packages_skip_up_to=None, packages_select_build_failed=False, packages_skip_build_finished=False, packages_select_test_failures=False, packages_skip_test_passed=False, packages_select=None, packages_skip=None, packages_select_regex=None, packages_skip_regex=None, packages_start=None, packages_end=None, allow_overriding=[], cmake_args=None, cmake_target=None, cmake_target_skip_unavailable=False, cmake_clean_cache=False, cmake_clean_first=False, cmake_force_configure=False, ament_cmake_args=None, catkin_cmake_args=None, catkin_skip_building_tests=False, mixin_files=None, mixin=None, verb_parser=<colcon_mixin.mixin.mixin_argument.MixinArgumentDecorator object at 0xffff91907050>, verb_extension=<colcon_core.verb.build.BuildVerb object at 0xffff91abb7a0>, main=<bound method BuildVerb.main of <colcon_core.verb.build.BuildVerb object at 0xffff91abb7a0>>, mixin_verb=('build',))
[0.378s] Level 1:colcon.colcon_core.package_discovery:discover_packages(colcon_meta) check parameters
[0.378s] Level 1:colcon.colcon_core.package_discovery:discover_packages(recursive) check parameters
[0.378s] Level 1:colcon.colcon_core.package_discovery:discover_packages(ignore) check parameters
[0.378s] Level 1:colcon.colcon_core.package_discovery:discover_packages(path) check parameters
[0.379s] Level 1:colcon.colcon_core.package_discovery:discover_packages(colcon_meta) discover
[0.379s] Level 1:colcon.colcon_core.package_discovery:discover_packages(recursive) discover
[0.379s] INFO:colcon.colcon_core.package_discovery:Crawling recursively for packages in '/home/selqie/buoyancy'
[0.379s] Level 1:colcon.colcon_core.package_identification:_identify(.) by extensions ['ignore', 'ignore_ament_install']
[0.379s] Level 1:colcon.colcon_core.package_identification:_identify(.) by extension 'ignore'
[0.379s] Level 1:colcon.colcon_core.package_identification:_identify(.) by extension 'ignore_ament_install'
[0.379s] Level 1:colcon.colcon_core.package_identification:_identify(.) by extensions ['colcon_pkg']
[0.379s] Level 1:colcon.colcon_core.package_identification:_identify(.) by extension 'colcon_pkg'
[0.379s] Level 1:colcon.colcon_core.package_identification:_identify(.) by extensions ['colcon_meta']
[0.379s] Level 1:colcon.colcon_core.package_identification:_identify(.) by extension 'colcon_meta'
[0.379s] Level 1:colcon.colcon_core.package_identification:_identify(.) by extensions ['ros']
[0.379s] Level 1:colcon.colcon_core.package_identification:_identify(.) by extension 'ros'
[0.435s] Level 1:colcon.colcon_core.package_identification:_identify(.) by extensions ['cmake', 'python']
[0.435s] Level 1:colcon.colcon_core.package_identification:_identify(.) by extension 'cmake'
[0.435s] Level 1:colcon.colcon_core.package_identification:_identify(.) by extension 'python'
[0.435s] Level 1:colcon.colcon_core.package_identification:_identify(.) by extensions ['python_setup_py']
[0.436s] Level 1:colcon.colcon_core.package_identification:_identify(.) by extension 'python_setup_py'
[0.436s] Level 1:colcon.colcon_core.package_identification:_identify(battery) by extensions ['ignore', 'ignore_ament_install']
[0.436s] Level 1:colcon.colcon_core.package_identification:_identify(battery) by extension 'ignore'
[0.436s] Level 1:colcon.colcon_core.package_identification:_identify(battery) by extension 'ignore_ament_install'
[0.436s] Level 1:colcon.colcon_core.package_identification:_identify(battery) by extensions ['colcon_pkg']
[0.436s] Level 1:colcon.colcon_core.package_identification:_identify(battery) by extension 'colcon_pkg'
[0.436s] Level 1:colcon.colcon_core.package_identification:_identify(battery) by extensions ['colcon_meta']
[0.436s] Level 1:colcon.colcon_core.package_identification:_identify(battery) by extension 'colcon_meta'
[0.437s] Level 1:colcon.colcon_core.package_identification:_identify(battery) by extensions ['ros']
[0.437s] Level 1:colcon.colcon_core.package_identification:_identify(battery) by extension 'ros'
[0.441s] DEBUG:colcon.colcon_core.package_identification:Package 'battery' with type 'ros.ament_python' and name 'battery'
[0.442s] Level 1:colcon.colcon_core.package_identification:_identify(build) by extensions ['ignore', 'ignore_ament_install']
[0.442s] Level 1:colcon.colcon_core.package_identification:_identify(build) by extension 'ignore'
[0.442s] Level 1:colcon.colcon_core.package_identification:_identify(build) ignored
[0.442s] Level 1:colcon.colcon_core.package_identification:_identify(buoy_control) by extensions ['ignore', 'ignore_ament_install']
[0.442s] Level 1:colcon.colcon_core.package_identification:_identify(buoy_control) by extension 'ignore'
[0.442s] Level 1:colcon.colcon_core.package_identification:_identify(buoy_control) by extension 'ignore_ament_install'
[0.442s] Level 1:colcon.colcon_core.package_identification:_identify(buoy_control) by extensions ['colcon_pkg']
[0.442s] Level 1:colcon.colcon_core.package_identification:_identify(buoy_control) by extension 'colcon_pkg'
[0.442s] Level 1:colcon.colcon_core.package_identification:_identify(buoy_control) by extensions ['colcon_meta']
[0.442s] Level 1:colcon.colcon_core.package_identification:_identify(buoy_control) by extension 'colcon_meta'
[0.442s] Level 1:colcon.colcon_core.package_identification:_identify(buoy_control) by extensions ['ros']
[0.442s] Level 1:colcon.colcon_core.package_identification:_identify(buoy_control) by extension 'ros'
[0.444s] DEBUG:colcon.colcon_core.package_identification:Package 'buoy_control' with type 'ros.ament_python' and name 'buoy_control'
[0.444s] Level 1:colcon.colcon_core.package_identification:_identify(install) by extensions ['ignore', 'ignore_ament_install']
[0.444s] Level 1:colcon.colcon_core.package_identification:_identify(install) by extension 'ignore'
[0.444s] Level 1:colcon.colcon_core.package_identification:_identify(install) ignored
[0.444s] Level 1:colcon.colcon_core.package_identification:_identify(leak_sensor) by extensions ['ignore', 'ignore_ament_install']
[0.445s] Level 1:colcon.colcon_core.package_identification:_identify(leak_sensor) by extension 'ignore'
[0.445s] Level 1:colcon.colcon_core.package_identification:_identify(leak_sensor) by extension 'ignore_ament_install'
[0.445s] Level 1:colcon.colcon_core.package_identification:_identify(leak_sensor) by extensions ['colcon_pkg']
[0.445s] Level 1:colcon.colcon_core.package_identification:_identify(leak_sensor) by extension 'colcon_pkg'
[0.445s] Level 1:colcon.colcon_core.package_identification:_identify(leak_sensor) by extensions ['colcon_meta']
[0.445s] Level 1:colcon.colcon_core.package_identification:_identify(leak_sensor) by extension 'colcon_meta'
[0.445s] Level 1:colcon.colcon_core.package_identification:_identify(leak_sensor) by extensions ['ros']
[0.445s] Level 1:colcon.colcon_core.package_identification:_identify(leak_sensor) by extension 'ros'
[0.446s] DEBUG:colcon.colcon_core.package_identification:Package 'leak_sensor' with type 'ros.ament_python' and name 'leak_sensor'
[0.446s] Level 1:colcon.colcon_core.package_identification:_identify(log) by extensions ['ignore', 'ignore_ament_install']
[0.446s] Level 1:colcon.colcon_core.package_identification:_identify(log) by extension 'ignore'
[0.446s] Level 1:colcon.colcon_core.package_identification:_identify(log) ignored
[0.446s] Level 1:colcon.colcon_core.package_identification:_identify(motor_interfaces) by extensions ['ignore', 'ignore_ament_install']
[0.446s] Level 1:colcon.colcon_core.package_identification:_identify(motor_interfaces) by extension 'ignore'
[0.447s] Level 1:colcon.colcon_core.package_identification:_identify(motor_interfaces) by extension 'ignore_ament_install'
[0.447s] Level 1:colcon.colcon_core.package_identification:_identify(motor_interfaces) by extensions ['colcon_pkg']
[0.447s] Level 1:colcon.colcon_core.package_identification:_identify(motor_interfaces) by extension 'colcon_pkg'
[0.447s] Level 1:colcon.colcon_core.package_identification:_identify(motor_interfaces) by extensions ['colcon_meta']
[0.447s] Level 1:colcon.colcon_core.package_identification:_identify(motor_interfaces) by extension 'colcon_meta'
[0.447s] Level 1:colcon.colcon_core.package_identification:_identify(motor_interfaces) by extensions ['ros']
[0.447s] Level 1:colcon.colcon_core.package_identification:_identify(motor_interfaces) by extension 'ros'
[0.448s] DEBUG:colcon.colcon_core.package_identification:Package 'motor_interfaces' with type 'ros.ament_cmake' and name 'motor_interfaces'
[0.448s] Level 1:colcon.colcon_core.package_identification:_identify(servo) by extensions ['ignore', 'ignore_ament_install']
[0.449s] Level 1:colcon.colcon_core.package_identification:_identify(servo) by extension 'ignore'
[0.449s] Level 1:colcon.colcon_core.package_identification:_identify(servo) by extension 'ignore_ament_install'
[0.449s] Level 1:colcon.colcon_core.package_identification:_identify(servo) by extensions ['colcon_pkg']
[0.449s] Level 1:colcon.colcon_core.package_identification:_identify(servo) by extension 'colcon_pkg'
[0.449s] Level 1:colcon.colcon_core.package_identification:_identify(servo) by extensions ['colcon_meta']
[0.449s] Level 1:colcon.colcon_core.package_identification:_identify(servo) by extension 'colcon_meta'
[0.449s] Level 1:colcon.colcon_core.package_identification:_identify(servo) by extensions ['ros']
[0.449s] Level 1:colcon.colcon_core.package_identification:_identify(servo) by extension 'ros'
[0.450s] DEBUG:colcon.colcon_core.package_identification:Package 'servo' with type 'ros.ament_python' and name 'servo'
[0.450s] Level 1:colcon.colcon_core.package_identification:_identify(zed-ros2-examples) by extensions ['ignore', 'ignore_ament_install']
[0.450s] Level 1:colcon.colcon_core.package_identification:_identify(zed-ros2-examples) by extension 'ignore'
[0.450s] Level 1:colcon.colcon_core.package_identification:_identify(zed-ros2-examples) by extension 'ignore_ament_install'
[0.450s] Level 1:colcon.colcon_core.package_identification:_identify(zed-ros2-examples) by extensions ['colcon_pkg']
[0.450s] Level 1:colcon.colcon_core.package_identification:_identify(zed-ros2-examples) by extension 'colcon_pkg'
[0.450s] Level 1:colcon.colcon_core.package_identification:_identify(zed-ros2-examples) by extensions ['colcon_meta']
[0.450s] Level 1:colcon.colcon_core.package_identification:_identify(zed-ros2-examples) by extension 'colcon_meta'
[0.451s] Level 1:colcon.colcon_core.package_identification:_identify(zed-ros2-examples) by extensions ['ros']
[0.451s] Level 1:colcon.colcon_core.package_identification:_identify(zed-ros2-examples) by extension 'ros'
[0.451s] Level 1:colcon.colcon_core.package_identification:_identify(zed-ros2-examples) by extensions ['cmake', 'python']
[0.451s] Level 1:colcon.colcon_core.package_identification:_identify(zed-ros2-examples) by extension 'cmake'
[0.451s] Level 1:colcon.colcon_core.package_identification:_identify(zed-ros2-examples) by extension 'python'
[0.451s] Level 1:colcon.colcon_core.package_identification:_identify(zed-ros2-examples) by extensions ['python_setup_py']
[0.451s] Level 1:colcon.colcon_core.package_identification:_identify(zed-ros2-examples) by extension 'python_setup_py'
[0.451s] Level 1:colcon.colcon_core.package_identification:_identify(zed-ros2-wrapper) by extensions ['ignore', 'ignore_ament_install']
[0.451s] Level 1:colcon.colcon_core.package_identification:_identify(zed-ros2-wrapper) by extension 'ignore'
[0.451s] Level 1:colcon.colcon_core.package_identification:_identify(zed-ros2-wrapper) by extension 'ignore_ament_install'
[0.451s] Level 1:colcon.colcon_core.package_identification:_identify(zed-ros2-wrapper) by extensions ['colcon_pkg']
[0.451s] Level 1:colcon.colcon_core.package_identification:_identify(zed-ros2-wrapper) by extension 'colcon_pkg'
[0.451s] Level 1:colcon.colcon_core.package_identification:_identify(zed-ros2-wrapper) by extensions ['colcon_meta']
[0.452s] Level 1:colcon.colcon_core.package_identification:_identify(zed-ros2-wrapper) by extension 'colcon_meta'
[0.452s] Level 1:colcon.colcon_core.package_identification:_identify(zed-ros2-wrapper) by extensions ['ros']
[0.452s] Level 1:colcon.colcon_core.package_identification:_identify(zed-ros2-wrapper) by extension 'ros'
[0.452s] Level 1:colcon.colcon_core.package_identification:_identify(zed-ros2-wrapper) by extensions ['cmake', 'python']
[0.452s] Level 1:colcon.colcon_core.package_identification:_identify(zed-ros2-wrapper) by extension 'cmake'
[0.452s] Level 1:colcon.colcon_core.package_identification:_identify(zed-ros2-wrapper) by extension 'python'
[0.452s] Level 1:colcon.colcon_core.package_identification:_identify(zed-ros2-wrapper) by extensions ['python_setup_py']
[0.452s] Level 1:colcon.colcon_core.package_identification:_identify(zed-ros2-wrapper) by extension 'python_setup_py'
[0.452s] Level 1:colcon.colcon_core.package_discovery:discover_packages(recursive) using defaults
[0.452s] Level 1:colcon.colcon_core.package_discovery:discover_packages(ignore) discover
[0.452s] Level 1:colcon.colcon_core.package_discovery:discover_packages(ignore) using defaults
[0.452s] Level 1:colcon.colcon_core.package_discovery:discover_packages(path) discover
[0.452s] Level 1:colcon.colcon_core.package_discovery:discover_packages(path) using defaults
[0.497s] Level 1:colcon.colcon_core.package_discovery:discover_packages(prefix_path) check parameters
[0.497s] Level 1:colcon.colcon_core.package_discovery:discover_packages(prefix_path) discover
[0.503s] DEBUG:colcon.colcon_installed_package_information.package_discovery:Found 192 installed packages in /opt/ros/jazzy
[0.504s] Level 1:colcon.colcon_core.package_discovery:discover_packages(prefix_path) using defaults
[0.550s] Level 5:colcon.colcon_core.verb:set package 'battery' build argument 'cmake_args' from command line to 'None'
[0.550s] Level 5:colcon.colcon_core.verb:set package 'battery' build argument 'cmake_target' from command line to 'None'
[0.550s] Level 5:colcon.colcon_core.verb:set package 'battery' build argument 'cmake_target_skip_unavailable' from command line to 'False'
[0.550s] Level 5:colcon.colcon_core.verb:set package 'battery' build argument 'cmake_clean_cache' from command line to 'False'
[0.550s] Level 5:colcon.colcon_core.verb:set package 'battery' build argument 'cmake_clean_first' from command line to 'False'
[0.550s] Level 5:colcon.colcon_core.verb:set package 'battery' build argument 'cmake_force_configure' from command line to 'False'
[0.550s] Level 5:colcon.colcon_core.verb:set package 'battery' build argument 'ament_cmake_args' from command line to 'None'
[0.550s] Level 5:colcon.colcon_core.verb:set package 'battery' build argument 'catkin_cmake_args' from command line to 'None'
[0.550s] Level 5:colcon.colcon_core.verb:set package 'battery' build argument 'catkin_skip_building_tests' from command line to 'False'
[0.551s] DEBUG:colcon.colcon_core.verb:Building package 'battery' with the following arguments: {'ament_cmake_args': None, 'build_base': '/home/selqie/buoyancy/build/battery', 'catkin_cmake_args': None, 'catkin_skip_building_tests': False, 'cmake_args': None, 'cmake_clean_cache': False, 'cmake_clean_first': False, 'cmake_force_configure': False, 'cmake_target': None, 'cmake_target_skip_unavailable': False, 'install_base': '/home/selqie/buoyancy/install/battery', 'merge_install': False, 'path': '/home/selqie/buoyancy/battery', 'symlink_install': False, 'test_result_base': None}
[0.551s] Level 5:colcon.colcon_core.verb:set package 'leak_sensor' build argument 'cmake_args' from command line to 'None'
[0.551s] Level 5:colcon.colcon_core.verb:set package 'leak_sensor' build argument 'cmake_target' from command line to 'None'
[0.551s] Level 5:colcon.colcon_core.verb:set package 'leak_sensor' build argument 'cmake_target_skip_unavailable' from command line to 'False'
[0.551s] Level 5:colcon.colcon_core.verb:set package 'leak_sensor' build argument 'cmake_clean_cache' from command line to 'False'
[0.551s] Level 5:colcon.colcon_core.verb:set package 'leak_sensor' build argument 'cmake_clean_first' from command line to 'False'
[0.551s] Level 5:colcon.colcon_core.verb:set package 'leak_sensor' build argument 'cmake_force_configure' from command line to 'False'
[0.551s] Level 5:colcon.colcon_core.verb:set package 'leak_sensor' build argument 'ament_cmake_args' from command line to 'None'
[0.551s] Level 5:colcon.colcon_core.verb:set package 'leak_sensor' build argument 'catkin_cmake_args' from command line to 'None'
[0.551s] Level 5:colcon.colcon_core.verb:set package 'leak_sensor' build argument 'catkin_skip_building_tests' from command line to 'False'
[0.551s] DEBUG:colcon.colcon_core.verb:Building package 'leak_sensor' with the following arguments: {'ament_cmake_args': None, 'build_base': '/home/selqie/buoyancy/build/leak_sensor', 'catkin_cmake_args': None, 'catkin_skip_building_tests': False, 'cmake_args': None, 'cmake_clean_cache': False, 'cmake_clean_first': False, 'cmake_force_configure': False, 'cmake_target': None, 'cmake_target_skip_unavailable': False, 'install_base': '/home/selqie/buoyancy/install/leak_sensor', 'merge_install': False, 'path': '/home/selqie/buoyancy/leak_sensor', 'symlink_install': False, 'test_result_base': None}
[0.552s] Level 5:colcon.colcon_core.verb:set package 'motor_interfaces' build argument 'cmake_args' from command line to 'None'
[0.552s] Level 5:colcon.colcon_core.verb:set package 'motor_interfaces' build argument 'cmake_target' from command line to 'None'
[0.552s] Level 5:colcon.colcon_core.verb:set package 'motor_interfaces' build argument 'cmake_target_skip_unavailable' from command line to 'False'
[0.552s] Level 5:colcon.colcon_core.verb:set package 'motor_interfaces' build argument 'cmake_clean_cache' from command line to 'False'
[0.552s] Level 5:colcon.colcon_core.verb:set package 'motor_interfaces' build argument 'cmake_clean_first' from command line to 'False'
[0.552s] Level 5:colcon.colcon_core.verb:set package 'motor_interfaces' build argument 'cmake_force_configure' from command line to 'False'
[0.552s] Level 5:colcon.colcon_core.verb:set package 'motor_interfaces' build argument 'ament_cmake_args' from command line to 'None'
[0.552s] Level 5:colcon.colcon_core.verb:set package 'motor_interfaces' build argument 'catkin_cmake_args' from command line to 'None'
[0.552s] Level 5:colcon.colcon_core.verb:set package 'motor_interfaces' build argument 'catkin_skip_building_tests' from command line to 'False'
[0.552s] DEBUG:colcon.colcon_core.verb:Building package 'motor_interfaces' with the following arguments: {'ament_cmake_args': None, 'build_base': '/home/selqie/buoyancy/build/motor_interfaces', 'catkin_cmake_args': None, 'catkin_skip_building_tests': False, 'cmake_args': None, 'cmake_clean_cache': False, 'cmake_clean_first': False, 'cmake_force_configure': False, 'cmake_target': None, 'cmake_target_skip_unavailable': False, 'install_base': '/home/selqie/buoyancy/install/motor_interfaces', 'merge_install': False, 'path': '/home/selqie/buoyancy/motor_interfaces', 'symlink_install': False, 'test_result_base': None}
[0.552s] Level 5:colcon.colcon_core.verb:set package 'buoy_control' build argument 'cmake_args' from command line to 'None'
[0.552s] Level 5:colcon.colcon_core.verb:set package 'buoy_control' build argument 'cmake_target' from command line to 'None'
[0.552s] Level 5:colcon.colcon_core.verb:set package 'buoy_control' build argument 'cmake_target_skip_unavailable' from command line to 'False'
[0.552s] Level 5:colcon.colcon_core.verb:set package 'buoy_control' build argument 'cmake_clean_cache' from command line to 'False'
[0.552s] Level 5:colcon.colcon_core.verb:set package 'buoy_control' build argument 'cmake_clean_first' from command line to 'False'
[0.552s] Level 5:colcon.colcon_core.verb:set package 'buoy_control' build argument 'cmake_force_configure' from command line to 'False'
[0.552s] Level 5:colcon.colcon_core.verb:set package 'buoy_control' build argument 'ament_cmake_args' from command line to 'None'
[0.552s] Level 5:colcon.colcon_core.verb:set package 'buoy_control' build argument 'catkin_cmake_args' from command line to 'None'
[0.552s] Level 5:colcon.colcon_core.verb:set package 'buoy_control' build argument 'catkin_skip_building_tests' from command line to 'False'
[0.552s] DEBUG:colcon.colcon_core.verb:Building package 'buoy_control' with the following arguments: {'ament_cmake_args': None, 'build_base': '/home/selqie/buoyancy/build/buoy_control', 'catkin_cmake_args': None, 'catkin_skip_building_tests': False, 'cmake_args': None, 'cmake_clean_cache': False, 'cmake_clean_first': False, 'cmake_force_configure': False, 'cmake_target': None, 'cmake_target_skip_unavailable': False, 'install_base': '/home/selqie/buoyancy/install/buoy_control', 'merge_install': False, 'path': '/home/selqie/buoyancy/buoy_control', 'symlink_install': False, 'test_result_base': None}
[0.553s] Level 5:colcon.colcon_core.verb:set package 'servo' build argument 'cmake_args' from command line to 'None'
[0.553s] Level 5:colcon.colcon_core.verb:set package 'servo' build argument 'cmake_target' from command line to 'None'
[0.553s] Level 5:colcon.colcon_core.verb:set package 'servo' build argument 'cmake_target_skip_unavailable' from command line to 'False'
[0.553s] Level 5:colcon.colcon_core.verb:set package 'servo' build argument 'cmake_clean_cache' from command line to 'False'
[0.553s] Level 5:colcon.colcon_core.verb:set package 'servo' build argument 'cmake_clean_first' from command line to 'False'
[0.553s] Level 5:colcon.colcon_core.verb:set package 'servo' build argument 'cmake_force_configure' from command line to 'False'
[0.553s] Level 5:colcon.colcon_core.verb:set package 'servo' build argument 'ament_cmake_args' from command line to 'None'
[0.553s] Level 5:colcon.colcon_core.verb:set package 'servo' build argument 'catkin_cmake_args' from command line to 'None'
[0.553s] Level 5:colcon.colcon_core.verb:set package 'servo' build argument 'catkin_skip_building_tests' from command line to 'False'
[0.553s] DEBUG:colcon.colcon_core.verb:Building package 'servo' with the following arguments: {'ament_cmake_args': None, 'build_base': '/home/selqie/buoyancy/build/servo', 'catkin_cmake_args': None, 'catkin_skip_building_tests': False, 'cmake_args': None, 'cmake_clean_cache': False, 'cmake_clean_first': False, 'cmake_force_configure': False, 'cmake_target': None, 'cmake_target_skip_unavailable': False, 'install_base': '/home/selqie/buoyancy/install/servo', 'merge_install': False, 'path': '/home/selqie/buoyancy/servo', 'symlink_install': False, 'test_result_base': None}
[0.553s] INFO:colcon.colcon_core.executor:Executing jobs using 'parallel' executor
[0.555s] DEBUG:colcon.colcon_parallel_executor.executor.parallel:run_until_complete
[0.555s] INFO:colcon.colcon_ros.task.ament_cmake.build:Building ROS package in '/home/selqie/buoyancy/motor_interfaces' with build type 'ament_cmake'
[0.555s] INFO:colcon.colcon_cmake.task.cmake.build:Building CMake package in '/home/selqie/buoyancy/motor_interfaces'
[0.562s] INFO:colcon.colcon_core.plugin_system:Skipping extension 'colcon_core.shell.bat': Not used on non-Windows systems
[0.563s] INFO:colcon.colcon_core.shell:Skip shell extension 'powershell' for command environment: Not usable outside of PowerShell
[0.563s] DEBUG:colcon.colcon_core.shell:Skip shell extension 'dsv' for command environment
[0.567s] INFO:colcon.colcon_ros.task.ament_python.build:Building ROS package in '/home/selqie/buoyancy/battery' with build type 'ament_python'
[0.568s] Level 1:colcon.colcon_core.shell:create_environment_hook('battery', 'ament_prefix_path')
[0.568s] INFO:colcon.colcon_core.shell:Creating environment hook '/home/selqie/buoyancy/install/battery/share/battery/hook/ament_prefix_path.ps1'
[0.571s] INFO:colcon.colcon_core.shell:Creating environment descriptor '/home/selqie/buoyancy/install/battery/share/battery/hook/ament_prefix_path.dsv'
[0.573s] INFO:colcon.colcon_core.shell:Creating environment hook '/home/selqie/buoyancy/install/battery/share/battery/hook/ament_prefix_path.sh'
[0.576s] INFO:colcon.colcon_core.shell:Skip shell extension 'powershell' for command environment: Not usable outside of PowerShell
[0.576s] DEBUG:colcon.colcon_core.shell:Skip shell extension 'dsv' for command environment
[0.580s] INFO:colcon.colcon_ros.task.ament_python.build:Building ROS package in '/home/selqie/buoyancy/leak_sensor' with build type 'ament_python'
[0.580s] Level 1:colcon.colcon_core.shell:create_environment_hook('leak_sensor', 'ament_prefix_path')
[0.581s] INFO:colcon.colcon_core.shell:Creating environment hook '/home/selqie/buoyancy/install/leak_sensor/share/leak_sensor/hook/ament_prefix_path.ps1'
[0.582s] INFO:colcon.colcon_core.shell:Creating environment descriptor '/home/selqie/buoyancy/install/leak_sensor/share/leak_sensor/hook/ament_prefix_path.dsv'
[0.583s] INFO:colcon.colcon_core.shell:Creating environment hook '/home/selqie/buoyancy/install/leak_sensor/share/leak_sensor/hook/ament_prefix_path.sh'
[0.585s] INFO:colcon.colcon_core.shell:Skip shell extension 'powershell' for command environment: Not usable outside of PowerShell
[0.585s] DEBUG:colcon.colcon_core.shell:Skip shell extension 'dsv' for command environment
[0.599s] DEBUG:colcon.colcon_core.event_handler.log_command:Invoking command in '/home/selqie/buoyancy/build/motor_interfaces': CMAKE_PREFIX_PATH=/opt/ros/jazzy /usr/bin/cmake --build /home/selqie/buoyancy/build/motor_interfaces -- -j4 -l4
[1.046s] INFO:colcon.colcon_core.task.python.build:Building Python package in '/home/selqie/buoyancy/battery'
[1.047s] INFO:colcon.colcon_core.shell:Skip shell extension 'powershell' for command environment: Not usable outside of PowerShell
[1.047s] DEBUG:colcon.colcon_core.shell:Skip shell extension 'dsv' for command environment
[1.580s] INFO:colcon.colcon_core.task.python.build:Building Python package in '/home/selqie/buoyancy/leak_sensor'
[1.580s] INFO:colcon.colcon_core.shell:Skip shell extension 'powershell' for command environment: Not usable outside of PowerShell
[1.580s] DEBUG:colcon.colcon_core.shell:Skip shell extension 'dsv' for command environment
[1.737s] DEBUG:colcon.colcon_core.event_handler.log_command:Invoked command in '/home/selqie/buoyancy/build/motor_interfaces' returned '0': CMAKE_PREFIX_PATH=/opt/ros/jazzy /usr/bin/cmake --build /home/selqie/buoyancy/build/motor_interfaces -- -j4 -l4
[1.767s] DEBUG:colcon.colcon_core.event_handler.log_command:Invoking command in '/home/selqie/buoyancy/build/motor_interfaces': CMAKE_PREFIX_PATH=/opt/ros/jazzy /usr/bin/cmake --install /home/selqie/buoyancy/build/motor_interfaces
[1.921s] Level 1:colcon.colcon_core.environment:create_environment_scripts_only(motor_interfaces)
[1.922s] DEBUG:colcon.colcon_core.event_handler.log_command:Invoked command in '/home/selqie/buoyancy/build/motor_interfaces' returned '0': CMAKE_PREFIX_PATH=/opt/ros/jazzy /usr/bin/cmake --install /home/selqie/buoyancy/build/motor_interfaces
[1.931s] Level 1:colcon.colcon_core.environment:checking '/home/selqie/buoyancy/install/motor_interfaces' for CMake module files
[1.932s] Level 1:colcon.colcon_core.environment:checking '/home/selqie/buoyancy/install/motor_interfaces' for CMake config files
[1.933s] Level 1:colcon.colcon_core.shell:create_environment_hook('motor_interfaces', 'cmake_prefix_path')
[1.933s] INFO:colcon.colcon_core.shell:Creating environment hook '/home/selqie/buoyancy/install/motor_interfaces/share/motor_interfaces/hook/cmake_prefix_path.ps1'
[1.934s] INFO:colcon.colcon_core.shell:Creating environment descriptor '/home/selqie/buoyancy/install/motor_interfaces/share/motor_interfaces/hook/cmake_prefix_path.dsv'
[1.936s] INFO:colcon.colcon_core.shell:Creating environment hook '/home/selqie/buoyancy/install/motor_interfaces/share/motor_interfaces/hook/cmake_prefix_path.sh'
[1.938s] Level 1:colcon.colcon_core.environment:checking '/home/selqie/buoyancy/install/motor_interfaces/lib'
[1.938s] Level 1:colcon.colcon_core.shell:create_environment_hook('motor_interfaces', 'ld_library_path_lib')
[1.938s] INFO:colcon.colcon_core.shell:Creating environment hook '/home/selqie/buoyancy/install/motor_interfaces/share/motor_interfaces/hook/ld_library_path_lib.ps1'
[1.939s] INFO:colcon.colcon_core.shell:Creating environment descriptor '/home/selqie/buoyancy/install/motor_interfaces/share/motor_interfaces/hook/ld_library_path_lib.dsv'
[1.940s] INFO:colcon.colcon_core.shell:Creating environment hook '/home/selqie/buoyancy/install/motor_interfaces/share/motor_interfaces/hook/ld_library_path_lib.sh'
[1.942s] Level 1:colcon.colcon_core.environment:checking '/home/selqie/buoyancy/install/motor_interfaces/bin'
[1.942s] Level 1:colcon.colcon_core.environment:checking '/home/selqie/buoyancy/install/motor_interfaces/lib/pkgconfig/motor_interfaces.pc'
[1.942s] Level 1:colcon.colcon_core.environment:checking '/home/selqie/buoyancy/install/motor_interfaces/lib/python3.12/site-packages'
[1.943s] Level 1:colcon.colcon_core.shell:create_environment_hook('motor_interfaces', 'pythonpath')
[1.943s] INFO:colcon.colcon_core.shell:Creating environment hook '/home/selqie/buoyancy/install/motor_interfaces/share/motor_interfaces/hook/pythonpath.ps1'
[1.944s] INFO:colcon.colcon_core.shell:Creating environment descriptor '/home/selqie/buoyancy/install/motor_interfaces/share/motor_interfaces/hook/pythonpath.dsv'
[1.948s] INFO:colcon.colcon_core.shell:Creating environment hook '/home/selqie/buoyancy/install/motor_interfaces/share/motor_interfaces/hook/pythonpath.sh'
[1.949s] Level 1:colcon.colcon_core.environment:checking '/home/selqie/buoyancy/install/motor_interfaces/bin'
[1.950s] INFO:colcon.colcon_core.shell:Creating package script '/home/selqie/buoyancy/install/motor_interfaces/share/motor_interfaces/package.ps1'
[1.952s] INFO:colcon.colcon_core.shell:Creating package descriptor '/home/selqie/buoyancy/install/motor_interfaces/share/motor_interfaces/package.dsv'
[1.954s] INFO:colcon.colcon_core.shell:Creating package script '/home/selqie/buoyancy/install/motor_interfaces/share/motor_interfaces/package.sh'
[1.956s] INFO:colcon.colcon_core.shell:Creating package script '/home/selqie/buoyancy/install/motor_interfaces/share/motor_interfaces/package.bash'
[1.959s] INFO:colcon.colcon_core.shell:Creating package script '/home/selqie/buoyancy/install/motor_interfaces/share/motor_interfaces/package.zsh'
[1.961s] Level 1:colcon.colcon_core.environment:create_file_with_runtime_dependencies(/home/selqie/buoyancy/install/motor_interfaces/share/colcon-core/packages/motor_interfaces)
[1.963s] Level 1:colcon.colcon_core.environment:create_environment_scripts_only(motor_interfaces)
[1.963s] Level 1:colcon.colcon_core.environment:checking '/home/selqie/buoyancy/install/motor_interfaces' for CMake module files
[1.965s] Level 1:colcon.colcon_core.environment:checking '/home/selqie/buoyancy/install/motor_interfaces' for CMake config files
[1.965s] Level 1:colcon.colcon_core.shell:create_environment_hook('motor_interfaces', 'cmake_prefix_path')
[1.966s] INFO:colcon.colcon_core.shell:Creating environment hook '/home/selqie/buoyancy/install/motor_interfaces/share/motor_interfaces/hook/cmake_prefix_path.ps1'
[1.966s] INFO:colcon.colcon_core.shell:Creating environment descriptor '/home/selqie/buoyancy/install/motor_interfaces/share/motor_interfaces/hook/cmake_prefix_path.dsv'
[1.968s] INFO:colcon.colcon_core.shell:Creating environment hook '/home/selqie/buoyancy/install/motor_interfaces/share/motor_interfaces/hook/cmake_prefix_path.sh'
[1.969s] Level 1:colcon.colcon_core.environment:checking '/home/selqie/buoyancy/install/motor_interfaces/lib'
[1.969s] Level 1:colcon.colcon_core.shell:create_environment_hook('motor_interfaces', 'ld_library_path_lib')
[1.970s] INFO:colcon.colcon_core.shell:Creating environment hook '/home/selqie/buoyancy/install/motor_interfaces/share/motor_interfaces/hook/ld_library_path_lib.ps1'
[1.971s] INFO:colcon.colcon_core.shell:Creating environment descriptor '/home/selqie/buoyancy/install/motor_interfaces/share/motor_interfaces/hook/ld_library_path_lib.dsv'
[1.972s] INFO:colcon.colcon_core.shell:Creating environment hook '/home/selqie/buoyancy/install/motor_interfaces/share/motor_interfaces/hook/ld_library_path_lib.sh'
[1.973s] Level 1:colcon.colcon_core.environment:checking '/home/selqie/buoyancy/install/motor_interfaces/bin'
[1.974s] Level 1:colcon.colcon_core.environment:checking '/home/selqie/buoyancy/install/motor_interfaces/lib/pkgconfig/motor_interfaces.pc'
[1.974s] Level 1:colcon.colcon_core.environment:checking '/home/selqie/buoyancy/install/motor_interfaces/lib/python3.12/site-packages'
[1.974s] Level 1:colcon.colcon_core.shell:create_environment_hook('motor_interfaces', 'pythonpath')
[1.974s] INFO:colcon.colcon_core.shell:Creating environment hook '/home/selqie/buoyancy/install/motor_interfaces/share/motor_interfaces/hook/pythonpath.ps1'
[1.975s] INFO:colcon.colcon_core.shell:Creating environment descriptor '/home/selqie/buoyancy/install/motor_interfaces/share/motor_interfaces/hook/pythonpath.dsv'
[1.976s] INFO:colcon.colcon_core.shell:Creating environment hook '/home/selqie/buoyancy/install/motor_interfaces/share/motor_interfaces/hook/pythonpath.sh'
[1.978s] Level 1:colcon.colcon_core.environment:checking '/home/selqie/buoyancy/install/motor_interfaces/bin'
[1.978s] INFO:colcon.colcon_core.shell:Creating package script '/home/selqie/buoyancy/install/motor_interfaces/share/motor_interfaces/package.ps1'
[1.979s] INFO:colcon.colcon_core.shell:Creating package descriptor '/home/selqie/buoyancy/install/motor_interfaces/share/motor_interfaces/package.dsv'
[1.981s] INFO:colcon.colcon_core.shell:Creating package script '/home/selqie/buoyancy/install/motor_interfaces/share/motor_interfaces/package.sh'
[1.982s] INFO:colcon.colcon_core.shell:Creating package script '/home/selqie/buoyancy/install/motor_interfaces/share/motor_interfaces/package.bash'
[1.984s] INFO:colcon.colcon_core.shell:Creating package script '/home/selqie/buoyancy/install/motor_interfaces/share/motor_interfaces/package.zsh'
[1.985s] Level 1:colcon.colcon_core.environment:create_file_with_runtime_dependencies(/home/selqie/buoyancy/install/motor_interfaces/share/colcon-core/packages/motor_interfaces)
[1.987s] INFO:colcon.colcon_ros.task.ament_python.build:Building ROS package in '/home/selqie/buoyancy/buoy_control' with build type 'ament_python'
[1.987s] Level 1:colcon.colcon_core.shell:create_environment_hook('buoy_control', 'ament_prefix_path')
[1.988s] INFO:colcon.colcon_core.shell:Creating environment hook '/home/selqie/buoyancy/install/buoy_control/share/buoy_control/hook/ament_prefix_path.ps1'
[1.990s] INFO:colcon.colcon_core.shell:Creating environment descriptor '/home/selqie/buoyancy/install/buoy_control/share/buoy_control/hook/ament_prefix_path.dsv'
[1.991s] INFO:colcon.colcon_core.shell:Creating environment hook '/home/selqie/buoyancy/install/buoy_control/share/buoy_control/hook/ament_prefix_path.sh'
[1.991s] INFO:colcon.colcon_core.shell:Skip shell extension 'powershell' for command environment: Not usable outside of PowerShell
[1.991s] DEBUG:colcon.colcon_core.shell:Skip shell extension 'dsv' for command environment
[1.996s] INFO:colcon.colcon_ros.task.ament_python.build:Building ROS package in '/home/selqie/buoyancy/servo' with build type 'ament_python'
[1.996s] Level 1:colcon.colcon_core.shell:create_environment_hook('servo', 'ament_prefix_path')
[1.997s] INFO:colcon.colcon_core.shell:Creating environment hook '/home/selqie/buoyancy/install/servo/share/servo/hook/ament_prefix_path.ps1'
[1.999s] INFO:colcon.colcon_core.shell:Creating environment descriptor '/home/selqie/buoyancy/install/servo/share/servo/hook/ament_prefix_path.dsv'
[1.999s] INFO:colcon.colcon_core.shell:Creating environment hook '/home/selqie/buoyancy/install/servo/share/servo/hook/ament_prefix_path.sh'
[2.001s] INFO:colcon.colcon_core.shell:Skip shell extension 'powershell' for command environment: Not usable outside of PowerShell
[2.001s] DEBUG:colcon.colcon_core.shell:Skip shell extension 'dsv' for command environment
[2.390s] INFO:colcon.colcon_core.task.python.build:Building Python package in '/home/selqie/buoyancy/buoy_control'
[2.391s] INFO:colcon.colcon_core.shell:Skip shell extension 'powershell' for command environment: Not usable outside of PowerShell
[2.391s] DEBUG:colcon.colcon_core.shell:Skip shell extension 'dsv' for command environment
[2.808s] INFO:colcon.colcon_core.task.python.build:Building Python package in '/home/selqie/buoyancy/servo'
[2.809s] INFO:colcon.colcon_core.shell:Skip shell extension 'powershell' for command environment: Not usable outside of PowerShell
[2.809s] DEBUG:colcon.colcon_core.shell:Skip shell extension 'dsv' for command environment
[3.176s] DEBUG:colcon.colcon_core.event_handler.log_command:Invoking command in '/home/selqie/buoyancy/battery': PYTHONPATH=/home/selqie/buoyancy/build/battery/prefix_override:/usr/lib/python3/dist-packages/colcon_core/task/python/colcon_distutils_commands:/home/selqie/buoyancy/install/battery/lib/python3.12/site-packages:${PYTHONPATH} /usr/bin/python3 -W ignore:setup.py install is deprecated -W ignore:easy_install command is deprecated setup.py egg_info --egg-base ../build/battery build --build-base /home/selqie/buoyancy/build/battery/build install --record /home/selqie/buoyancy/build/battery/install.log --single-version-externally-managed install_data
[3.191s] DEBUG:colcon.colcon_core.event_handler.log_command:Invoking command in '/home/selqie/buoyancy/leak_sensor': PYTHONPATH=/home/selqie/buoyancy/build/leak_sensor/prefix_override:/usr/lib/python3/dist-packages/colcon_core/task/python/colcon_distutils_commands:/home/selqie/buoyancy/install/leak_sensor/lib/python3.12/site-packages:${PYTHONPATH} /usr/bin/python3 -W ignore:setup.py install is deprecated -W ignore:easy_install command is deprecated setup.py egg_info --egg-base ../build/leak_sensor build --build-base /home/selqie/buoyancy/build/leak_sensor/build install --record /home/selqie/buoyancy/build/leak_sensor/install.log --single-version-externally-managed install_data
[4.286s] DEBUG:colcon.colcon_core.event_handler.log_command:Invoking command in '/home/selqie/buoyancy/servo': AMENT_PREFIX_PATH=/home/selqie/buoyancy/install/motor_interfaces:${AMENT_PREFIX_PATH} CMAKE_PREFIX_PATH=/home/selqie/buoyancy/install/motor_interfaces LD_LIBRARY_PATH=/home/selqie/buoyancy/install/motor_interfaces/lib:${LD_LIBRARY_PATH} PYTHONPATH=/home/selqie/buoyancy/build/servo/prefix_override:/usr/lib/python3/dist-packages/colcon_core/task/python/colcon_distutils_commands:/home/selqie/buoyancy/install/servo/lib/python3.12/site-packages:/home/selqie/buoyancy/install/motor_interfaces/lib/python3.12/site-packages:${PYTHONPATH} /usr/bin/python3 -W ignore:setup.py install is deprecated -W ignore:easy_install command is deprecated setup.py egg_info --egg-base ../build/servo build --build-base /home/selqie/buoyancy/build/servo/build install --record /home/selqie/buoyancy/build/servo/install.log --single-version-externally-managed install_data
[4.434s] DEBUG:colcon.colcon_core.event_handler.log_command:Invoking command in '/home/selqie/buoyancy/buoy_control': AMENT_PREFIX_PATH=/home/selqie/buoyancy/install/motor_interfaces:${AMENT_PREFIX_PATH} CMAKE_PREFIX_PATH=/home/selqie/buoyancy/install/motor_interfaces LD_LIBRARY_PATH=/home/selqie/buoyancy/install/motor_interfaces/lib:${LD_LIBRARY_PATH} PYTHONPATH=/home/selqie/buoyancy/build/buoy_control/prefix_override:/usr/lib/python3/dist-packages/colcon_core/task/python/colcon_distutils_commands:/home/selqie/buoyancy/install/buoy_control/lib/python3.12/site-packages:/home/selqie/buoyancy/install/motor_interfaces/lib/python3.12/site-packages:${PYTHONPATH} /usr/bin/python3 -W ignore:setup.py install is deprecated -W ignore:easy_install command is deprecated setup.py egg_info --egg-base ../build/buoy_control build --build-base /home/selqie/buoyancy/build/buoy_control/build install --record /home/selqie/buoyancy/build/buoy_control/install.log --single-version-externally-managed install_data
[4.460s] Level 1:colcon.colcon_core.environment:checking '/home/selqie/buoyancy/install/battery' for CMake module files
[4.462s] DEBUG:colcon.colcon_core.event_handler.log_command:Invoked command in '/home/selqie/buoyancy/battery' returned '0': PYTHONPATH=/home/selqie/buoyancy/build/battery/prefix_override:/usr/lib/python3/dist-packages/colcon_core/task/python/colcon_distutils_commands:/home/selqie/buoyancy/install/battery/lib/python3.12/site-packages:${PYTHONPATH} /usr/bin/python3 -W ignore:setup.py install is deprecated -W ignore:easy_install command is deprecated setup.py egg_info --egg-base ../build/battery build --build-base /home/selqie/buoyancy/build/battery/build install --record /home/selqie/buoyancy/build/battery/install.log --single-version-externally-managed install_data
[4.464s] Level 1:colcon.colcon_core.environment:checking '/home/selqie/buoyancy/install/battery' for CMake config files
[4.465s] Level 1:colcon.colcon_core.environment:checking '/home/selqie/buoyancy/install/battery/lib'
[4.465s] Level 1:colcon.colcon_core.environment:checking '/home/selqie/buoyancy/install/battery/bin'
[4.465s] Level 1:colcon.colcon_core.environment:checking '/home/selqie/buoyancy/install/battery/lib/pkgconfig/battery.pc'
[4.466s] Level 1:colcon.colcon_core.environment:checking '/home/selqie/buoyancy/install/battery/lib/python3.12/site-packages'
[4.466s] Level 1:colcon.colcon_core.shell:create_environment_hook('battery', 'pythonpath')
[4.467s] INFO:colcon.colcon_core.shell:Creating environment hook '/home/selqie/buoyancy/install/battery/share/battery/hook/pythonpath.ps1'
[4.471s] INFO:colcon.colcon_core.shell:Creating environment descriptor '/home/selqie/buoyancy/install/battery/share/battery/hook/pythonpath.dsv'
[4.473s] INFO:colcon.colcon_core.shell:Creating environment hook '/home/selqie/buoyancy/install/battery/share/battery/hook/pythonpath.sh'
[4.476s] Level 1:colcon.colcon_core.environment:checking '/home/selqie/buoyancy/install/battery/bin'
[4.477s] Level 1:colcon.colcon_core.environment:create_environment_scripts_only(battery)
[4.478s] INFO:colcon.colcon_core.shell:Creating package script '/home/selqie/buoyancy/install/battery/share/battery/package.ps1'
[4.482s] INFO:colcon.colcon_core.shell:Creating package descriptor '/home/selqie/buoyancy/install/battery/share/battery/package.dsv'
[4.485s] INFO:colcon.colcon_core.shell:Creating package script '/home/selqie/buoyancy/install/battery/share/battery/package.sh'
[4.487s] INFO:colcon.colcon_core.shell:Creating package script '/home/selqie/buoyancy/install/battery/share/battery/package.bash'
[4.491s] INFO:colcon.colcon_core.shell:Creating package script '/home/selqie/buoyancy/install/battery/share/battery/package.zsh'
[4.495s] Level 1:colcon.colcon_core.environment:create_file_with_runtime_dependencies(/home/selqie/buoyancy/install/battery/share/colcon-core/packages/battery)
[4.654s] Level 1:colcon.colcon_core.environment:checking '/home/selqie/buoyancy/install/leak_sensor' for CMake module files
[4.655s] Level 1:colcon.colcon_core.environment:checking '/home/selqie/buoyancy/install/leak_sensor' for CMake config files
[4.655s] DEBUG:colcon.colcon_core.event_handler.log_command:Invoked command in '/home/selqie/buoyancy/leak_sensor' returned '0': PYTHONPATH=/home/selqie/buoyancy/build/leak_sensor/prefix_override:/usr/lib/python3/dist-packages/colcon_core/task/python/colcon_distutils_commands:/home/selqie/buoyancy/install/leak_sensor/lib/python3.12/site-packages:${PYTHONPATH} /usr/bin/python3 -W ignore:setup.py install is deprecated -W ignore:easy_install command is deprecated setup.py egg_info --egg-base ../build/leak_sensor build --build-base /home/selqie/buoyancy/build/leak_sensor/build install --record /home/selqie/buoyancy/build/leak_sensor/install.log --single-version-externally-managed install_data
[4.657s] Level 1:colcon.colcon_core.environment:checking '/home/selqie/buoyancy/install/leak_sensor/lib'
[4.657s] Level 1:colcon.colcon_core.environment:checking '/home/selqie/buoyancy/install/leak_sensor/bin'
[4.657s] Level 1:colcon.colcon_core.environment:checking '/home/selqie/buoyancy/install/leak_sensor/lib/pkgconfig/leak_sensor.pc'
[4.658s] Level 1:colcon.colcon_core.environment:checking '/home/selqie/buoyancy/install/leak_sensor/lib/python3.12/site-packages'
[4.658s] Level 1:colcon.colcon_core.shell:create_environment_hook('leak_sensor', 'pythonpath')
[4.658s] INFO:colcon.colcon_core.shell:Creating environment hook '/home/selqie/buoyancy/install/leak_sensor/share/leak_sensor/hook/pythonpath.ps1'
[4.659s] INFO:colcon.colcon_core.shell:Creating environment descriptor '/home/selqie/buoyancy/install/leak_sensor/share/leak_sensor/hook/pythonpath.dsv'
[4.661s] INFO:colcon.colcon_core.shell:Creating environment hook '/home/selqie/buoyancy/install/leak_sensor/share/leak_sensor/hook/pythonpath.sh'
[4.664s] Level 1:colcon.colcon_core.environment:checking '/home/selqie/buoyancy/install/leak_sensor/bin'
[4.664s] Level 1:colcon.colcon_core.environment:create_environment_scripts_only(leak_sensor)
[4.665s] INFO:colcon.colcon_core.shell:Creating package script '/home/selqie/buoyancy/install/leak_sensor/share/leak_sensor/package.ps1'
[4.666s] INFO:colcon.colcon_core.shell:Creating package descriptor '/home/selqie/buoyancy/install/leak_sensor/share/leak_sensor/package.dsv'
[4.670s] INFO:colcon.colcon_core.shell:Creating package script '/home/selqie/buoyancy/install/leak_sensor/share/leak_sensor/package.sh'
[4.671s] INFO:colcon.colcon_core.shell:Creating package script '/home/selqie/buoyancy/install/leak_sensor/share/leak_sensor/package.bash'
[4.672s] INFO:colcon.colcon_core.shell:Creating package script '/home/selqie/buoyancy/install/leak_sensor/share/leak_sensor/package.zsh'
[4.672s] Level 1:colcon.colcon_core.environment:create_file_with_runtime_dependencies(/home/selqie/buoyancy/install/leak_sensor/share/colcon-core/packages/leak_sensor)
[5.275s] Level 1:colcon.colcon_core.environment:checking '/home/selqie/buoyancy/install/servo' for CMake module files
[5.276s] Level 1:colcon.colcon_core.environment:checking '/home/selqie/buoyancy/install/servo' for CMake config files
[5.284s] DEBUG:colcon.colcon_core.event_handler.log_command:Invoked command in '/home/selqie/buoyancy/servo' returned '0': AMENT_PREFIX_PATH=/home/selqie/buoyancy/install/motor_interfaces:${AMENT_PREFIX_PATH} CMAKE_PREFIX_PATH=/home/selqie/buoyancy/install/motor_interfaces LD_LIBRARY_PATH=/home/selqie/buoyancy/install/motor_interfaces/lib:${LD_LIBRARY_PATH} PYTHONPATH=/home/selqie/buoyancy/build/servo/prefix_override:/usr/lib/python3/dist-packages/colcon_core/task/python/colcon_distutils_commands:/home/selqie/buoyancy/install/servo/lib/python3.12/site-packages:/home/selqie/buoyancy/install/motor_interfaces/lib/python3.12/site-packages:${PYTHONPATH} /usr/bin/python3 -W ignore:setup.py install is deprecated -W ignore:easy_install command is deprecated setup.py egg_info --egg-base ../build/servo build --build-base /home/selqie/buoyancy/build/servo/build install --record /home/selqie/buoyancy/build/servo/install.log --single-version-externally-managed install_data
[5.285s] Level 1:colcon.colcon_core.environment:checking '/home/selqie/buoyancy/install/servo/lib'
[5.285s] Level 1:colcon.colcon_core.environment:checking '/home/selqie/buoyancy/install/servo/bin'
[5.285s] Level 1:colcon.colcon_core.environment:checking '/home/selqie/buoyancy/install/servo/lib/pkgconfig/servo.pc'
[5.286s] Level 1:colcon.colcon_core.environment:checking '/home/selqie/buoyancy/install/servo/lib/python3.12/site-packages'
[5.286s] Level 1:colcon.colcon_core.shell:create_environment_hook('servo', 'pythonpath')
[5.287s] INFO:colcon.colcon_core.shell:Creating environment hook '/home/selqie/buoyancy/install/servo/share/servo/hook/pythonpath.ps1'
[5.288s] INFO:colcon.colcon_core.shell:Creating environment descriptor '/home/selqie/buoyancy/install/servo/share/servo/hook/pythonpath.dsv'
[5.289s] INFO:colcon.colcon_core.shell:Creating environment hook '/home/selqie/buoyancy/install/servo/share/servo/hook/pythonpath.sh'
[5.291s] Level 1:colcon.colcon_core.environment:checking '/home/selqie/buoyancy/install/servo/bin'
[5.291s] Level 1:colcon.colcon_core.environment:create_environment_scripts_only(servo)
[5.292s] INFO:colcon.colcon_core.shell:Creating package script '/home/selqie/buoyancy/install/servo/share/servo/package.ps1'
[5.293s] INFO:colcon.colcon_core.shell:Creating package descriptor '/home/selqie/buoyancy/install/servo/share/servo/package.dsv'
[5.295s] INFO:colcon.colcon_core.shell:Creating package script '/home/selqie/buoyancy/install/servo/share/servo/package.sh'
[5.297s] INFO:colcon.colcon_core.shell:Creating package script '/home/selqie/buoyancy/install/servo/share/servo/package.bash'
[5.298s] INFO:colcon.colcon_core.shell:Creating package script '/home/selqie/buoyancy/install/servo/share/servo/package.zsh'
[5.300s] Level 1:colcon.colcon_core.environment:create_file_with_runtime_dependencies(/home/selqie/buoyancy/install/servo/share/colcon-core/packages/servo)
[5.337s] Level 1:colcon.colcon_core.environment:checking '/home/selqie/buoyancy/install/buoy_control' for CMake module files
[5.337s] DEBUG:colcon.colcon_core.event_handler.log_command:Invoked command in '/home/selqie/buoyancy/buoy_control' returned '0': AMENT_PREFIX_PATH=/home/selqie/buoyancy/install/motor_interfaces:${AMENT_PREFIX_PATH} CMAKE_PREFIX_PATH=/home/selqie/buoyancy/install/motor_interfaces LD_LIBRARY_PATH=/home/selqie/buoyancy/install/motor_interfaces/lib:${LD_LIBRARY_PATH} PYTHONPATH=/home/selqie/buoyancy/build/buoy_control/prefix_override:/usr/lib/python3/dist-packages/colcon_core/task/python/colcon_distutils_commands:/home/selqie/buoyancy/install/buoy_control/lib/python3.12/site-packages:/home/selqie/buoyancy/install/motor_interfaces/lib/python3.12/site-packages:${PYTHONPATH} /usr/bin/python3 -W ignore:setup.py install is deprecated -W ignore:easy_install command is deprecated setup.py egg_info --egg-base ../build/buoy_control build --build-base /home/selqie/buoyancy/build/buoy_control/build install --record /home/selqie/buoyancy/build/buoy_control/install.log --single-version-externally-managed install_data
[5.338s] Level 1:colcon.colcon_core.environment:checking '/home/selqie/buoyancy/install/buoy_control' for CMake config files
[5.339s] Level 1:colcon.colcon_core.environment:checking '/home/selqie/buoyancy/install/buoy_control/lib'
[5.339s] Level 1:colcon.colcon_core.environment:checking '/home/selqie/buoyancy/install/buoy_control/bin'
[5.339s] Level 1:colcon.colcon_core.environment:checking '/home/selqie/buoyancy/install/buoy_control/lib/pkgconfig/buoy_control.pc'
[5.339s] Level 1:colcon.colcon_core.environment:checking '/home/selqie/buoyancy/install/buoy_control/lib/python3.12/site-packages'
[5.339s] Level 1:colcon.colcon_core.shell:create_environment_hook('buoy_control', 'pythonpath')
[5.339s] INFO:colcon.colcon_core.shell:Creating environment hook '/home/selqie/buoyancy/install/buoy_control/share/buoy_control/hook/pythonpath.ps1'
[5.340s] INFO:colcon.colcon_core.shell:Creating environment descriptor '/home/selqie/buoyancy/install/buoy_control/share/buoy_control/hook/pythonpath.dsv'
[5.344s] INFO:colcon.colcon_core.shell:Creating environment hook '/home/selqie/buoyancy/install/buoy_control/share/buoy_control/hook/pythonpath.sh'
[5.345s] Level 1:colcon.colcon_core.environment:checking '/home/selqie/buoyancy/install/buoy_control/bin'
[5.345s] Level 1:colcon.colcon_core.environment:create_environment_scripts_only(buoy_control)
[5.346s] INFO:colcon.colcon_core.shell:Creating package script '/home/selqie/buoyancy/install/buoy_control/share/buoy_control/package.ps1'
[5.347s] INFO:colcon.colcon_core.shell:Creating package descriptor '/home/selqie/buoyancy/install/buoy_control/share/buoy_control/package.dsv'
[5.347s] INFO:colcon.colcon_core.shell:Creating package script '/home/selqie/buoyancy/install/buoy_control/share/buoy_control/package.sh'
[5.348s] INFO:colcon.colcon_core.shell:Creating package script '/home/selqie/buoyancy/install/buoy_control/share/buoy_control/package.bash'
[5.349s] INFO:colcon.colcon_core.shell:Creating package script '/home/selqie/buoyancy/install/buoy_control/share/buoy_control/package.zsh'
[5.349s] Level 1:colcon.colcon_core.environment:create_file_with_runtime_dependencies(/home/selqie/buoyancy/install/buoy_control/share/colcon-core/packages/buoy_control)
[5.350s] DEBUG:colcon.colcon_parallel_executor.executor.parallel:closing loop
[5.351s] DEBUG:colcon.colcon_parallel_executor.executor.parallel:loop closed
[5.351s] DEBUG:colcon.colcon_parallel_executor.executor.parallel:run_until_complete finished with '0'
[5.351s] DEBUG:colcon.colcon_core.event_reactor:joining thread
[5.362s] INFO:colcon.colcon_core.plugin_system:Skipping extension 'colcon_notification.desktop_notification.notify_send': Could not find 'notify-send'
[5.362s] INFO:colcon.colcon_core.plugin_system:Skipping extension 'colcon_notification.desktop_notification.terminal_notifier': Not used on non-Darwin systems
[5.362s] INFO:colcon.colcon_core.plugin_system:Skipping extension 'colcon_notification.desktop_notification.win32': Not used on non-Windows systems
[5.362s] INFO:colcon.colcon_notification.desktop_notification:Sending desktop notification using 'notify2'
[5.388s] DEBUG:colcon.colcon_notification.desktop_notification.notify2:Failed to initialize notify2: org.freedesktop.DBus.Error.ServiceUnknown: The name org.freedesktop.Notifications was not provided by any .service files
[5.388s] DEBUG:colcon.colcon_core.event_reactor:joined thread
[5.389s] INFO:colcon.colcon_core.shell:Creating prefix script '/home/selqie/buoyancy/install/local_setup.ps1'
[5.391s] INFO:colcon.colcon_core.shell:Creating prefix util module '/home/selqie/buoyancy/install/_local_setup_util_ps1.py'
[5.394s] INFO:colcon.colcon_core.shell:Creating prefix chain script '/home/selqie/buoyancy/install/setup.ps1'
[5.397s] INFO:colcon.colcon_core.shell:Creating prefix script '/home/selqie/buoyancy/install/local_setup.sh'
[5.400s] INFO:colcon.colcon_core.shell:Creating prefix util module '/home/selqie/buoyancy/install/_local_setup_util_sh.py'
[5.402s] INFO:colcon.colcon_core.shell:Creating prefix chain script '/home/selqie/buoyancy/install/setup.sh'
[5.405s] INFO:colcon.colcon_core.shell:Creating prefix script '/home/selqie/buoyancy/install/local_setup.bash'
[5.407s] INFO:colcon.colcon_core.shell:Creating prefix chain script '/home/selqie/buoyancy/install/setup.bash'
[5.434s] INFO:colcon.colcon_core.shell:Creating prefix script '/home/selqie/buoyancy/install/local_setup.zsh'
[5.468s] INFO:colcon.colcon_core.shell:Creating prefix chain script '/home/selqie/buoyancy/install/setup.zsh'
