[3.586s] Invoking command in '/home/selqie/buoyancy/servo': CMAKE_PREFIX_PATH=/home/selqie/buoyancy/install/motor_interfaces:/home/selqie/buoyancy/install/sensing_bringup:/home/selqie/buoyancy/install/bno08x_driver PYTHONPATH=/home/selqie/buoyancy/build/servo/prefix_override:/usr/lib/python3/dist-packages/colcon_core/task/python/colcon_distutils_commands:/home/selqie/buoyancy/install/servo/lib/python3.12/site-packages:/home/selqie/buoyancy/install/motor_interfaces/lib/python3.12/site-packages:/home/selqie/buoyancy/install/servo/lib/python3.12/site-packages:/home/selqie/buoyancy/install/ms5837_bar_ros/lib/python3.12/site-packages:/home/selqie/buoyancy/install/buoy_control/lib/python3.12/site-packages:/home/selqie/buoyancy/install/led/lib/python3.12/site-packages:/home/selqie/buoyancy/install/leak_sensor/lib/python3.12/site-packages:/home/selqie/buoyancy/install/battery/lib/python3.12/site-packages:/opt/ros/jazzy/lib/python3.12/site-packages /usr/bin/python3 -W ignore:setup.py install is deprecated -W ignore:easy_install command is deprecated setup.py egg_info --egg-base ../build/servo build --build-base /home/selqie/buoyancy/build/servo/build install --record /home/selqie/buoyancy/build/servo/install.log --single-version-externally-managed install_data
[4.457s] running egg_info
[4.459s] creating ../build/servo/servo.egg-info
[4.500s] writing ../build/servo/servo.egg-info/PKG-INFO
[4.501s] writing dependency_links to ../build/servo/servo.egg-info/dependency_links.txt
[4.502s] writing entry points to ../build/servo/servo.egg-info/entry_points.txt
[4.503s] writing requirements to ../build/servo/servo.egg-info/requires.txt
[4.504s] writing top-level names to ../build/servo/servo.egg-info/top_level.txt
[4.504s] writing manifest file '../build/servo/servo.egg-info/SOURCES.txt'
[4.589s] reading manifest file '../build/servo/servo.egg-info/SOURCES.txt'
[4.591s] writing manifest file '../build/servo/servo.egg-info/SOURCES.txt'
[4.592s] running build
[4.592s] running build_py
[4.594s] creating /home/selqie/buoyancy/build/servo/build
[4.594s] creating /home/selqie/buoyancy/build/servo/build/lib
[4.594s] creating /home/selqie/buoyancy/build/servo/build/lib/servo
[4.595s] copying servo/servo_motor_node.py -> /home/selqie/buoyancy/build/servo/build/lib/servo
[4.597s] copying servo/__init__.py -> /home/selqie/buoyancy/build/servo/build/lib/servo
[4.597s] running install
[4.614s] running install_lib
[4.656s] creating /home/selqie/buoyancy/install/servo/lib/python3.12/site-packages/servo
[4.657s] copying /home/selqie/buoyancy/build/servo/build/lib/servo/servo_motor_node.py -> /home/selqie/buoyancy/install/servo/lib/python3.12/site-packages/servo
[4.660s] copying /home/selqie/buoyancy/build/servo/build/lib/servo/__init__.py -> /home/selqie/buoyancy/install/servo/lib/python3.12/site-packages/servo
[4.660s] byte-compiling /home/selqie/buoyancy/install/servo/lib/python3.12/site-packages/servo/servo_motor_node.py to servo_motor_node.cpython-312.pyc
[4.671s] byte-compiling /home/selqie/buoyancy/install/servo/lib/python3.12/site-packages/servo/__init__.py to __init__.cpython-312.pyc
[4.673s] running install_data
[4.674s] creating /home/selqie/buoyancy/install/servo/share/ament_index
[4.675s] creating /home/selqie/buoyancy/install/servo/share/ament_index/resource_index
[4.676s] creating /home/selqie/buoyancy/install/servo/share/ament_index/resource_index/packages
[4.678s] copying resource/servo -> /home/selqie/buoyancy/install/servo/share/ament_index/resource_index/packages
[4.679s] copying package.xml -> /home/selqie/buoyancy/install/servo/share/servo
[4.679s] creating /home/selqie/buoyancy/install/servo/share/servo/launch
[4.679s] copying launch/servo_motor.launch.py -> /home/selqie/buoyancy/install/servo/share/servo/launch
[4.680s] running install_egg_info
[4.730s] Copying ../build/servo/servo.egg-info to /home/selqie/buoyancy/install/servo/lib/python3.12/site-packages/servo-0.1.0-py3.12.egg-info
[4.733s] running install_scripts
[5.081s] Installing servo_motor_node script to /home/selqie/buoyancy/install/servo/lib/servo
[5.082s] writing list of installed files to '/home/selqie/buoyancy/build/servo/install.log'
[5.319s] Invoked command in '/home/selqie/buoyancy/servo' returned '0': CMAKE_PREFIX_PATH=/home/selqie/buoyancy/install/motor_interfaces:/home/selqie/buoyancy/install/sensing_bringup:/home/selqie/buoyancy/install/bno08x_driver PYTHONPATH=/home/selqie/buoyancy/build/servo/prefix_override:/usr/lib/python3/dist-packages/colcon_core/task/python/colcon_distutils_commands:/home/selqie/buoyancy/install/servo/lib/python3.12/site-packages:/home/selqie/buoyancy/install/motor_interfaces/lib/python3.12/site-packages:/home/selqie/buoyancy/install/servo/lib/python3.12/site-packages:/home/selqie/buoyancy/install/ms5837_bar_ros/lib/python3.12/site-packages:/home/selqie/buoyancy/install/buoy_control/lib/python3.12/site-packages:/home/selqie/buoyancy/install/led/lib/python3.12/site-packages:/home/selqie/buoyancy/install/leak_sensor/lib/python3.12/site-packages:/home/selqie/buoyancy/install/battery/lib/python3.12/site-packages:/opt/ros/jazzy/lib/python3.12/site-packages /usr/bin/python3 -W ignore:setup.py install is deprecated -W ignore:easy_install command is deprecated setup.py egg_info --egg-base ../build/servo build --build-base /home/selqie/buoyancy/build/servo/build install --record /home/selqie/buoyancy/build/servo/install.log --single-version-externally-managed install_data
