[0.144s] DEBUG:colcon:Command line arguments: ['/usr/bin/colcon', 'build']
[0.144s] DEBUG:colcon:Parsed command line arguments: Namespace(log_base=None, log_level=None, verb_name='build', build_base='build', install_base='install', merge_install=False, symlink_install=False, test_result_base=None, continue_on_error=False, executor='parallel', parallel_workers=4, event_handlers=None, ignore_user_meta=False, metas=['./colcon.meta'], base_paths=['.'], packages_ignore=None, packages_ignore_regex=None, paths=None, packages_up_to=None, packages_up_to_regex=None, packages_above=None, packages_above_and_dependencies=None, packages_above_depth=None, packages_select_by_dep=None, packages_skip_by_dep=None, packages_skip_up_to=None, packages_select_build_failed=False, packages_skip_build_finished=False, packages_select_test_failures=False, packages_skip_test_passed=False, packages_select=None, packages_skip=None, packages_select_regex=None, packages_skip_regex=None, packages_start=None, packages_end=None, allow_overriding=[], cmake_args=None, cmake_target=None, cmake_target_skip_unavailable=False, cmake_clean_cache=False, cmake_clean_first=False, cmake_force_configure=False, ament_cmake_args=None, catkin_cmake_args=None, catkin_skip_building_tests=False, mixin_files=None, mixin=None, verb_parser=<colcon_mixin.mixin.mixin_argument.MixinArgumentDecorator object at 0xffffa138b6e0>, verb_extension=<colcon_core.verb.build.BuildVerb object at 0xffffa15377d0>, main=<bound method BuildVerb.main of <colcon_core.verb.build.BuildVerb object at 0xffffa15377d0>>, mixin_verb=('build',))
[0.201s] Level 1:colcon.colcon_core.package_discovery:discover_packages(colcon_meta) check parameters
[0.202s] Level 1:colcon.colcon_core.package_discovery:discover_packages(recursive) check parameters
[0.202s] Level 1:colcon.colcon_core.package_discovery:discover_packages(ignore) check parameters
[0.202s] Level 1:colcon.colcon_core.package_discovery:discover_packages(path) check parameters
[0.202s] Level 1:colcon.colcon_core.package_discovery:discover_packages(colcon_meta) discover
[0.202s] Level 1:colcon.colcon_core.package_discovery:discover_packages(recursive) discover
[0.202s] INFO:colcon.colcon_core.package_discovery:Crawling recursively for packages in '/home/selqie/buoyancy'
[0.202s] Level 1:colcon.colcon_core.package_identification:_identify(.) by extensions ['ignore', 'ignore_ament_install']
[0.202s] Level 1:colcon.colcon_core.package_identification:_identify(.) by extension 'ignore'
[0.202s] Level 1:colcon.colcon_core.package_identification:_identify(.) by extension 'ignore_ament_install'
[0.202s] Level 1:colcon.colcon_core.package_identification:_identify(.) by extensions ['colcon_pkg']
[0.202s] Level 1:colcon.colcon_core.package_identification:_identify(.) by extension 'colcon_pkg'
[0.202s] Level 1:colcon.colcon_core.package_identification:_identify(.) by extensions ['colcon_meta']
[0.202s] Level 1:colcon.colcon_core.package_identification:_identify(.) by extension 'colcon_meta'
[0.202s] Level 1:colcon.colcon_core.package_identification:_identify(.) by extensions ['ros']
[0.202s] Level 1:colcon.colcon_core.package_identification:_identify(.) by extension 'ros'
[0.240s] Level 1:colcon.colcon_core.package_identification:_identify(.) by extensions ['cmake', 'python']
[0.240s] Level 1:colcon.colcon_core.package_identification:_identify(.) by extension 'cmake'
[0.240s] Level 1:colcon.colcon_core.package_identification:_identify(.) by extension 'python'
[0.240s] Level 1:colcon.colcon_core.package_identification:_identify(.) by extensions ['python_setup_py']
[0.241s] Level 1:colcon.colcon_core.package_identification:_identify(.) by extension 'python_setup_py'
[0.241s] Level 1:colcon.colcon_core.package_identification:_identify(battery) by extensions ['ignore', 'ignore_ament_install']
[0.241s] Level 1:colcon.colcon_core.package_identification:_identify(battery) by extension 'ignore'
[0.241s] Level 1:colcon.colcon_core.package_identification:_identify(battery) by extension 'ignore_ament_install'
[0.241s] Level 1:colcon.colcon_core.package_identification:_identify(battery) by extensions ['colcon_pkg']
[0.241s] Level 1:colcon.colcon_core.package_identification:_identify(battery) by extension 'colcon_pkg'
[0.241s] Level 1:colcon.colcon_core.package_identification:_identify(battery) by extensions ['colcon_meta']
[0.241s] Level 1:colcon.colcon_core.package_identification:_identify(battery) by extension 'colcon_meta'
[0.241s] Level 1:colcon.colcon_core.package_identification:_identify(battery) by extensions ['ros']
[0.241s] Level 1:colcon.colcon_core.package_identification:_identify(battery) by extension 'ros'
[0.244s] DEBUG:colcon.colcon_core.package_identification:Package 'battery' with type 'ros.ament_python' and name 'battery'
[0.244s] Level 1:colcon.colcon_core.package_identification:_identify(build) by extensions ['ignore', 'ignore_ament_install']
[0.245s] Level 1:colcon.colcon_core.package_identification:_identify(build) by extension 'ignore'
[0.245s] Level 1:colcon.colcon_core.package_identification:_identify(build) ignored
[0.245s] Level 1:colcon.colcon_core.package_identification:_identify(buoy_control) by extensions ['ignore', 'ignore_ament_install']
[0.245s] Level 1:colcon.colcon_core.package_identification:_identify(buoy_control) by extension 'ignore'
[0.245s] Level 1:colcon.colcon_core.package_identification:_identify(buoy_control) by extension 'ignore_ament_install'
[0.245s] Level 1:colcon.colcon_core.package_identification:_identify(buoy_control) by extensions ['colcon_pkg']
[0.245s] Level 1:colcon.colcon_core.package_identification:_identify(buoy_control) by extension 'colcon_pkg'
[0.245s] Level 1:colcon.colcon_core.package_identification:_identify(buoy_control) by extensions ['colcon_meta']
[0.245s] Level 1:colcon.colcon_core.package_identification:_identify(buoy_control) by extension 'colcon_meta'
[0.245s] Level 1:colcon.colcon_core.package_identification:_identify(buoy_control) by extensions ['ros']
[0.245s] Level 1:colcon.colcon_core.package_identification:_identify(buoy_control) by extension 'ros'
[0.246s] DEBUG:colcon.colcon_core.package_identification:Package 'buoy_control' with type 'ros.ament_python' and name 'buoy_control'
[0.246s] Level 1:colcon.colcon_core.package_identification:_identify(buoy_control_holder) by extensions ['ignore', 'ignore_ament_install']
[0.246s] Level 1:colcon.colcon_core.package_identification:_identify(buoy_control_holder) by extension 'ignore'
[0.246s] Level 1:colcon.colcon_core.package_identification:_identify(buoy_control_holder) by extension 'ignore_ament_install'
[0.246s] Level 1:colcon.colcon_core.package_identification:_identify(buoy_control_holder) by extensions ['colcon_pkg']
[0.246s] Level 1:colcon.colcon_core.package_identification:_identify(buoy_control_holder) by extension 'colcon_pkg'
[0.246s] Level 1:colcon.colcon_core.package_identification:_identify(buoy_control_holder) by extensions ['colcon_meta']
[0.246s] Level 1:colcon.colcon_core.package_identification:_identify(buoy_control_holder) by extension 'colcon_meta'
[0.246s] Level 1:colcon.colcon_core.package_identification:_identify(buoy_control_holder) by extensions ['ros']
[0.246s] Level 1:colcon.colcon_core.package_identification:_identify(buoy_control_holder) by extension 'ros'
[0.246s] Level 1:colcon.colcon_core.package_identification:_identify(buoy_control_holder) by extensions ['cmake', 'python']
[0.246s] Level 1:colcon.colcon_core.package_identification:_identify(buoy_control_holder) by extension 'cmake'
[0.247s] Level 1:colcon.colcon_core.package_identification:_identify(buoy_control_holder) by extension 'python'
[0.247s] Level 1:colcon.colcon_core.package_identification:_identify(buoy_control_holder) by extensions ['python_setup_py']
[0.247s] Level 1:colcon.colcon_core.package_identification:_identify(buoy_control_holder) by extension 'python_setup_py'
[0.247s] Level 1:colcon.colcon_core.package_identification:_identify(install) by extensions ['ignore', 'ignore_ament_install']
[0.247s] Level 1:colcon.colcon_core.package_identification:_identify(install) by extension 'ignore'
[0.247s] Level 1:colcon.colcon_core.package_identification:_identify(install) ignored
[0.247s] Level 1:colcon.colcon_core.package_identification:_identify(log) by extensions ['ignore', 'ignore_ament_install']
[0.247s] Level 1:colcon.colcon_core.package_identification:_identify(log) by extension 'ignore'
[0.247s] Level 1:colcon.colcon_core.package_identification:_identify(log) ignored
[0.247s] Level 1:colcon.colcon_core.package_identification:_identify(motor_interfaces) by extensions ['ignore', 'ignore_ament_install']
[0.247s] Level 1:colcon.colcon_core.package_identification:_identify(motor_interfaces) by extension 'ignore'
[0.247s] Level 1:colcon.colcon_core.package_identification:_identify(motor_interfaces) by extension 'ignore_ament_install'
[0.247s] Level 1:colcon.colcon_core.package_identification:_identify(motor_interfaces) by extensions ['colcon_pkg']
[0.247s] Level 1:colcon.colcon_core.package_identification:_identify(motor_interfaces) by extension 'colcon_pkg'
[0.247s] Level 1:colcon.colcon_core.package_identification:_identify(motor_interfaces) by extensions ['colcon_meta']
[0.247s] Level 1:colcon.colcon_core.package_identification:_identify(motor_interfaces) by extension 'colcon_meta'
[0.247s] Level 1:colcon.colcon_core.package_identification:_identify(motor_interfaces) by extensions ['ros']
[0.247s] Level 1:colcon.colcon_core.package_identification:_identify(motor_interfaces) by extension 'ros'
[0.248s] DEBUG:colcon.colcon_core.package_identification:Package 'motor_interfaces' with type 'ros.ament_cmake' and name 'motor_interfaces'
[0.248s] Level 1:colcon.colcon_core.package_identification:_identify(servo) by extensions ['ignore', 'ignore_ament_install']
[0.248s] Level 1:colcon.colcon_core.package_identification:_identify(servo) by extension 'ignore'
[0.248s] Level 1:colcon.colcon_core.package_identification:_identify(servo) by extension 'ignore_ament_install'
[0.248s] Level 1:colcon.colcon_core.package_identification:_identify(servo) by extensions ['colcon_pkg']
[0.248s] Level 1:colcon.colcon_core.package_identification:_identify(servo) by extension 'colcon_pkg'
[0.248s] Level 1:colcon.colcon_core.package_identification:_identify(servo) by extensions ['colcon_meta']
[0.248s] Level 1:colcon.colcon_core.package_identification:_identify(servo) by extension 'colcon_meta'
[0.248s] Level 1:colcon.colcon_core.package_identification:_identify(servo) by extensions ['ros']
[0.248s] Level 1:colcon.colcon_core.package_identification:_identify(servo) by extension 'ros'
[0.249s] DEBUG:colcon.colcon_core.package_identification:Package 'servo' with type 'ros.ament_python' and name 'servo'
[0.249s] Level 1:colcon.colcon_core.package_discovery:discover_packages(recursive) using defaults
[0.249s] Level 1:colcon.colcon_core.package_discovery:discover_packages(ignore) discover
[0.249s] Level 1:colcon.colcon_core.package_discovery:discover_packages(ignore) using defaults
[0.249s] Level 1:colcon.colcon_core.package_discovery:discover_packages(path) discover
[0.249s] Level 1:colcon.colcon_core.package_discovery:discover_packages(path) using defaults
[0.273s] Level 1:colcon.colcon_core.package_discovery:discover_packages(prefix_path) check parameters
[0.273s] Level 1:colcon.colcon_core.package_discovery:discover_packages(prefix_path) discover
[0.276s] DEBUG:colcon.colcon_installed_package_information.package_discovery:Found 4 installed packages in /home/selqie/buoyancy/install
[0.277s] DEBUG:colcon.colcon_installed_package_information.package_discovery:Found 192 installed packages in /opt/ros/jazzy
[0.278s] Level 1:colcon.colcon_core.package_discovery:discover_packages(prefix_path) using defaults
[0.319s] Level 5:colcon.colcon_core.verb:set package 'battery' build argument 'cmake_args' from command line to 'None'
[0.319s] Level 5:colcon.colcon_core.verb:set package 'battery' build argument 'cmake_target' from command line to 'None'
[0.319s] Level 5:colcon.colcon_core.verb:set package 'battery' build argument 'cmake_target_skip_unavailable' from command line to 'False'
[0.319s] Level 5:colcon.colcon_core.verb:set package 'battery' build argument 'cmake_clean_cache' from command line to 'False'
[0.319s] Level 5:colcon.colcon_core.verb:set package 'battery' build argument 'cmake_clean_first' from command line to 'False'
[0.319s] Level 5:colcon.colcon_core.verb:set package 'battery' build argument 'cmake_force_configure' from command line to 'False'
[0.319s] Level 5:colcon.colcon_core.verb:set package 'battery' build argument 'ament_cmake_args' from command line to 'None'
[0.319s] Level 5:colcon.colcon_core.verb:set package 'battery' build argument 'catkin_cmake_args' from command line to 'None'
[0.319s] Level 5:colcon.colcon_core.verb:set package 'battery' build argument 'catkin_skip_building_tests' from command line to 'False'
[0.319s] DEBUG:colcon.colcon_core.verb:Building package 'battery' with the following arguments: {'ament_cmake_args': None, 'build_base': '/home/selqie/buoyancy/build/battery', 'catkin_cmake_args': None, 'catkin_skip_building_tests': False, 'cmake_args': None, 'cmake_clean_cache': False, 'cmake_clean_first': False, 'cmake_force_configure': False, 'cmake_target': None, 'cmake_target_skip_unavailable': False, 'install_base': '/home/selqie/buoyancy/install/battery', 'merge_install': False, 'path': '/home/selqie/buoyancy/battery', 'symlink_install': False, 'test_result_base': None}
[0.320s] Level 5:colcon.colcon_core.verb:set package 'motor_interfaces' build argument 'cmake_args' from command line to 'None'
[0.320s] Level 5:colcon.colcon_core.verb:set package 'motor_interfaces' build argument 'cmake_target' from command line to 'None'
[0.320s] Level 5:colcon.colcon_core.verb:set package 'motor_interfaces' build argument 'cmake_target_skip_unavailable' from command line to 'False'
[0.320s] Level 5:colcon.colcon_core.verb:set package 'motor_interfaces' build argument 'cmake_clean_cache' from command line to 'False'
[0.320s] Level 5:colcon.colcon_core.verb:set package 'motor_interfaces' build argument 'cmake_clean_first' from command line to 'False'
[0.320s] Level 5:colcon.colcon_core.verb:set package 'motor_interfaces' build argument 'cmake_force_configure' from command line to 'False'
[0.320s] Level 5:colcon.colcon_core.verb:set package 'motor_interfaces' build argument 'ament_cmake_args' from command line to 'None'
[0.320s] Level 5:colcon.colcon_core.verb:set package 'motor_interfaces' build argument 'catkin_cmake_args' from command line to 'None'
[0.320s] Level 5:colcon.colcon_core.verb:set package 'motor_interfaces' build argument 'catkin_skip_building_tests' from command line to 'False'
[0.320s] DEBUG:colcon.colcon_core.verb:Building package 'motor_interfaces' with the following arguments: {'ament_cmake_args': None, 'build_base': '/home/selqie/buoyancy/build/motor_interfaces', 'catkin_cmake_args': None, 'catkin_skip_building_tests': False, 'cmake_args': None, 'cmake_clean_cache': False, 'cmake_clean_first': False, 'cmake_force_configure': False, 'cmake_target': None, 'cmake_target_skip_unavailable': False, 'install_base': '/home/selqie/buoyancy/install/motor_interfaces', 'merge_install': False, 'path': '/home/selqie/buoyancy/motor_interfaces', 'symlink_install': False, 'test_result_base': None}
[0.320s] Level 5:colcon.colcon_core.verb:set package 'buoy_control' build argument 'cmake_args' from command line to 'None'
[0.320s] Level 5:colcon.colcon_core.verb:set package 'buoy_control' build argument 'cmake_target' from command line to 'None'
[0.320s] Level 5:colcon.colcon_core.verb:set package 'buoy_control' build argument 'cmake_target_skip_unavailable' from command line to 'False'
[0.320s] Level 5:colcon.colcon_core.verb:set package 'buoy_control' build argument 'cmake_clean_cache' from command line to 'False'
[0.320s] Level 5:colcon.colcon_core.verb:set package 'buoy_control' build argument 'cmake_clean_first' from command line to 'False'
[0.320s] Level 5:colcon.colcon_core.verb:set package 'buoy_control' build argument 'cmake_force_configure' from command line to 'False'
[0.320s] Level 5:colcon.colcon_core.verb:set package 'buoy_control' build argument 'ament_cmake_args' from command line to 'None'
[0.320s] Level 5:colcon.colcon_core.verb:set package 'buoy_control' build argument 'catkin_cmake_args' from command line to 'None'
[0.321s] Level 5:colcon.colcon_core.verb:set package 'buoy_control' build argument 'catkin_skip_building_tests' from command line to 'False'
[0.321s] DEBUG:colcon.colcon_core.verb:Building package 'buoy_control' with the following arguments: {'ament_cmake_args': None, 'build_base': '/home/selqie/buoyancy/build/buoy_control', 'catkin_cmake_args': None, 'catkin_skip_building_tests': False, 'cmake_args': None, 'cmake_clean_cache': False, 'cmake_clean_first': False, 'cmake_force_configure': False, 'cmake_target': None, 'cmake_target_skip_unavailable': False, 'install_base': '/home/selqie/buoyancy/install/buoy_control', 'merge_install': False, 'path': '/home/selqie/buoyancy/buoy_control', 'symlink_install': False, 'test_result_base': None}
[0.321s] Level 5:colcon.colcon_core.verb:set package 'servo' build argument 'cmake_args' from command line to 'None'
[0.321s] Level 5:colcon.colcon_core.verb:set package 'servo' build argument 'cmake_target' from command line to 'None'
[0.321s] Level 5:colcon.colcon_core.verb:set package 'servo' build argument 'cmake_target_skip_unavailable' from command line to 'False'
[0.321s] Level 5:colcon.colcon_core.verb:set package 'servo' build argument 'cmake_clean_cache' from command line to 'False'
[0.321s] Level 5:colcon.colcon_core.verb:set package 'servo' build argument 'cmake_clean_first' from command line to 'False'
[0.321s] Level 5:colcon.colcon_core.verb:set package 'servo' build argument 'cmake_force_configure' from command line to 'False'
[0.321s] Level 5:colcon.colcon_core.verb:set package 'servo' build argument 'ament_cmake_args' from command line to 'None'
[0.321s] Level 5:colcon.colcon_core.verb:set package 'servo' build argument 'catkin_cmake_args' from command line to 'None'
[0.321s] Level 5:colcon.colcon_core.verb:set package 'servo' build argument 'catkin_skip_building_tests' from command line to 'False'
[0.321s] DEBUG:colcon.colcon_core.verb:Building package 'servo' with the following arguments: {'ament_cmake_args': None, 'build_base': '/home/selqie/buoyancy/build/servo', 'catkin_cmake_args': None, 'catkin_skip_building_tests': False, 'cmake_args': None, 'cmake_clean_cache': False, 'cmake_clean_first': False, 'cmake_force_configure': False, 'cmake_target': None, 'cmake_target_skip_unavailable': False, 'install_base': '/home/selqie/buoyancy/install/servo', 'merge_install': False, 'path': '/home/selqie/buoyancy/servo', 'symlink_install': False, 'test_result_base': None}
[0.321s] INFO:colcon.colcon_core.executor:Executing jobs using 'parallel' executor
[0.323s] DEBUG:colcon.colcon_parallel_executor.executor.parallel:run_until_complete
[0.323s] INFO:colcon.colcon_ros.task.ament_cmake.build:Building ROS package in '/home/selqie/buoyancy/motor_interfaces' with build type 'ament_cmake'
[0.323s] INFO:colcon.colcon_cmake.task.cmake.build:Building CMake package in '/home/selqie/buoyancy/motor_interfaces'
[0.325s] INFO:colcon.colcon_core.plugin_system:Skipping extension 'colcon_core.shell.bat': Not used on non-Windows systems
[0.326s] INFO:colcon.colcon_core.shell:Skip shell extension 'powershell' for command environment: Not usable outside of PowerShell
[0.326s] DEBUG:colcon.colcon_core.shell:Skip shell extension 'dsv' for command environment
[0.330s] INFO:colcon.colcon_ros.task.ament_python.build:Building ROS package in '/home/selqie/buoyancy/battery' with build type 'ament_python'
[0.330s] Level 1:colcon.colcon_core.shell:create_environment_hook('battery', 'ament_prefix_path')
[0.330s] INFO:colcon.colcon_core.shell:Creating environment hook '/home/selqie/buoyancy/install/battery/share/battery/hook/ament_prefix_path.ps1'
[0.331s] INFO:colcon.colcon_core.shell:Creating environment descriptor '/home/selqie/buoyancy/install/battery/share/battery/hook/ament_prefix_path.dsv'
[0.332s] INFO:colcon.colcon_core.shell:Creating environment hook '/home/selqie/buoyancy/install/battery/share/battery/hook/ament_prefix_path.sh'
[0.333s] INFO:colcon.colcon_core.shell:Skip shell extension 'powershell' for command environment: Not usable outside of PowerShell
[0.333s] DEBUG:colcon.colcon_core.shell:Skip shell extension 'dsv' for command environment
[0.344s] DEBUG:colcon.colcon_core.event_handler.log_command:Invoking command in '/home/selqie/buoyancy/build/motor_interfaces': CMAKE_PREFIX_PATH=${CMAKE_PREFIX_PATH}:/home/selqie/buoyancy/install/servo:/home/selqie/buoyancy/install/buoy_control:/home/selqie/buoyancy/install/battery:/opt/ros/jazzy /usr/bin/cmake --build /home/selqie/buoyancy/build/motor_interfaces -- -j4 -l4
[0.905s] INFO:colcon.colcon_core.task.python.build:Building Python package in '/home/selqie/buoyancy/battery'
[0.906s] INFO:colcon.colcon_core.shell:Skip shell extension 'powershell' for command environment: Not usable outside of PowerShell
[0.906s] DEBUG:colcon.colcon_core.shell:Skip shell extension 'dsv' for command environment
[1.207s] DEBUG:colcon.colcon_core.event_handler.log_command:Invoked command in '/home/selqie/buoyancy/build/motor_interfaces' returned '0': CMAKE_PREFIX_PATH=${CMAKE_PREFIX_PATH}:/home/selqie/buoyancy/install/servo:/home/selqie/buoyancy/install/buoy_control:/home/selqie/buoyancy/install/battery:/opt/ros/jazzy /usr/bin/cmake --build /home/selqie/buoyancy/build/motor_interfaces -- -j4 -l4
[1.225s] DEBUG:colcon.colcon_core.event_handler.log_command:Invoking command in '/home/selqie/buoyancy/build/motor_interfaces': CMAKE_PREFIX_PATH=${CMAKE_PREFIX_PATH}:/home/selqie/buoyancy/install/servo:/home/selqie/buoyancy/install/buoy_control:/home/selqie/buoyancy/install/battery:/opt/ros/jazzy /usr/bin/cmake --install /home/selqie/buoyancy/build/motor_interfaces
[1.325s] Level 1:colcon.colcon_core.environment:create_environment_scripts_only(motor_interfaces)
[1.326s] DEBUG:colcon.colcon_core.event_handler.log_command:Invoked command in '/home/selqie/buoyancy/build/motor_interfaces' returned '0': CMAKE_PREFIX_PATH=${CMAKE_PREFIX_PATH}:/home/selqie/buoyancy/install/servo:/home/selqie/buoyancy/install/buoy_control:/home/selqie/buoyancy/install/battery:/opt/ros/jazzy /usr/bin/cmake --install /home/selqie/buoyancy/build/motor_interfaces
[1.328s] Level 1:colcon.colcon_core.environment:checking '/home/selqie/buoyancy/install/motor_interfaces' for CMake module files
[1.329s] Level 1:colcon.colcon_core.environment:checking '/home/selqie/buoyancy/install/motor_interfaces' for CMake config files
[1.330s] Level 1:colcon.colcon_core.shell:create_environment_hook('motor_interfaces', 'cmake_prefix_path')
[1.330s] INFO:colcon.colcon_core.shell:Creating environment hook '/home/selqie/buoyancy/install/motor_interfaces/share/motor_interfaces/hook/cmake_prefix_path.ps1'
[1.331s] INFO:colcon.colcon_core.shell:Creating environment descriptor '/home/selqie/buoyancy/install/motor_interfaces/share/motor_interfaces/hook/cmake_prefix_path.dsv'
[1.331s] INFO:colcon.colcon_core.shell:Creating environment hook '/home/selqie/buoyancy/install/motor_interfaces/share/motor_interfaces/hook/cmake_prefix_path.sh'
[1.332s] Level 1:colcon.colcon_core.environment:checking '/home/selqie/buoyancy/install/motor_interfaces/lib'
[1.333s] Level 1:colcon.colcon_core.shell:create_environment_hook('motor_interfaces', 'ld_library_path_lib')
[1.333s] INFO:colcon.colcon_core.shell:Creating environment hook '/home/selqie/buoyancy/install/motor_interfaces/share/motor_interfaces/hook/ld_library_path_lib.ps1'
[1.333s] INFO:colcon.colcon_core.shell:Creating environment descriptor '/home/selqie/buoyancy/install/motor_interfaces/share/motor_interfaces/hook/ld_library_path_lib.dsv'
[1.334s] INFO:colcon.colcon_core.shell:Creating environment hook '/home/selqie/buoyancy/install/motor_interfaces/share/motor_interfaces/hook/ld_library_path_lib.sh'
[1.335s] Level 1:colcon.colcon_core.environment:checking '/home/selqie/buoyancy/install/motor_interfaces/bin'
[1.335s] Level 1:colcon.colcon_core.environment:checking '/home/selqie/buoyancy/install/motor_interfaces/lib/pkgconfig/motor_interfaces.pc'
[1.335s] Level 1:colcon.colcon_core.environment:checking '/home/selqie/buoyancy/install/motor_interfaces/lib/python3.12/site-packages'
[1.335s] Level 1:colcon.colcon_core.shell:create_environment_hook('motor_interfaces', 'pythonpath')
[1.336s] INFO:colcon.colcon_core.shell:Creating environment hook '/home/selqie/buoyancy/install/motor_interfaces/share/motor_interfaces/hook/pythonpath.ps1'
[1.336s] INFO:colcon.colcon_core.shell:Creating environment descriptor '/home/selqie/buoyancy/install/motor_interfaces/share/motor_interfaces/hook/pythonpath.dsv'
[1.337s] INFO:colcon.colcon_core.shell:Creating environment hook '/home/selqie/buoyancy/install/motor_interfaces/share/motor_interfaces/hook/pythonpath.sh'
[1.338s] Level 1:colcon.colcon_core.environment:checking '/home/selqie/buoyancy/install/motor_interfaces/bin'
[1.339s] INFO:colcon.colcon_core.shell:Creating package script '/home/selqie/buoyancy/install/motor_interfaces/share/motor_interfaces/package.ps1'
[1.340s] INFO:colcon.colcon_core.shell:Creating package descriptor '/home/selqie/buoyancy/install/motor_interfaces/share/motor_interfaces/package.dsv'
[1.341s] INFO:colcon.colcon_core.shell:Creating package script '/home/selqie/buoyancy/install/motor_interfaces/share/motor_interfaces/package.sh'
[1.342s] INFO:colcon.colcon_core.shell:Creating package script '/home/selqie/buoyancy/install/motor_interfaces/share/motor_interfaces/package.bash'
[1.343s] INFO:colcon.colcon_core.shell:Creating package script '/home/selqie/buoyancy/install/motor_interfaces/share/motor_interfaces/package.zsh'
[1.344s] Level 1:colcon.colcon_core.environment:create_file_with_runtime_dependencies(/home/selqie/buoyancy/install/motor_interfaces/share/colcon-core/packages/motor_interfaces)
[1.346s] Level 1:colcon.colcon_core.environment:create_environment_scripts_only(motor_interfaces)
[1.346s] Level 1:colcon.colcon_core.environment:checking '/home/selqie/buoyancy/install/motor_interfaces' for CMake module files
[1.347s] Level 1:colcon.colcon_core.environment:checking '/home/selqie/buoyancy/install/motor_interfaces' for CMake config files
[1.348s] Level 1:colcon.colcon_core.shell:create_environment_hook('motor_interfaces', 'cmake_prefix_path')
[1.348s] INFO:colcon.colcon_core.shell:Creating environment hook '/home/selqie/buoyancy/install/motor_interfaces/share/motor_interfaces/hook/cmake_prefix_path.ps1'
[1.349s] INFO:colcon.colcon_core.shell:Creating environment descriptor '/home/selqie/buoyancy/install/motor_interfaces/share/motor_interfaces/hook/cmake_prefix_path.dsv'
[1.350s] INFO:colcon.colcon_core.shell:Creating environment hook '/home/selqie/buoyancy/install/motor_interfaces/share/motor_interfaces/hook/cmake_prefix_path.sh'
[1.352s] Level 1:colcon.colcon_core.environment:checking '/home/selqie/buoyancy/install/motor_interfaces/lib'
[1.352s] Level 1:colcon.colcon_core.shell:create_environment_hook('motor_interfaces', 'ld_library_path_lib')
[1.352s] INFO:colcon.colcon_core.shell:Creating environment hook '/home/selqie/buoyancy/install/motor_interfaces/share/motor_interfaces/hook/ld_library_path_lib.ps1'
[1.353s] INFO:colcon.colcon_core.shell:Creating environment descriptor '/home/selqie/buoyancy/install/motor_interfaces/share/motor_interfaces/hook/ld_library_path_lib.dsv'
[1.355s] INFO:colcon.colcon_core.shell:Creating environment hook '/home/selqie/buoyancy/install/motor_interfaces/share/motor_interfaces/hook/ld_library_path_lib.sh'
[1.356s] Level 1:colcon.colcon_core.environment:checking '/home/selqie/buoyancy/install/motor_interfaces/bin'
[1.356s] Level 1:colcon.colcon_core.environment:checking '/home/selqie/buoyancy/install/motor_interfaces/lib/pkgconfig/motor_interfaces.pc'
[1.356s] Level 1:colcon.colcon_core.environment:checking '/home/selqie/buoyancy/install/motor_interfaces/lib/python3.12/site-packages'
[1.357s] Level 1:colcon.colcon_core.shell:create_environment_hook('motor_interfaces', 'pythonpath')
[1.357s] INFO:colcon.colcon_core.shell:Creating environment hook '/home/selqie/buoyancy/install/motor_interfaces/share/motor_interfaces/hook/pythonpath.ps1'
[1.358s] INFO:colcon.colcon_core.shell:Creating environment descriptor '/home/selqie/buoyancy/install/motor_interfaces/share/motor_interfaces/hook/pythonpath.dsv'
[1.359s] INFO:colcon.colcon_core.shell:Creating environment hook '/home/selqie/buoyancy/install/motor_interfaces/share/motor_interfaces/hook/pythonpath.sh'
[1.361s] Level 1:colcon.colcon_core.environment:checking '/home/selqie/buoyancy/install/motor_interfaces/bin'
[1.362s] INFO:colcon.colcon_core.shell:Creating package script '/home/selqie/buoyancy/install/motor_interfaces/share/motor_interfaces/package.ps1'
[1.365s] INFO:colcon.colcon_core.shell:Creating package descriptor '/home/selqie/buoyancy/install/motor_interfaces/share/motor_interfaces/package.dsv'
[1.366s] INFO:colcon.colcon_core.shell:Creating package script '/home/selqie/buoyancy/install/motor_interfaces/share/motor_interfaces/package.sh'
[1.366s] INFO:colcon.colcon_core.shell:Creating package script '/home/selqie/buoyancy/install/motor_interfaces/share/motor_interfaces/package.bash'
[1.367s] INFO:colcon.colcon_core.shell:Creating package script '/home/selqie/buoyancy/install/motor_interfaces/share/motor_interfaces/package.zsh'
[1.368s] Level 1:colcon.colcon_core.environment:create_file_with_runtime_dependencies(/home/selqie/buoyancy/install/motor_interfaces/share/colcon-core/packages/motor_interfaces)
[1.369s] INFO:colcon.colcon_ros.task.ament_python.build:Building ROS package in '/home/selqie/buoyancy/buoy_control' with build type 'ament_python'
[1.369s] Level 1:colcon.colcon_core.shell:create_environment_hook('buoy_control', 'ament_prefix_path')
[1.369s] INFO:colcon.colcon_core.shell:Creating environment hook '/home/selqie/buoyancy/install/buoy_control/share/buoy_control/hook/ament_prefix_path.ps1'
[1.371s] INFO:colcon.colcon_core.shell:Creating environment descriptor '/home/selqie/buoyancy/install/buoy_control/share/buoy_control/hook/ament_prefix_path.dsv'
[1.372s] INFO:colcon.colcon_core.shell:Creating environment hook '/home/selqie/buoyancy/install/buoy_control/share/buoy_control/hook/ament_prefix_path.sh'
[1.373s] INFO:colcon.colcon_core.shell:Skip shell extension 'powershell' for command environment: Not usable outside of PowerShell
[1.374s] DEBUG:colcon.colcon_core.shell:Skip shell extension 'dsv' for command environment
[1.378s] INFO:colcon.colcon_ros.task.ament_python.build:Building ROS package in '/home/selqie/buoyancy/servo' with build type 'ament_python'
[1.378s] Level 1:colcon.colcon_core.shell:create_environment_hook('servo', 'ament_prefix_path')
[1.379s] INFO:colcon.colcon_core.shell:Creating environment hook '/home/selqie/buoyancy/install/servo/share/servo/hook/ament_prefix_path.ps1'
[1.380s] INFO:colcon.colcon_core.shell:Creating environment descriptor '/home/selqie/buoyancy/install/servo/share/servo/hook/ament_prefix_path.dsv'
[1.381s] INFO:colcon.colcon_core.shell:Creating environment hook '/home/selqie/buoyancy/install/servo/share/servo/hook/ament_prefix_path.sh'
[1.383s] INFO:colcon.colcon_core.shell:Skip shell extension 'powershell' for command environment: Not usable outside of PowerShell
[1.384s] DEBUG:colcon.colcon_core.shell:Skip shell extension 'dsv' for command environment
[1.757s] INFO:colcon.colcon_core.task.python.build:Building Python package in '/home/selqie/buoyancy/buoy_control'
[1.758s] INFO:colcon.colcon_core.shell:Skip shell extension 'powershell' for command environment: Not usable outside of PowerShell
[1.758s] DEBUG:colcon.colcon_core.shell:Skip shell extension 'dsv' for command environment
[2.077s] INFO:colcon.colcon_core.task.python.build:Building Python package in '/home/selqie/buoyancy/servo'
[2.077s] INFO:colcon.colcon_core.shell:Skip shell extension 'powershell' for command environment: Not usable outside of PowerShell
[2.077s] DEBUG:colcon.colcon_core.shell:Skip shell extension 'dsv' for command environment
[2.086s] DEBUG:colcon.colcon_core.event_handler.log_command:Invoking command in '/home/selqie/buoyancy/battery': PYTHONPATH=/home/selqie/buoyancy/build/battery/prefix_override:/usr/lib/python3/dist-packages/colcon_core/task/python/colcon_distutils_commands:/home/selqie/buoyancy/install/battery/lib/python3.12/site-packages:${PYTHONPATH} /usr/bin/python3 -W ignore:setup.py install is deprecated -W ignore:easy_install command is deprecated setup.py egg_info --egg-base ../build/battery build --build-base /home/selqie/buoyancy/build/battery/build install --record /home/selqie/buoyancy/build/battery/install.log --single-version-externally-managed install_data
[3.001s] Level 1:colcon.colcon_core.environment:checking '/home/selqie/buoyancy/install/battery' for CMake module files
[3.002s] DEBUG:colcon.colcon_core.event_handler.log_command:Invoked command in '/home/selqie/buoyancy/battery' returned '0': PYTHONPATH=/home/selqie/buoyancy/build/battery/prefix_override:/usr/lib/python3/dist-packages/colcon_core/task/python/colcon_distutils_commands:/home/selqie/buoyancy/install/battery/lib/python3.12/site-packages:${PYTHONPATH} /usr/bin/python3 -W ignore:setup.py install is deprecated -W ignore:easy_install command is deprecated setup.py egg_info --egg-base ../build/battery build --build-base /home/selqie/buoyancy/build/battery/build install --record /home/selqie/buoyancy/build/battery/install.log --single-version-externally-managed install_data
[3.003s] Level 1:colcon.colcon_core.environment:checking '/home/selqie/buoyancy/install/battery' for CMake config files
[3.004s] Level 1:colcon.colcon_core.environment:checking '/home/selqie/buoyancy/install/battery/lib'
[3.004s] Level 1:colcon.colcon_core.environment:checking '/home/selqie/buoyancy/install/battery/bin'
[3.004s] Level 1:colcon.colcon_core.environment:checking '/home/selqie/buoyancy/install/battery/lib/pkgconfig/battery.pc'
[3.005s] Level 1:colcon.colcon_core.environment:checking '/home/selqie/buoyancy/install/battery/lib/python3.12/site-packages'
[3.005s] Level 1:colcon.colcon_core.shell:create_environment_hook('battery', 'pythonpath')
[3.006s] INFO:colcon.colcon_core.shell:Creating environment hook '/home/selqie/buoyancy/install/battery/share/battery/hook/pythonpath.ps1'
[3.007s] INFO:colcon.colcon_core.shell:Creating environment descriptor '/home/selqie/buoyancy/install/battery/share/battery/hook/pythonpath.dsv'
[3.008s] INFO:colcon.colcon_core.shell:Creating environment hook '/home/selqie/buoyancy/install/battery/share/battery/hook/pythonpath.sh'
[3.010s] Level 1:colcon.colcon_core.environment:checking '/home/selqie/buoyancy/install/battery/bin'
[3.010s] Level 1:colcon.colcon_core.environment:create_environment_scripts_only(battery)
[3.011s] INFO:colcon.colcon_core.shell:Creating package script '/home/selqie/buoyancy/install/battery/share/battery/package.ps1'
[3.012s] INFO:colcon.colcon_core.shell:Creating package descriptor '/home/selqie/buoyancy/install/battery/share/battery/package.dsv'
[3.014s] INFO:colcon.colcon_core.shell:Creating package script '/home/selqie/buoyancy/install/battery/share/battery/package.sh'
[3.015s] INFO:colcon.colcon_core.shell:Creating package script '/home/selqie/buoyancy/install/battery/share/battery/package.bash'
[3.017s] INFO:colcon.colcon_core.shell:Creating package script '/home/selqie/buoyancy/install/battery/share/battery/package.zsh'
[3.018s] Level 1:colcon.colcon_core.environment:create_file_with_runtime_dependencies(/home/selqie/buoyancy/install/battery/share/colcon-core/packages/battery)
[3.112s] DEBUG:colcon.colcon_core.event_handler.log_command:Invoking command in '/home/selqie/buoyancy/servo': PYTHONPATH=/home/selqie/buoyancy/build/servo/prefix_override:/usr/lib/python3/dist-packages/colcon_core/task/python/colcon_distutils_commands:/home/selqie/buoyancy/install/servo/lib/python3.12/site-packages:/home/selqie/buoyancy/install/motor_interfaces/lib/python3.12/site-packages:/home/selqie/buoyancy/install/servo/lib/python3.12/site-packages:/home/selqie/buoyancy/install/buoy_control/lib/python3.12/site-packages:/home/selqie/buoyancy/install/battery/lib/python3.12/site-packages:/opt/ros/jazzy/lib/python3.12/site-packages /usr/bin/python3 -W ignore:setup.py install is deprecated -W ignore:easy_install command is deprecated setup.py egg_info --egg-base ../build/servo build --build-base /home/selqie/buoyancy/build/servo/build install --record /home/selqie/buoyancy/build/servo/install.log --single-version-externally-managed install_data
[3.127s] DEBUG:colcon.colcon_core.event_handler.log_command:Invoking command in '/home/selqie/buoyancy/buoy_control': PYTHONPATH=/home/selqie/buoyancy/build/buoy_control/prefix_override:/usr/lib/python3/dist-packages/colcon_core/task/python/colcon_distutils_commands:/home/selqie/buoyancy/install/buoy_control/lib/python3.12/site-packages:/home/selqie/buoyancy/install/motor_interfaces/lib/python3.12/site-packages:/home/selqie/buoyancy/install/servo/lib/python3.12/site-packages:/home/selqie/buoyancy/install/buoy_control/lib/python3.12/site-packages:/home/selqie/buoyancy/install/battery/lib/python3.12/site-packages:/opt/ros/jazzy/lib/python3.12/site-packages /usr/bin/python3 -W ignore:setup.py install is deprecated -W ignore:easy_install command is deprecated setup.py egg_info --egg-base ../build/buoy_control build --build-base /home/selqie/buoyancy/build/buoy_control/build install --record /home/selqie/buoyancy/build/buoy_control/install.log --single-version-externally-managed install_data
[3.893s] Level 1:colcon.colcon_core.environment:checking '/home/selqie/buoyancy/install/servo' for CMake module files
[3.894s] DEBUG:colcon.colcon_core.event_handler.log_command:Invoked command in '/home/selqie/buoyancy/servo' returned '0': PYTHONPATH=/home/selqie/buoyancy/build/servo/prefix_override:/usr/lib/python3/dist-packages/colcon_core/task/python/colcon_distutils_commands:/home/selqie/buoyancy/install/servo/lib/python3.12/site-packages:/home/selqie/buoyancy/install/motor_interfaces/lib/python3.12/site-packages:/home/selqie/buoyancy/install/servo/lib/python3.12/site-packages:/home/selqie/buoyancy/install/buoy_control/lib/python3.12/site-packages:/home/selqie/buoyancy/install/battery/lib/python3.12/site-packages:/opt/ros/jazzy/lib/python3.12/site-packages /usr/bin/python3 -W ignore:setup.py install is deprecated -W ignore:easy_install command is deprecated setup.py egg_info --egg-base ../build/servo build --build-base /home/selqie/buoyancy/build/servo/build install --record /home/selqie/buoyancy/build/servo/install.log --single-version-externally-managed install_data
[3.894s] Level 1:colcon.colcon_core.environment:checking '/home/selqie/buoyancy/install/servo' for CMake config files
[3.895s] Level 1:colcon.colcon_core.environment:checking '/home/selqie/buoyancy/install/servo/lib'
[3.895s] Level 1:colcon.colcon_core.environment:checking '/home/selqie/buoyancy/install/servo/bin'
[3.895s] Level 1:colcon.colcon_core.environment:checking '/home/selqie/buoyancy/install/servo/lib/pkgconfig/servo.pc'
[3.896s] Level 1:colcon.colcon_core.environment:checking '/home/selqie/buoyancy/install/servo/lib/python3.12/site-packages'
[3.896s] Level 1:colcon.colcon_core.shell:create_environment_hook('servo', 'pythonpath')
[3.896s] INFO:colcon.colcon_core.shell:Creating environment hook '/home/selqie/buoyancy/install/servo/share/servo/hook/pythonpath.ps1'
[3.897s] INFO:colcon.colcon_core.shell:Creating environment descriptor '/home/selqie/buoyancy/install/servo/share/servo/hook/pythonpath.dsv'
[3.898s] INFO:colcon.colcon_core.shell:Creating environment hook '/home/selqie/buoyancy/install/servo/share/servo/hook/pythonpath.sh'
[3.899s] Level 1:colcon.colcon_core.environment:checking '/home/selqie/buoyancy/install/servo/bin'
[3.899s] Level 1:colcon.colcon_core.environment:create_environment_scripts_only(servo)
[3.900s] INFO:colcon.colcon_core.shell:Creating package script '/home/selqie/buoyancy/install/servo/share/servo/package.ps1'
[3.901s] INFO:colcon.colcon_core.shell:Creating package descriptor '/home/selqie/buoyancy/install/servo/share/servo/package.dsv'
[3.902s] INFO:colcon.colcon_core.shell:Creating package script '/home/selqie/buoyancy/install/servo/share/servo/package.sh'
[3.902s] INFO:colcon.colcon_core.shell:Creating package script '/home/selqie/buoyancy/install/servo/share/servo/package.bash'
[3.903s] INFO:colcon.colcon_core.shell:Creating package script '/home/selqie/buoyancy/install/servo/share/servo/package.zsh'
[3.904s] Level 1:colcon.colcon_core.environment:create_file_with_runtime_dependencies(/home/selqie/buoyancy/install/servo/share/colcon-core/packages/servo)
[3.918s] Level 1:colcon.colcon_core.environment:checking '/home/selqie/buoyancy/install/buoy_control' for CMake module files
[3.919s] DEBUG:colcon.colcon_core.event_handler.log_command:Invoked command in '/home/selqie/buoyancy/buoy_control' returned '0': PYTHONPATH=/home/selqie/buoyancy/build/buoy_control/prefix_override:/usr/lib/python3/dist-packages/colcon_core/task/python/colcon_distutils_commands:/home/selqie/buoyancy/install/buoy_control/lib/python3.12/site-packages:/home/selqie/buoyancy/install/motor_interfaces/lib/python3.12/site-packages:/home/selqie/buoyancy/install/servo/lib/python3.12/site-packages:/home/selqie/buoyancy/install/buoy_control/lib/python3.12/site-packages:/home/selqie/buoyancy/install/battery/lib/python3.12/site-packages:/opt/ros/jazzy/lib/python3.12/site-packages /usr/bin/python3 -W ignore:setup.py install is deprecated -W ignore:easy_install command is deprecated setup.py egg_info --egg-base ../build/buoy_control build --build-base /home/selqie/buoyancy/build/buoy_control/build install --record /home/selqie/buoyancy/build/buoy_control/install.log --single-version-externally-managed install_data
[3.919s] Level 1:colcon.colcon_core.environment:checking '/home/selqie/buoyancy/install/buoy_control' for CMake config files
[3.920s] Level 1:colcon.colcon_core.environment:checking '/home/selqie/buoyancy/install/buoy_control/lib'
[3.920s] Level 1:colcon.colcon_core.environment:checking '/home/selqie/buoyancy/install/buoy_control/bin'
[3.920s] Level 1:colcon.colcon_core.environment:checking '/home/selqie/buoyancy/install/buoy_control/lib/pkgconfig/buoy_control.pc'
[3.920s] Level 1:colcon.colcon_core.environment:checking '/home/selqie/buoyancy/install/buoy_control/lib/python3.12/site-packages'
[3.920s] Level 1:colcon.colcon_core.shell:create_environment_hook('buoy_control', 'pythonpath')
[3.921s] INFO:colcon.colcon_core.shell:Creating environment hook '/home/selqie/buoyancy/install/buoy_control/share/buoy_control/hook/pythonpath.ps1'
[3.921s] INFO:colcon.colcon_core.shell:Creating environment descriptor '/home/selqie/buoyancy/install/buoy_control/share/buoy_control/hook/pythonpath.dsv'
[3.923s] INFO:colcon.colcon_core.shell:Creating environment hook '/home/selqie/buoyancy/install/buoy_control/share/buoy_control/hook/pythonpath.sh'
[3.924s] Level 1:colcon.colcon_core.environment:checking '/home/selqie/buoyancy/install/buoy_control/bin'
[3.924s] Level 1:colcon.colcon_core.environment:create_environment_scripts_only(buoy_control)
[3.925s] INFO:colcon.colcon_core.shell:Creating package script '/home/selqie/buoyancy/install/buoy_control/share/buoy_control/package.ps1'
[3.925s] INFO:colcon.colcon_core.shell:Creating package descriptor '/home/selqie/buoyancy/install/buoy_control/share/buoy_control/package.dsv'
[3.926s] INFO:colcon.colcon_core.shell:Creating package script '/home/selqie/buoyancy/install/buoy_control/share/buoy_control/package.sh'
[3.928s] INFO:colcon.colcon_core.shell:Creating package script '/home/selqie/buoyancy/install/buoy_control/share/buoy_control/package.bash'
[3.929s] INFO:colcon.colcon_core.shell:Creating package script '/home/selqie/buoyancy/install/buoy_control/share/buoy_control/package.zsh'
[3.931s] Level 1:colcon.colcon_core.environment:create_file_with_runtime_dependencies(/home/selqie/buoyancy/install/buoy_control/share/colcon-core/packages/buoy_control)
[3.932s] DEBUG:colcon.colcon_parallel_executor.executor.parallel:closing loop
[3.933s] DEBUG:colcon.colcon_parallel_executor.executor.parallel:loop closed
[3.933s] DEBUG:colcon.colcon_parallel_executor.executor.parallel:run_until_complete finished with '0'
[3.933s] DEBUG:colcon.colcon_core.event_reactor:joining thread
[3.942s] INFO:colcon.colcon_core.plugin_system:Skipping extension 'colcon_notification.desktop_notification.notify_send': Could not find 'notify-send'
[3.942s] INFO:colcon.colcon_core.plugin_system:Skipping extension 'colcon_notification.desktop_notification.terminal_notifier': Not used on non-Darwin systems
[3.942s] INFO:colcon.colcon_core.plugin_system:Skipping extension 'colcon_notification.desktop_notification.win32': Not used on non-Windows systems
[3.942s] INFO:colcon.colcon_notification.desktop_notification:Sending desktop notification using 'notify2'
[3.943s] DEBUG:colcon.colcon_notification.desktop_notification.notify2:Failed to initialize notify2: org.freedesktop.DBus.Error.ServiceUnknown: The name org.freedesktop.Notifications was not provided by any .service files
[3.944s] DEBUG:colcon.colcon_core.event_reactor:joined thread
[3.944s] INFO:colcon.colcon_core.shell:Creating prefix script '/home/selqie/buoyancy/install/local_setup.ps1'
[3.945s] INFO:colcon.colcon_core.shell:Creating prefix util module '/home/selqie/buoyancy/install/_local_setup_util_ps1.py'
[3.947s] INFO:colcon.colcon_core.shell:Creating prefix chain script '/home/selqie/buoyancy/install/setup.ps1'
[3.951s] INFO:colcon.colcon_core.shell:Creating prefix script '/home/selqie/buoyancy/install/local_setup.sh'
[3.952s] INFO:colcon.colcon_core.shell:Creating prefix util module '/home/selqie/buoyancy/install/_local_setup_util_sh.py'
[3.953s] INFO:colcon.colcon_core.shell:Creating prefix chain script '/home/selqie/buoyancy/install/setup.sh'
[3.955s] INFO:colcon.colcon_core.shell:Creating prefix script '/home/selqie/buoyancy/install/local_setup.bash'
[3.956s] INFO:colcon.colcon_core.shell:Creating prefix chain script '/home/selqie/buoyancy/install/setup.bash'
[3.957s] INFO:colcon.colcon_core.shell:Creating prefix script '/home/selqie/buoyancy/install/local_setup.zsh'
[3.958s] INFO:colcon.colcon_core.shell:Creating prefix chain script '/home/selqie/buoyancy/install/setup.zsh'
