running egg_info
creating ../build/servo/servo.egg-info
writing ../build/servo/servo.egg-info/PKG-INFO
writing dependency_links to ../build/servo/servo.egg-info/dependency_links.txt
writing entry points to ../build/servo/servo.egg-info/entry_points.txt
writing requirements to ../build/servo/servo.egg-info/requires.txt
writing top-level names to ../build/servo/servo.egg-info/top_level.txt
writing manifest file '../build/servo/servo.egg-info/SOURCES.txt'
reading manifest file '../build/servo/servo.egg-info/SOURCES.txt'
writing manifest file '../build/servo/servo.egg-info/SOURCES.txt'
running build
running build_py
creating /home/selqie/buoyancy/build/servo/build
creating /home/selqie/buoyancy/build/servo/build/lib
creating /home/selqie/buoyancy/build/servo/build/lib/servo
copying servo/servo_motor_node.py -> /home/selqie/buoyancy/build/servo/build/lib/servo
copying servo/__init__.py -> /home/selqie/buoyancy/build/servo/build/lib/servo
running install
running install_lib
creating /home/selqie/buoyancy/install/servo/lib/python3.12/site-packages/servo
copying /home/selqie/buoyancy/build/servo/build/lib/servo/servo_motor_node.py -> /home/selqie/buoyancy/install/servo/lib/python3.12/site-packages/servo
copying /home/selqie/buoyancy/build/servo/build/lib/servo/__init__.py -> /home/selqie/buoyancy/install/servo/lib/python3.12/site-packages/servo
byte-compiling /home/selqie/buoyancy/install/servo/lib/python3.12/site-packages/servo/servo_motor_node.py to servo_motor_node.cpython-312.pyc
byte-compiling /home/selqie/buoyancy/install/servo/lib/python3.12/site-packages/servo/__init__.py to __init__.cpython-312.pyc
running install_data
creating /home/selqie/buoyancy/install/servo/share/ament_index
creating /home/selqie/buoyancy/install/servo/share/ament_index/resource_index
creating /home/selqie/buoyancy/install/servo/share/ament_index/resource_index/packages
copying resource/servo -> /home/selqie/buoyancy/install/servo/share/ament_index/resource_index/packages
copying package.xml -> /home/selqie/buoyancy/install/servo/share/servo
creating /home/selqie/buoyancy/install/servo/share/servo/launch
copying launch/servo_motor.launch.py -> /home/selqie/buoyancy/install/servo/share/servo/launch
running install_egg_info
Copying ../build/servo/servo.egg-info to /home/selqie/buoyancy/install/servo/lib/python3.12/site-packages/servo-0.1.0-py3.12.egg-info
running install_scripts
Installing servo_motor_node script to /home/selqie/buoyancy/install/servo/lib/servo
writing list of installed files to '/home/selqie/buoyancy/build/servo/install.log'
