[1.496s] Invoking command in '/home/selqie/buoyancy/servo': CMAKE_PREFIX_PATH=/home/selqie/buoyancy/install/motor_interfaces:/home/selqie/buoyancy/install/bno08x_driver:/home/selqie/buoyancy/install/sensing_bringup PYTHONPATH=/home/selqie/buoyancy/build/servo/prefix_override:/usr/lib/python3/dist-packages/colcon_core/task/python/colcon_distutils_commands:/home/selqie/buoyancy/install/servo/lib/python3.12/site-packages:/home/selqie/buoyancy/install/motor_interfaces/lib/python3.12/site-packages:/home/selqie/buoyancy/install/water_sensors/lib/python3.12/site-packages:/home/selqie/buoyancy/install/ms5837_bar_ros/lib/python3.12/site-packages:/home/selqie/buoyancy/install/led/lib/python3.12/site-packages:/home/selqie/buoyancy/install/battery/lib/python3.12/site-packages:/opt/ros/jazzy/lib/python3.12/site-packages /usr/bin/python3 -W ignore:setup.py install is deprecated -W ignore:easy_install command is deprecated setup.py egg_info --egg-base ../build/servo build --build-base /home/selqie/buoyancy/build/servo/build install --record /home/selqie/buoyancy/build/servo/install.log --single-version-externally-managed install_data
[1.886s] running egg_info
[1.887s] creating ../build/servo/servo.egg-info
[1.913s] writing ../build/servo/servo.egg-info/PKG-INFO
[1.914s] writing dependency_links to ../build/servo/servo.egg-info/dependency_links.txt
[1.914s] writing entry points to ../build/servo/servo.egg-info/entry_points.txt
[1.914s] writing requirements to ../build/servo/servo.egg-info/requires.txt
[1.914s] writing top-level names to ../build/servo/servo.egg-info/top_level.txt
[1.914s] writing manifest file '../build/servo/servo.egg-info/SOURCES.txt'
[1.960s] reading manifest file '../build/servo/servo.egg-info/SOURCES.txt'
[1.961s] writing manifest file '../build/servo/servo.egg-info/SOURCES.txt'
[1.961s] running build
[1.961s] running build_py
[1.962s] creating /home/selqie/buoyancy/build/servo/build
[1.962s] creating /home/selqie/buoyancy/build/servo/build/lib
[1.962s] creating /home/selqie/buoyancy/build/servo/build/lib/servo
[1.962s] copying servo/servo_motor_node.py -> /home/selqie/buoyancy/build/servo/build/lib/servo
[1.963s] copying servo/__init__.py -> /home/selqie/buoyancy/build/servo/build/lib/servo
[1.964s] running install
[1.973s] running install_lib
[1.997s] creating /home/selqie/buoyancy/install/servo/lib/python3.12/site-packages/servo
[1.997s] copying /home/selqie/buoyancy/build/servo/build/lib/servo/servo_motor_node.py -> /home/selqie/buoyancy/install/servo/lib/python3.12/site-packages/servo
[1.997s] copying /home/selqie/buoyancy/build/servo/build/lib/servo/__init__.py -> /home/selqie/buoyancy/install/servo/lib/python3.12/site-packages/servo
[1.998s] byte-compiling /home/selqie/buoyancy/install/servo/lib/python3.12/site-packages/servo/servo_motor_node.py to servo_motor_node.cpython-312.pyc
[2.003s] byte-compiling /home/selqie/buoyancy/install/servo/lib/python3.12/site-packages/servo/__init__.py to __init__.cpython-312.pyc
[2.004s] running install_data
[2.004s] creating /home/selqie/buoyancy/install/servo/share/ament_index
[2.004s] creating /home/selqie/buoyancy/install/servo/share/ament_index/resource_index
[2.004s] creating /home/selqie/buoyancy/install/servo/share/ament_index/resource_index/packages
[2.004s] copying resource/servo -> /home/selqie/buoyancy/install/servo/share/ament_index/resource_index/packages
[2.005s] copying package.xml -> /home/selqie/buoyancy/install/servo/share/servo
[2.005s] creating /home/selqie/buoyancy/install/servo/share/servo/launch
[2.005s] copying launch/servo_motor.launch.py -> /home/selqie/buoyancy/install/servo/share/servo/launch
[2.005s] running install_egg_info
[2.031s] Copying ../build/servo/servo.egg-info to /home/selqie/buoyancy/install/servo/lib/python3.12/site-packages/servo-0.1.0-py3.12.egg-info
[2.032s] running install_scripts
[2.195s] Installing servo_motor_node script to /home/selqie/buoyancy/install/servo/lib/servo
[2.195s] writing list of installed files to '/home/selqie/buoyancy/build/servo/install.log'
[2.294s] Invoked command in '/home/selqie/buoyancy/servo' returned '0': CMAKE_PREFIX_PATH=/home/selqie/buoyancy/install/motor_interfaces:/home/selqie/buoyancy/install/bno08x_driver:/home/selqie/buoyancy/install/sensing_bringup PYTHONPATH=/home/selqie/buoyancy/build/servo/prefix_override:/usr/lib/python3/dist-packages/colcon_core/task/python/colcon_distutils_commands:/home/selqie/buoyancy/install/servo/lib/python3.12/site-packages:/home/selqie/buoyancy/install/motor_interfaces/lib/python3.12/site-packages:/home/selqie/buoyancy/install/water_sensors/lib/python3.12/site-packages:/home/selqie/buoyancy/install/ms5837_bar_ros/lib/python3.12/site-packages:/home/selqie/buoyancy/install/led/lib/python3.12/site-packages:/home/selqie/buoyancy/install/battery/lib/python3.12/site-packages:/opt/ros/jazzy/lib/python3.12/site-packages /usr/bin/python3 -W ignore:setup.py install is deprecated -W ignore:easy_install command is deprecated setup.py egg_info --egg-base ../build/servo build --build-base /home/selqie/buoyancy/build/servo/build install --record /home/selqie/buoyancy/build/servo/install.log --single-version-externally-managed install_data
