[2.725s] Invoking command in '/home/selqie/buoyancy/battery': PYTHONPATH=/home/selqie/buoyancy/build/battery/prefix_override:/usr/lib/python3/dist-packages/colcon_core/task/python/colcon_distutils_commands:/home/selqie/buoyancy/install/battery/lib/python3.12/site-packages:${PYTHONPATH} /usr/bin/python3 -W ignore:setup.py install is deprecated -W ignore:easy_install command is deprecated setup.py egg_info --egg-base ../build/battery build --build-base /home/selqie/buoyancy/build/battery/build install --record /home/selqie/buoyancy/build/battery/install.log --single-version-externally-managed install_data
[3.257s] running egg_info
[3.297s] writing ../build/battery/battery.egg-info/PKG-INFO
[3.298s] writing dependency_links to ../build/battery/battery.egg-info/dependency_links.txt
[3.299s] writing entry points to ../build/battery/battery.egg-info/entry_points.txt
[3.301s] writing requirements to ../build/battery/battery.egg-info/requires.txt
[3.303s] writing top-level names to ../build/battery/battery.egg-info/top_level.txt
[3.389s] reading manifest file '../build/battery/battery.egg-info/SOURCES.txt'
[3.391s] writing manifest file '../build/battery/battery.egg-info/SOURCES.txt'
[3.392s] running build
[3.393s] running build_py
[3.395s] running install
[3.411s] running install_lib
[3.444s] running install_data
[3.446s] running install_egg_info
[3.484s] removing '/home/selqie/buoyancy/install/battery/lib/python3.12/site-packages/battery-0.0.0-py3.12.egg-info' (and everything under it)
[3.484s] Copying ../build/battery/battery.egg-info to /home/selqie/buoyancy/install/battery/lib/python3.12/site-packages/battery-0.0.0-py3.12.egg-info
[3.487s] running install_scripts
[3.759s] Installing tinybms_voltage_uart script to /home/selqie/buoyancy/install/battery/lib/battery
[3.760s] writing list of installed files to '/home/selqie/buoyancy/build/battery/install.log'
[4.392s] Invoked command in '/home/selqie/buoyancy/battery' returned '0': PYTHONPATH=/home/selqie/buoyancy/build/battery/prefix_override:/usr/lib/python3/dist-packages/colcon_core/task/python/colcon_distutils_commands:/home/selqie/buoyancy/install/battery/lib/python3.12/site-packages:${PYTHONPATH} /usr/bin/python3 -W ignore:setup.py install is deprecated -W ignore:easy_install command is deprecated setup.py egg_info --egg-base ../build/battery build --build-base /home/selqie/buoyancy/build/battery/build install --record /home/selqie/buoyancy/build/battery/install.log --single-version-externally-managed install_data
