running egg_info
writing ../build/servo/servo.egg-info/PKG-INFO
writing dependency_links to ../build/servo/servo.egg-info/dependency_links.txt
writing entry points to ../build/servo/servo.egg-info/entry_points.txt
writing requirements to ../build/servo/servo.egg-info/requires.txt
writing top-level names to ../build/servo/servo.egg-info/top_level.txt
reading manifest file '../build/servo/servo.egg-info/SOURCES.txt'
writing manifest file '../build/servo/servo.egg-info/SOURCES.txt'
running build
running build_py
copying servo/servo_motor_node.py -> /home/selqie/buoyancy/build/servo/build/lib/servo
running install
running install_lib
copying /home/selqie/buoyancy/build/servo/build/lib/servo/servo_motor_node.py -> /home/selqie/buoyancy/install/servo/lib/python3.12/site-packages/servo
byte-compiling /home/selqie/buoyancy/install/servo/lib/python3.12/site-packages/servo/servo_motor_node.py to servo_motor_node.cpython-312.pyc
running install_data
running install_egg_info
removing '/home/selqie/buoyancy/install/servo/lib/python3.12/site-packages/servo-0.1.0-py3.12.egg-info' (and everything under it)
Copying ../build/servo/servo.egg-info to /home/selqie/buoyancy/install/servo/lib/python3.12/site-packages/servo-0.1.0-py3.12.egg-info
running install_scripts
Installing servo_motor_node script to /home/selqie/buoyancy/install/servo/lib/servo
writing list of installed files to '/home/selqie/buoyancy/build/servo/install.log'
