[1.738s] Invoking command in '/home/selqie/buoyancy/servo': PYTHONPATH=/home/selqie/buoyancy/build/servo/prefix_override:/usr/lib/python3/dist-packages/colcon_core/task/python/colcon_distutils_commands:/home/selqie/buoyancy/install/servo/lib/python3.12/site-packages:/home/selqie/buoyancy/install/motor_interfaces/lib/python3.12/site-packages:/home/selqie/buoyancy/install/servo/lib/python3.12/site-packages:/home/selqie/buoyancy/install/buoy_control/lib/python3.12/site-packages:/home/selqie/buoyancy/install/battery/lib/python3.12/site-packages:/opt/ros/jazzy/lib/python3.12/site-packages /usr/bin/python3 -W ignore:setup.py install is deprecated -W ignore:easy_install command is deprecated setup.py egg_info --egg-base ../build/servo build --build-base /home/selqie/buoyancy/build/servo/build install --record /home/selqie/buoyancy/build/servo/install.log --single-version-externally-managed install_data
[2.084s] running egg_info
[2.105s] writing ../build/servo/servo.egg-info/PKG-INFO
[2.106s] writing dependency_links to ../build/servo/servo.egg-info/dependency_links.txt
[2.108s] writing entry points to ../build/servo/servo.egg-info/entry_points.txt
[2.109s] writing requirements to ../build/servo/servo.egg-info/requires.txt
[2.110s] writing top-level names to ../build/servo/servo.egg-info/top_level.txt
[2.155s] reading manifest file '../build/servo/servo.egg-info/SOURCES.txt'
[2.156s] writing manifest file '../build/servo/servo.egg-info/SOURCES.txt'
[2.157s] running build
[2.157s] running build_py
[2.159s] copying servo/servo_motor_node.py -> /home/selqie/buoyancy/build/servo/build/lib/servo
[2.159s] running install
[2.169s] running install_lib
[2.190s] copying /home/selqie/buoyancy/build/servo/build/lib/servo/servo_motor_node.py -> /home/selqie/buoyancy/install/servo/lib/python3.12/site-packages/servo
[2.191s] byte-compiling /home/selqie/buoyancy/install/servo/lib/python3.12/site-packages/servo/servo_motor_node.py to servo_motor_node.cpython-312.pyc
[2.193s]   File "/home/selqie/buoyancy/install/servo/lib/python3.12/site-packages/servo/servo_motor_node.py", line 275
[2.193s]     print(f"recieved command [ {mode}, {v0}, {v1}, {v2}]
[2.193s]           ^
[2.193s] SyntaxError: unterminated f-string literal (detected at line 275)
[2.193s] 
[2.194s] running install_data
[2.194s] running install_egg_info
[2.217s] removing '/home/selqie/buoyancy/install/servo/lib/python3.12/site-packages/servo-0.1.0-py3.12.egg-info' (and everything under it)
[2.218s] Copying ../build/servo/servo.egg-info to /home/selqie/buoyancy/install/servo/lib/python3.12/site-packages/servo-0.1.0-py3.12.egg-info
[2.219s] running install_scripts
[2.378s] Installing servo_motor_node script to /home/selqie/buoyancy/install/servo/lib/servo
[2.378s] writing list of installed files to '/home/selqie/buoyancy/build/servo/install.log'
[2.528s] Invoked command in '/home/selqie/buoyancy/servo' returned '0': PYTHONPATH=/home/selqie/buoyancy/build/servo/prefix_override:/usr/lib/python3/dist-packages/colcon_core/task/python/colcon_distutils_commands:/home/selqie/buoyancy/install/servo/lib/python3.12/site-packages:/home/selqie/buoyancy/install/motor_interfaces/lib/python3.12/site-packages:/home/selqie/buoyancy/install/servo/lib/python3.12/site-packages:/home/selqie/buoyancy/install/buoy_control/lib/python3.12/site-packages:/home/selqie/buoyancy/install/battery/lib/python3.12/site-packages:/opt/ros/jazzy/lib/python3.12/site-packages /usr/bin/python3 -W ignore:setup.py install is deprecated -W ignore:easy_install command is deprecated setup.py egg_info --egg-base ../build/servo build --build-base /home/selqie/buoyancy/build/servo/build install --record /home/selqie/buoyancy/build/servo/install.log --single-version-externally-managed install_data
