[2.280s] Invoking command in '/home/selqie/buoyancy/battery': PYTHONPATH=/home/selqie/buoyancy/build/battery/prefix_override:/usr/lib/python3/dist-packages/colcon_core/task/python/colcon_distutils_commands:/home/selqie/buoyancy/install/battery/lib/python3.12/site-packages:${PYTHONPATH} /usr/bin/python3 -W ignore:setup.py install is deprecated -W ignore:easy_install command is deprecated setup.py egg_info --egg-base ../build/battery build --build-base /home/selqie/buoyancy/build/battery/build install --record /home/selqie/buoyancy/build/battery/install.log --single-version-externally-managed install_data
[2.810s] running egg_info
[2.810s] creating ../build/battery/battery.egg-info
[2.845s] writing ../build/battery/battery.egg-info/PKG-INFO
[2.847s] writing dependency_links to ../build/battery/battery.egg-info/dependency_links.txt
[2.848s] writing entry points to ../build/battery/battery.egg-info/entry_points.txt
[2.850s] writing requirements to ../build/battery/battery.egg-info/requires.txt
[2.850s] writing top-level names to ../build/battery/battery.egg-info/top_level.txt
[2.850s] writing manifest file '../build/battery/battery.egg-info/SOURCES.txt'
[2.916s] reading manifest file '../build/battery/battery.egg-info/SOURCES.txt'
[2.917s] writing manifest file '../build/battery/battery.egg-info/SOURCES.txt'
[2.918s] running build
[2.919s] running build_py
[2.919s] creating /home/selqie/buoyancy/build/battery/build
[2.920s] creating /home/selqie/buoyancy/build/battery/build/lib
[2.921s] creating /home/selqie/buoyancy/build/battery/build/lib/battery
[2.921s] copying battery/__init__.py -> /home/selqie/buoyancy/build/battery/build/lib/battery
[2.923s] copying battery/tinybms_voltage_uart.py -> /home/selqie/buoyancy/build/battery/build/lib/battery
[2.926s] running install
[2.940s] running install_lib
[2.972s] creating /home/selqie/buoyancy/install/battery/lib/python3.12/site-packages/battery
[2.973s] copying /home/selqie/buoyancy/build/battery/build/lib/battery/__init__.py -> /home/selqie/buoyancy/install/battery/lib/python3.12/site-packages/battery
[2.973s] copying /home/selqie/buoyancy/build/battery/build/lib/battery/tinybms_voltage_uart.py -> /home/selqie/buoyancy/install/battery/lib/python3.12/site-packages/battery
[2.973s] byte-compiling /home/selqie/buoyancy/install/battery/lib/python3.12/site-packages/battery/__init__.py to __init__.cpython-312.pyc
[2.974s] byte-compiling /home/selqie/buoyancy/install/battery/lib/python3.12/site-packages/battery/tinybms_voltage_uart.py to tinybms_voltage_uart.cpython-312.pyc
[2.979s] running install_data
[2.980s] creating /home/selqie/buoyancy/install/battery/share/ament_index
[2.980s] creating /home/selqie/buoyancy/install/battery/share/ament_index/resource_index
[2.980s] creating /home/selqie/buoyancy/install/battery/share/ament_index/resource_index/packages
[2.981s] copying resource/battery -> /home/selqie/buoyancy/install/battery/share/ament_index/resource_index/packages
[2.981s] copying package.xml -> /home/selqie/buoyancy/install/battery/share/battery
[2.981s] creating /home/selqie/buoyancy/install/battery/share/battery/launch
[2.982s] copying launch/tinybms_voltage_uart.launch.py -> /home/selqie/buoyancy/install/battery/share/battery/launch
[2.983s] running install_egg_info
[3.016s] Copying ../build/battery/battery.egg-info to /home/selqie/buoyancy/install/battery/lib/python3.12/site-packages/battery-0.0.0-py3.12.egg-info
[3.017s] running install_scripts
[3.276s] Installing tinybms_voltage_uart script to /home/selqie/buoyancy/install/battery/lib/battery
[3.278s] writing list of installed files to '/home/selqie/buoyancy/build/battery/install.log'
[3.522s] Invoked command in '/home/selqie/buoyancy/battery' returned '0': PYTHONPATH=/home/selqie/buoyancy/build/battery/prefix_override:/usr/lib/python3/dist-packages/colcon_core/task/python/colcon_distutils_commands:/home/selqie/buoyancy/install/battery/lib/python3.12/site-packages:${PYTHONPATH} /usr/bin/python3 -W ignore:setup.py install is deprecated -W ignore:easy_install command is deprecated setup.py egg_info --egg-base ../build/battery build --build-base /home/selqie/buoyancy/build/battery/build install --record /home/selqie/buoyancy/build/battery/install.log --single-version-externally-managed install_data
