[3.877s] Invoking command in '/home/selqie/buoyancy/sensing/ms5837_bar_ros': PYTHONPATH=/home/selqie/buoyancy/build/ms5837_bar_ros/prefix_override:/usr/lib/python3/dist-packages/colcon_core/task/python/colcon_distutils_commands:/home/selqie/buoyancy/install/ms5837_bar_ros/lib/python3.12/site-packages:${PYTHONPATH} /usr/bin/python3 -W ignore:setup.py install is deprecated -W ignore:easy_install command is deprecated setup.py egg_info --egg-base ../../build/ms5837_bar_ros build --build-base /home/selqie/buoyancy/build/ms5837_bar_ros/build install --record /home/selqie/buoyancy/build/ms5837_bar_ros/install.log --single-version-externally-managed install_data
[5.785s] running egg_info
[5.786s] creating ../../build/ms5837_bar_ros/ms5837_bar_ros.egg-info
[5.921s] writing ../../build/ms5837_bar_ros/ms5837_bar_ros.egg-info/PKG-INFO
[5.921s] writing dependency_links to ../../build/ms5837_bar_ros/ms5837_bar_ros.egg-info/dependency_links.txt
[5.922s] writing entry points to ../../build/ms5837_bar_ros/ms5837_bar_ros.egg-info/entry_points.txt
[5.924s] writing requirements to ../../build/ms5837_bar_ros/ms5837_bar_ros.egg-info/requires.txt
[5.924s] writing top-level names to ../../build/ms5837_bar_ros/ms5837_bar_ros.egg-info/top_level.txt
[5.925s] writing manifest file '../../build/ms5837_bar_ros/ms5837_bar_ros.egg-info/SOURCES.txt'
[6.087s] reading manifest file '../../build/ms5837_bar_ros/ms5837_bar_ros.egg-info/SOURCES.txt'
[6.090s] adding license file 'LICENSE'
[6.093s] writing manifest file '../../build/ms5837_bar_ros/ms5837_bar_ros.egg-info/SOURCES.txt'
[6.094s] running build
[6.094s] running build_py
[6.095s] creating /home/selqie/buoyancy/build/ms5837_bar_ros/build
[6.096s] creating /home/selqie/buoyancy/build/ms5837_bar_ros/build/lib
[6.096s] creating /home/selqie/buoyancy/build/ms5837_bar_ros/build/lib/ms5837_bar_ros
[6.096s] copying ms5837_bar_ros/ms5837.py -> /home/selqie/buoyancy/build/ms5837_bar_ros/build/lib/ms5837_bar_ros
[6.099s] copying ms5837_bar_ros/bar30_component.py -> /home/selqie/buoyancy/build/ms5837_bar_ros/build/lib/ms5837_bar_ros
[6.103s] copying ms5837_bar_ros/__init__.py -> /home/selqie/buoyancy/build/ms5837_bar_ros/build/lib/ms5837_bar_ros
[6.104s] copying ms5837_bar_ros/bar02_component.py -> /home/selqie/buoyancy/build/ms5837_bar_ros/build/lib/ms5837_bar_ros
[6.113s] running install
[6.168s] running install_lib
[6.338s] creating /home/selqie/buoyancy/install/ms5837_bar_ros/lib/python3.12/site-packages/ms5837_bar_ros
[6.339s] copying /home/selqie/buoyancy/build/ms5837_bar_ros/build/lib/ms5837_bar_ros/ms5837.py -> /home/selqie/buoyancy/install/ms5837_bar_ros/lib/python3.12/site-packages/ms5837_bar_ros
[6.339s] copying /home/selqie/buoyancy/build/ms5837_bar_ros/build/lib/ms5837_bar_ros/bar30_component.py -> /home/selqie/buoyancy/install/ms5837_bar_ros/lib/python3.12/site-packages/ms5837_bar_ros
[6.340s] copying /home/selqie/buoyancy/build/ms5837_bar_ros/build/lib/ms5837_bar_ros/__init__.py -> /home/selqie/buoyancy/install/ms5837_bar_ros/lib/python3.12/site-packages/ms5837_bar_ros
[6.340s] copying /home/selqie/buoyancy/build/ms5837_bar_ros/build/lib/ms5837_bar_ros/bar02_component.py -> /home/selqie/buoyancy/install/ms5837_bar_ros/lib/python3.12/site-packages/ms5837_bar_ros
[6.347s] byte-compiling /home/selqie/buoyancy/install/ms5837_bar_ros/lib/python3.12/site-packages/ms5837_bar_ros/ms5837.py to ms5837.cpython-312.pyc
[6.351s] byte-compiling /home/selqie/buoyancy/install/ms5837_bar_ros/lib/python3.12/site-packages/ms5837_bar_ros/bar30_component.py to bar30_component.cpython-312.pyc
[6.358s] byte-compiling /home/selqie/buoyancy/install/ms5837_bar_ros/lib/python3.12/site-packages/ms5837_bar_ros/__init__.py to __init__.cpython-312.pyc
[6.365s] byte-compiling /home/selqie/buoyancy/install/ms5837_bar_ros/lib/python3.12/site-packages/ms5837_bar_ros/bar02_component.py to bar02_component.cpython-312.pyc
[6.365s] running install_data
[6.365s] creating /home/selqie/buoyancy/install/ms5837_bar_ros/share/ament_index
[6.366s] creating /home/selqie/buoyancy/install/ms5837_bar_ros/share/ament_index/resource_index
[6.366s] creating /home/selqie/buoyancy/install/ms5837_bar_ros/share/ament_index/resource_index/packages
[6.371s] copying resource/ms5837_bar_ros -> /home/selqie/buoyancy/install/ms5837_bar_ros/share/ament_index/resource_index/packages
[6.371s] copying package.xml -> /home/selqie/buoyancy/install/ms5837_bar_ros/share/ms5837_bar_ros
[6.371s] creating /home/selqie/buoyancy/install/ms5837_bar_ros/share/ms5837_bar_ros/launch
[6.371s] copying launch/bar30.launch.py -> /home/selqie/buoyancy/install/ms5837_bar_ros/share/ms5837_bar_ros/launch/
[6.372s] copying launch/bar02.launch.py -> /home/selqie/buoyancy/install/ms5837_bar_ros/share/ms5837_bar_ros/launch/
[6.376s] creating /home/selqie/buoyancy/install/ms5837_bar_ros/share/ms5837_bar_ros/rviz
[6.376s] copying rviz/bar30.rviz -> /home/selqie/buoyancy/install/ms5837_bar_ros/share/ms5837_bar_ros/rviz/
[6.377s] copying rviz/bar02.rviz -> /home/selqie/buoyancy/install/ms5837_bar_ros/share/ms5837_bar_ros/rviz/
[6.378s] running install_egg_info
[6.467s] Copying ../../build/ms5837_bar_ros/ms5837_bar_ros.egg-info to /home/selqie/buoyancy/install/ms5837_bar_ros/lib/python3.12/site-packages/ms5837_bar_ros-0.0.0-py3.12.egg-info
[6.471s] running install_scripts
[7.245s] Installing bar02_node script to /home/selqie/buoyancy/install/ms5837_bar_ros/lib/ms5837_bar_ros
[7.245s] Installing bar30_node script to /home/selqie/buoyancy/install/ms5837_bar_ros/lib/ms5837_bar_ros
[7.245s] writing list of installed files to '/home/selqie/buoyancy/build/ms5837_bar_ros/install.log'
[7.694s] Invoked command in '/home/selqie/buoyancy/sensing/ms5837_bar_ros' returned '0': PYTHONPATH=/home/selqie/buoyancy/build/ms5837_bar_ros/prefix_override:/usr/lib/python3/dist-packages/colcon_core/task/python/colcon_distutils_commands:/home/selqie/buoyancy/install/ms5837_bar_ros/lib/python3.12/site-packages:${PYTHONPATH} /usr/bin/python3 -W ignore:setup.py install is deprecated -W ignore:easy_install command is deprecated setup.py egg_info --egg-base ../../build/ms5837_bar_ros build --build-base /home/selqie/buoyancy/build/ms5837_bar_ros/build install --record /home/selqie/buoyancy/build/ms5837_bar_ros/install.log --single-version-externally-managed install_data
