[1.727s] Invoking command in '/home/selqie/buoyancy/servo': PYTHONPATH=/home/selqie/buoyancy/build/servo/prefix_override:/usr/lib/python3/dist-packages/colcon_core/task/python/colcon_distutils_commands:/home/selqie/buoyancy/install/servo/lib/python3.12/site-packages:/home/selqie/buoyancy/install/motor_interfaces/lib/python3.12/site-packages:/home/selqie/buoyancy/install/servo/lib/python3.12/site-packages:/home/selqie/buoyancy/install/buoy_control/lib/python3.12/site-packages:/home/selqie/buoyancy/install/battery/lib/python3.12/site-packages:/opt/ros/jazzy/lib/python3.12/site-packages /usr/bin/python3 -W ignore:setup.py install is deprecated -W ignore:easy_install command is deprecated setup.py egg_info --egg-base ../build/servo build --build-base /home/selqie/buoyancy/build/servo/build install --record /home/selqie/buoyancy/build/servo/install.log --single-version-externally-managed install_data
[2.072s] running egg_info
[2.097s] writing ../build/servo/servo.egg-info/PKG-INFO
[2.099s] writing dependency_links to ../build/servo/servo.egg-info/dependency_links.txt
[2.100s] writing entry points to ../build/servo/servo.egg-info/entry_points.txt
[2.103s] writing requirements to ../build/servo/servo.egg-info/requires.txt
[2.103s] writing top-level names to ../build/servo/servo.egg-info/top_level.txt
[2.146s] reading manifest file '../build/servo/servo.egg-info/SOURCES.txt'
[2.147s] writing manifest file '../build/servo/servo.egg-info/SOURCES.txt'
[2.148s] running build
[2.148s] running build_py
[2.148s] copying servo/servo_motor_node.py -> /home/selqie/buoyancy/build/servo/build/lib/servo
[2.149s] running install
[2.158s] running install_lib
[2.179s] copying /home/selqie/buoyancy/build/servo/build/lib/servo/servo_motor_node.py -> /home/selqie/buoyancy/install/servo/lib/python3.12/site-packages/servo
[2.180s] byte-compiling /home/selqie/buoyancy/install/servo/lib/python3.12/site-packages/servo/servo_motor_node.py to servo_motor_node.cpython-312.pyc
[2.185s] running install_data
[2.186s] running install_egg_info
[2.209s] removing '/home/selqie/buoyancy/install/servo/lib/python3.12/site-packages/servo-0.1.0-py3.12.egg-info' (and everything under it)
[2.212s] Copying ../build/servo/servo.egg-info to /home/selqie/buoyancy/install/servo/lib/python3.12/site-packages/servo-0.1.0-py3.12.egg-info
[2.213s] running install_scripts
[2.374s] Installing servo_motor_node script to /home/selqie/buoyancy/install/servo/lib/servo
[2.374s] writing list of installed files to '/home/selqie/buoyancy/build/servo/install.log'
[2.530s] Invoked command in '/home/selqie/buoyancy/servo' returned '0': PYTHONPATH=/home/selqie/buoyancy/build/servo/prefix_override:/usr/lib/python3/dist-packages/colcon_core/task/python/colcon_distutils_commands:/home/selqie/buoyancy/install/servo/lib/python3.12/site-packages:/home/selqie/buoyancy/install/motor_interfaces/lib/python3.12/site-packages:/home/selqie/buoyancy/install/servo/lib/python3.12/site-packages:/home/selqie/buoyancy/install/buoy_control/lib/python3.12/site-packages:/home/selqie/buoyancy/install/battery/lib/python3.12/site-packages:/opt/ros/jazzy/lib/python3.12/site-packages /usr/bin/python3 -W ignore:setup.py install is deprecated -W ignore:easy_install command is deprecated setup.py egg_info --egg-base ../build/servo build --build-base /home/selqie/buoyancy/build/servo/build install --record /home/selqie/buoyancy/build/servo/install.log --single-version-externally-managed install_data
