[0.142s] DEBUG:colcon:Command line arguments: ['/usr/bin/colcon', 'build']
[0.142s] DEBUG:colcon:Parsed command line arguments: Namespace(log_base=None, log_level=None, verb_name='build', build_base='build', install_base='install', merge_install=False, symlink_install=False, test_result_base=None, continue_on_error=False, executor='parallel', parallel_workers=4, event_handlers=None, ignore_user_meta=False, metas=['./colcon.meta'], base_paths=['.'], packages_ignore=None, packages_ignore_regex=None, paths=None, packages_up_to=None, packages_up_to_regex=None, packages_above=None, packages_above_and_dependencies=None, packages_above_depth=None, packages_select_by_dep=None, packages_skip_by_dep=None, packages_skip_up_to=None, packages_select_build_failed=False, packages_skip_build_finished=False, packages_select_test_failures=False, packages_skip_test_passed=False, packages_select=None, packages_skip=None, packages_select_regex=None, packages_skip_regex=None, packages_start=None, packages_end=None, allow_overriding=[], cmake_args=None, cmake_target=None, cmake_target_skip_unavailable=False, cmake_clean_cache=False, cmake_clean_first=False, cmake_force_configure=False, ament_cmake_args=None, catkin_cmake_args=None, catkin_skip_building_tests=False, mixin_files=None, mixin=None, verb_parser=<colcon_mixin.mixin.mixin_argument.MixinArgumentDecorator object at 0xffffb8d07c50>, verb_extension=<colcon_core.verb.build.BuildVerb object at 0xffffb8ee0290>, main=<bound method BuildVerb.main of <colcon_core.verb.build.BuildVerb object at 0xffffb8ee0290>>, mixin_verb=('build',))
[0.198s] Level 1:colcon.colcon_core.package_discovery:discover_packages(colcon_meta) check parameters
[0.199s] Level 1:colcon.colcon_core.package_discovery:discover_packages(recursive) check parameters
[0.199s] Level 1:colcon.colcon_core.package_discovery:discover_packages(ignore) check parameters
[0.199s] Level 1:colcon.colcon_core.package_discovery:discover_packages(path) check parameters
[0.199s] Level 1:colcon.colcon_core.package_discovery:discover_packages(colcon_meta) discover
[0.199s] Level 1:colcon.colcon_core.package_discovery:discover_packages(recursive) discover
[0.199s] INFO:colcon.colcon_core.package_discovery:Crawling recursively for packages in '/home/selqie/buoyancy'
[0.199s] Level 1:colcon.colcon_core.package_identification:_identify(.) by extensions ['ignore', 'ignore_ament_install']
[0.199s] Level 1:colcon.colcon_core.package_identification:_identify(.) by extension 'ignore'
[0.199s] Level 1:colcon.colcon_core.package_identification:_identify(.) by extension 'ignore_ament_install'
[0.199s] Level 1:colcon.colcon_core.package_identification:_identify(.) by extensions ['colcon_pkg']
[0.199s] Level 1:colcon.colcon_core.package_identification:_identify(.) by extension 'colcon_pkg'
[0.199s] Level 1:colcon.colcon_core.package_identification:_identify(.) by extensions ['colcon_meta']
[0.199s] Level 1:colcon.colcon_core.package_identification:_identify(.) by extension 'colcon_meta'
[0.199s] Level 1:colcon.colcon_core.package_identification:_identify(.) by extensions ['ros']
[0.199s] Level 1:colcon.colcon_core.package_identification:_identify(.) by extension 'ros'
[0.237s] Level 1:colcon.colcon_core.package_identification:_identify(.) by extensions ['cmake', 'python']
[0.238s] Level 1:colcon.colcon_core.package_identification:_identify(.) by extension 'cmake'
[0.238s] Level 1:colcon.colcon_core.package_identification:_identify(.) by extension 'python'
[0.238s] Level 1:colcon.colcon_core.package_identification:_identify(.) by extensions ['python_setup_py']
[0.238s] Level 1:colcon.colcon_core.package_identification:_identify(.) by extension 'python_setup_py'
[0.238s] Level 1:colcon.colcon_core.package_identification:_identify(battery) by extensions ['ignore', 'ignore_ament_install']
[0.238s] Level 1:colcon.colcon_core.package_identification:_identify(battery) by extension 'ignore'
[0.238s] Level 1:colcon.colcon_core.package_identification:_identify(battery) by extension 'ignore_ament_install'
[0.238s] Level 1:colcon.colcon_core.package_identification:_identify(battery) by extensions ['colcon_pkg']
[0.238s] Level 1:colcon.colcon_core.package_identification:_identify(battery) by extension 'colcon_pkg'
[0.238s] Level 1:colcon.colcon_core.package_identification:_identify(battery) by extensions ['colcon_meta']
[0.238s] Level 1:colcon.colcon_core.package_identification:_identify(battery) by extension 'colcon_meta'
[0.238s] Level 1:colcon.colcon_core.package_identification:_identify(battery) by extensions ['ros']
[0.238s] Level 1:colcon.colcon_core.package_identification:_identify(battery) by extension 'ros'
[0.242s] DEBUG:colcon.colcon_core.package_identification:Package 'battery' with type 'ros.ament_python' and name 'battery'
[0.242s] Level 1:colcon.colcon_core.package_identification:_identify(build) by extensions ['ignore', 'ignore_ament_install']
[0.242s] Level 1:colcon.colcon_core.package_identification:_identify(build) by extension 'ignore'
[0.242s] Level 1:colcon.colcon_core.package_identification:_identify(build) ignored
[0.242s] Level 1:colcon.colcon_core.package_identification:_identify(buoy_control) by extensions ['ignore', 'ignore_ament_install']
[0.242s] Level 1:colcon.colcon_core.package_identification:_identify(buoy_control) by extension 'ignore'
[0.242s] Level 1:colcon.colcon_core.package_identification:_identify(buoy_control) by extension 'ignore_ament_install'
[0.242s] Level 1:colcon.colcon_core.package_identification:_identify(buoy_control) by extensions ['colcon_pkg']
[0.242s] Level 1:colcon.colcon_core.package_identification:_identify(buoy_control) by extension 'colcon_pkg'
[0.242s] Level 1:colcon.colcon_core.package_identification:_identify(buoy_control) by extensions ['colcon_meta']
[0.242s] Level 1:colcon.colcon_core.package_identification:_identify(buoy_control) by extension 'colcon_meta'
[0.242s] Level 1:colcon.colcon_core.package_identification:_identify(buoy_control) by extensions ['ros']
[0.242s] Level 1:colcon.colcon_core.package_identification:_identify(buoy_control) by extension 'ros'
[0.243s] DEBUG:colcon.colcon_core.package_identification:Package 'buoy_control' with type 'ros.ament_python' and name 'buoy_control'
[0.243s] Level 1:colcon.colcon_core.package_identification:_identify(install) by extensions ['ignore', 'ignore_ament_install']
[0.243s] Level 1:colcon.colcon_core.package_identification:_identify(install) by extension 'ignore'
[0.243s] Level 1:colcon.colcon_core.package_identification:_identify(install) ignored
[0.244s] Level 1:colcon.colcon_core.package_identification:_identify(log) by extensions ['ignore', 'ignore_ament_install']
[0.244s] Level 1:colcon.colcon_core.package_identification:_identify(log) by extension 'ignore'
[0.244s] Level 1:colcon.colcon_core.package_identification:_identify(log) ignored
[0.244s] Level 1:colcon.colcon_core.package_identification:_identify(motor_interfaces) by extensions ['ignore', 'ignore_ament_install']
[0.244s] Level 1:colcon.colcon_core.package_identification:_identify(motor_interfaces) by extension 'ignore'
[0.244s] Level 1:colcon.colcon_core.package_identification:_identify(motor_interfaces) by extension 'ignore_ament_install'
[0.244s] Level 1:colcon.colcon_core.package_identification:_identify(motor_interfaces) by extensions ['colcon_pkg']
[0.244s] Level 1:colcon.colcon_core.package_identification:_identify(motor_interfaces) by extension 'colcon_pkg'
[0.244s] Level 1:colcon.colcon_core.package_identification:_identify(motor_interfaces) by extensions ['colcon_meta']
[0.244s] Level 1:colcon.colcon_core.package_identification:_identify(motor_interfaces) by extension 'colcon_meta'
[0.244s] Level 1:colcon.colcon_core.package_identification:_identify(motor_interfaces) by extensions ['ros']
[0.244s] Level 1:colcon.colcon_core.package_identification:_identify(motor_interfaces) by extension 'ros'
[0.245s] DEBUG:colcon.colcon_core.package_identification:Package 'motor_interfaces' with type 'ros.ament_cmake' and name 'motor_interfaces'
[0.245s] Level 1:colcon.colcon_core.package_identification:_identify(servo) by extensions ['ignore', 'ignore_ament_install']
[0.245s] Level 1:colcon.colcon_core.package_identification:_identify(servo) by extension 'ignore'
[0.245s] Level 1:colcon.colcon_core.package_identification:_identify(servo) by extension 'ignore_ament_install'
[0.245s] Level 1:colcon.colcon_core.package_identification:_identify(servo) by extensions ['colcon_pkg']
[0.245s] Level 1:colcon.colcon_core.package_identification:_identify(servo) by extension 'colcon_pkg'
[0.245s] Level 1:colcon.colcon_core.package_identification:_identify(servo) by extensions ['colcon_meta']
[0.245s] Level 1:colcon.colcon_core.package_identification:_identify(servo) by extension 'colcon_meta'
[0.245s] Level 1:colcon.colcon_core.package_identification:_identify(servo) by extensions ['ros']
[0.245s] Level 1:colcon.colcon_core.package_identification:_identify(servo) by extension 'ros'
[0.246s] DEBUG:colcon.colcon_core.package_identification:Package 'servo' with type 'ros.ament_python' and name 'servo'
[0.246s] Level 1:colcon.colcon_core.package_discovery:discover_packages(recursive) using defaults
[0.246s] Level 1:colcon.colcon_core.package_discovery:discover_packages(ignore) discover
[0.246s] Level 1:colcon.colcon_core.package_discovery:discover_packages(ignore) using defaults
[0.246s] Level 1:colcon.colcon_core.package_discovery:discover_packages(path) discover
[0.246s] Level 1:colcon.colcon_core.package_discovery:discover_packages(path) using defaults
[0.270s] Level 1:colcon.colcon_core.package_discovery:discover_packages(prefix_path) check parameters
[0.270s] Level 1:colcon.colcon_core.package_discovery:discover_packages(prefix_path) discover
[0.272s] DEBUG:colcon.colcon_installed_package_information.package_discovery:Found 4 installed packages in /home/selqie/buoyancy/install
[0.274s] DEBUG:colcon.colcon_installed_package_information.package_discovery:Found 192 installed packages in /opt/ros/jazzy
[0.275s] Level 1:colcon.colcon_core.package_discovery:discover_packages(prefix_path) using defaults
[0.316s] Level 5:colcon.colcon_core.verb:set package 'battery' build argument 'cmake_args' from command line to 'None'
[0.316s] Level 5:colcon.colcon_core.verb:set package 'battery' build argument 'cmake_target' from command line to 'None'
[0.316s] Level 5:colcon.colcon_core.verb:set package 'battery' build argument 'cmake_target_skip_unavailable' from command line to 'False'
[0.316s] Level 5:colcon.colcon_core.verb:set package 'battery' build argument 'cmake_clean_cache' from command line to 'False'
[0.316s] Level 5:colcon.colcon_core.verb:set package 'battery' build argument 'cmake_clean_first' from command line to 'False'
[0.316s] Level 5:colcon.colcon_core.verb:set package 'battery' build argument 'cmake_force_configure' from command line to 'False'
[0.316s] Level 5:colcon.colcon_core.verb:set package 'battery' build argument 'ament_cmake_args' from command line to 'None'
[0.316s] Level 5:colcon.colcon_core.verb:set package 'battery' build argument 'catkin_cmake_args' from command line to 'None'
[0.316s] Level 5:colcon.colcon_core.verb:set package 'battery' build argument 'catkin_skip_building_tests' from command line to 'False'
[0.316s] DEBUG:colcon.colcon_core.verb:Building package 'battery' with the following arguments: {'ament_cmake_args': None, 'build_base': '/home/selqie/buoyancy/build/battery', 'catkin_cmake_args': None, 'catkin_skip_building_tests': False, 'cmake_args': None, 'cmake_clean_cache': False, 'cmake_clean_first': False, 'cmake_force_configure': False, 'cmake_target': None, 'cmake_target_skip_unavailable': False, 'install_base': '/home/selqie/buoyancy/install/battery', 'merge_install': False, 'path': '/home/selqie/buoyancy/battery', 'symlink_install': False, 'test_result_base': None}
[0.316s] Level 5:colcon.colcon_core.verb:set package 'motor_interfaces' build argument 'cmake_args' from command line to 'None'
[0.316s] Level 5:colcon.colcon_core.verb:set package 'motor_interfaces' build argument 'cmake_target' from command line to 'None'
[0.316s] Level 5:colcon.colcon_core.verb:set package 'motor_interfaces' build argument 'cmake_target_skip_unavailable' from command line to 'False'
[0.316s] Level 5:colcon.colcon_core.verb:set package 'motor_interfaces' build argument 'cmake_clean_cache' from command line to 'False'
[0.317s] Level 5:colcon.colcon_core.verb:set package 'motor_interfaces' build argument 'cmake_clean_first' from command line to 'False'
[0.317s] Level 5:colcon.colcon_core.verb:set package 'motor_interfaces' build argument 'cmake_force_configure' from command line to 'False'
[0.317s] Level 5:colcon.colcon_core.verb:set package 'motor_interfaces' build argument 'ament_cmake_args' from command line to 'None'
[0.317s] Level 5:colcon.colcon_core.verb:set package 'motor_interfaces' build argument 'catkin_cmake_args' from command line to 'None'
[0.317s] Level 5:colcon.colcon_core.verb:set package 'motor_interfaces' build argument 'catkin_skip_building_tests' from command line to 'False'
[0.317s] DEBUG:colcon.colcon_core.verb:Building package 'motor_interfaces' with the following arguments: {'ament_cmake_args': None, 'build_base': '/home/selqie/buoyancy/build/motor_interfaces', 'catkin_cmake_args': None, 'catkin_skip_building_tests': False, 'cmake_args': None, 'cmake_clean_cache': False, 'cmake_clean_first': False, 'cmake_force_configure': False, 'cmake_target': None, 'cmake_target_skip_unavailable': False, 'install_base': '/home/selqie/buoyancy/install/motor_interfaces', 'merge_install': False, 'path': '/home/selqie/buoyancy/motor_interfaces', 'symlink_install': False, 'test_result_base': None}
[0.317s] Level 5:colcon.colcon_core.verb:set package 'buoy_control' build argument 'cmake_args' from command line to 'None'
[0.317s] Level 5:colcon.colcon_core.verb:set package 'buoy_control' build argument 'cmake_target' from command line to 'None'
[0.317s] Level 5:colcon.colcon_core.verb:set package 'buoy_control' build argument 'cmake_target_skip_unavailable' from command line to 'False'
[0.317s] Level 5:colcon.colcon_core.verb:set package 'buoy_control' build argument 'cmake_clean_cache' from command line to 'False'
[0.317s] Level 5:colcon.colcon_core.verb:set package 'buoy_control' build argument 'cmake_clean_first' from command line to 'False'
[0.317s] Level 5:colcon.colcon_core.verb:set package 'buoy_control' build argument 'cmake_force_configure' from command line to 'False'
[0.317s] Level 5:colcon.colcon_core.verb:set package 'buoy_control' build argument 'ament_cmake_args' from command line to 'None'
[0.317s] Level 5:colcon.colcon_core.verb:set package 'buoy_control' build argument 'catkin_cmake_args' from command line to 'None'
[0.317s] Level 5:colcon.colcon_core.verb:set package 'buoy_control' build argument 'catkin_skip_building_tests' from command line to 'False'
[0.317s] DEBUG:colcon.colcon_core.verb:Building package 'buoy_control' with the following arguments: {'ament_cmake_args': None, 'build_base': '/home/selqie/buoyancy/build/buoy_control', 'catkin_cmake_args': None, 'catkin_skip_building_tests': False, 'cmake_args': None, 'cmake_clean_cache': False, 'cmake_clean_first': False, 'cmake_force_configure': False, 'cmake_target': None, 'cmake_target_skip_unavailable': False, 'install_base': '/home/selqie/buoyancy/install/buoy_control', 'merge_install': False, 'path': '/home/selqie/buoyancy/buoy_control', 'symlink_install': False, 'test_result_base': None}
[0.317s] Level 5:colcon.colcon_core.verb:set package 'servo' build argument 'cmake_args' from command line to 'None'
[0.318s] Level 5:colcon.colcon_core.verb:set package 'servo' build argument 'cmake_target' from command line to 'None'
[0.318s] Level 5:colcon.colcon_core.verb:set package 'servo' build argument 'cmake_target_skip_unavailable' from command line to 'False'
[0.318s] Level 5:colcon.colcon_core.verb:set package 'servo' build argument 'cmake_clean_cache' from command line to 'False'
[0.318s] Level 5:colcon.colcon_core.verb:set package 'servo' build argument 'cmake_clean_first' from command line to 'False'
[0.318s] Level 5:colcon.colcon_core.verb:set package 'servo' build argument 'cmake_force_configure' from command line to 'False'
[0.318s] Level 5:colcon.colcon_core.verb:set package 'servo' build argument 'ament_cmake_args' from command line to 'None'
[0.318s] Level 5:colcon.colcon_core.verb:set package 'servo' build argument 'catkin_cmake_args' from command line to 'None'
[0.318s] Level 5:colcon.colcon_core.verb:set package 'servo' build argument 'catkin_skip_building_tests' from command line to 'False'
[0.318s] DEBUG:colcon.colcon_core.verb:Building package 'servo' with the following arguments: {'ament_cmake_args': None, 'build_base': '/home/selqie/buoyancy/build/servo', 'catkin_cmake_args': None, 'catkin_skip_building_tests': False, 'cmake_args': None, 'cmake_clean_cache': False, 'cmake_clean_first': False, 'cmake_force_configure': False, 'cmake_target': None, 'cmake_target_skip_unavailable': False, 'install_base': '/home/selqie/buoyancy/install/servo', 'merge_install': False, 'path': '/home/selqie/buoyancy/servo', 'symlink_install': False, 'test_result_base': None}
[0.318s] INFO:colcon.colcon_core.executor:Executing jobs using 'parallel' executor
[0.319s] DEBUG:colcon.colcon_parallel_executor.executor.parallel:run_until_complete
[0.320s] INFO:colcon.colcon_ros.task.ament_cmake.build:Building ROS package in '/home/selqie/buoyancy/motor_interfaces' with build type 'ament_cmake'
[0.320s] INFO:colcon.colcon_cmake.task.cmake.build:Building CMake package in '/home/selqie/buoyancy/motor_interfaces'
[0.322s] INFO:colcon.colcon_core.plugin_system:Skipping extension 'colcon_core.shell.bat': Not used on non-Windows systems
[0.322s] INFO:colcon.colcon_core.shell:Skip shell extension 'powershell' for command environment: Not usable outside of PowerShell
[0.322s] DEBUG:colcon.colcon_core.shell:Skip shell extension 'dsv' for command environment
[0.326s] INFO:colcon.colcon_ros.task.ament_python.build:Building ROS package in '/home/selqie/buoyancy/battery' with build type 'ament_python'
[0.326s] Level 1:colcon.colcon_core.shell:create_environment_hook('battery', 'ament_prefix_path')
[0.327s] INFO:colcon.colcon_core.shell:Creating environment hook '/home/selqie/buoyancy/install/battery/share/battery/hook/ament_prefix_path.ps1'
[0.328s] INFO:colcon.colcon_core.shell:Creating environment descriptor '/home/selqie/buoyancy/install/battery/share/battery/hook/ament_prefix_path.dsv'
[0.329s] INFO:colcon.colcon_core.shell:Creating environment hook '/home/selqie/buoyancy/install/battery/share/battery/hook/ament_prefix_path.sh'
[0.331s] INFO:colcon.colcon_core.shell:Skip shell extension 'powershell' for command environment: Not usable outside of PowerShell
[0.331s] DEBUG:colcon.colcon_core.shell:Skip shell extension 'dsv' for command environment
[0.341s] DEBUG:colcon.colcon_core.event_handler.log_command:Invoking command in '/home/selqie/buoyancy/build/motor_interfaces': CMAKE_PREFIX_PATH=${CMAKE_PREFIX_PATH}:/home/selqie/buoyancy/install/servo:/home/selqie/buoyancy/install/buoy_control:/home/selqie/buoyancy/install/battery:/opt/ros/jazzy /usr/bin/cmake --build /home/selqie/buoyancy/build/motor_interfaces -- -j4 -l4
[0.886s] INFO:colcon.colcon_core.task.python.build:Building Python package in '/home/selqie/buoyancy/battery'
[0.887s] INFO:colcon.colcon_core.shell:Skip shell extension 'powershell' for command environment: Not usable outside of PowerShell
[0.887s] DEBUG:colcon.colcon_core.shell:Skip shell extension 'dsv' for command environment
[1.162s] DEBUG:colcon.colcon_core.event_handler.log_command:Invoked command in '/home/selqie/buoyancy/build/motor_interfaces' returned '0': CMAKE_PREFIX_PATH=${CMAKE_PREFIX_PATH}:/home/selqie/buoyancy/install/servo:/home/selqie/buoyancy/install/buoy_control:/home/selqie/buoyancy/install/battery:/opt/ros/jazzy /usr/bin/cmake --build /home/selqie/buoyancy/build/motor_interfaces -- -j4 -l4
[1.180s] DEBUG:colcon.colcon_core.event_handler.log_command:Invoking command in '/home/selqie/buoyancy/build/motor_interfaces': CMAKE_PREFIX_PATH=${CMAKE_PREFIX_PATH}:/home/selqie/buoyancy/install/servo:/home/selqie/buoyancy/install/buoy_control:/home/selqie/buoyancy/install/battery:/opt/ros/jazzy /usr/bin/cmake --install /home/selqie/buoyancy/build/motor_interfaces
[1.285s] Level 1:colcon.colcon_core.environment:create_environment_scripts_only(motor_interfaces)
[1.286s] DEBUG:colcon.colcon_core.event_handler.log_command:Invoked command in '/home/selqie/buoyancy/build/motor_interfaces' returned '0': CMAKE_PREFIX_PATH=${CMAKE_PREFIX_PATH}:/home/selqie/buoyancy/install/servo:/home/selqie/buoyancy/install/buoy_control:/home/selqie/buoyancy/install/battery:/opt/ros/jazzy /usr/bin/cmake --install /home/selqie/buoyancy/build/motor_interfaces
[1.288s] Level 1:colcon.colcon_core.environment:checking '/home/selqie/buoyancy/install/motor_interfaces' for CMake module files
[1.289s] Level 1:colcon.colcon_core.environment:checking '/home/selqie/buoyancy/install/motor_interfaces' for CMake config files
[1.290s] Level 1:colcon.colcon_core.shell:create_environment_hook('motor_interfaces', 'cmake_prefix_path')
[1.290s] INFO:colcon.colcon_core.shell:Creating environment hook '/home/selqie/buoyancy/install/motor_interfaces/share/motor_interfaces/hook/cmake_prefix_path.ps1'
[1.291s] INFO:colcon.colcon_core.shell:Creating environment descriptor '/home/selqie/buoyancy/install/motor_interfaces/share/motor_interfaces/hook/cmake_prefix_path.dsv'
[1.292s] INFO:colcon.colcon_core.shell:Creating environment hook '/home/selqie/buoyancy/install/motor_interfaces/share/motor_interfaces/hook/cmake_prefix_path.sh'
[1.293s] Level 1:colcon.colcon_core.environment:checking '/home/selqie/buoyancy/install/motor_interfaces/lib'
[1.294s] Level 1:colcon.colcon_core.shell:create_environment_hook('motor_interfaces', 'ld_library_path_lib')
[1.294s] INFO:colcon.colcon_core.shell:Creating environment hook '/home/selqie/buoyancy/install/motor_interfaces/share/motor_interfaces/hook/ld_library_path_lib.ps1'
[1.295s] INFO:colcon.colcon_core.shell:Creating environment descriptor '/home/selqie/buoyancy/install/motor_interfaces/share/motor_interfaces/hook/ld_library_path_lib.dsv'
[1.296s] INFO:colcon.colcon_core.shell:Creating environment hook '/home/selqie/buoyancy/install/motor_interfaces/share/motor_interfaces/hook/ld_library_path_lib.sh'
[1.297s] Level 1:colcon.colcon_core.environment:checking '/home/selqie/buoyancy/install/motor_interfaces/bin'
[1.297s] Level 1:colcon.colcon_core.environment:checking '/home/selqie/buoyancy/install/motor_interfaces/lib/pkgconfig/motor_interfaces.pc'
[1.298s] Level 1:colcon.colcon_core.environment:checking '/home/selqie/buoyancy/install/motor_interfaces/lib/python3.12/site-packages'
[1.298s] Level 1:colcon.colcon_core.shell:create_environment_hook('motor_interfaces', 'pythonpath')
[1.298s] INFO:colcon.colcon_core.shell:Creating environment hook '/home/selqie/buoyancy/install/motor_interfaces/share/motor_interfaces/hook/pythonpath.ps1'
[1.299s] INFO:colcon.colcon_core.shell:Creating environment descriptor '/home/selqie/buoyancy/install/motor_interfaces/share/motor_interfaces/hook/pythonpath.dsv'
[1.300s] INFO:colcon.colcon_core.shell:Creating environment hook '/home/selqie/buoyancy/install/motor_interfaces/share/motor_interfaces/hook/pythonpath.sh'
[1.302s] Level 1:colcon.colcon_core.environment:checking '/home/selqie/buoyancy/install/motor_interfaces/bin'
[1.302s] INFO:colcon.colcon_core.shell:Creating package script '/home/selqie/buoyancy/install/motor_interfaces/share/motor_interfaces/package.ps1'
[1.303s] INFO:colcon.colcon_core.shell:Creating package descriptor '/home/selqie/buoyancy/install/motor_interfaces/share/motor_interfaces/package.dsv'
[1.304s] INFO:colcon.colcon_core.shell:Creating package script '/home/selqie/buoyancy/install/motor_interfaces/share/motor_interfaces/package.sh'
[1.306s] INFO:colcon.colcon_core.shell:Creating package script '/home/selqie/buoyancy/install/motor_interfaces/share/motor_interfaces/package.bash'
[1.307s] INFO:colcon.colcon_core.shell:Creating package script '/home/selqie/buoyancy/install/motor_interfaces/share/motor_interfaces/package.zsh'
[1.309s] Level 1:colcon.colcon_core.environment:create_file_with_runtime_dependencies(/home/selqie/buoyancy/install/motor_interfaces/share/colcon-core/packages/motor_interfaces)
[1.311s] Level 1:colcon.colcon_core.environment:create_environment_scripts_only(motor_interfaces)
[1.311s] Level 1:colcon.colcon_core.environment:checking '/home/selqie/buoyancy/install/motor_interfaces' for CMake module files
[1.312s] Level 1:colcon.colcon_core.environment:checking '/home/selqie/buoyancy/install/motor_interfaces' for CMake config files
[1.313s] Level 1:colcon.colcon_core.shell:create_environment_hook('motor_interfaces', 'cmake_prefix_path')
[1.313s] INFO:colcon.colcon_core.shell:Creating environment hook '/home/selqie/buoyancy/install/motor_interfaces/share/motor_interfaces/hook/cmake_prefix_path.ps1'
[1.313s] INFO:colcon.colcon_core.shell:Creating environment descriptor '/home/selqie/buoyancy/install/motor_interfaces/share/motor_interfaces/hook/cmake_prefix_path.dsv'
[1.315s] INFO:colcon.colcon_core.shell:Creating environment hook '/home/selqie/buoyancy/install/motor_interfaces/share/motor_interfaces/hook/cmake_prefix_path.sh'
[1.319s] Level 1:colcon.colcon_core.environment:checking '/home/selqie/buoyancy/install/motor_interfaces/lib'
[1.319s] Level 1:colcon.colcon_core.shell:create_environment_hook('motor_interfaces', 'ld_library_path_lib')
[1.320s] INFO:colcon.colcon_core.shell:Creating environment hook '/home/selqie/buoyancy/install/motor_interfaces/share/motor_interfaces/hook/ld_library_path_lib.ps1'
[1.320s] INFO:colcon.colcon_core.shell:Creating environment descriptor '/home/selqie/buoyancy/install/motor_interfaces/share/motor_interfaces/hook/ld_library_path_lib.dsv'
[1.321s] INFO:colcon.colcon_core.shell:Creating environment hook '/home/selqie/buoyancy/install/motor_interfaces/share/motor_interfaces/hook/ld_library_path_lib.sh'
[1.321s] Level 1:colcon.colcon_core.environment:checking '/home/selqie/buoyancy/install/motor_interfaces/bin'
[1.322s] Level 1:colcon.colcon_core.environment:checking '/home/selqie/buoyancy/install/motor_interfaces/lib/pkgconfig/motor_interfaces.pc'
[1.322s] Level 1:colcon.colcon_core.environment:checking '/home/selqie/buoyancy/install/motor_interfaces/lib/python3.12/site-packages'
[1.322s] Level 1:colcon.colcon_core.shell:create_environment_hook('motor_interfaces', 'pythonpath')
[1.322s] INFO:colcon.colcon_core.shell:Creating environment hook '/home/selqie/buoyancy/install/motor_interfaces/share/motor_interfaces/hook/pythonpath.ps1'
[1.323s] INFO:colcon.colcon_core.shell:Creating environment descriptor '/home/selqie/buoyancy/install/motor_interfaces/share/motor_interfaces/hook/pythonpath.dsv'
[1.323s] INFO:colcon.colcon_core.shell:Creating environment hook '/home/selqie/buoyancy/install/motor_interfaces/share/motor_interfaces/hook/pythonpath.sh'
[1.325s] Level 1:colcon.colcon_core.environment:checking '/home/selqie/buoyancy/install/motor_interfaces/bin'
[1.325s] INFO:colcon.colcon_core.shell:Creating package script '/home/selqie/buoyancy/install/motor_interfaces/share/motor_interfaces/package.ps1'
[1.326s] INFO:colcon.colcon_core.shell:Creating package descriptor '/home/selqie/buoyancy/install/motor_interfaces/share/motor_interfaces/package.dsv'
[1.327s] INFO:colcon.colcon_core.shell:Creating package script '/home/selqie/buoyancy/install/motor_interfaces/share/motor_interfaces/package.sh'
[1.327s] INFO:colcon.colcon_core.shell:Creating package script '/home/selqie/buoyancy/install/motor_interfaces/share/motor_interfaces/package.bash'
[1.328s] INFO:colcon.colcon_core.shell:Creating package script '/home/selqie/buoyancy/install/motor_interfaces/share/motor_interfaces/package.zsh'
[1.328s] Level 1:colcon.colcon_core.environment:create_file_with_runtime_dependencies(/home/selqie/buoyancy/install/motor_interfaces/share/colcon-core/packages/motor_interfaces)
[1.329s] INFO:colcon.colcon_ros.task.ament_python.build:Building ROS package in '/home/selqie/buoyancy/buoy_control' with build type 'ament_python'
[1.329s] Level 1:colcon.colcon_core.shell:create_environment_hook('buoy_control', 'ament_prefix_path')
[1.329s] INFO:colcon.colcon_core.shell:Creating environment hook '/home/selqie/buoyancy/install/buoy_control/share/buoy_control/hook/ament_prefix_path.ps1'
[1.330s] INFO:colcon.colcon_core.shell:Creating environment descriptor '/home/selqie/buoyancy/install/buoy_control/share/buoy_control/hook/ament_prefix_path.dsv'
[1.331s] INFO:colcon.colcon_core.shell:Creating environment hook '/home/selqie/buoyancy/install/buoy_control/share/buoy_control/hook/ament_prefix_path.sh'
[1.332s] INFO:colcon.colcon_core.shell:Skip shell extension 'powershell' for command environment: Not usable outside of PowerShell
[1.332s] DEBUG:colcon.colcon_core.shell:Skip shell extension 'dsv' for command environment
[1.335s] INFO:colcon.colcon_ros.task.ament_python.build:Building ROS package in '/home/selqie/buoyancy/servo' with build type 'ament_python'
[1.336s] Level 1:colcon.colcon_core.shell:create_environment_hook('servo', 'ament_prefix_path')
[1.336s] INFO:colcon.colcon_core.shell:Creating environment hook '/home/selqie/buoyancy/install/servo/share/servo/hook/ament_prefix_path.ps1'
[1.337s] INFO:colcon.colcon_core.shell:Creating environment descriptor '/home/selqie/buoyancy/install/servo/share/servo/hook/ament_prefix_path.dsv'
[1.338s] INFO:colcon.colcon_core.shell:Creating environment hook '/home/selqie/buoyancy/install/servo/share/servo/hook/ament_prefix_path.sh'
[1.339s] INFO:colcon.colcon_core.shell:Skip shell extension 'powershell' for command environment: Not usable outside of PowerShell
[1.339s] DEBUG:colcon.colcon_core.shell:Skip shell extension 'dsv' for command environment
[1.701s] INFO:colcon.colcon_core.task.python.build:Building Python package in '/home/selqie/buoyancy/buoy_control'
[1.702s] INFO:colcon.colcon_core.shell:Skip shell extension 'powershell' for command environment: Not usable outside of PowerShell
[1.702s] DEBUG:colcon.colcon_core.shell:Skip shell extension 'dsv' for command environment
[2.047s] INFO:colcon.colcon_core.task.python.build:Building Python package in '/home/selqie/buoyancy/servo'
[2.048s] INFO:colcon.colcon_core.shell:Skip shell extension 'powershell' for command environment: Not usable outside of PowerShell
[2.048s] DEBUG:colcon.colcon_core.shell:Skip shell extension 'dsv' for command environment
[2.056s] DEBUG:colcon.colcon_core.event_handler.log_command:Invoking command in '/home/selqie/buoyancy/battery': PYTHONPATH=/home/selqie/buoyancy/build/battery/prefix_override:/usr/lib/python3/dist-packages/colcon_core/task/python/colcon_distutils_commands:/home/selqie/buoyancy/install/battery/lib/python3.12/site-packages:${PYTHONPATH} /usr/bin/python3 -W ignore:setup.py install is deprecated -W ignore:easy_install command is deprecated setup.py egg_info --egg-base ../build/battery build --build-base /home/selqie/buoyancy/build/battery/build install --record /home/selqie/buoyancy/build/battery/install.log --single-version-externally-managed install_data
[2.965s] Level 1:colcon.colcon_core.environment:checking '/home/selqie/buoyancy/install/battery' for CMake module files
[2.967s] DEBUG:colcon.colcon_core.event_handler.log_command:Invoked command in '/home/selqie/buoyancy/battery' returned '0': PYTHONPATH=/home/selqie/buoyancy/build/battery/prefix_override:/usr/lib/python3/dist-packages/colcon_core/task/python/colcon_distutils_commands:/home/selqie/buoyancy/install/battery/lib/python3.12/site-packages:${PYTHONPATH} /usr/bin/python3 -W ignore:setup.py install is deprecated -W ignore:easy_install command is deprecated setup.py egg_info --egg-base ../build/battery build --build-base /home/selqie/buoyancy/build/battery/build install --record /home/selqie/buoyancy/build/battery/install.log --single-version-externally-managed install_data
[2.968s] Level 1:colcon.colcon_core.environment:checking '/home/selqie/buoyancy/install/battery' for CMake config files
[2.969s] Level 1:colcon.colcon_core.environment:checking '/home/selqie/buoyancy/install/battery/lib'
[2.969s] Level 1:colcon.colcon_core.environment:checking '/home/selqie/buoyancy/install/battery/bin'
[2.969s] Level 1:colcon.colcon_core.environment:checking '/home/selqie/buoyancy/install/battery/lib/pkgconfig/battery.pc'
[2.970s] Level 1:colcon.colcon_core.environment:checking '/home/selqie/buoyancy/install/battery/lib/python3.12/site-packages'
[2.970s] Level 1:colcon.colcon_core.shell:create_environment_hook('battery', 'pythonpath')
[2.971s] INFO:colcon.colcon_core.shell:Creating environment hook '/home/selqie/buoyancy/install/battery/share/battery/hook/pythonpath.ps1'
[2.972s] INFO:colcon.colcon_core.shell:Creating environment descriptor '/home/selqie/buoyancy/install/battery/share/battery/hook/pythonpath.dsv'
[2.973s] INFO:colcon.colcon_core.shell:Creating environment hook '/home/selqie/buoyancy/install/battery/share/battery/hook/pythonpath.sh'
[2.975s] Level 1:colcon.colcon_core.environment:checking '/home/selqie/buoyancy/install/battery/bin'
[2.976s] Level 1:colcon.colcon_core.environment:create_environment_scripts_only(battery)
[2.977s] INFO:colcon.colcon_core.shell:Creating package script '/home/selqie/buoyancy/install/battery/share/battery/package.ps1'
[2.978s] INFO:colcon.colcon_core.shell:Creating package descriptor '/home/selqie/buoyancy/install/battery/share/battery/package.dsv'
[2.980s] INFO:colcon.colcon_core.shell:Creating package script '/home/selqie/buoyancy/install/battery/share/battery/package.sh'
[2.982s] INFO:colcon.colcon_core.shell:Creating package script '/home/selqie/buoyancy/install/battery/share/battery/package.bash'
[2.983s] INFO:colcon.colcon_core.shell:Creating package script '/home/selqie/buoyancy/install/battery/share/battery/package.zsh'
[2.985s] Level 1:colcon.colcon_core.environment:create_file_with_runtime_dependencies(/home/selqie/buoyancy/install/battery/share/colcon-core/packages/battery)
[3.079s] DEBUG:colcon.colcon_core.event_handler.log_command:Invoking command in '/home/selqie/buoyancy/buoy_control': PYTHONPATH=/home/selqie/buoyancy/build/buoy_control/prefix_override:/usr/lib/python3/dist-packages/colcon_core/task/python/colcon_distutils_commands:/home/selqie/buoyancy/install/buoy_control/lib/python3.12/site-packages:/home/selqie/buoyancy/install/motor_interfaces/lib/python3.12/site-packages:/home/selqie/buoyancy/install/servo/lib/python3.12/site-packages:/home/selqie/buoyancy/install/buoy_control/lib/python3.12/site-packages:/home/selqie/buoyancy/install/battery/lib/python3.12/site-packages:/opt/ros/jazzy/lib/python3.12/site-packages /usr/bin/python3 -W ignore:setup.py install is deprecated -W ignore:easy_install command is deprecated setup.py egg_info --egg-base ../build/buoy_control build --build-base /home/selqie/buoyancy/build/buoy_control/build install --record /home/selqie/buoyancy/build/buoy_control/install.log --single-version-externally-managed install_data
[3.095s] DEBUG:colcon.colcon_core.event_handler.log_command:Invoking command in '/home/selqie/buoyancy/servo': PYTHONPATH=/home/selqie/buoyancy/build/servo/prefix_override:/usr/lib/python3/dist-packages/colcon_core/task/python/colcon_distutils_commands:/home/selqie/buoyancy/install/servo/lib/python3.12/site-packages:/home/selqie/buoyancy/install/motor_interfaces/lib/python3.12/site-packages:/home/selqie/buoyancy/install/servo/lib/python3.12/site-packages:/home/selqie/buoyancy/install/buoy_control/lib/python3.12/site-packages:/home/selqie/buoyancy/install/battery/lib/python3.12/site-packages:/opt/ros/jazzy/lib/python3.12/site-packages /usr/bin/python3 -W ignore:setup.py install is deprecated -W ignore:easy_install command is deprecated setup.py egg_info --egg-base ../build/servo build --build-base /home/selqie/buoyancy/build/servo/build install --record /home/selqie/buoyancy/build/servo/install.log --single-version-externally-managed install_data
[3.877s] Level 1:colcon.colcon_core.environment:checking '/home/selqie/buoyancy/install/buoy_control' for CMake module files
[3.878s] DEBUG:colcon.colcon_core.event_handler.log_command:Invoked command in '/home/selqie/buoyancy/buoy_control' returned '0': PYTHONPATH=/home/selqie/buoyancy/build/buoy_control/prefix_override:/usr/lib/python3/dist-packages/colcon_core/task/python/colcon_distutils_commands:/home/selqie/buoyancy/install/buoy_control/lib/python3.12/site-packages:/home/selqie/buoyancy/install/motor_interfaces/lib/python3.12/site-packages:/home/selqie/buoyancy/install/servo/lib/python3.12/site-packages:/home/selqie/buoyancy/install/buoy_control/lib/python3.12/site-packages:/home/selqie/buoyancy/install/battery/lib/python3.12/site-packages:/opt/ros/jazzy/lib/python3.12/site-packages /usr/bin/python3 -W ignore:setup.py install is deprecated -W ignore:easy_install command is deprecated setup.py egg_info --egg-base ../build/buoy_control build --build-base /home/selqie/buoyancy/build/buoy_control/build install --record /home/selqie/buoyancy/build/buoy_control/install.log --single-version-externally-managed install_data
[3.879s] Level 1:colcon.colcon_core.environment:checking '/home/selqie/buoyancy/install/buoy_control' for CMake config files
[3.880s] Level 1:colcon.colcon_core.environment:checking '/home/selqie/buoyancy/install/buoy_control/lib'
[3.880s] Level 1:colcon.colcon_core.environment:checking '/home/selqie/buoyancy/install/buoy_control/bin'
[3.880s] Level 1:colcon.colcon_core.environment:checking '/home/selqie/buoyancy/install/buoy_control/lib/pkgconfig/buoy_control.pc'
[3.880s] Level 1:colcon.colcon_core.environment:checking '/home/selqie/buoyancy/install/buoy_control/lib/python3.12/site-packages'
[3.880s] Level 1:colcon.colcon_core.shell:create_environment_hook('buoy_control', 'pythonpath')
[3.881s] INFO:colcon.colcon_core.shell:Creating environment hook '/home/selqie/buoyancy/install/buoy_control/share/buoy_control/hook/pythonpath.ps1'
[3.882s] INFO:colcon.colcon_core.shell:Creating environment descriptor '/home/selqie/buoyancy/install/buoy_control/share/buoy_control/hook/pythonpath.dsv'
[3.883s] INFO:colcon.colcon_core.shell:Creating environment hook '/home/selqie/buoyancy/install/buoy_control/share/buoy_control/hook/pythonpath.sh'
[3.885s] Level 1:colcon.colcon_core.environment:checking '/home/selqie/buoyancy/install/buoy_control/bin'
[3.886s] Level 1:colcon.colcon_core.environment:create_environment_scripts_only(buoy_control)
[3.887s] INFO:colcon.colcon_core.shell:Creating package script '/home/selqie/buoyancy/install/buoy_control/share/buoy_control/package.ps1'
[3.888s] INFO:colcon.colcon_core.shell:Creating package descriptor '/home/selqie/buoyancy/install/buoy_control/share/buoy_control/package.dsv'
[3.890s] INFO:colcon.colcon_core.shell:Creating package script '/home/selqie/buoyancy/install/buoy_control/share/buoy_control/package.sh'
[3.894s] INFO:colcon.colcon_core.shell:Creating package script '/home/selqie/buoyancy/install/buoy_control/share/buoy_control/package.bash'
[3.894s] INFO:colcon.colcon_core.shell:Creating package script '/home/selqie/buoyancy/install/buoy_control/share/buoy_control/package.zsh'
[3.895s] Level 1:colcon.colcon_core.environment:create_file_with_runtime_dependencies(/home/selqie/buoyancy/install/buoy_control/share/colcon-core/packages/buoy_control)
[3.897s] Level 1:colcon.colcon_core.environment:checking '/home/selqie/buoyancy/install/servo' for CMake module files
[3.898s] DEBUG:colcon.colcon_core.event_handler.log_command:Invoked command in '/home/selqie/buoyancy/servo' returned '0': PYTHONPATH=/home/selqie/buoyancy/build/servo/prefix_override:/usr/lib/python3/dist-packages/colcon_core/task/python/colcon_distutils_commands:/home/selqie/buoyancy/install/servo/lib/python3.12/site-packages:/home/selqie/buoyancy/install/motor_interfaces/lib/python3.12/site-packages:/home/selqie/buoyancy/install/servo/lib/python3.12/site-packages:/home/selqie/buoyancy/install/buoy_control/lib/python3.12/site-packages:/home/selqie/buoyancy/install/battery/lib/python3.12/site-packages:/opt/ros/jazzy/lib/python3.12/site-packages /usr/bin/python3 -W ignore:setup.py install is deprecated -W ignore:easy_install command is deprecated setup.py egg_info --egg-base ../build/servo build --build-base /home/selqie/buoyancy/build/servo/build install --record /home/selqie/buoyancy/build/servo/install.log --single-version-externally-managed install_data
[3.898s] Level 1:colcon.colcon_core.environment:checking '/home/selqie/buoyancy/install/servo' for CMake config files
[3.899s] Level 1:colcon.colcon_core.environment:checking '/home/selqie/buoyancy/install/servo/lib'
[3.899s] Level 1:colcon.colcon_core.environment:checking '/home/selqie/buoyancy/install/servo/bin'
[3.899s] Level 1:colcon.colcon_core.environment:checking '/home/selqie/buoyancy/install/servo/lib/pkgconfig/servo.pc'
[3.899s] Level 1:colcon.colcon_core.environment:checking '/home/selqie/buoyancy/install/servo/lib/python3.12/site-packages'
[3.899s] Level 1:colcon.colcon_core.shell:create_environment_hook('servo', 'pythonpath')
[3.900s] INFO:colcon.colcon_core.shell:Creating environment hook '/home/selqie/buoyancy/install/servo/share/servo/hook/pythonpath.ps1'
[3.900s] INFO:colcon.colcon_core.shell:Creating environment descriptor '/home/selqie/buoyancy/install/servo/share/servo/hook/pythonpath.dsv'
[3.901s] INFO:colcon.colcon_core.shell:Creating environment hook '/home/selqie/buoyancy/install/servo/share/servo/hook/pythonpath.sh'
[3.902s] Level 1:colcon.colcon_core.environment:checking '/home/selqie/buoyancy/install/servo/bin'
[3.902s] Level 1:colcon.colcon_core.environment:create_environment_scripts_only(servo)
[3.902s] INFO:colcon.colcon_core.shell:Creating package script '/home/selqie/buoyancy/install/servo/share/servo/package.ps1'
[3.903s] INFO:colcon.colcon_core.shell:Creating package descriptor '/home/selqie/buoyancy/install/servo/share/servo/package.dsv'
[3.904s] INFO:colcon.colcon_core.shell:Creating package script '/home/selqie/buoyancy/install/servo/share/servo/package.sh'
[3.905s] INFO:colcon.colcon_core.shell:Creating package script '/home/selqie/buoyancy/install/servo/share/servo/package.bash'
[3.907s] INFO:colcon.colcon_core.shell:Creating package script '/home/selqie/buoyancy/install/servo/share/servo/package.zsh'
[3.908s] Level 1:colcon.colcon_core.environment:create_file_with_runtime_dependencies(/home/selqie/buoyancy/install/servo/share/colcon-core/packages/servo)
[3.909s] DEBUG:colcon.colcon_parallel_executor.executor.parallel:closing loop
[3.910s] DEBUG:colcon.colcon_parallel_executor.executor.parallel:loop closed
[3.910s] DEBUG:colcon.colcon_parallel_executor.executor.parallel:run_until_complete finished with '0'
[3.910s] DEBUG:colcon.colcon_core.event_reactor:joining thread
[3.918s] INFO:colcon.colcon_core.plugin_system:Skipping extension 'colcon_notification.desktop_notification.notify_send': Could not find 'notify-send'
[3.918s] INFO:colcon.colcon_core.plugin_system:Skipping extension 'colcon_notification.desktop_notification.terminal_notifier': Not used on non-Darwin systems
[3.918s] INFO:colcon.colcon_core.plugin_system:Skipping extension 'colcon_notification.desktop_notification.win32': Not used on non-Windows systems
[3.918s] INFO:colcon.colcon_notification.desktop_notification:Sending desktop notification using 'notify2'
[3.920s] DEBUG:colcon.colcon_notification.desktop_notification.notify2:Failed to initialize notify2: org.freedesktop.DBus.Error.ServiceUnknown: The name org.freedesktop.Notifications was not provided by any .service files
[3.920s] DEBUG:colcon.colcon_core.event_reactor:joined thread
[3.920s] INFO:colcon.colcon_core.shell:Creating prefix script '/home/selqie/buoyancy/install/local_setup.ps1'
[3.921s] INFO:colcon.colcon_core.shell:Creating prefix util module '/home/selqie/buoyancy/install/_local_setup_util_ps1.py'
[3.923s] INFO:colcon.colcon_core.shell:Creating prefix chain script '/home/selqie/buoyancy/install/setup.ps1'
[3.925s] INFO:colcon.colcon_core.shell:Creating prefix script '/home/selqie/buoyancy/install/local_setup.sh'
[3.926s] INFO:colcon.colcon_core.shell:Creating prefix util module '/home/selqie/buoyancy/install/_local_setup_util_sh.py'
[3.928s] INFO:colcon.colcon_core.shell:Creating prefix chain script '/home/selqie/buoyancy/install/setup.sh'
[3.932s] INFO:colcon.colcon_core.shell:Creating prefix script '/home/selqie/buoyancy/install/local_setup.bash'
[3.933s] INFO:colcon.colcon_core.shell:Creating prefix chain script '/home/selqie/buoyancy/install/setup.bash'
[3.934s] INFO:colcon.colcon_core.shell:Creating prefix script '/home/selqie/buoyancy/install/local_setup.zsh'
[3.935s] INFO:colcon.colcon_core.shell:Creating prefix chain script '/home/selqie/buoyancy/install/setup.zsh'
