[2.610s] Invoking command in '/home/selqie/buoyancy/leak_sensor': PYTHONPATH=/home/selqie/buoyancy/build/leak_sensor/prefix_override:/usr/lib/python3/dist-packages/colcon_core/task/python/colcon_distutils_commands:/home/selqie/buoyancy/install/leak_sensor/lib/python3.12/site-packages:${PYTHONPATH} /usr/bin/python3 -W ignore:setup.py install is deprecated -W ignore:easy_install command is deprecated setup.py egg_info --egg-base ../build/leak_sensor build --build-base /home/selqie/buoyancy/build/leak_sensor/build install --record /home/selqie/buoyancy/build/leak_sensor/install.log --single-version-externally-managed install_data
[3.234s] running egg_info
[3.259s] writing ../build/leak_sensor/leak_sensor.egg-info/PKG-INFO
[3.260s] writing dependency_links to ../build/leak_sensor/leak_sensor.egg-info/dependency_links.txt
[3.261s] writing entry points to ../build/leak_sensor/leak_sensor.egg-info/entry_points.txt
[3.262s] writing requirements to ../build/leak_sensor/leak_sensor.egg-info/requires.txt
[3.262s] writing top-level names to ../build/leak_sensor/leak_sensor.egg-info/top_level.txt
[3.319s] reading manifest file '../build/leak_sensor/leak_sensor.egg-info/SOURCES.txt'
[3.322s] writing manifest file '../build/leak_sensor/leak_sensor.egg-info/SOURCES.txt'
[3.323s] running build
[3.323s] running build_py
[3.328s] running install
[3.343s] running install_lib
[3.380s] running install_data
[3.381s] running install_egg_info
[3.437s] removing '/home/selqie/buoyancy/install/leak_sensor/lib/python3.12/site-packages/leak_sensor-0.1.0-py3.12.egg-info' (and everything under it)
[3.440s] Copying ../build/leak_sensor/leak_sensor.egg-info to /home/selqie/buoyancy/install/leak_sensor/lib/python3.12/site-packages/leak_sensor-0.1.0-py3.12.egg-info
[3.444s] running install_scripts
[3.883s] Installing leak_sensor_node script to /home/selqie/buoyancy/install/leak_sensor/lib/leak_sensor
[3.884s] writing list of installed files to '/home/selqie/buoyancy/build/leak_sensor/install.log'
[4.075s] Invoked command in '/home/selqie/buoyancy/leak_sensor' returned '0': PYTHONPATH=/home/selqie/buoyancy/build/leak_sensor/prefix_override:/usr/lib/python3/dist-packages/colcon_core/task/python/colcon_distutils_commands:/home/selqie/buoyancy/install/leak_sensor/lib/python3.12/site-packages:${PYTHONPATH} /usr/bin/python3 -W ignore:setup.py install is deprecated -W ignore:easy_install command is deprecated setup.py egg_info --egg-base ../build/leak_sensor build --build-base /home/selqie/buoyancy/build/leak_sensor/build install --record /home/selqie/buoyancy/build/leak_sensor/install.log --single-version-externally-managed install_data
