[2.046s] Invoking command in '/home/selqie/buoyancy/leak_sensor': PYTHONPATH=/home/selqie/buoyancy/build/leak_sensor/prefix_override:/usr/lib/python3/dist-packages/colcon_core/task/python/colcon_distutils_commands:/home/selqie/buoyancy/install/leak_sensor/lib/python3.12/site-packages:${PYTHONPATH} /usr/bin/python3 -W ignore:setup.py install is deprecated -W ignore:easy_install command is deprecated setup.py egg_info --egg-base ../build/leak_sensor build --build-base /home/selqie/buoyancy/build/leak_sensor/build install --record /home/selqie/buoyancy/build/leak_sensor/install.log --single-version-externally-managed install_data
[2.555s] running egg_info
[2.578s] writing ../build/leak_sensor/leak_sensor.egg-info/PKG-INFO
[2.579s] writing dependency_links to ../build/leak_sensor/leak_sensor.egg-info/dependency_links.txt
[2.580s] writing entry points to ../build/leak_sensor/leak_sensor.egg-info/entry_points.txt
[2.582s] writing requirements to ../build/leak_sensor/leak_sensor.egg-info/requires.txt
[2.583s] writing top-level names to ../build/leak_sensor/leak_sensor.egg-info/top_level.txt
[2.635s] reading manifest file '../build/leak_sensor/leak_sensor.egg-info/SOURCES.txt'
[2.637s] writing manifest file '../build/leak_sensor/leak_sensor.egg-info/SOURCES.txt'
[2.637s] running build
[2.639s] running build_py
[2.640s] running install
[2.655s] running install_lib
[2.686s] running install_data
[2.686s] running install_egg_info
[2.717s] removing '/home/selqie/buoyancy/install/leak_sensor/lib/python3.12/site-packages/leak_sensor-0.1.0-py3.12.egg-info' (and everything under it)
[2.717s] Copying ../build/leak_sensor/leak_sensor.egg-info to /home/selqie/buoyancy/install/leak_sensor/lib/python3.12/site-packages/leak_sensor-0.1.0-py3.12.egg-info
[2.719s] running install_scripts
[2.924s] Installing leak_sensor_node script to /home/selqie/buoyancy/install/leak_sensor/lib/leak_sensor
[2.925s] writing list of installed files to '/home/selqie/buoyancy/build/leak_sensor/install.log'
[3.202s] Invoked command in '/home/selqie/buoyancy/leak_sensor' returned '0': PYTHONPATH=/home/selqie/buoyancy/build/leak_sensor/prefix_override:/usr/lib/python3/dist-packages/colcon_core/task/python/colcon_distutils_commands:/home/selqie/buoyancy/install/leak_sensor/lib/python3.12/site-packages:${PYTHONPATH} /usr/bin/python3 -W ignore:setup.py install is deprecated -W ignore:easy_install command is deprecated setup.py egg_info --egg-base ../build/leak_sensor build --build-base /home/selqie/buoyancy/build/leak_sensor/build install --record /home/selqie/buoyancy/build/leak_sensor/install.log --single-version-externally-managed install_data
