[0.578s] Invoking command in '/home/selqie/buoyancy/build/bno08x_driver': CMAKE_PREFIX_PATH=/opt/ros/jazzy /usr/bin/cmake --build /home/selqie/buoyancy/build/bno08x_driver -- -j4 -l4
[0.710s] [ 27%] Built target sh2_library
[0.727s] [ 38%] Built target gmock_main
[0.735s] [ 55%] Built target gmock
[0.791s] [ 77%] Built target bno08x_driver
[0.823s] [ 88%] Built target test_watchdog
[0.826s] [100%] Built target test_i2c_mock
[1.039s] Invoked command in '/home/selqie/buoyancy/build/bno08x_driver' returned '0': CMAKE_PREFIX_PATH=/opt/ros/jazzy /usr/bin/cmake --build /home/selqie/buoyancy/build/bno08x_driver -- -j4 -l4
[1.059s] Invoking command in '/home/selqie/buoyancy/build/bno08x_driver': CMAKE_PREFIX_PATH=/opt/ros/jazzy /usr/bin/cmake --install /home/selqie/buoyancy/build/bno08x_driver
[1.081s] -- Install configuration: ""
[1.081s] -- Up-to-date: /home/selqie/buoyancy/install/bno08x_driver/lib/bno08x_driver/bno08x_driver
[1.082s] -- Up-to-date: /home/selqie/buoyancy/install/bno08x_driver/share/bno08x_driver/config
[1.082s] -- Up-to-date: /home/selqie/buoyancy/install/bno08x_driver/share/bno08x_driver/config/bno085_i2c.yaml
[1.082s] -- Up-to-date: /home/selqie/buoyancy/install/bno08x_driver/share/bno08x_driver/launch
[1.083s] -- Up-to-date: /home/selqie/buoyancy/install/bno08x_driver/share/bno08x_driver/launch/bno085_i2c.launch.py
[1.086s] -- Up-to-date: /home/selqie/buoyancy/install/bno08x_driver/share/ament_index/resource_index/package_run_dependencies/bno08x_driver
[1.087s] -- Up-to-date: /home/selqie/buoyancy/install/bno08x_driver/share/ament_index/resource_index/parent_prefix_path/bno08x_driver
[1.087s] -- Up-to-date: /home/selqie/buoyancy/install/bno08x_driver/share/bno08x_driver/environment/ament_prefix_path.sh
[1.087s] -- Up-to-date: /home/selqie/buoyancy/install/bno08x_driver/share/bno08x_driver/environment/ament_prefix_path.dsv
[1.088s] -- Up-to-date: /home/selqie/buoyancy/install/bno08x_driver/share/bno08x_driver/environment/path.sh
[1.088s] -- Up-to-date: /home/selqie/buoyancy/install/bno08x_driver/share/bno08x_driver/environment/path.dsv
[1.089s] -- Up-to-date: /home/selqie/buoyancy/install/bno08x_driver/share/bno08x_driver/local_setup.bash
[1.091s] -- Up-to-date: /home/selqie/buoyancy/install/bno08x_driver/share/bno08x_driver/local_setup.sh
[1.093s] -- Up-to-date: /home/selqie/buoyancy/install/bno08x_driver/share/bno08x_driver/local_setup.zsh
[1.093s] -- Up-to-date: /home/selqie/buoyancy/install/bno08x_driver/share/bno08x_driver/local_setup.dsv
[1.093s] -- Installing: /home/selqie/buoyancy/install/bno08x_driver/share/bno08x_driver/package.dsv
[1.094s] -- Up-to-date: /home/selqie/buoyancy/install/bno08x_driver/share/ament_index/resource_index/packages/bno08x_driver
[1.094s] -- Up-to-date: /home/selqie/buoyancy/install/bno08x_driver/share/bno08x_driver/cmake/bno08x_driverConfig.cmake
[1.094s] -- Up-to-date: /home/selqie/buoyancy/install/bno08x_driver/share/bno08x_driver/cmake/bno08x_driverConfig-version.cmake
[1.094s] -- Up-to-date: /home/selqie/buoyancy/install/bno08x_driver/share/bno08x_driver/package.xml
[1.100s] Invoked command in '/home/selqie/buoyancy/build/bno08x_driver' returned '0': CMAKE_PREFIX_PATH=/opt/ros/jazzy /usr/bin/cmake --install /home/selqie/buoyancy/build/bno08x_driver
