[0.355s] Invoking command in '/home/selqie/buoyancy/build/bno08x_driver': CMAKE_PREFIX_PATH=/opt/ros/jazzy /usr/bin/cmake /home/selqie/buoyancy/sensing/bno08x-ros2-driver -DCMAKE_INSTALL_PREFIX=/home/selqie/buoyancy/install/bno08x_driver
[0.664s] -- The C compiler identification is GNU 13.3.0
[1.128s] -- The CXX compiler identification is GNU 13.3.0
[1.172s] -- Detecting C compiler ABI info
[1.426s] -- Detecting C compiler ABI info - done
[1.442s] -- Check for working C compiler: /usr/bin/cc - skipped
[1.446s] -- Detecting C compile features
[1.446s] -- Detecting C compile features - done
[1.468s] -- Detecting CXX compiler ABI info
[1.735s] -- Detecting CXX compiler ABI info - done
[1.750s] -- Check for working CXX compiler: /usr/bin/c++ - skipped
[1.750s] -- Detecting CXX compile features
[1.751s] -- Detecting CXX compile features - done
[1.758s] -- Found ament_cmake: 2.5.4 (/opt/ros/jazzy/share/ament_cmake/cmake)
[2.117s] -- Found Python3: /usr/bin/python3 (found version "3.12.3") found components: Interpreter 
[2.421s] -- Found rclcpp: 28.1.13 (/opt/ros/jazzy/share/rclcpp/cmake)
[2.530s] -- Found rosidl_generator_c: 4.6.6 (/opt/ros/jazzy/share/rosidl_generator_c/cmake)
[2.557s] -- Found rosidl_generator_cpp: 4.6.6 (/opt/ros/jazzy/share/rosidl_generator_cpp/cmake)
[2.607s] -- Using all available rosidl_typesupport_c: rosidl_typesupport_fastrtps_c;rosidl_typesupport_introspection_c
[2.649s] -- Using all available rosidl_typesupport_cpp: rosidl_typesupport_fastrtps_cpp;rosidl_typesupport_introspection_cpp
[2.864s] -- Found rmw_implementation_cmake: 7.3.2 (/opt/ros/jazzy/share/rmw_implementation_cmake/cmake)
[2.872s] -- Found rmw_fastrtps_cpp: 8.4.3 (/opt/ros/jazzy/share/rmw_fastrtps_cpp/cmake)
[3.107s] -- Found OpenSSL: /usr/lib/aarch64-linux-gnu/libcrypto.so (found version "3.0.13")  
[3.140s] -- Found FastRTPS: /opt/ros/jazzy/include (Required is at least version "2.13") 
[3.186s] -- Using RMW implementation 'rmw_fastrtps_cpp' as default
[3.370s] -- Found sensor_msgs: 5.3.6 (/opt/ros/jazzy/share/sensor_msgs/cmake)
[3.537s] -- Found ament_cmake_gmock: 2.5.4 (/opt/ros/jazzy/share/ament_cmake_gmock/cmake)
[3.543s] -- Found ament_cmake_gtest: 2.5.4 (/opt/ros/jazzy/share/ament_cmake_gtest/cmake)
[3.553s] -- Found gmock sources under '/opt/ros/jazzy/src/gmock_vendor': C++ tests using 'Google Mock' will be built
[3.565s] -- Found gtest sources under '/opt/ros/jazzy/src/gtest_vendor': C++ tests using 'Google Test' will be built
[3.922s] -- Configuring done (3.5s)
[4.018s] -- Generating done (0.1s)
[4.045s] -- Build files have been written to: /home/selqie/buoyancy/build/bno08x_driver
[4.125s] Invoked command in '/home/selqie/buoyancy/build/bno08x_driver' returned '0': CMAKE_PREFIX_PATH=/opt/ros/jazzy /usr/bin/cmake /home/selqie/buoyancy/sensing/bno08x-ros2-driver -DCMAKE_INSTALL_PREFIX=/home/selqie/buoyancy/install/bno08x_driver
[4.126s] Invoking command in '/home/selqie/buoyancy/build/bno08x_driver': CMAKE_PREFIX_PATH=/opt/ros/jazzy /usr/bin/cmake --build /home/selqie/buoyancy/build/bno08x_driver -- -j4 -l4
[4.280s] [  5%] [32mBuilding CXX object gmock/CMakeFiles/gmock.dir/opt/ros/jazzy/src/gtest_vendor/src/gtest-all.cc.o[0m
[4.281s] [ 11%] [32mBuilding C object include/sh2/CMakeFiles/sh2_library.dir/sh2_SensorValue.c.o[0m
[4.282s] [ 22%] [32mBuilding CXX object gmock/CMakeFiles/gmock_main.dir/src/gmock_main.cc.o[0m
[4.286s] [ 16%] [32mBuilding C object include/sh2/CMakeFiles/sh2_library.dir/sh2.c.o[0m
[4.617s] [ 27%] [32mBuilding C object include/sh2/CMakeFiles/sh2_library.dir/sh2_util.c.o[0m
[4.748s] [ 33%] [32mBuilding C object include/sh2/CMakeFiles/sh2_library.dir/shtp.c.o[0m
[4.765s] [ 38%] [32mBuilding CXX object gmock/CMakeFiles/gmock.dir/src/gmock-all.cc.o[0m
[4.999s] [ 44%] [32m[1mLinking C static library libsh2_library.a[0m
[5.179s] [ 44%] Built target sh2_library
[5.377s] [ 50%] [32mBuilding CXX object CMakeFiles/bno08x_driver.dir/src/bno08x.cpp.o[0m
[9.360s] [ 55%] [32mBuilding CXX object CMakeFiles/bno08x_driver.dir/src/bno08x_ros.cpp.o[0m
[12.016s] [ 61%] [32m[1mLinking CXX static library libgmock_main.a[0m
[12.270s] [ 61%] Built target gmock_main
[12.314s] [ 66%] [32mBuilding CXX object CMakeFiles/bno08x_driver.dir/src/ros_node.cpp.o[0m
[27.956s] [ 72%] [32m[1mLinking CXX static library libgmock.a[0m
[28.232s] [ 72%] Built target gmock
[28.273s] [ 83%] [32mBuilding CXX object CMakeFiles/test_watchdog.dir/test/watchdog_test.cpp.o[0m
[28.274s] [ 83%] [32mBuilding CXX object CMakeFiles/test_i2c_mock.dir/test/i2c_interface_mock_test.cpp.o[0m
[34.148s] [ 88%] [32m[1mLinking CXX executable test_watchdog[0m
[34.586s] [ 88%] Built target test_watchdog
[35.512s] [ 94%] [32m[1mLinking CXX executable test_i2c_mock[0m
[35.909s] [ 94%] Built target test_i2c_mock
[36.842s] [100%] [32m[1mLinking CXX executable bno08x_driver[0m
[37.475s] [100%] Built target bno08x_driver
[37.496s] Invoked command in '/home/selqie/buoyancy/build/bno08x_driver' returned '0': CMAKE_PREFIX_PATH=/opt/ros/jazzy /usr/bin/cmake --build /home/selqie/buoyancy/build/bno08x_driver -- -j4 -l4
[37.498s] Invoking command in '/home/selqie/buoyancy/build/bno08x_driver': CMAKE_PREFIX_PATH=/opt/ros/jazzy /usr/bin/cmake --install /home/selqie/buoyancy/build/bno08x_driver
[37.512s] -- Install configuration: ""
[37.512s] -- Installing: /home/selqie/buoyancy/install/bno08x_driver/lib/bno08x_driver/bno08x_driver
[37.516s] -- Set non-toolchain portion of runtime path of "/home/selqie/buoyancy/install/bno08x_driver/lib/bno08x_driver/bno08x_driver" to ""
[37.516s] -- Installing: /home/selqie/buoyancy/install/bno08x_driver/share/bno08x_driver/config
[37.517s] -- Installing: /home/selqie/buoyancy/install/bno08x_driver/share/bno08x_driver/config/bno085_i2c.yaml
[37.517s] -- Installing: /home/selqie/buoyancy/install/bno08x_driver/share/bno08x_driver/launch
[37.518s] -- Installing: /home/selqie/buoyancy/install/bno08x_driver/share/bno08x_driver/launch/bno085_i2c.launch.py
[37.518s] -- Installing: /home/selqie/buoyancy/install/bno08x_driver/share/ament_index/resource_index/package_run_dependencies/bno08x_driver
[37.518s] -- Installing: /home/selqie/buoyancy/install/bno08x_driver/share/ament_index/resource_index/parent_prefix_path/bno08x_driver
[37.519s] -- Installing: /home/selqie/buoyancy/install/bno08x_driver/share/bno08x_driver/environment/ament_prefix_path.sh
[37.519s] -- Installing: /home/selqie/buoyancy/install/bno08x_driver/share/bno08x_driver/environment/ament_prefix_path.dsv
[37.519s] -- Installing: /home/selqie/buoyancy/install/bno08x_driver/share/bno08x_driver/environment/path.sh
[37.519s] -- Installing: /home/selqie/buoyancy/install/bno08x_driver/share/bno08x_driver/environment/path.dsv
[37.519s] -- Installing: /home/selqie/buoyancy/install/bno08x_driver/share/bno08x_driver/local_setup.bash
[37.520s] -- Installing: /home/selqie/buoyancy/install/bno08x_driver/share/bno08x_driver/local_setup.sh
[37.520s] -- Installing: /home/selqie/buoyancy/install/bno08x_driver/share/bno08x_driver/local_setup.zsh
[37.520s] -- Installing: /home/selqie/buoyancy/install/bno08x_driver/share/bno08x_driver/local_setup.dsv
[37.520s] -- Installing: /home/selqie/buoyancy/install/bno08x_driver/share/bno08x_driver/package.dsv
[37.520s] -- Installing: /home/selqie/buoyancy/install/bno08x_driver/share/ament_index/resource_index/packages/bno08x_driver
[37.520s] -- Installing: /home/selqie/buoyancy/install/bno08x_driver/share/bno08x_driver/cmake/bno08x_driverConfig.cmake
[37.521s] -- Installing: /home/selqie/buoyancy/install/bno08x_driver/share/bno08x_driver/cmake/bno08x_driverConfig-version.cmake
[37.521s] -- Installing: /home/selqie/buoyancy/install/bno08x_driver/share/bno08x_driver/package.xml
[37.525s] Invoked command in '/home/selqie/buoyancy/build/bno08x_driver' returned '0': CMAKE_PREFIX_PATH=/opt/ros/jazzy /usr/bin/cmake --install /home/selqie/buoyancy/build/bno08x_driver
