[1.831s] Invoking command in '/home/selqie/buoyancy/led': PYTHONPATH=/home/selqie/buoyancy/build/led/prefix_override:/usr/lib/python3/dist-packages/colcon_core/task/python/colcon_distutils_commands:/home/selqie/buoyancy/install/led/lib/python3.12/site-packages:${PYTHONPATH} /usr/bin/python3 -W ignore:setup.py install is deprecated -W ignore:easy_install command is deprecated setup.py egg_info --egg-base ../build/led build --build-base /home/selqie/buoyancy/build/led/build install --record /home/selqie/buoyancy/build/led/install.log --single-version-externally-managed install_data
[2.371s] running egg_info
[2.401s] writing ../build/led/led.egg-info/PKG-INFO
[2.403s] writing dependency_links to ../build/led/led.egg-info/dependency_links.txt
[2.404s] writing entry points to ../build/led/led.egg-info/entry_points.txt
[2.405s] writing requirements to ../build/led/led.egg-info/requires.txt
[2.406s] writing top-level names to ../build/led/led.egg-info/top_level.txt
[2.476s] reading manifest file '../build/led/led.egg-info/SOURCES.txt'
[2.478s] writing manifest file '../build/led/led.egg-info/SOURCES.txt'
[2.479s] running build
[2.479s] running build_py
[2.484s] running install
[2.502s] running install_lib
[2.541s] running install_data
[2.541s] running install_egg_info
[2.587s] removing '/home/selqie/buoyancy/install/led/lib/python3.12/site-packages/led-0.0.4-py3.12.egg-info' (and everything under it)
[2.588s] Copying ../build/led/led.egg-info to /home/selqie/buoyancy/install/led/lib/python3.12/site-packages/led-0.0.4-py3.12.egg-info
[2.591s] running install_scripts
[2.872s] Installing led_node script to /home/selqie/buoyancy/install/led/lib/led
[2.875s] Installing led_tester script to /home/selqie/buoyancy/install/led/lib/led
[2.875s] Installing rainbow_fade script to /home/selqie/buoyancy/install/led/lib/led
[2.875s] Installing ws2812b-set script to /home/selqie/buoyancy/install/led/lib/led
[2.877s] writing list of installed files to '/home/selqie/buoyancy/build/led/install.log'
