[1.713s] Invoking command in '/home/selqie/buoyancy/battery': PYTHONPATH=/home/selqie/buoyancy/build/battery/prefix_override:/usr/lib/python3/dist-packages/colcon_core/task/python/colcon_distutils_commands:/home/selqie/buoyancy/install/battery/lib/python3.12/site-packages:${PYTHONPATH} /usr/bin/python3 -W ignore:setup.py install is deprecated -W ignore:easy_install command is deprecated setup.py egg_info --egg-base ../build/battery build --build-base /home/selqie/buoyancy/build/battery/build install --record /home/selqie/buoyancy/build/battery/install.log --single-version-externally-managed install_data
[2.114s] running egg_info
[2.138s] writing ../build/battery/battery.egg-info/PKG-INFO
[2.139s] writing dependency_links to ../build/battery/battery.egg-info/dependency_links.txt
[2.139s] writing entry points to ../build/battery/battery.egg-info/entry_points.txt
[2.140s] writing requirements to ../build/battery/battery.egg-info/requires.txt
[2.141s] writing top-level names to ../build/battery/battery.egg-info/top_level.txt
[2.185s] reading manifest file '../build/battery/battery.egg-info/SOURCES.txt'
[2.186s] writing manifest file '../build/battery/battery.egg-info/SOURCES.txt'
[2.186s] running build
[2.186s] running build_py
[2.187s] running install
[2.197s] running install_lib
[2.224s] running install_data
[2.225s] running install_egg_info
[2.251s] removing '/home/selqie/buoyancy/install/battery/lib/python3.12/site-packages/battery-0.0.0-py3.12.egg-info' (and everything under it)
[2.252s] Copying ../build/battery/battery.egg-info to /home/selqie/buoyancy/install/battery/lib/python3.12/site-packages/battery-0.0.0-py3.12.egg-info
[2.253s] running install_scripts
[2.412s] Installing tinybms_voltage_uart script to /home/selqie/buoyancy/install/battery/lib/battery
[2.413s] writing list of installed files to '/home/selqie/buoyancy/build/battery/install.log'
[2.615s] Invoked command in '/home/selqie/buoyancy/battery' returned '0': PYTHONPATH=/home/selqie/buoyancy/build/battery/prefix_override:/usr/lib/python3/dist-packages/colcon_core/task/python/colcon_distutils_commands:/home/selqie/buoyancy/install/battery/lib/python3.12/site-packages:${PYTHONPATH} /usr/bin/python3 -W ignore:setup.py install is deprecated -W ignore:easy_install command is deprecated setup.py egg_info --egg-base ../build/battery build --build-base /home/selqie/buoyancy/build/battery/build install --record /home/selqie/buoyancy/build/battery/install.log --single-version-externally-managed install_data
