/home/selqie/buoyancy/install/led/lib/python3.12/site-packages/ws2812b_ros/led_tester.py
/home/selqie/buoyancy/install/led/lib/python3.12/site-packages/ws2812b_ros/ws2812b_spi.py
/home/selqie/buoyancy/install/led/lib/python3.12/site-packages/ws2812b_ros/rainbow_fade.py
/home/selqie/buoyancy/install/led/lib/python3.12/site-packages/ws2812b_ros/__init__.py
/home/selqie/buoyancy/install/led/lib/python3.12/site-packages/ws2812b_ros/cli.py
/home/selqie/buoyancy/install/led/lib/python3.12/site-packages/ws2812b_ros/led_node.py
/home/selqie/buoyancy/install/led/lib/python3.12/site-packages/ws2812b_ros/__pycache__/led_tester.cpython-312.pyc
/home/selqie/buoyancy/install/led/lib/python3.12/site-packages/ws2812b_ros/__pycache__/ws2812b_spi.cpython-312.pyc
/home/selqie/buoyancy/install/led/lib/python3.12/site-packages/ws2812b_ros/__pycache__/rainbow_fade.cpython-312.pyc
/home/selqie/buoyancy/install/led/lib/python3.12/site-packages/ws2812b_ros/__pycache__/__init__.cpython-312.pyc
/home/selqie/buoyancy/install/led/lib/python3.12/site-packages/ws2812b_ros/__pycache__/cli.cpython-312.pyc
/home/selqie/buoyancy/install/led/lib/python3.12/site-packages/ws2812b_ros/__pycache__/led_node.cpython-312.pyc
/home/selqie/buoyancy/install/led/share/ament_index/resource_index/packages/led
/home/selqie/buoyancy/install/led/share/led/package.xml
/home/selqie/buoyancy/install/led/share/led/launch/led_demo.launch.py
/home/selqie/buoyancy/install/led/share/led/launch/rainbow_fade.launch.py
/home/selqie/buoyancy/install/led/lib/python3.12/site-packages/led-0.0.4-py3.12.egg-info/dependency_links.txt
/home/selqie/buoyancy/install/led/lib/python3.12/site-packages/led-0.0.4-py3.12.egg-info/PKG-INFO
/home/selqie/buoyancy/install/led/lib/python3.12/site-packages/led-0.0.4-py3.12.egg-info/entry_points.txt
/home/selqie/buoyancy/install/led/lib/python3.12/site-packages/led-0.0.4-py3.12.egg-info/top_level.txt
/home/selqie/buoyancy/install/led/lib/python3.12/site-packages/led-0.0.4-py3.12.egg-info/requires.txt
/home/selqie/buoyancy/install/led/lib/python3.12/site-packages/led-0.0.4-py3.12.egg-info/zip-safe
/home/selqie/buoyancy/install/led/lib/python3.12/site-packages/led-0.0.4-py3.12.egg-info/SOURCES.txt
/home/selqie/buoyancy/install/led/lib/led/led_node
/home/selqie/buoyancy/install/led/lib/led/led_tester
/home/selqie/buoyancy/install/led/lib/led/rainbow_fade
/home/selqie/buoyancy/install/led/lib/led/ws2812b-set
