[2.222s] Invoking command in '/home/selqie/buoyancy/water_sensors': PYTHONPATH=/home/selqie/buoyancy/build/water_sensors/prefix_override:/usr/lib/python3/dist-packages/colcon_core/task/python/colcon_distutils_commands:/home/selqie/buoyancy/install/water_sensors/lib/python3.12/site-packages:${PYTHONPATH} /usr/bin/python3 -W ignore:setup.py install is deprecated -W ignore:easy_install command is deprecated setup.py egg_info --egg-base ../build/water_sensors build --build-base /home/selqie/buoyancy/build/water_sensors/build install --record /home/selqie/buoyancy/build/water_sensors/install.log --single-version-externally-managed install_data
[2.608s] running egg_info
[2.636s] writing ../build/water_sensors/water_sensors.egg-info/PKG-INFO
[2.637s] writing dependency_links to ../build/water_sensors/water_sensors.egg-info/dependency_links.txt
[2.638s] writing entry points to ../build/water_sensors/water_sensors.egg-info/entry_points.txt
[2.638s] writing requirements to ../build/water_sensors/water_sensors.egg-info/requires.txt
[2.639s] writing top-level names to ../build/water_sensors/water_sensors.egg-info/top_level.txt
[2.696s] reading manifest file '../build/water_sensors/water_sensors.egg-info/SOURCES.txt'
[2.706s] writing manifest file '../build/water_sensors/water_sensors.egg-info/SOURCES.txt'
[2.707s] running build
[2.707s] running build_py
[2.708s] running install
[2.720s] running install_lib
[2.747s] running install_data
[2.748s] running install_egg_info
[2.777s] removing '/home/selqie/buoyancy/install/water_sensors/lib/python3.12/site-packages/water_sensors-0.1.0-py3.12.egg-info' (and everything under it)
[2.777s] Copying ../build/water_sensors/water_sensors.egg-info to /home/selqie/buoyancy/install/water_sensors/lib/python3.12/site-packages/water_sensors-0.1.0-py3.12.egg-info
[2.779s] running install_scripts
[2.949s] Installing humidity_sensor_node script to /home/selqie/buoyancy/install/water_sensors/lib/water_sensors
[2.949s] Installing leak_sensor_node script to /home/selqie/buoyancy/install/water_sensors/lib/water_sensors
[2.950s] writing list of installed files to '/home/selqie/buoyancy/build/water_sensors/install.log'
[3.087s] Invoked command in '/home/selqie/buoyancy/water_sensors' returned '0': PYTHONPATH=/home/selqie/buoyancy/build/water_sensors/prefix_override:/usr/lib/python3/dist-packages/colcon_core/task/python/colcon_distutils_commands:/home/selqie/buoyancy/install/water_sensors/lib/python3.12/site-packages:${PYTHONPATH} /usr/bin/python3 -W ignore:setup.py install is deprecated -W ignore:easy_install command is deprecated setup.py egg_info --egg-base ../build/water_sensors build --build-base /home/selqie/buoyancy/build/water_sensors/build install --record /home/selqie/buoyancy/build/water_sensors/install.log --single-version-externally-managed install_data
