[2.692s] Invoking command in '/home/selqie/buoyancy/battery': PYTHONPATH=/home/selqie/buoyancy/build/battery/prefix_override:/usr/lib/python3/dist-packages/colcon_core/task/python/colcon_distutils_commands:/home/selqie/buoyancy/install/battery/lib/python3.12/site-packages:${PYTHONPATH} /usr/bin/python3 -W ignore:setup.py install is deprecated -W ignore:easy_install command is deprecated setup.py egg_info --egg-base ../build/battery build --build-base /home/selqie/buoyancy/build/battery/build install --record /home/selqie/buoyancy/build/battery/install.log --single-version-externally-managed install_data
[3.266s] running egg_info
[3.267s] creating ../build/battery/battery.egg-info
[3.300s] writing ../build/battery/battery.egg-info/PKG-INFO
[3.300s] writing dependency_links to ../build/battery/battery.egg-info/dependency_links.txt
[3.301s] writing entry points to ../build/battery/battery.egg-info/entry_points.txt
[3.301s] writing requirements to ../build/battery/battery.egg-info/requires.txt
[3.301s] writing top-level names to ../build/battery/battery.egg-info/top_level.txt
[3.301s] writing manifest file '../build/battery/battery.egg-info/SOURCES.txt'
[3.380s] reading manifest file '../build/battery/battery.egg-info/SOURCES.txt'
[3.386s] writing manifest file '../build/battery/battery.egg-info/SOURCES.txt'
[3.386s] running build
[3.386s] running build_py
[3.386s] creating /home/selqie/buoyancy/build/battery/build
[3.386s] creating /home/selqie/buoyancy/build/battery/build/lib
[3.386s] creating /home/selqie/buoyancy/build/battery/build/lib/battery
[3.387s] copying battery/__init__.py -> /home/selqie/buoyancy/build/battery/build/lib/battery
[3.387s] copying battery/tinybms_voltage_uart.py -> /home/selqie/buoyancy/build/battery/build/lib/battery
[3.389s] running install
[3.401s] running install_lib
[3.438s] creating /home/selqie/buoyancy/install/battery/lib/python3.12/site-packages/battery
[3.438s] copying /home/selqie/buoyancy/build/battery/build/lib/battery/__init__.py -> /home/selqie/buoyancy/install/battery/lib/python3.12/site-packages/battery
[3.438s] copying /home/selqie/buoyancy/build/battery/build/lib/battery/tinybms_voltage_uart.py -> /home/selqie/buoyancy/install/battery/lib/python3.12/site-packages/battery
[3.440s] byte-compiling /home/selqie/buoyancy/install/battery/lib/python3.12/site-packages/battery/__init__.py to __init__.cpython-312.pyc
[3.440s] byte-compiling /home/selqie/buoyancy/install/battery/lib/python3.12/site-packages/battery/tinybms_voltage_uart.py to tinybms_voltage_uart.cpython-312.pyc
[3.447s] running install_data
[3.447s] creating /home/selqie/buoyancy/install/battery/share/ament_index
[3.447s] creating /home/selqie/buoyancy/install/battery/share/ament_index/resource_index
[3.447s] creating /home/selqie/buoyancy/install/battery/share/ament_index/resource_index/packages
[3.451s] copying resource/battery -> /home/selqie/buoyancy/install/battery/share/ament_index/resource_index/packages
[3.451s] copying package.xml -> /home/selqie/buoyancy/install/battery/share/battery
[3.451s] creating /home/selqie/buoyancy/install/battery/share/battery/launch
[3.451s] copying launch/tinybms_voltage_uart.launch.py -> /home/selqie/buoyancy/install/battery/share/battery/launch
[3.451s] running install_egg_info
[3.486s] Copying ../build/battery/battery.egg-info to /home/selqie/buoyancy/install/battery/lib/python3.12/site-packages/battery-0.0.0-py3.12.egg-info
[3.487s] running install_scripts
[3.765s] Installing tinybms_voltage_uart script to /home/selqie/buoyancy/install/battery/lib/battery
[3.767s] writing list of installed files to '/home/selqie/buoyancy/build/battery/install.log'
[4.017s] Invoked command in '/home/selqie/buoyancy/battery' returned '0': PYTHONPATH=/home/selqie/buoyancy/build/battery/prefix_override:/usr/lib/python3/dist-packages/colcon_core/task/python/colcon_distutils_commands:/home/selqie/buoyancy/install/battery/lib/python3.12/site-packages:${PYTHONPATH} /usr/bin/python3 -W ignore:setup.py install is deprecated -W ignore:easy_install command is deprecated setup.py egg_info --egg-base ../build/battery build --build-base /home/selqie/buoyancy/build/battery/build install --record /home/selqie/buoyancy/build/battery/install.log --single-version-externally-managed install_data
