[1.388s] Invoking command in '/home/selqie/buoyancy/servo': CMAKE_PREFIX_PATH=/home/selqie/buoyancy/install/motor_interfaces:/home/selqie/buoyancy/install/sensing_bringup:/home/selqie/buoyancy/install/bno08x_driver PYTHONPATH=/home/selqie/buoyancy/build/servo/prefix_override:/usr/lib/python3/dist-packages/colcon_core/task/python/colcon_distutils_commands:/home/selqie/buoyancy/install/servo/lib/python3.12/site-packages:/home/selqie/buoyancy/install/motor_interfaces/lib/python3.12/site-packages:/home/selqie/buoyancy/install/servo/lib/python3.12/site-packages:/home/selqie/buoyancy/install/ms5837_bar_ros/lib/python3.12/site-packages:/home/selqie/buoyancy/install/buoy_control/lib/python3.12/site-packages:/home/selqie/buoyancy/install/led/lib/python3.12/site-packages:/home/selqie/buoyancy/install/leak_sensor/lib/python3.12/site-packages:/home/selqie/buoyancy/install/battery/lib/python3.12/site-packages:/opt/ros/jazzy/lib/python3.12/site-packages /usr/bin/python3 -W ignore:setup.py install is deprecated -W ignore:easy_install command is deprecated setup.py egg_info --egg-base ../build/servo build --build-base /home/selqie/buoyancy/build/servo/build install --record /home/selqie/buoyancy/build/servo/install.log --single-version-externally-managed install_data
[1.742s] running egg_info
[1.763s] writing ../build/servo/servo.egg-info/PKG-INFO
[1.763s] writing dependency_links to ../build/servo/servo.egg-info/dependency_links.txt
[1.764s] writing entry points to ../build/servo/servo.egg-info/entry_points.txt
[1.764s] writing requirements to ../build/servo/servo.egg-info/requires.txt
[1.765s] writing top-level names to ../build/servo/servo.egg-info/top_level.txt
[1.809s] reading manifest file '../build/servo/servo.egg-info/SOURCES.txt'
[1.810s] writing manifest file '../build/servo/servo.egg-info/SOURCES.txt'
[1.810s] running build
[1.810s] running build_py
[1.810s] copying servo/servo_motor_node.py -> /home/selqie/buoyancy/build/servo/build/lib/servo
[1.811s] running install
[1.820s] running install_lib
[1.841s] copying /home/selqie/buoyancy/build/servo/build/lib/servo/servo_motor_node.py -> /home/selqie/buoyancy/install/servo/lib/python3.12/site-packages/servo
[1.842s] byte-compiling /home/selqie/buoyancy/install/servo/lib/python3.12/site-packages/servo/servo_motor_node.py to servo_motor_node.cpython-312.pyc
[1.848s] running install_data
[1.848s] running install_egg_info
[1.871s] removing '/home/selqie/buoyancy/install/servo/lib/python3.12/site-packages/servo-0.1.0-py3.12.egg-info' (and everything under it)
[1.871s] Copying ../build/servo/servo.egg-info to /home/selqie/buoyancy/install/servo/lib/python3.12/site-packages/servo-0.1.0-py3.12.egg-info
[1.873s] running install_scripts
[2.025s] Installing servo_motor_node script to /home/selqie/buoyancy/install/servo/lib/servo
[2.025s] writing list of installed files to '/home/selqie/buoyancy/build/servo/install.log'
[2.118s] Invoked command in '/home/selqie/buoyancy/servo' returned '0': CMAKE_PREFIX_PATH=/home/selqie/buoyancy/install/motor_interfaces:/home/selqie/buoyancy/install/sensing_bringup:/home/selqie/buoyancy/install/bno08x_driver PYTHONPATH=/home/selqie/buoyancy/build/servo/prefix_override:/usr/lib/python3/dist-packages/colcon_core/task/python/colcon_distutils_commands:/home/selqie/buoyancy/install/servo/lib/python3.12/site-packages:/home/selqie/buoyancy/install/motor_interfaces/lib/python3.12/site-packages:/home/selqie/buoyancy/install/servo/lib/python3.12/site-packages:/home/selqie/buoyancy/install/ms5837_bar_ros/lib/python3.12/site-packages:/home/selqie/buoyancy/install/buoy_control/lib/python3.12/site-packages:/home/selqie/buoyancy/install/led/lib/python3.12/site-packages:/home/selqie/buoyancy/install/leak_sensor/lib/python3.12/site-packages:/home/selqie/buoyancy/install/battery/lib/python3.12/site-packages:/opt/ros/jazzy/lib/python3.12/site-packages /usr/bin/python3 -W ignore:setup.py install is deprecated -W ignore:easy_install command is deprecated setup.py egg_info --egg-base ../build/servo build --build-base /home/selqie/buoyancy/build/servo/build install --record /home/selqie/buoyancy/build/servo/install.log --single-version-externally-managed install_data
