[2.301s] Invoking command in '/home/selqie/buoyancy/leak_sensor': PYTHONPATH=/home/selqie/buoyancy/build/leak_sensor/prefix_override:/usr/lib/python3/dist-packages/colcon_core/task/python/colcon_distutils_commands:/home/selqie/buoyancy/install/leak_sensor/lib/python3.12/site-packages:${PYTHONPATH} /usr/bin/python3 -W ignore:setup.py install is deprecated -W ignore:easy_install command is deprecated setup.py egg_info --egg-base ../build/leak_sensor build --build-base /home/selqie/buoyancy/build/leak_sensor/build install --record /home/selqie/buoyancy/build/leak_sensor/install.log --single-version-externally-managed install_data
[2.808s] running egg_info
[2.809s] creating ../build/leak_sensor/leak_sensor.egg-info
[2.847s] writing ../build/leak_sensor/leak_sensor.egg-info/PKG-INFO
[2.848s] writing dependency_links to ../build/leak_sensor/leak_sensor.egg-info/dependency_links.txt
[2.848s] writing entry points to ../build/leak_sensor/leak_sensor.egg-info/entry_points.txt
[2.848s] writing requirements to ../build/leak_sensor/leak_sensor.egg-info/requires.txt
[2.848s] writing top-level names to ../build/leak_sensor/leak_sensor.egg-info/top_level.txt
[2.848s] writing manifest file '../build/leak_sensor/leak_sensor.egg-info/SOURCES.txt'
[2.910s] reading manifest file '../build/leak_sensor/leak_sensor.egg-info/SOURCES.txt'
[2.914s] writing manifest file '../build/leak_sensor/leak_sensor.egg-info/SOURCES.txt'
[2.914s] running build
[2.914s] running build_py
[2.914s] creating /home/selqie/buoyancy/build/leak_sensor/build
[2.915s] creating /home/selqie/buoyancy/build/leak_sensor/build/lib
[2.915s] creating /home/selqie/buoyancy/build/leak_sensor/build/lib/leak_sensor
[2.915s] copying leak_sensor/leak_sensor_node.py -> /home/selqie/buoyancy/build/leak_sensor/build/lib/leak_sensor
[2.917s] copying leak_sensor/__init__.py -> /home/selqie/buoyancy/build/leak_sensor/build/lib/leak_sensor
[2.920s] running install
[2.935s] running install_lib
[2.973s] creating /home/selqie/buoyancy/install/leak_sensor/lib/python3.12/site-packages/leak_sensor
[2.973s] copying /home/selqie/buoyancy/build/leak_sensor/build/lib/leak_sensor/leak_sensor_node.py -> /home/selqie/buoyancy/install/leak_sensor/lib/python3.12/site-packages/leak_sensor
[2.974s] copying /home/selqie/buoyancy/build/leak_sensor/build/lib/leak_sensor/__init__.py -> /home/selqie/buoyancy/install/leak_sensor/lib/python3.12/site-packages/leak_sensor
[2.975s] byte-compiling /home/selqie/buoyancy/install/leak_sensor/lib/python3.12/site-packages/leak_sensor/leak_sensor_node.py to leak_sensor_node.cpython-312.pyc
[2.977s] byte-compiling /home/selqie/buoyancy/install/leak_sensor/lib/python3.12/site-packages/leak_sensor/__init__.py to __init__.cpython-312.pyc
[2.977s] running install_data
[2.978s] creating /home/selqie/buoyancy/install/leak_sensor/share/ament_index
[2.978s] creating /home/selqie/buoyancy/install/leak_sensor/share/ament_index/resource_index
[2.978s] creating /home/selqie/buoyancy/install/leak_sensor/share/ament_index/resource_index/packages
[2.979s] copying resource/leak_sensor -> /home/selqie/buoyancy/install/leak_sensor/share/ament_index/resource_index/packages
[2.986s] copying package.xml -> /home/selqie/buoyancy/install/leak_sensor/share/leak_sensor
[2.986s] creating /home/selqie/buoyancy/install/leak_sensor/share/leak_sensor/launch
[2.986s] copying launch/leak_sensor.launch.py -> /home/selqie/buoyancy/install/leak_sensor/share/leak_sensor/launch
[2.986s] running install_egg_info
[3.015s] Copying ../build/leak_sensor/leak_sensor.egg-info to /home/selqie/buoyancy/install/leak_sensor/lib/python3.12/site-packages/leak_sensor-0.1.0-py3.12.egg-info
[3.018s] running install_scripts
[3.305s] Installing leak_sensor_node script to /home/selqie/buoyancy/install/leak_sensor/lib/leak_sensor
[3.306s] writing list of installed files to '/home/selqie/buoyancy/build/leak_sensor/install.log'
[3.558s] Invoked command in '/home/selqie/buoyancy/leak_sensor' returned '0': PYTHONPATH=/home/selqie/buoyancy/build/leak_sensor/prefix_override:/usr/lib/python3/dist-packages/colcon_core/task/python/colcon_distutils_commands:/home/selqie/buoyancy/install/leak_sensor/lib/python3.12/site-packages:${PYTHONPATH} /usr/bin/python3 -W ignore:setup.py install is deprecated -W ignore:easy_install command is deprecated setup.py egg_info --egg-base ../build/leak_sensor build --build-base /home/selqie/buoyancy/build/leak_sensor/build install --record /home/selqie/buoyancy/build/leak_sensor/install.log --single-version-externally-managed install_data
