[0.015s] Invoking command in '/home/selqie/buoyancy/build/sensing_bringup': CMAKE_PREFIX_PATH=/opt/ros/jazzy /usr/bin/cmake --build /home/selqie/buoyancy/build/sensing_bringup -- -j4 -l4
[0.102s] Invoked command in '/home/selqie/buoyancy/build/sensing_bringup' returned '0': CMAKE_PREFIX_PATH=/opt/ros/jazzy /usr/bin/cmake --build /home/selqie/buoyancy/build/sensing_bringup -- -j4 -l4
[0.106s] Invoking command in '/home/selqie/buoyancy/build/sensing_bringup': CMAKE_PREFIX_PATH=/opt/ros/jazzy /usr/bin/cmake --install /home/selqie/buoyancy/build/sensing_bringup
[0.121s] -- Install configuration: ""
[0.121s] -- Up-to-date: /home/selqie/buoyancy/install/sensing_bringup/share/sensing_bringup/launch
[0.124s] -- Up-to-date: /home/selqie/buoyancy/install/sensing_bringup/share/sensing_bringup/launch/bar30.launch.py
[0.124s] -- Up-to-date: /home/selqie/buoyancy/install/sensing_bringup/share/sensing_bringup/launch/imu.launch.py
[0.124s] -- Up-to-date: /home/selqie/buoyancy/install/sensing_bringup/share/ament_index/resource_index/package_run_dependencies/sensing_bringup
[0.124s] -- Up-to-date: /home/selqie/buoyancy/install/sensing_bringup/share/ament_index/resource_index/parent_prefix_path/sensing_bringup
[0.124s] -- Up-to-date: /home/selqie/buoyancy/install/sensing_bringup/share/sensing_bringup/environment/ament_prefix_path.sh
[0.125s] -- Up-to-date: /home/selqie/buoyancy/install/sensing_bringup/share/sensing_bringup/environment/ament_prefix_path.dsv
[0.125s] -- Up-to-date: /home/selqie/buoyancy/install/sensing_bringup/share/sensing_bringup/environment/path.sh
[0.125s] -- Up-to-date: /home/selqie/buoyancy/install/sensing_bringup/share/sensing_bringup/environment/path.dsv
[0.125s] -- Up-to-date: /home/selqie/buoyancy/install/sensing_bringup/share/sensing_bringup/local_setup.bash
[0.125s] -- Up-to-date: /home/selqie/buoyancy/install/sensing_bringup/share/sensing_bringup/local_setup.sh
[0.125s] -- Up-to-date: /home/selqie/buoyancy/install/sensing_bringup/share/sensing_bringup/local_setup.zsh
[0.125s] -- Up-to-date: /home/selqie/buoyancy/install/sensing_bringup/share/sensing_bringup/local_setup.dsv
[0.125s] -- Up-to-date: /home/selqie/buoyancy/install/sensing_bringup/share/sensing_bringup/package.dsv
[0.125s] -- Up-to-date: /home/selqie/buoyancy/install/sensing_bringup/share/ament_index/resource_index/packages/sensing_bringup
[0.125s] -- Up-to-date: /home/selqie/buoyancy/install/sensing_bringup/share/sensing_bringup/cmake/sensing_bringupConfig.cmake
[0.126s] -- Up-to-date: /home/selqie/buoyancy/install/sensing_bringup/share/sensing_bringup/cmake/sensing_bringupConfig-version.cmake
[0.126s] -- Up-to-date: /home/selqie/buoyancy/install/sensing_bringup/share/sensing_bringup/package.xml
[0.130s] Invoked command in '/home/selqie/buoyancy/build/sensing_bringup' returned '0': CMAKE_PREFIX_PATH=/opt/ros/jazzy /usr/bin/cmake --install /home/selqie/buoyancy/build/sensing_bringup
