[1.763s] Invoking command in '/home/selqie/buoyancy/buoy_control': PYTHONPATH=/home/selqie/buoyancy/build/buoy_control/prefix_override:/usr/lib/python3/dist-packages/colcon_core/task/python/colcon_distutils_commands:/home/selqie/buoyancy/install/buoy_control/lib/python3.12/site-packages:/home/selqie/buoyancy/install/motor_interfaces/lib/python3.12/site-packages:/home/selqie/buoyancy/install/servo/lib/python3.12/site-packages:/home/selqie/buoyancy/install/buoy_control/lib/python3.12/site-packages:/home/selqie/buoyancy/install/battery/lib/python3.12/site-packages:/opt/ros/jazzy/lib/python3.12/site-packages /usr/bin/python3 -W ignore:setup.py install is deprecated -W ignore:easy_install command is deprecated setup.py egg_info --egg-base ../build/buoy_control build --build-base /home/selqie/buoyancy/build/buoy_control/build install --record /home/selqie/buoyancy/build/buoy_control/install.log --single-version-externally-managed install_data
[2.109s] running egg_info
[2.131s] writing ../build/buoy_control/buoy_control.egg-info/PKG-INFO
[2.131s] writing dependency_links to ../build/buoy_control/buoy_control.egg-info/dependency_links.txt
[2.133s] writing entry points to ../build/buoy_control/buoy_control.egg-info/entry_points.txt
[2.135s] writing requirements to ../build/buoy_control/buoy_control.egg-info/requires.txt
[2.136s] writing top-level names to ../build/buoy_control/buoy_control.egg-info/top_level.txt
[2.181s] reading manifest file '../build/buoy_control/buoy_control.egg-info/SOURCES.txt'
[2.182s] adding license file 'LICENSE'
[2.182s] writing manifest file '../build/buoy_control/buoy_control.egg-info/SOURCES.txt'
[2.183s] running build
[2.183s] running build_py
[2.185s] running install
[2.194s] running install_lib
[2.217s] running install_data
[2.218s] running install_egg_info
[2.242s] removing '/home/selqie/buoyancy/install/buoy_control/lib/python3.12/site-packages/buoy_control-0.0.0-py3.12.egg-info' (and everything under it)
[2.242s] Copying ../build/buoy_control/buoy_control.egg-info to /home/selqie/buoyancy/install/buoy_control/lib/python3.12/site-packages/buoy_control-0.0.0-py3.12.egg-info
[2.244s] running install_scripts
[2.406s] Installing button_control_node script to /home/selqie/buoyancy/install/buoy_control/lib/buoy_control
[2.407s] writing list of installed files to '/home/selqie/buoyancy/build/buoy_control/install.log'
[2.558s] Invoked command in '/home/selqie/buoyancy/buoy_control' returned '0': PYTHONPATH=/home/selqie/buoyancy/build/buoy_control/prefix_override:/usr/lib/python3/dist-packages/colcon_core/task/python/colcon_distutils_commands:/home/selqie/buoyancy/install/buoy_control/lib/python3.12/site-packages:/home/selqie/buoyancy/install/motor_interfaces/lib/python3.12/site-packages:/home/selqie/buoyancy/install/servo/lib/python3.12/site-packages:/home/selqie/buoyancy/install/buoy_control/lib/python3.12/site-packages:/home/selqie/buoyancy/install/battery/lib/python3.12/site-packages:/opt/ros/jazzy/lib/python3.12/site-packages /usr/bin/python3 -W ignore:setup.py install is deprecated -W ignore:easy_install command is deprecated setup.py egg_info --egg-base ../build/buoy_control build --build-base /home/selqie/buoyancy/build/buoy_control/build install --record /home/selqie/buoyancy/build/buoy_control/install.log --single-version-externally-managed install_data
