[2.951s] Invoking command in '/home/selqie/buoyancy/led': PYTHONPATH=/home/selqie/buoyancy/build/led/prefix_override:/usr/lib/python3/dist-packages/colcon_core/task/python/colcon_distutils_commands:/home/selqie/buoyancy/install/led/lib/python3.12/site-packages:${PYTHONPATH} /usr/bin/python3 -W ignore:setup.py install is deprecated -W ignore:easy_install command is deprecated setup.py egg_info --egg-base ../build/led build --build-base /home/selqie/buoyancy/build/led/build install --record /home/selqie/buoyancy/build/led/install.log --single-version-externally-managed install_data
[3.840s] running egg_info
[3.892s] writing ../build/led/led.egg-info/PKG-INFO
[3.892s] writing dependency_links to ../build/led/led.egg-info/dependency_links.txt
[3.893s] writing entry points to ../build/led/led.egg-info/entry_points.txt
[3.894s] writing requirements to ../build/led/led.egg-info/requires.txt
[3.895s] writing top-level names to ../build/led/led.egg-info/top_level.txt
[3.974s] reading manifest file '../build/led/led.egg-info/SOURCES.txt'
[3.976s] writing manifest file '../build/led/led.egg-info/SOURCES.txt'
[3.977s] running build
[3.978s] running build_py
[3.981s] running install
[3.997s] running install_lib
[4.037s] running install_data
[4.038s] running install_egg_info
[4.084s] removing '/home/selqie/buoyancy/install/led/lib/python3.12/site-packages/led-0.0.4-py3.12.egg-info' (and everything under it)
[4.085s] Copying ../build/led/led.egg-info to /home/selqie/buoyancy/install/led/lib/python3.12/site-packages/led-0.0.4-py3.12.egg-info
[4.089s] running install_scripts
[4.539s] Installing led_node script to /home/selqie/buoyancy/install/led/lib/led
[4.540s] Installing led_tester script to /home/selqie/buoyancy/install/led/lib/led
[4.541s] Installing rainbow_fade script to /home/selqie/buoyancy/install/led/lib/led
[4.542s] Installing ws2812b-set script to /home/selqie/buoyancy/install/led/lib/led
[4.544s] writing list of installed files to '/home/selqie/buoyancy/build/led/install.log'
[4.943s] Invoked command in '/home/selqie/buoyancy/led' returned '0': PYTHONPATH=/home/selqie/buoyancy/build/led/prefix_override:/usr/lib/python3/dist-packages/colcon_core/task/python/colcon_distutils_commands:/home/selqie/buoyancy/install/led/lib/python3.12/site-packages:${PYTHONPATH} /usr/bin/python3 -W ignore:setup.py install is deprecated -W ignore:easy_install command is deprecated setup.py egg_info --egg-base ../build/led build --build-base /home/selqie/buoyancy/build/led/build install --record /home/selqie/buoyancy/build/led/install.log --single-version-externally-managed install_data
