[3.277s] Invoking command in '/home/selqie/buoyancy/battery': PYTHONPATH=/home/selqie/buoyancy/build/battery/prefix_override:/usr/lib/python3/dist-packages/colcon_core/task/python/colcon_distutils_commands:/home/selqie/buoyancy/install/battery/lib/python3.12/site-packages:${PYTHONPATH} /usr/bin/python3 -W ignore:setup.py install is deprecated -W ignore:easy_install command is deprecated setup.py egg_info --egg-base ../build/battery build --build-base /home/selqie/buoyancy/build/battery/build install --record /home/selqie/buoyancy/build/battery/install.log --single-version-externally-managed install_data
[3.959s] running egg_info
[4.011s] writing ../build/battery/battery.egg-info/PKG-INFO
[4.012s] writing dependency_links to ../build/battery/battery.egg-info/dependency_links.txt
[4.017s] writing entry points to ../build/battery/battery.egg-info/entry_points.txt
[4.017s] writing requirements to ../build/battery/battery.egg-info/requires.txt
[4.018s] writing top-level names to ../build/battery/battery.egg-info/top_level.txt
[4.170s] reading manifest file '../build/battery/battery.egg-info/SOURCES.txt'
[4.174s] writing manifest file '../build/battery/battery.egg-info/SOURCES.txt'
[4.176s] running build
[4.176s] running build_py
[4.179s] running install
[4.196s] running install_lib
[4.228s] running install_data
[4.230s] running install_egg_info
[4.262s] removing '/home/selqie/buoyancy/install/battery/lib/python3.12/site-packages/battery-0.0.0-py3.12.egg-info' (and everything under it)
[4.263s] Copying ../build/battery/battery.egg-info to /home/selqie/buoyancy/install/battery/lib/python3.12/site-packages/battery-0.0.0-py3.12.egg-info
[4.265s] running install_scripts
[4.485s] Installing tinybms_voltage_uart script to /home/selqie/buoyancy/install/battery/lib/battery
[4.486s] writing list of installed files to '/home/selqie/buoyancy/build/battery/install.log'
