[0.035s] Invoking command in '/home/selqie/buoyancy/build/sensing_bringup': CMAKE_PREFIX_PATH=${CMAKE_PREFIX_PATH}:/home/selqie/buoyancy/install/servo:/home/selqie/buoyancy/install/ms5837_bar_ros:/home/selqie/buoyancy/install/buoy_control:/home/selqie/buoyancy/install/led:/home/selqie/buoyancy/install/leak_sensor:/home/selqie/buoyancy/install/battery:/opt/ros/jazzy /usr/bin/cmake /home/selqie/buoyancy/sensing/sensing_bringup -DCMAKE_INSTALL_PREFIX=/home/selqie/buoyancy/install/sensing_bringup
[0.293s] -- The C compiler identification is GNU 13.3.0
[0.674s] -- The CXX compiler identification is GNU 13.3.0
[0.776s] -- Detecting C compiler ABI info
[1.288s] -- Detecting C compiler ABI info - done
[1.354s] -- Check for working C compiler: /usr/bin/cc - skipped
[1.355s] -- Detecting C compile features
[1.360s] -- Detecting C compile features - done
[1.421s] -- Detecting CXX compiler ABI info
[2.172s] -- Detecting CXX compiler ABI info - done
[2.217s] -- Check for working CXX compiler: /usr/bin/c++ - skipped
[2.221s] -- Detecting CXX compile features
[2.223s] -- Detecting CXX compile features - done
[2.239s] -- Found ament_cmake: 2.5.4 (/opt/ros/jazzy/share/ament_cmake/cmake)
[3.373s] -- Found Python3: /usr/bin/python3 (found version "3.12.3") found components: Interpreter 
[3.898s] -- Found ament_lint_auto: 0.17.3 (/opt/ros/jazzy/share/ament_lint_auto/cmake)
[4.803s] -- Added test 'flake8' to check Python code syntax and style conventions
[4.803s] -- Configured 'flake8' exclude dirs and/or files: 
[4.809s] -- Added test 'lint_cmake' to check CMake code style
[4.809s] -- Added test 'pep257' to check Python code against some of the docstring style conventions in PEP 257
[4.813s] -- Added test 'xmllint' to check XML markup files
[4.822s] -- Configuring done (4.7s)
[4.837s] -- Generating done (0.0s)
[4.851s] -- Build files have been written to: /home/selqie/buoyancy/build/sensing_bringup
[4.894s] Invoked command in '/home/selqie/buoyancy/build/sensing_bringup' returned '0': CMAKE_PREFIX_PATH=${CMAKE_PREFIX_PATH}:/home/selqie/buoyancy/install/servo:/home/selqie/buoyancy/install/ms5837_bar_ros:/home/selqie/buoyancy/install/buoy_control:/home/selqie/buoyancy/install/led:/home/selqie/buoyancy/install/leak_sensor:/home/selqie/buoyancy/install/battery:/opt/ros/jazzy /usr/bin/cmake /home/selqie/buoyancy/sensing/sensing_bringup -DCMAKE_INSTALL_PREFIX=/home/selqie/buoyancy/install/sensing_bringup
[4.895s] Invoking command in '/home/selqie/buoyancy/build/sensing_bringup': CMAKE_PREFIX_PATH=${CMAKE_PREFIX_PATH}:/home/selqie/buoyancy/install/servo:/home/selqie/buoyancy/install/ms5837_bar_ros:/home/selqie/buoyancy/install/buoy_control:/home/selqie/buoyancy/install/led:/home/selqie/buoyancy/install/leak_sensor:/home/selqie/buoyancy/install/battery:/opt/ros/jazzy /usr/bin/cmake --build /home/selqie/buoyancy/build/sensing_bringup -- -j4 -l4
[5.144s] Invoked command in '/home/selqie/buoyancy/build/sensing_bringup' returned '0': CMAKE_PREFIX_PATH=${CMAKE_PREFIX_PATH}:/home/selqie/buoyancy/install/servo:/home/selqie/buoyancy/install/ms5837_bar_ros:/home/selqie/buoyancy/install/buoy_control:/home/selqie/buoyancy/install/led:/home/selqie/buoyancy/install/leak_sensor:/home/selqie/buoyancy/install/battery:/opt/ros/jazzy /usr/bin/cmake --build /home/selqie/buoyancy/build/sensing_bringup -- -j4 -l4
[5.202s] Invoking command in '/home/selqie/buoyancy/build/sensing_bringup': CMAKE_PREFIX_PATH=${CMAKE_PREFIX_PATH}:/home/selqie/buoyancy/install/servo:/home/selqie/buoyancy/install/ms5837_bar_ros:/home/selqie/buoyancy/install/buoy_control:/home/selqie/buoyancy/install/led:/home/selqie/buoyancy/install/leak_sensor:/home/selqie/buoyancy/install/battery:/opt/ros/jazzy /usr/bin/cmake --install /home/selqie/buoyancy/build/sensing_bringup
[5.253s] -- Install configuration: ""
[5.254s] -- Installing: /home/selqie/buoyancy/install/sensing_bringup/share/sensing_bringup/launch
[5.254s] -- Installing: /home/selqie/buoyancy/install/sensing_bringup/share/sensing_bringup/launch/bar30.launch.py
[5.259s] -- Installing: /home/selqie/buoyancy/install/sensing_bringup/share/sensing_bringup/launch/imu.launch.py
[5.259s] -- Installing: /home/selqie/buoyancy/install/sensing_bringup/share/ament_index/resource_index/package_run_dependencies/sensing_bringup
[5.260s] -- Installing: /home/selqie/buoyancy/install/sensing_bringup/share/ament_index/resource_index/parent_prefix_path/sensing_bringup
[5.262s] -- Installing: /home/selqie/buoyancy/install/sensing_bringup/share/sensing_bringup/environment/ament_prefix_path.sh
[5.262s] -- Installing: /home/selqie/buoyancy/install/sensing_bringup/share/sensing_bringup/environment/ament_prefix_path.dsv
[5.262s] -- Installing: /home/selqie/buoyancy/install/sensing_bringup/share/sensing_bringup/environment/path.sh
[5.262s] -- Installing: /home/selqie/buoyancy/install/sensing_bringup/share/sensing_bringup/environment/path.dsv
[5.263s] -- Installing: /home/selqie/buoyancy/install/sensing_bringup/share/sensing_bringup/local_setup.bash
[5.263s] -- Installing: /home/selqie/buoyancy/install/sensing_bringup/share/sensing_bringup/local_setup.sh
[5.263s] -- Installing: /home/selqie/buoyancy/install/sensing_bringup/share/sensing_bringup/local_setup.zsh
[5.269s] -- Installing: /home/selqie/buoyancy/install/sensing_bringup/share/sensing_bringup/local_setup.dsv
[5.270s] -- Installing: /home/selqie/buoyancy/install/sensing_bringup/share/sensing_bringup/package.dsv
[5.270s] -- Installing: /home/selqie/buoyancy/install/sensing_bringup/share/ament_index/resource_index/packages/sensing_bringup
[5.270s] -- Installing: /home/selqie/buoyancy/install/sensing_bringup/share/sensing_bringup/cmake/sensing_bringupConfig.cmake
[5.270s] -- Installing: /home/selqie/buoyancy/install/sensing_bringup/share/sensing_bringup/cmake/sensing_bringupConfig-version.cmake
[5.270s] -- Installing: /home/selqie/buoyancy/install/sensing_bringup/share/sensing_bringup/package.xml
[5.295s] Invoked command in '/home/selqie/buoyancy/build/sensing_bringup' returned '0': CMAKE_PREFIX_PATH=${CMAKE_PREFIX_PATH}:/home/selqie/buoyancy/install/servo:/home/selqie/buoyancy/install/ms5837_bar_ros:/home/selqie/buoyancy/install/buoy_control:/home/selqie/buoyancy/install/led:/home/selqie/buoyancy/install/leak_sensor:/home/selqie/buoyancy/install/battery:/opt/ros/jazzy /usr/bin/cmake --install /home/selqie/buoyancy/build/sensing_bringup
