[2.055s] Invoking command in '/home/selqie/buoyancy/leak_sensor': PYTHONPATH=/home/selqie/buoyancy/build/leak_sensor/prefix_override:/usr/lib/python3/dist-packages/colcon_core/task/python/colcon_distutils_commands:/home/selqie/buoyancy/install/leak_sensor/lib/python3.12/site-packages:${PYTHONPATH} /usr/bin/python3 -W ignore:setup.py install is deprecated -W ignore:easy_install command is deprecated setup.py egg_info --egg-base ../build/leak_sensor build --build-base /home/selqie/buoyancy/build/leak_sensor/build install --record /home/selqie/buoyancy/build/leak_sensor/install.log --single-version-externally-managed install_data
[2.564s] running egg_info
[2.588s] writing ../build/leak_sensor/leak_sensor.egg-info/PKG-INFO
[2.588s] writing dependency_links to ../build/leak_sensor/leak_sensor.egg-info/dependency_links.txt
[2.593s] writing entry points to ../build/leak_sensor/leak_sensor.egg-info/entry_points.txt
[2.593s] writing requirements to ../build/leak_sensor/leak_sensor.egg-info/requires.txt
[2.594s] writing top-level names to ../build/leak_sensor/leak_sensor.egg-info/top_level.txt
[2.640s] reading manifest file '../build/leak_sensor/leak_sensor.egg-info/SOURCES.txt'
[2.645s] writing manifest file '../build/leak_sensor/leak_sensor.egg-info/SOURCES.txt'
[2.645s] running build
[2.645s] running build_py
[2.645s] running install
[2.656s] running install_lib
[2.688s] running install_data
[2.688s] running install_egg_info
[2.717s] removing '/home/selqie/buoyancy/install/leak_sensor/lib/python3.12/site-packages/leak_sensor-0.1.0-py3.12.egg-info' (and everything under it)
[2.719s] Copying ../build/leak_sensor/leak_sensor.egg-info to /home/selqie/buoyancy/install/leak_sensor/lib/python3.12/site-packages/leak_sensor-0.1.0-py3.12.egg-info
[2.720s] running install_scripts
[2.904s] Installing leak_sensor_node script to /home/selqie/buoyancy/install/leak_sensor/lib/leak_sensor
[2.909s] writing list of installed files to '/home/selqie/buoyancy/build/leak_sensor/install.log'
[3.214s] Invoked command in '/home/selqie/buoyancy/leak_sensor' returned '0': PYTHONPATH=/home/selqie/buoyancy/build/leak_sensor/prefix_override:/usr/lib/python3/dist-packages/colcon_core/task/python/colcon_distutils_commands:/home/selqie/buoyancy/install/leak_sensor/lib/python3.12/site-packages:${PYTHONPATH} /usr/bin/python3 -W ignore:setup.py install is deprecated -W ignore:easy_install command is deprecated setup.py egg_info --egg-base ../build/leak_sensor build --build-base /home/selqie/buoyancy/build/leak_sensor/build install --record /home/selqie/buoyancy/build/leak_sensor/install.log --single-version-externally-managed install_data
