[1.397s] Invoking command in '/home/selqie/buoyancy/servo': PYTHONPATH=/home/selqie/buoyancy/build/servo/prefix_override:/usr/lib/python3/dist-packages/colcon_core/task/python/colcon_distutils_commands:/home/selqie/buoyancy/install/servo/lib/python3.12/site-packages:/home/selqie/buoyancy/install/motor_interfaces/lib/python3.12/site-packages:/home/selqie/buoyancy/install/servo/lib/python3.12/site-packages:/home/selqie/buoyancy/install/buoy_control/lib/python3.12/site-packages:/home/selqie/buoyancy/install/battery/lib/python3.12/site-packages:/opt/ros/jazzy/lib/python3.12/site-packages /usr/bin/python3 -W ignore:setup.py install is deprecated -W ignore:easy_install command is deprecated setup.py egg_info --egg-base ../build/servo build --build-base /home/selqie/buoyancy/build/servo/build install --record /home/selqie/buoyancy/build/servo/install.log --single-version-externally-managed install_data
[1.728s] running egg_info
[1.729s] creating ../build/servo/servo.egg-info
[1.749s] writing ../build/servo/servo.egg-info/PKG-INFO
[1.749s] writing dependency_links to ../build/servo/servo.egg-info/dependency_links.txt
[1.749s] writing entry points to ../build/servo/servo.egg-info/entry_points.txt
[1.749s] writing requirements to ../build/servo/servo.egg-info/requires.txt
[1.749s] writing top-level names to ../build/servo/servo.egg-info/top_level.txt
[1.750s] writing manifest file '../build/servo/servo.egg-info/SOURCES.txt'
[1.791s] reading manifest file '../build/servo/servo.egg-info/SOURCES.txt'
[1.792s] writing manifest file '../build/servo/servo.egg-info/SOURCES.txt'
[1.792s] running build
[1.792s] running build_py
[1.793s] creating /home/selqie/buoyancy/build/servo/build
[1.793s] creating /home/selqie/buoyancy/build/servo/build/lib
[1.793s] creating /home/selqie/buoyancy/build/servo/build/lib/servo
[1.793s] copying servo/servo_motor_node.py -> /home/selqie/buoyancy/build/servo/build/lib/servo
[1.793s] copying servo/__init__.py -> /home/selqie/buoyancy/build/servo/build/lib/servo
[1.793s] running install
[1.803s] running install_lib
[1.823s] creating /home/selqie/buoyancy/install/servo/lib/python3.12/site-packages/servo
[1.824s] copying /home/selqie/buoyancy/build/servo/build/lib/servo/servo_motor_node.py -> /home/selqie/buoyancy/install/servo/lib/python3.12/site-packages/servo
[1.824s] copying /home/selqie/buoyancy/build/servo/build/lib/servo/__init__.py -> /home/selqie/buoyancy/install/servo/lib/python3.12/site-packages/servo
[1.825s] byte-compiling /home/selqie/buoyancy/install/servo/lib/python3.12/site-packages/servo/servo_motor_node.py to servo_motor_node.cpython-312.pyc
[1.830s] byte-compiling /home/selqie/buoyancy/install/servo/lib/python3.12/site-packages/servo/__init__.py to __init__.cpython-312.pyc
[1.830s] running install_data
[1.830s] creating /home/selqie/buoyancy/install/servo/share/ament_index
[1.830s] creating /home/selqie/buoyancy/install/servo/share/ament_index/resource_index
[1.830s] creating /home/selqie/buoyancy/install/servo/share/ament_index/resource_index/packages
[1.831s] copying resource/servo -> /home/selqie/buoyancy/install/servo/share/ament_index/resource_index/packages
[1.831s] copying package.xml -> /home/selqie/buoyancy/install/servo/share/servo
[1.831s] creating /home/selqie/buoyancy/install/servo/share/servo/launch
[1.831s] copying launch/servo_motor.launch.py -> /home/selqie/buoyancy/install/servo/share/servo/launch
[1.831s] running install_egg_info
[1.854s] Copying ../build/servo/servo.egg-info to /home/selqie/buoyancy/install/servo/lib/python3.12/site-packages/servo-0.1.0-py3.12.egg-info
[1.855s] running install_scripts
[2.006s] Installing servo_motor_node script to /home/selqie/buoyancy/install/servo/lib/servo
[2.007s] writing list of installed files to '/home/selqie/buoyancy/build/servo/install.log'
[2.125s] Invoked command in '/home/selqie/buoyancy/servo' returned '0': PYTHONPATH=/home/selqie/buoyancy/build/servo/prefix_override:/usr/lib/python3/dist-packages/colcon_core/task/python/colcon_distutils_commands:/home/selqie/buoyancy/install/servo/lib/python3.12/site-packages:/home/selqie/buoyancy/install/motor_interfaces/lib/python3.12/site-packages:/home/selqie/buoyancy/install/servo/lib/python3.12/site-packages:/home/selqie/buoyancy/install/buoy_control/lib/python3.12/site-packages:/home/selqie/buoyancy/install/battery/lib/python3.12/site-packages:/opt/ros/jazzy/lib/python3.12/site-packages /usr/bin/python3 -W ignore:setup.py install is deprecated -W ignore:easy_install command is deprecated setup.py egg_info --egg-base ../build/servo build --build-base /home/selqie/buoyancy/build/servo/build install --record /home/selqie/buoyancy/build/servo/install.log --single-version-externally-managed install_data
