[2.418s] Invoking command in '/home/selqie/buoyancy/leak_sensor': PYTHONPATH=/home/selqie/buoyancy/build/leak_sensor/prefix_override:/usr/lib/python3/dist-packages/colcon_core/task/python/colcon_distutils_commands:/home/selqie/buoyancy/install/leak_sensor/lib/python3.12/site-packages:${PYTHONPATH} /usr/bin/python3 -W ignore:setup.py install is deprecated -W ignore:easy_install command is deprecated setup.py egg_info --egg-base ../build/leak_sensor build --build-base /home/selqie/buoyancy/build/leak_sensor/build install --record /home/selqie/buoyancy/build/leak_sensor/install.log --single-version-externally-managed install_data
[2.889s] running egg_info
[2.920s] writing ../build/leak_sensor/leak_sensor.egg-info/PKG-INFO
[2.921s] writing dependency_links to ../build/leak_sensor/leak_sensor.egg-info/dependency_links.txt
[2.922s] writing entry points to ../build/leak_sensor/leak_sensor.egg-info/entry_points.txt
[2.923s] writing requirements to ../build/leak_sensor/leak_sensor.egg-info/requires.txt
[2.923s] writing top-level names to ../build/leak_sensor/leak_sensor.egg-info/top_level.txt
[2.970s] reading manifest file '../build/leak_sensor/leak_sensor.egg-info/SOURCES.txt'
[2.972s] writing manifest file '../build/leak_sensor/leak_sensor.egg-info/SOURCES.txt'
[2.972s] running build
[2.972s] running build_py
[2.974s] running install
[2.986s] running install_lib
[3.010s] running install_data
[3.011s] running install_egg_info
[3.037s] removing '/home/selqie/buoyancy/install/leak_sensor/lib/python3.12/site-packages/leak_sensor-0.1.0-py3.12.egg-info' (and everything under it)
[3.037s] Copying ../build/leak_sensor/leak_sensor.egg-info to /home/selqie/buoyancy/install/leak_sensor/lib/python3.12/site-packages/leak_sensor-0.1.0-py3.12.egg-info
[3.040s] running install_scripts
[3.309s] Installing leak_sensor_node script to /home/selqie/buoyancy/install/leak_sensor/lib/leak_sensor
[3.311s] writing list of installed files to '/home/selqie/buoyancy/build/leak_sensor/install.log'
[3.598s] Invoked command in '/home/selqie/buoyancy/leak_sensor' returned '0': PYTHONPATH=/home/selqie/buoyancy/build/leak_sensor/prefix_override:/usr/lib/python3/dist-packages/colcon_core/task/python/colcon_distutils_commands:/home/selqie/buoyancy/install/leak_sensor/lib/python3.12/site-packages:${PYTHONPATH} /usr/bin/python3 -W ignore:setup.py install is deprecated -W ignore:easy_install command is deprecated setup.py egg_info --egg-base ../build/leak_sensor build --build-base /home/selqie/buoyancy/build/leak_sensor/build install --record /home/selqie/buoyancy/build/leak_sensor/install.log --single-version-externally-managed install_data
