[2.699s] Invoking command in '/home/selqie/buoyancy/led': PYTHONPATH=/home/selqie/buoyancy/build/led/prefix_override:/usr/lib/python3/dist-packages/colcon_core/task/python/colcon_distutils_commands:/home/selqie/buoyancy/install/led/lib/python3.12/site-packages:${PYTHONPATH} /usr/bin/python3 -W ignore:setup.py install is deprecated -W ignore:easy_install command is deprecated setup.py egg_info --egg-base ../build/led build --build-base /home/selqie/buoyancy/build/led/build install --record /home/selqie/buoyancy/build/led/install.log --single-version-externally-managed install_data
[3.249s] running egg_info
[3.288s] writing ../build/led/led.egg-info/PKG-INFO
[3.289s] writing dependency_links to ../build/led/led.egg-info/dependency_links.txt
[3.291s] writing entry points to ../build/led/led.egg-info/entry_points.txt
[3.292s] writing requirements to ../build/led/led.egg-info/requires.txt
[3.297s] writing top-level names to ../build/led/led.egg-info/top_level.txt
[3.380s] reading manifest file '../build/led/led.egg-info/SOURCES.txt'
[3.381s] writing manifest file '../build/led/led.egg-info/SOURCES.txt'
[3.381s] running build
[3.382s] running build_py
[3.382s] running install
[3.394s] running install_lib
[3.427s] running install_data
[3.428s] running install_egg_info
[3.465s] removing '/home/selqie/buoyancy/install/led/lib/python3.12/site-packages/led-0.0.4-py3.12.egg-info' (and everything under it)
[3.467s] Copying ../build/led/led.egg-info to /home/selqie/buoyancy/install/led/lib/python3.12/site-packages/led-0.0.4-py3.12.egg-info
[3.469s] running install_scripts
[3.697s] Installing led_node script to /home/selqie/buoyancy/install/led/lib/led
[3.699s] Installing led_tester script to /home/selqie/buoyancy/install/led/lib/led
[3.699s] Installing rainbow_fade script to /home/selqie/buoyancy/install/led/lib/led
[3.701s] Installing ws2812b-set script to /home/selqie/buoyancy/install/led/lib/led
[3.703s] writing list of installed files to '/home/selqie/buoyancy/build/led/install.log'
[3.906s] Invoked command in '/home/selqie/buoyancy/led' returned '0': PYTHONPATH=/home/selqie/buoyancy/build/led/prefix_override:/usr/lib/python3/dist-packages/colcon_core/task/python/colcon_distutils_commands:/home/selqie/buoyancy/install/led/lib/python3.12/site-packages:${PYTHONPATH} /usr/bin/python3 -W ignore:setup.py install is deprecated -W ignore:easy_install command is deprecated setup.py egg_info --egg-base ../build/led build --build-base /home/selqie/buoyancy/build/led/build install --record /home/selqie/buoyancy/build/led/install.log --single-version-externally-managed install_data
