[0.384s] Invoking command in '/home/selqie/buoyancy/build/bno08x_driver': CMAKE_PREFIX_PATH=/opt/ros/jazzy /usr/bin/cmake /home/selqie/buoyancy/sensing/bno08x-ros2-driver -DCMAKE_INSTALL_PREFIX=/home/selqie/buoyancy/install/bno08x_driver
[0.546s] -- The C compiler identification is GNU 13.3.0
[1.064s] -- The CXX compiler identification is GNU 13.3.0
[1.111s] -- Detecting C compiler ABI info
[1.406s] -- Detecting C compiler ABI info - done
[1.424s] -- Check for working C compiler: /usr/bin/cc - skipped
[1.426s] -- Detecting C compile features
[1.428s] -- Detecting C compile features - done
[1.450s] -- Detecting CXX compiler ABI info
[1.803s] -- Detecting CXX compiler ABI info - done
[1.823s] -- Check for working CXX compiler: /usr/bin/c++ - skipped
[1.825s] -- Detecting CXX compile features
[1.826s] -- Detecting CXX compile features - done
[1.830s] -- Found ament_cmake: 2.5.4 (/opt/ros/jazzy/share/ament_cmake/cmake)
[2.346s] -- Found Python3: /usr/bin/python3 (found version "3.12.3") found components: Interpreter 
[2.824s] -- Found rclcpp: 28.1.13 (/opt/ros/jazzy/share/rclcpp/cmake)
[2.925s] -- Found rosidl_generator_c: 4.6.6 (/opt/ros/jazzy/share/rosidl_generator_c/cmake)
[2.951s] -- Found rosidl_generator_cpp: 4.6.6 (/opt/ros/jazzy/share/rosidl_generator_cpp/cmake)
[2.998s] -- Using all available rosidl_typesupport_c: rosidl_typesupport_fastrtps_c;rosidl_typesupport_introspection_c
[3.028s] -- Using all available rosidl_typesupport_cpp: rosidl_typesupport_fastrtps_cpp;rosidl_typesupport_introspection_cpp
[3.231s] -- Found rmw_implementation_cmake: 7.3.2 (/opt/ros/jazzy/share/rmw_implementation_cmake/cmake)
[3.240s] -- Found rmw_fastrtps_cpp: 8.4.3 (/opt/ros/jazzy/share/rmw_fastrtps_cpp/cmake)
[3.482s] -- Found OpenSSL: /usr/lib/aarch64-linux-gnu/libcrypto.so (found version "3.0.13")  
[3.516s] -- Found FastRTPS: /opt/ros/jazzy/include (Required is at least version "2.13") 
[3.596s] -- Using RMW implementation 'rmw_fastrtps_cpp' as default
[3.850s] -- Found sensor_msgs: 5.3.6 (/opt/ros/jazzy/share/sensor_msgs/cmake)
[4.119s] -- Found ament_cmake_gmock: 2.5.4 (/opt/ros/jazzy/share/ament_cmake_gmock/cmake)
[4.123s] -- Found ament_cmake_gtest: 2.5.4 (/opt/ros/jazzy/share/ament_cmake_gtest/cmake)
[4.130s] -- Found gmock sources under '/opt/ros/jazzy/src/gmock_vendor': C++ tests using 'Google Mock' will be built
[4.140s] -- Found gtest sources under '/opt/ros/jazzy/src/gtest_vendor': C++ tests using 'Google Test' will be built
[4.434s] -- Configuring done (4.0s)
[4.513s] -- Generating done (0.1s)
[4.526s] -- Build files have been written to: /home/selqie/buoyancy/build/bno08x_driver
[4.686s] Invoked command in '/home/selqie/buoyancy/build/bno08x_driver' returned '0': CMAKE_PREFIX_PATH=/opt/ros/jazzy /usr/bin/cmake /home/selqie/buoyancy/sensing/bno08x-ros2-driver -DCMAKE_INSTALL_PREFIX=/home/selqie/buoyancy/install/bno08x_driver
[4.687s] Invoking command in '/home/selqie/buoyancy/build/bno08x_driver': CMAKE_PREFIX_PATH=/opt/ros/jazzy /usr/bin/cmake --build /home/selqie/buoyancy/build/bno08x_driver -- -j4 -l4
[4.926s] [  5%] [32mBuilding C object include/sh2/CMakeFiles/sh2_library.dir/sh2.c.o[0m
[4.935s] [ 11%] [32mBuilding CXX object gmock/CMakeFiles/gmock.dir/opt/ros/jazzy/src/gtest_vendor/src/gtest-all.cc.o[0m
[4.944s] [ 16%] [32mBuilding CXX object gmock/CMakeFiles/gmock_main.dir/src/gmock_main.cc.o[0m
[4.961s] [ 22%] [32mBuilding C object include/sh2/CMakeFiles/sh2_library.dir/sh2_SensorValue.c.o[0m
[5.345s] [ 27%] [32mBuilding C object include/sh2/CMakeFiles/sh2_library.dir/sh2_util.c.o[0m
[5.506s] [ 33%] [32mBuilding C object include/sh2/CMakeFiles/sh2_library.dir/shtp.c.o[0m
[5.653s] [ 38%] [32mBuilding CXX object gmock/CMakeFiles/gmock.dir/src/gmock-all.cc.o[0m
[5.818s] [ 44%] [32m[1mLinking C static library libsh2_library.a[0m
[6.026s] [ 44%] Built target sh2_library
[6.187s] [ 50%] [32mBuilding CXX object CMakeFiles/bno08x_driver.dir/src/bno08x.cpp.o[0m
[9.246s] [ 55%] [32mBuilding CXX object CMakeFiles/bno08x_driver.dir/src/bno08x_ros.cpp.o[0m
[13.983s] [ 61%] [32m[1mLinking CXX static library libgmock_main.a[0m
[14.191s] [ 61%] Built target gmock_main
[14.246s] [ 66%] [32mBuilding CXX object CMakeFiles/bno08x_driver.dir/src/ros_node.cpp.o[0m
[29.284s] [ 72%] [32m[1mLinking CXX static library libgmock.a[0m
[29.675s] [ 72%] Built target gmock
[29.774s] [ 77%] [32mBuilding CXX object CMakeFiles/test_i2c_mock.dir/test/i2c_interface_mock_test.cpp.o[0m
[29.779s] [ 83%] [32mBuilding CXX object CMakeFiles/test_watchdog.dir/test/watchdog_test.cpp.o[0m
[34.924s] [ 88%] [32m[1mLinking CXX executable test_watchdog[0m
[35.383s] [ 88%] Built target test_watchdog
[36.855s] [ 94%] [32m[1mLinking CXX executable test_i2c_mock[0m
[37.246s] [100%] [32m[1mLinking CXX executable bno08x_driver[0m
[37.348s] [100%] Built target test_i2c_mock
[37.920s] [100%] Built target bno08x_driver
