[2.206s] Invoking command in '/home/selqie/buoyancy/water_sensors': PYTHONPATH=/home/selqie/buoyancy/build/water_sensors/prefix_override:/usr/lib/python3/dist-packages/colcon_core/task/python/colcon_distutils_commands:/home/selqie/buoyancy/install/water_sensors/lib/python3.12/site-packages:${PYTHONPATH} /usr/bin/python3 -W ignore:setup.py install is deprecated -W ignore:easy_install command is deprecated setup.py egg_info --egg-base ../build/water_sensors build --build-base /home/selqie/buoyancy/build/water_sensors/build install --record /home/selqie/buoyancy/build/water_sensors/install.log --single-version-externally-managed install_data
[2.603s] running egg_info
[2.629s] writing ../build/water_sensors/water_sensors.egg-info/PKG-INFO
[2.630s] writing dependency_links to ../build/water_sensors/water_sensors.egg-info/dependency_links.txt
[2.631s] writing entry points to ../build/water_sensors/water_sensors.egg-info/entry_points.txt
[2.631s] writing requirements to ../build/water_sensors/water_sensors.egg-info/requires.txt
[2.632s] writing top-level names to ../build/water_sensors/water_sensors.egg-info/top_level.txt
[2.688s] reading manifest file '../build/water_sensors/water_sensors.egg-info/SOURCES.txt'
[2.698s] writing manifest file '../build/water_sensors/water_sensors.egg-info/SOURCES.txt'
[2.699s] running build
[2.699s] running build_py
[2.700s] running install
[2.711s] running install_lib
[2.739s] running install_data
[2.740s] running install_egg_info
[2.769s] removing '/home/selqie/buoyancy/install/water_sensors/lib/python3.12/site-packages/water_sensors-0.1.0-py3.12.egg-info' (and everything under it)
[2.769s] Copying ../build/water_sensors/water_sensors.egg-info to /home/selqie/buoyancy/install/water_sensors/lib/python3.12/site-packages/water_sensors-0.1.0-py3.12.egg-info
[2.771s] running install_scripts
[2.939s] Installing humidity_sensor_node script to /home/selqie/buoyancy/install/water_sensors/lib/water_sensors
[2.939s] Installing leak_sensor_node script to /home/selqie/buoyancy/install/water_sensors/lib/water_sensors
[2.941s] writing list of installed files to '/home/selqie/buoyancy/build/water_sensors/install.log'
[3.084s] Invoked command in '/home/selqie/buoyancy/water_sensors' returned '0': PYTHONPATH=/home/selqie/buoyancy/build/water_sensors/prefix_override:/usr/lib/python3/dist-packages/colcon_core/task/python/colcon_distutils_commands:/home/selqie/buoyancy/install/water_sensors/lib/python3.12/site-packages:${PYTHONPATH} /usr/bin/python3 -W ignore:setup.py install is deprecated -W ignore:easy_install command is deprecated setup.py egg_info --egg-base ../build/water_sensors build --build-base /home/selqie/buoyancy/build/water_sensors/build install --record /home/selqie/buoyancy/build/water_sensors/install.log --single-version-externally-managed install_data
