[2.055s] Invoking command in '/home/selqie/buoyancy/leak_sensor': PYTHONPATH=/home/selqie/buoyancy/build/leak_sensor/prefix_override:/usr/lib/python3/dist-packages/colcon_core/task/python/colcon_distutils_commands:/home/selqie/buoyancy/install/leak_sensor/lib/python3.12/site-packages:${PYTHONPATH} /usr/bin/python3 -W ignore:setup.py install is deprecated -W ignore:easy_install command is deprecated setup.py egg_info --egg-base ../build/leak_sensor build --build-base /home/selqie/buoyancy/build/leak_sensor/build install --record /home/selqie/buoyancy/build/leak_sensor/install.log --single-version-externally-managed install_data
[2.555s] running egg_info
[2.578s] writing ../build/leak_sensor/leak_sensor.egg-info/PKG-INFO
[2.579s] writing dependency_links to ../build/leak_sensor/leak_sensor.egg-info/dependency_links.txt
[2.580s] writing entry points to ../build/leak_sensor/leak_sensor.egg-info/entry_points.txt
[2.580s] writing requirements to ../build/leak_sensor/leak_sensor.egg-info/requires.txt
[2.581s] writing top-level names to ../build/leak_sensor/leak_sensor.egg-info/top_level.txt
[2.626s] reading manifest file '../build/leak_sensor/leak_sensor.egg-info/SOURCES.txt'
[2.629s] writing manifest file '../build/leak_sensor/leak_sensor.egg-info/SOURCES.txt'
[2.634s] running build
[2.634s] running build_py
[2.634s] copying leak_sensor/leak_sensor_node.py -> /home/selqie/buoyancy/build/leak_sensor/build/lib/leak_sensor
[2.634s] running install
[2.646s] running install_lib
[2.678s] copying /home/selqie/buoyancy/build/leak_sensor/build/lib/leak_sensor/leak_sensor_node.py -> /home/selqie/buoyancy/install/leak_sensor/lib/python3.12/site-packages/leak_sensor
[2.680s] byte-compiling /home/selqie/buoyancy/install/leak_sensor/lib/python3.12/site-packages/leak_sensor/leak_sensor_node.py to leak_sensor_node.cpython-312.pyc
[2.684s] running install_data
[2.685s] running install_egg_info
[2.713s] removing '/home/selqie/buoyancy/install/leak_sensor/lib/python3.12/site-packages/leak_sensor-0.1.0-py3.12.egg-info' (and everything under it)
[2.714s] Copying ../build/leak_sensor/leak_sensor.egg-info to /home/selqie/buoyancy/install/leak_sensor/lib/python3.12/site-packages/leak_sensor-0.1.0-py3.12.egg-info
[2.716s] running install_scripts
[2.907s] Installing leak_sensor_node script to /home/selqie/buoyancy/install/leak_sensor/lib/leak_sensor
[2.912s] writing list of installed files to '/home/selqie/buoyancy/build/leak_sensor/install.log'
[3.195s] Invoked command in '/home/selqie/buoyancy/leak_sensor' returned '0': PYTHONPATH=/home/selqie/buoyancy/build/leak_sensor/prefix_override:/usr/lib/python3/dist-packages/colcon_core/task/python/colcon_distutils_commands:/home/selqie/buoyancy/install/leak_sensor/lib/python3.12/site-packages:${PYTHONPATH} /usr/bin/python3 -W ignore:setup.py install is deprecated -W ignore:easy_install command is deprecated setup.py egg_info --egg-base ../build/leak_sensor build --build-base /home/selqie/buoyancy/build/leak_sensor/build install --record /home/selqie/buoyancy/build/leak_sensor/install.log --single-version-externally-managed install_data
