[0.343s] Invoking command in '/home/selqie/buoyancy/build/bno08x_driver': CMAKE_PREFIX_PATH=${CMAKE_PREFIX_PATH}:/home/selqie/buoyancy/install/servo:/home/selqie/buoyancy/install/ms5837_bar_ros:/home/selqie/buoyancy/install/buoy_control:/home/selqie/buoyancy/install/led:/home/selqie/buoyancy/install/leak_sensor:/home/selqie/buoyancy/install/battery:/opt/ros/jazzy /usr/bin/cmake /home/selqie/buoyancy/sensing/bno08x-ros2-driver -DCMAKE_INSTALL_PREFIX=/home/selqie/buoyancy/install/bno08x_driver
[0.487s] -- The C compiler identification is GNU 13.3.0
[0.945s] -- The CXX compiler identification is GNU 13.3.0
[1.003s] -- Detecting C compiler ABI info
[1.277s] -- Detecting C compiler ABI info - done
[1.297s] -- Check for working C compiler: /usr/bin/cc - skipped
[1.297s] -- Detecting C compile features
[1.298s] -- Detecting C compile features - done
[1.322s] -- Detecting CXX compiler ABI info
[1.632s] -- Detecting CXX compiler ABI info - done
[1.647s] -- Check for working CXX compiler: /usr/bin/c++ - skipped
[1.648s] -- Detecting CXX compile features
[1.649s] -- Detecting CXX compile features - done
[1.654s] -- Found ament_cmake: 2.5.4 (/opt/ros/jazzy/share/ament_cmake/cmake)
[2.148s] -- Found Python3: /usr/bin/python3 (found version "3.12.3") found components: Interpreter 
[2.561s] -- Found rclcpp: 28.1.13 (/opt/ros/jazzy/share/rclcpp/cmake)
[2.638s] -- Found rosidl_generator_c: 4.6.6 (/opt/ros/jazzy/share/rosidl_generator_c/cmake)
[2.659s] -- Found rosidl_generator_cpp: 4.6.6 (/opt/ros/jazzy/share/rosidl_generator_cpp/cmake)
[2.692s] -- Using all available rosidl_typesupport_c: rosidl_typesupport_fastrtps_c;rosidl_typesupport_introspection_c
[2.719s] -- Using all available rosidl_typesupport_cpp: rosidl_typesupport_fastrtps_cpp;rosidl_typesupport_introspection_cpp
[2.890s] -- Found rmw_implementation_cmake: 7.3.2 (/opt/ros/jazzy/share/rmw_implementation_cmake/cmake)
[2.898s] -- Found rmw_fastrtps_cpp: 8.4.3 (/opt/ros/jazzy/share/rmw_fastrtps_cpp/cmake)
[3.143s] -- Found OpenSSL: /usr/lib/aarch64-linux-gnu/libcrypto.so (found version "3.0.13")  
[3.173s] -- Found FastRTPS: /opt/ros/jazzy/include (Required is at least version "2.13") 
[3.235s] -- Using RMW implementation 'rmw_fastrtps_cpp' as default
[3.472s] -- Found sensor_msgs: 5.3.6 (/opt/ros/jazzy/share/sensor_msgs/cmake)
[3.647s] -- Found ament_cmake_gmock: 2.5.4 (/opt/ros/jazzy/share/ament_cmake_gmock/cmake)
[3.653s] -- Found ament_cmake_gtest: 2.5.4 (/opt/ros/jazzy/share/ament_cmake_gtest/cmake)
[3.663s] -- Found gmock sources under '/opt/ros/jazzy/src/gmock_vendor': C++ tests using 'Google Mock' will be built
[3.675s] -- Found gtest sources under '/opt/ros/jazzy/src/gtest_vendor': C++ tests using 'Google Test' will be built
[3.941s] -- Configuring done (3.6s)
[3.987s] -- Generating done (0.0s)
[4.005s] -- Build files have been written to: /home/selqie/buoyancy/build/bno08x_driver
[4.500s] Invoked command in '/home/selqie/buoyancy/build/bno08x_driver' returned '0': CMAKE_PREFIX_PATH=${CMAKE_PREFIX_PATH}:/home/selqie/buoyancy/install/servo:/home/selqie/buoyancy/install/ms5837_bar_ros:/home/selqie/buoyancy/install/buoy_control:/home/selqie/buoyancy/install/led:/home/selqie/buoyancy/install/leak_sensor:/home/selqie/buoyancy/install/battery:/opt/ros/jazzy /usr/bin/cmake /home/selqie/buoyancy/sensing/bno08x-ros2-driver -DCMAKE_INSTALL_PREFIX=/home/selqie/buoyancy/install/bno08x_driver
[4.503s] Invoking command in '/home/selqie/buoyancy/build/bno08x_driver': CMAKE_PREFIX_PATH=${CMAKE_PREFIX_PATH}:/home/selqie/buoyancy/install/servo:/home/selqie/buoyancy/install/ms5837_bar_ros:/home/selqie/buoyancy/install/buoy_control:/home/selqie/buoyancy/install/led:/home/selqie/buoyancy/install/leak_sensor:/home/selqie/buoyancy/install/battery:/opt/ros/jazzy /usr/bin/cmake --build /home/selqie/buoyancy/build/bno08x_driver -- -j4 -l4
[4.707s] [ 16%] [32mBuilding C object include/sh2/CMakeFiles/sh2_library.dir/sh2.c.o[0m
[4.707s] [ 16%] [32mBuilding C object include/sh2/CMakeFiles/sh2_library.dir/sh2_SensorValue.c.o[0m
[4.708s] [ 16%] [32mBuilding CXX object gmock/CMakeFiles/gmock.dir/opt/ros/jazzy/src/gtest_vendor/src/gtest-all.cc.o[0m
[4.719s] [ 22%] [32mBuilding CXX object gmock/CMakeFiles/gmock_main.dir/src/gmock_main.cc.o[0m
[5.152s] [ 27%] [32mBuilding C object include/sh2/CMakeFiles/sh2_library.dir/sh2_util.c.o[0m
[5.315s] [ 33%] [32mBuilding C object include/sh2/CMakeFiles/sh2_library.dir/shtp.c.o[0m
[5.350s] [ 38%] [32mBuilding CXX object gmock/CMakeFiles/gmock.dir/src/gmock-all.cc.o[0m
[5.765s] [ 44%] [32m[1mLinking C static library libsh2_library.a[0m
[5.918s] [ 44%] Built target sh2_library
[6.076s] [ 50%] [32mBuilding CXX object CMakeFiles/bno08x_driver.dir/src/bno08x.cpp.o[0m
[9.080s] [ 55%] [32mBuilding CXX object CMakeFiles/bno08x_driver.dir/src/bno08x_ros.cpp.o[0m
[13.497s] [ 61%] [32m[1mLinking CXX static library libgmock_main.a[0m
[13.724s] [ 61%] Built target gmock_main
[13.790s] [ 66%] [32mBuilding CXX object CMakeFiles/bno08x_driver.dir/src/ros_node.cpp.o[0m
[25.841s] [ 72%] [32m[1mLinking CXX static library libgmock.a[0m
[26.200s] [ 72%] Built target gmock
[26.258s] [ 77%] [32mBuilding CXX object CMakeFiles/test_watchdog.dir/test/watchdog_test.cpp.o[0m
[26.301s] [ 83%] [32mBuilding CXX object CMakeFiles/test_i2c_mock.dir/test/i2c_interface_mock_test.cpp.o[0m
[31.750s] [ 88%] [32m[1mLinking CXX executable test_watchdog[0m
[32.441s] [ 88%] Built target test_watchdog
[35.045s] [ 94%] [32m[1mLinking CXX executable test_i2c_mock[0m
[35.447s] [ 94%] Built target test_i2c_mock
[36.182s] [100%] [32m[1mLinking CXX executable bno08x_driver[0m
[36.771s] [100%] Built target bno08x_driver
[36.794s] Invoked command in '/home/selqie/buoyancy/build/bno08x_driver' returned '0': CMAKE_PREFIX_PATH=${CMAKE_PREFIX_PATH}:/home/selqie/buoyancy/install/servo:/home/selqie/buoyancy/install/ms5837_bar_ros:/home/selqie/buoyancy/install/buoy_control:/home/selqie/buoyancy/install/led:/home/selqie/buoyancy/install/leak_sensor:/home/selqie/buoyancy/install/battery:/opt/ros/jazzy /usr/bin/cmake --build /home/selqie/buoyancy/build/bno08x_driver -- -j4 -l4
[36.796s] Invoking command in '/home/selqie/buoyancy/build/bno08x_driver': CMAKE_PREFIX_PATH=${CMAKE_PREFIX_PATH}:/home/selqie/buoyancy/install/servo:/home/selqie/buoyancy/install/ms5837_bar_ros:/home/selqie/buoyancy/install/buoy_control:/home/selqie/buoyancy/install/led:/home/selqie/buoyancy/install/leak_sensor:/home/selqie/buoyancy/install/battery:/opt/ros/jazzy /usr/bin/cmake --install /home/selqie/buoyancy/build/bno08x_driver
[36.810s] -- Install configuration: ""
[36.810s] -- Installing: /home/selqie/buoyancy/install/bno08x_driver/lib/bno08x_driver/bno08x_driver
[36.815s] -- Set non-toolchain portion of runtime path of "/home/selqie/buoyancy/install/bno08x_driver/lib/bno08x_driver/bno08x_driver" to ""
[36.815s] -- Installing: /home/selqie/buoyancy/install/bno08x_driver/share/bno08x_driver/config
[36.815s] -- Installing: /home/selqie/buoyancy/install/bno08x_driver/share/bno08x_driver/config/bno085_i2c.yaml
[36.816s] -- Installing: /home/selqie/buoyancy/install/bno08x_driver/share/bno08x_driver/launch
[36.816s] -- Installing: /home/selqie/buoyancy/install/bno08x_driver/share/bno08x_driver/launch/bno085_i2c.launch.py
[36.817s] -- Installing: /home/selqie/buoyancy/install/bno08x_driver/share/ament_index/resource_index/package_run_dependencies/bno08x_driver
[36.817s] -- Installing: /home/selqie/buoyancy/install/bno08x_driver/share/ament_index/resource_index/parent_prefix_path/bno08x_driver
[36.817s] -- Installing: /home/selqie/buoyancy/install/bno08x_driver/share/bno08x_driver/environment/ament_prefix_path.sh
[36.818s] -- Installing: /home/selqie/buoyancy/install/bno08x_driver/share/bno08x_driver/environment/ament_prefix_path.dsv
[36.818s] -- Installing: /home/selqie/buoyancy/install/bno08x_driver/share/bno08x_driver/environment/path.sh
[36.818s] -- Installing: /home/selqie/buoyancy/install/bno08x_driver/share/bno08x_driver/environment/path.dsv
[36.818s] -- Installing: /home/selqie/buoyancy/install/bno08x_driver/share/bno08x_driver/local_setup.bash
[36.818s] -- Installing: /home/selqie/buoyancy/install/bno08x_driver/share/bno08x_driver/local_setup.sh
[36.818s] -- Installing: /home/selqie/buoyancy/install/bno08x_driver/share/bno08x_driver/local_setup.zsh
[36.819s] -- Installing: /home/selqie/buoyancy/install/bno08x_driver/share/bno08x_driver/local_setup.dsv
[36.819s] -- Installing: /home/selqie/buoyancy/install/bno08x_driver/share/bno08x_driver/package.dsv
[36.819s] -- Installing: /home/selqie/buoyancy/install/bno08x_driver/share/ament_index/resource_index/packages/bno08x_driver
[36.819s] -- Installing: /home/selqie/buoyancy/install/bno08x_driver/share/bno08x_driver/cmake/bno08x_driverConfig.cmake
[36.819s] -- Installing: /home/selqie/buoyancy/install/bno08x_driver/share/bno08x_driver/cmake/bno08x_driverConfig-version.cmake
[36.819s] -- Installing: /home/selqie/buoyancy/install/bno08x_driver/share/bno08x_driver/package.xml
[36.823s] Invoked command in '/home/selqie/buoyancy/build/bno08x_driver' returned '0': CMAKE_PREFIX_PATH=${CMAKE_PREFIX_PATH}:/home/selqie/buoyancy/install/servo:/home/selqie/buoyancy/install/ms5837_bar_ros:/home/selqie/buoyancy/install/buoy_control:/home/selqie/buoyancy/install/led:/home/selqie/buoyancy/install/leak_sensor:/home/selqie/buoyancy/install/battery:/opt/ros/jazzy /usr/bin/cmake --install /home/selqie/buoyancy/build/bno08x_driver
