[2.411s] Invoking command in '/home/selqie/buoyancy/battery': PYTHONPATH=/home/selqie/buoyancy/build/battery/prefix_override:/usr/lib/python3/dist-packages/colcon_core/task/python/colcon_distutils_commands:/home/selqie/buoyancy/install/battery/lib/python3.12/site-packages:${PYTHONPATH} /usr/bin/python3 -W ignore:setup.py install is deprecated -W ignore:easy_install command is deprecated setup.py egg_info --egg-base ../build/battery build --build-base /home/selqie/buoyancy/build/battery/build install --record /home/selqie/buoyancy/build/battery/install.log --single-version-externally-managed install_data
[2.895s] running egg_info
[2.916s] writing ../build/battery/battery.egg-info/PKG-INFO
[2.918s] writing dependency_links to ../build/battery/battery.egg-info/dependency_links.txt
[2.919s] writing entry points to ../build/battery/battery.egg-info/entry_points.txt
[2.920s] writing requirements to ../build/battery/battery.egg-info/requires.txt
[2.921s] writing top-level names to ../build/battery/battery.egg-info/top_level.txt
[2.971s] reading manifest file '../build/battery/battery.egg-info/SOURCES.txt'
[2.971s] writing manifest file '../build/battery/battery.egg-info/SOURCES.txt'
[2.971s] running build
[2.971s] running build_py
[2.975s] running install
[2.984s] running install_lib
[3.008s] running install_data
[3.010s] running install_egg_info
[3.036s] removing '/home/selqie/buoyancy/install/battery/lib/python3.12/site-packages/battery-0.0.0-py3.12.egg-info' (and everything under it)
[3.036s] Copying ../build/battery/battery.egg-info to /home/selqie/buoyancy/install/battery/lib/python3.12/site-packages/battery-0.0.0-py3.12.egg-info
[3.038s] running install_scripts
[3.362s] Installing tinybms_voltage_uart script to /home/selqie/buoyancy/install/battery/lib/battery
[3.368s] writing list of installed files to '/home/selqie/buoyancy/build/battery/install.log'
[3.632s] Invoked command in '/home/selqie/buoyancy/battery' returned '0': PYTHONPATH=/home/selqie/buoyancy/build/battery/prefix_override:/usr/lib/python3/dist-packages/colcon_core/task/python/colcon_distutils_commands:/home/selqie/buoyancy/install/battery/lib/python3.12/site-packages:${PYTHONPATH} /usr/bin/python3 -W ignore:setup.py install is deprecated -W ignore:easy_install command is deprecated setup.py egg_info --egg-base ../build/battery build --build-base /home/selqie/buoyancy/build/battery/build install --record /home/selqie/buoyancy/build/battery/install.log --single-version-externally-managed install_data
